[2025-09-19T02:53:26.251+0200] {local_task_job_runner.py:120} INFO - ::group::Pre task execution logs
[2025-09-19T02:53:26.363+0200] {taskinstance.py:2076} INFO - Dependencies all met for dep_context=non-requeueable deps ti=<TaskInstance: etl_api_to_bi.dbt_build scheduled__2025-09-19T00:30:00+00:00 [queued]>
[2025-09-19T02:53:26.386+0200] {taskinstance.py:2076} INFO - Dependencies all met for dep_context=requeueable deps ti=<TaskInstance: etl_api_to_bi.dbt_build scheduled__2025-09-19T00:30:00+00:00 [queued]>
[2025-09-19T02:53:26.387+0200] {taskinstance.py:2306} INFO - Starting attempt 1 of 3
[2025-09-19T02:53:26.421+0200] {taskinstance.py:2330} INFO - Executing <Task(BashOperator): dbt_build> on 2025-09-19 00:30:00+00:00
[2025-09-19T02:53:26.434+0200] {standard_task_runner.py:64} INFO - Started process 205 to run task
[2025-09-19T02:53:26.441+0200] {standard_task_runner.py:90} INFO - Running: ['airflow', 'tasks', 'run', 'etl_api_to_bi', 'dbt_build', 'scheduled__2025-09-19T00:30:00+00:00', '--job-id', '22', '--raw', '--subdir', 'DAGS_FOLDER/etl_api_to_bi.py', '--cfg-path', '/tmp/tmpx0752xpl']
[2025-09-19T02:53:26.450+0200] {standard_task_runner.py:91} INFO - Job 22: Subtask dbt_build
[2025-09-19T02:53:26.792+0200] {task_command.py:426} INFO - Running <TaskInstance: etl_api_to_bi.dbt_build scheduled__2025-09-19T00:30:00+00:00 [running]> on host 286d1f3cd4b3
[2025-09-19T02:53:27.437+0200] {taskinstance.py:2648} INFO - Exporting env vars: AIRFLOW_CTX_DAG_OWNER='data' AIRFLOW_CTX_DAG_ID='etl_api_to_bi' AIRFLOW_CTX_TASK_ID='dbt_build' AIRFLOW_CTX_EXECUTION_DATE='2025-09-19T00:30:00+00:00' AIRFLOW_CTX_TRY_NUMBER='1' AIRFLOW_CTX_DAG_RUN_ID='scheduled__2025-09-19T00:30:00+00:00'
[2025-09-19T02:53:27.440+0200] {taskinstance.py:430} INFO - ::endgroup::
[2025-09-19T02:53:27.463+0200] {subprocess.py:63} INFO - Tmp dir root location: /tmp
[2025-09-19T02:53:27.467+0200] {subprocess.py:75} INFO - Running command: ['/usr/bin/bash', '-c', "docker exec dbt bash -lc 'cd /usr/app && dbt build --fail-fast --profiles-dir /root/.dbt'"]
[2025-09-19T02:53:27.486+0200] {subprocess.py:86} INFO - Output:
[2025-09-19T02:53:30.456+0200] {subprocess.py:93} INFO - [0m00:53:30  Running with dbt=1.8.3
[2025-09-19T02:53:30.806+0200] {subprocess.py:93} INFO - [0m00:53:30  Registered adapter: postgres=1.8.2
[2025-09-19T02:53:33.493+0200] {subprocess.py:93} INFO - [0m00:53:33  Found 6 models, 11 data tests, 531 macros
[2025-09-19T02:53:33.503+0200] {subprocess.py:93} INFO - [0m00:53:33
[2025-09-19T02:53:34.400+0200] {subprocess.py:93} INFO - [0m00:53:34  Concurrency: 4 threads (target='dev')
[2025-09-19T02:53:34.405+0200] {subprocess.py:93} INFO - [0m00:53:34
[2025-09-19T02:53:34.444+0200] {subprocess.py:93} INFO - [0m00:53:34  2 of 17 START sql view model public_staging.stg_payments ....................... [RUN]
[2025-09-19T02:53:34.450+0200] {subprocess.py:93} INFO - [0m00:53:34  1 of 17 START sql view model public_staging.stg_customers ...................... [RUN]
[2025-09-19T02:53:34.455+0200] {subprocess.py:93} INFO - [0m00:53:34  3 of 17 START sql view model public_staging.stg_sessions ....................... [RUN]
[2025-09-19T02:53:34.926+0200] {subprocess.py:93} INFO - [0m00:53:34  1 of 17 OK created sql view model public_staging.stg_customers ................. [[32mCREATE VIEW[0m in 0.46s]
[2025-09-19T02:53:34.947+0200] {subprocess.py:93} INFO - [0m00:53:34  4 of 17 START test not_null_stg_customers_country .............................. [RUN]
[2025-09-19T02:53:34.948+0200] {subprocess.py:93} INFO - [0m00:53:34  5 of 17 START test not_null_stg_customers_customer_id .......................... [RUN]
[2025-09-19T02:53:35.008+0200] {subprocess.py:93} INFO - [0m00:53:35  3 of 17 OK created sql view model public_staging.stg_sessions .................. [[32mCREATE VIEW[0m in 0.54s]
[2025-09-19T02:53:35.011+0200] {subprocess.py:93} INFO - [0m00:53:35  2 of 17 OK created sql view model public_staging.stg_payments .................. [[32mCREATE VIEW[0m in 0.55s]
[2025-09-19T02:53:35.022+0200] {subprocess.py:93} INFO - [0m00:53:35  6 of 17 START test unique_stg_customers_customer_id ............................ [RUN]
[2025-09-19T02:53:35.026+0200] {subprocess.py:93} INFO - [0m00:53:35  7 of 17 START test accepted_values_stg_sessions_source__google__direct__facebook__linkedin__newsletter__referral__bing  [RUN]
[2025-09-19T02:53:35.892+0200] {subprocess.py:93} INFO - [0m00:53:35  4 of 17 PASS not_null_stg_customers_country .................................... [[32mPASS[0m in 0.91s]
[2025-09-19T02:53:35.940+0200] {subprocess.py:93} INFO - [0m00:53:35  5 of 17 PASS not_null_stg_customers_customer_id ................................ [[32mPASS[0m in 0.96s]
[2025-09-19T02:53:35.964+0200] {subprocess.py:93} INFO - [0m00:53:35  8 of 17 START test not_null_stg_sessions_session_id ............................ [RUN]
[2025-09-19T02:53:36.001+0200] {subprocess.py:93} INFO - [0m00:53:35  9 of 17 START test unique_stg_sessions_session_id .............................. [RUN]
[2025-09-19T02:53:36.451+0200] {subprocess.py:93} INFO - [0m00:53:36  6 of 17 PASS unique_stg_customers_customer_id .................................. [[32mPASS[0m in 1.42s]
[2025-09-19T02:53:36.499+0200] {subprocess.py:93} INFO - [0m00:53:36  10 of 17 START test accepted_values_stg_payments_status__succeeded__failed__refunded  [RUN]
[2025-09-19T02:53:36.517+0200] {subprocess.py:93} INFO - [0m00:53:36  7 of 17 PASS accepted_values_stg_sessions_source__google__direct__facebook__linkedin__newsletter__referral__bing  [[32mPASS[0m in 1.48s]
[2025-09-19T02:53:36.718+0200] {subprocess.py:93} INFO - [0m00:53:36  11 of 17 START test not_null_stg_payments_payment_id ........................... [RUN]
[2025-09-19T02:53:37.228+0200] {subprocess.py:93} INFO - [0m00:53:37  8 of 17 PASS not_null_stg_sessions_session_id .................................. [[32mPASS[0m in 1.24s]
[2025-09-19T02:53:37.262+0200] {subprocess.py:93} INFO - [0m00:53:37  12 of 17 START test unique_stg_payments_payment_id ............................. [RUN]
[2025-09-19T02:53:37.322+0200] {subprocess.py:93} INFO - [0m00:53:37  9 of 17 PASS unique_stg_sessions_session_id .................................... [[32mPASS[0m in 1.26s]
[2025-09-19T02:53:37.358+0200] {subprocess.py:93} INFO - [0m00:53:37  13 of 17 START sql table model public_analytics.dim_customer ................... [RUN]
[2025-09-19T02:53:37.454+0200] {subprocess.py:93} INFO - [0m00:53:37  11 of 17 PASS not_null_stg_payments_payment_id ................................. [[32mPASS[0m in 0.72s]
[2025-09-19T02:53:37.536+0200] {subprocess.py:93} INFO - [0m00:53:37  14 of 17 START sql table model public_analytics.fct_marketing_attribution ...... [RUN]
[2025-09-19T02:53:37.539+0200] {subprocess.py:93} INFO - [0m00:53:37  10 of 17 PASS accepted_values_stg_payments_status__succeeded__failed__refunded . [[32mPASS[0m in 1.03s]
[2025-09-19T02:53:37.716+0200] {subprocess.py:93} INFO - [0m00:53:37  12 of 17 PASS unique_stg_payments_payment_id ................................... [[32mPASS[0m in 0.44s]
[2025-09-19T02:53:37.730+0200] {subprocess.py:93} INFO - [0m00:53:37  15 of 17 START sql table model public_analytics.fct_revenue_daily .............. [RUN]
[2025-09-19T02:53:38.186+0200] {subprocess.py:93} INFO - [0m00:53:38  13 of 17 OK created sql table model public_analytics.dim_customer .............. [[32mSELECT 1007[0m in 0.78s]
[2025-09-19T02:53:38.316+0200] {subprocess.py:93} INFO - [0m00:53:38  14 of 17 OK created sql table model public_analytics.fct_marketing_attribution . [[32mSELECT 5743[0m in 0.77s]
[2025-09-19T02:53:38.331+0200] {subprocess.py:93} INFO - [0m00:53:38  16 of 17 START test not_null_fct_marketing_attribution_session_day ............. [RUN]
[2025-09-19T02:53:38.355+0200] {subprocess.py:93} INFO - [0m00:53:38  15 of 17 OK created sql table model public_analytics.fct_revenue_daily ......... [[32mSELECT 4365[0m in 0.61s]
[2025-09-19T02:53:38.362+0200] {subprocess.py:93} INFO - [0m00:53:38  17 of 17 START test not_null_fct_revenue_daily_order_day ....................... [RUN]
[2025-09-19T02:53:38.450+0200] {subprocess.py:93} INFO - [0m00:53:38  16 of 17 PASS not_null_fct_marketing_attribution_session_day ................... [[32mPASS[0m in 0.11s]
[2025-09-19T02:53:38.486+0200] {subprocess.py:93} INFO - [0m00:53:38  17 of 17 PASS not_null_fct_revenue_daily_order_day ............................. [[32mPASS[0m in 0.12s]
[2025-09-19T02:53:38.544+0200] {subprocess.py:93} INFO - [0m00:53:38
[2025-09-19T02:53:38.546+0200] {subprocess.py:93} INFO - [0m00:53:38  Finished running 3 view models, 11 data tests, 3 table models in 0 hours 0 minutes and 5.03 seconds (5.03s).
[2025-09-19T02:53:38.726+0200] {subprocess.py:93} INFO - [0m00:53:38
[2025-09-19T02:53:38.730+0200] {subprocess.py:93} INFO - [0m00:53:38  [32mCompleted successfully[0m
[2025-09-19T02:53:38.734+0200] {subprocess.py:93} INFO - [0m00:53:38
[2025-09-19T02:53:38.740+0200] {subprocess.py:93} INFO - [0m00:53:38  Done. PASS=17 WARN=0 ERROR=0 SKIP=0 TOTAL=17
[2025-09-19T02:53:39.919+0200] {subprocess.py:97} INFO - Command exited with return code 0
[2025-09-19T02:53:39.921+0200] {taskinstance.py:441} INFO - ::group::Post task execution logs
[2025-09-19T02:53:39.982+0200] {taskinstance.py:1206} INFO - Marking task as SUCCESS. dag_id=etl_api_to_bi, task_id=dbt_build, run_id=scheduled__2025-09-19T00:30:00+00:00, execution_date=20250919T003000, start_date=20250919T005326, end_date=20250919T005339
[2025-09-19T02:53:40.046+0200] {local_task_job_runner.py:243} INFO - Task exited with return code 0
[2025-09-19T02:53:40.072+0200] {taskinstance.py:3503} INFO - 0 downstream tasks scheduled from follow-on schedule check
[2025-09-19T02:53:40.077+0200] {local_task_job_runner.py:222} INFO - ::endgroup::
