[2025-09-17T16:00:20.870+0200] {local_task_job_runner.py:120} INFO - ::group::Pre task execution logs
[2025-09-17T16:00:20.917+0200] {taskinstance.py:2076} INFO - Dependencies all met for dep_context=non-requeueable deps ti=<TaskInstance: etl_api_to_bi.dbt_build scheduled__2025-09-17T13:45:00+00:00 [queued]>
[2025-09-17T16:00:20.930+0200] {taskinstance.py:2076} INFO - Dependencies all met for dep_context=requeueable deps ti=<TaskInstance: etl_api_to_bi.dbt_build scheduled__2025-09-17T13:45:00+00:00 [queued]>
[2025-09-17T16:00:20.931+0200] {taskinstance.py:2306} INFO - Starting attempt 1 of 3
[2025-09-17T16:00:20.951+0200] {taskinstance.py:2330} INFO - Executing <Task(BashOperator): dbt_build> on 2025-09-17 13:45:00+00:00
[2025-09-17T16:00:20.957+0200] {standard_task_runner.py:64} INFO - Started process 256 to run task
[2025-09-17T16:00:20.962+0200] {standard_task_runner.py:90} INFO - Running: ['airflow', 'tasks', 'run', 'etl_api_to_bi', 'dbt_build', 'scheduled__2025-09-17T13:45:00+00:00', '--job-id', '64', '--raw', '--subdir', 'DAGS_FOLDER/etl_api_to_bi.py', '--cfg-path', '/tmp/tmp8wec0_70']
[2025-09-17T16:00:20.967+0200] {standard_task_runner.py:91} INFO - Job 64: Subtask dbt_build
[2025-09-17T16:00:21.064+0200] {task_command.py:426} INFO - Running <TaskInstance: etl_api_to_bi.dbt_build scheduled__2025-09-17T13:45:00+00:00 [running]> on host 1621268d5064
[2025-09-17T16:00:21.537+0200] {taskinstance.py:2648} INFO - Exporting env vars: AIRFLOW_CTX_DAG_OWNER='data' AIRFLOW_CTX_DAG_ID='etl_api_to_bi' AIRFLOW_CTX_TASK_ID='dbt_build' AIRFLOW_CTX_EXECUTION_DATE='2025-09-17T13:45:00+00:00' AIRFLOW_CTX_TRY_NUMBER='1' AIRFLOW_CTX_DAG_RUN_ID='scheduled__2025-09-17T13:45:00+00:00'
[2025-09-17T16:00:21.540+0200] {taskinstance.py:430} INFO - ::endgroup::
[2025-09-17T16:00:21.560+0200] {subprocess.py:63} INFO - Tmp dir root location: /tmp
[2025-09-17T16:00:21.562+0200] {subprocess.py:75} INFO - Running command: ['/usr/bin/bash', '-c', "docker exec dbt bash -lc 'cd /usr/app && dbt build --fail-fast --profiles-dir /root/.dbt'"]
[2025-09-17T16:00:21.586+0200] {subprocess.py:86} INFO - Output:
[2025-09-17T16:00:23.711+0200] {subprocess.py:93} INFO - [0m14:00:23  Running with dbt=1.8.3
[2025-09-17T16:00:24.058+0200] {subprocess.py:93} INFO - [0m14:00:24  Registered adapter: postgres=1.8.2
[2025-09-17T16:00:25.977+0200] {subprocess.py:93} INFO - [0m14:00:25  Found 6 models, 11 data tests, 531 macros
[2025-09-17T16:00:25.984+0200] {subprocess.py:93} INFO - [0m14:00:25
[2025-09-17T16:00:26.290+0200] {subprocess.py:93} INFO - [0m14:00:26  Concurrency: 4 threads (target='dev')
[2025-09-17T16:00:26.293+0200] {subprocess.py:93} INFO - [0m14:00:26
[2025-09-17T16:00:26.304+0200] {subprocess.py:93} INFO - [0m14:00:26  1 of 17 START sql view model public_staging.stg_customers ...................... [RUN]
[2025-09-17T16:00:26.306+0200] {subprocess.py:93} INFO - [0m14:00:26  2 of 17 START sql view model public_staging.stg_payments ....................... [RUN]
[2025-09-17T16:00:26.308+0200] {subprocess.py:93} INFO - [0m14:00:26  3 of 17 START sql view model public_staging.stg_sessions ....................... [RUN]
[2025-09-17T16:00:26.645+0200] {subprocess.py:93} INFO - [0m14:00:26  1 of 17 OK created sql view model public_staging.stg_customers ................. [[32mCREATE VIEW[0m in 0.33s]
[2025-09-17T16:00:26.647+0200] {subprocess.py:93} INFO - [0m14:00:26  3 of 17 OK created sql view model public_staging.stg_sessions .................. [[32mCREATE VIEW[0m in 0.33s]
[2025-09-17T16:00:26.651+0200] {subprocess.py:93} INFO - [0m14:00:26  2 of 17 OK created sql view model public_staging.stg_payments .................. [[32mCREATE VIEW[0m in 0.33s]
[2025-09-17T16:00:26.665+0200] {subprocess.py:93} INFO - [0m14:00:26  4 of 17 START test not_null_stg_customers_country .............................. [RUN]
[2025-09-17T16:00:26.667+0200] {subprocess.py:93} INFO - [0m14:00:26  5 of 17 START test not_null_stg_customers_customer_id .......................... [RUN]
[2025-09-17T16:00:26.669+0200] {subprocess.py:93} INFO - [0m14:00:26  6 of 17 START test unique_stg_customers_customer_id ............................ [RUN]
[2025-09-17T16:00:26.671+0200] {subprocess.py:93} INFO - [0m14:00:26  7 of 17 START test accepted_values_stg_sessions_source__google__direct__facebook__linkedin__newsletter__referral__bing  [RUN]
[2025-09-17T16:00:26.959+0200] {subprocess.py:93} INFO - [0m14:00:26  4 of 17 PASS not_null_stg_customers_country .................................... [[32mPASS[0m in 0.28s]
[2025-09-17T16:00:26.977+0200] {subprocess.py:93} INFO - [0m14:00:26  5 of 17 PASS not_null_stg_customers_customer_id ................................ [[32mPASS[0m in 0.29s]
[2025-09-17T16:00:26.994+0200] {subprocess.py:93} INFO - [0m14:00:26  6 of 17 PASS unique_stg_customers_customer_id .................................. [[32mPASS[0m in 0.32s]
[2025-09-17T16:00:27.000+0200] {subprocess.py:93} INFO - [0m14:00:26  8 of 17 START test not_null_stg_sessions_session_id ............................ [RUN]
[2025-09-17T16:00:27.002+0200] {subprocess.py:93} INFO - [0m14:00:27  9 of 17 START test unique_stg_sessions_session_id .............................. [RUN]
[2025-09-17T16:00:27.017+0200] {subprocess.py:93} INFO - [0m14:00:27  7 of 17 PASS accepted_values_stg_sessions_source__google__direct__facebook__linkedin__newsletter__referral__bing  [[32mPASS[0m in 0.34s]
[2025-09-17T16:00:27.025+0200] {subprocess.py:93} INFO - [0m14:00:27  10 of 17 START test accepted_values_stg_payments_status__succeeded__failed__refunded  [RUN]
[2025-09-17T16:00:27.058+0200] {subprocess.py:93} INFO - [0m14:00:27  11 of 17 START test not_null_stg_payments_payment_id ........................... [RUN]
[2025-09-17T16:00:27.234+0200] {subprocess.py:93} INFO - [0m14:00:27  8 of 17 PASS not_null_stg_sessions_session_id .................................. [[32mPASS[0m in 0.22s]
[2025-09-17T16:00:27.248+0200] {subprocess.py:93} INFO - [0m14:00:27  10 of 17 PASS accepted_values_stg_payments_status__succeeded__failed__refunded . [[32mPASS[0m in 0.20s]
[2025-09-17T16:00:27.259+0200] {subprocess.py:93} INFO - [0m14:00:27  9 of 17 PASS unique_stg_sessions_session_id .................................... [[32mPASS[0m in 0.25s]
[2025-09-17T16:00:27.262+0200] {subprocess.py:93} INFO - [0m14:00:27  12 of 17 START test unique_stg_payments_payment_id ............................. [RUN]
[2025-09-17T16:00:27.280+0200] {subprocess.py:93} INFO - [0m14:00:27  13 of 17 START sql table model public_analytics.dim_customer ................... [RUN]
[2025-09-17T16:00:27.291+0200] {subprocess.py:93} INFO - [0m14:00:27  11 of 17 PASS not_null_stg_payments_payment_id ................................. [[32mPASS[0m in 0.21s]
[2025-09-17T16:00:27.296+0200] {subprocess.py:93} INFO - [0m14:00:27  14 of 17 START sql table model public_analytics.fct_marketing_attribution ...... [RUN]
[2025-09-17T16:00:27.447+0200] {subprocess.py:93} INFO - [0m14:00:27  12 of 17 PASS unique_stg_payments_payment_id ................................... [[32mPASS[0m in 0.17s]
[2025-09-17T16:00:27.463+0200] {subprocess.py:93} INFO - [0m14:00:27  15 of 17 START sql table model public_analytics.fct_revenue_daily .............. [RUN]
[2025-09-17T16:00:27.652+0200] {subprocess.py:93} INFO - [0m14:00:27  13 of 17 OK created sql table model public_analytics.dim_customer .............. [[32mSELECT 1013[0m in 0.35s]
[2025-09-17T16:00:27.721+0200] {subprocess.py:93} INFO - [0m14:00:27  14 of 17 OK created sql table model public_analytics.fct_marketing_attribution . [[32mSELECT 5749[0m in 0.40s]
[2025-09-17T16:00:27.729+0200] {subprocess.py:93} INFO - [0m14:00:27  16 of 17 START test not_null_fct_marketing_attribution_session_day ............. [RUN]
[2025-09-17T16:00:27.823+0200] {subprocess.py:93} INFO - [0m14:00:27  16 of 17 PASS not_null_fct_marketing_attribution_session_day ................... [[32mPASS[0m in 0.09s]
[2025-09-17T16:00:27.851+0200] {subprocess.py:93} INFO - [0m14:00:27  15 of 17 OK created sql table model public_analytics.fct_revenue_daily ......... [[32mSELECT 4348[0m in 0.38s]
[2025-09-17T16:00:27.857+0200] {subprocess.py:93} INFO - [0m14:00:27  17 of 17 START test not_null_fct_revenue_daily_order_day ....................... [RUN]
[2025-09-17T16:00:27.934+0200] {subprocess.py:93} INFO - [0m14:00:27  17 of 17 PASS not_null_fct_revenue_daily_order_day ............................. [[32mPASS[0m in 0.07s]
[2025-09-17T16:00:27.987+0200] {subprocess.py:93} INFO - [0m14:00:27
[2025-09-17T16:00:27.990+0200] {subprocess.py:93} INFO - [0m14:00:27  Finished running 3 view models, 11 data tests, 3 table models in 0 hours 0 minutes and 2.00 seconds (2.00s).
[2025-09-17T16:00:28.098+0200] {subprocess.py:93} INFO - [0m14:00:28
[2025-09-17T16:00:28.100+0200] {subprocess.py:93} INFO - [0m14:00:28  [32mCompleted successfully[0m
[2025-09-17T16:00:28.103+0200] {subprocess.py:93} INFO - [0m14:00:28
[2025-09-17T16:00:28.105+0200] {subprocess.py:93} INFO - [0m14:00:28  Done. PASS=17 WARN=0 ERROR=0 SKIP=0 TOTAL=17
[2025-09-17T16:00:29.453+0200] {subprocess.py:97} INFO - Command exited with return code 0
[2025-09-17T16:00:29.456+0200] {taskinstance.py:441} INFO - ::group::Post task execution logs
[2025-09-17T16:00:29.595+0200] {taskinstance.py:1206} INFO - Marking task as SUCCESS. dag_id=etl_api_to_bi, task_id=dbt_build, run_id=scheduled__2025-09-17T13:45:00+00:00, execution_date=20250917T134500, start_date=20250917T140020, end_date=20250917T140029
[2025-09-17T16:00:29.689+0200] {local_task_job_runner.py:243} INFO - Task exited with return code 0
[2025-09-17T16:00:29.723+0200] {taskinstance.py:3503} INFO - 0 downstream tasks scheduled from follow-on schedule check
[2025-09-17T16:00:29.736+0200] {local_task_job_runner.py:222} INFO - ::endgroup::
