[2025-09-16T00:00:04.857+0200] {local_task_job_runner.py:120} INFO - ::group::Pre task execution logs
[2025-09-16T00:00:04.917+0200] {taskinstance.py:2076} INFO - Dependencies all met for dep_context=non-requeueable deps ti=<TaskInstance: etl_api_to_bi.dbt_deps scheduled__2025-09-15T21:45:00+00:00 [queued]>
[2025-09-16T00:00:04.932+0200] {taskinstance.py:2076} INFO - Dependencies all met for dep_context=requeueable deps ti=<TaskInstance: etl_api_to_bi.dbt_deps scheduled__2025-09-15T21:45:00+00:00 [queued]>
[2025-09-16T00:00:04.933+0200] {taskinstance.py:2306} INFO - Starting attempt 1 of 3
[2025-09-16T00:00:04.950+0200] {taskinstance.py:2330} INFO - Executing <Task(BashOperator): dbt_deps> on 2025-09-15 21:45:00+00:00
[2025-09-16T00:00:04.959+0200] {standard_task_runner.py:64} INFO - Started process 271 to run task
[2025-09-16T00:00:04.965+0200] {standard_task_runner.py:90} INFO - Running: ['airflow', 'tasks', 'run', 'etl_api_to_bi', 'dbt_deps', 'scheduled__2025-09-15T21:45:00+00:00', '--job-id', '10', '--raw', '--subdir', 'DAGS_FOLDER/etl_api_to_bi.py', '--cfg-path', '/tmp/tmpi_2gmh1s']
[2025-09-16T00:00:04.970+0200] {standard_task_runner.py:91} INFO - Job 10: Subtask dbt_deps
[2025-09-16T00:00:05.113+0200] {task_command.py:426} INFO - Running <TaskInstance: etl_api_to_bi.dbt_deps scheduled__2025-09-15T21:45:00+00:00 [running]> on host b91cbf0a6013
[2025-09-16T00:00:05.496+0200] {taskinstance.py:2648} INFO - Exporting env vars: AIRFLOW_CTX_DAG_OWNER='data' AIRFLOW_CTX_DAG_ID='etl_api_to_bi' AIRFLOW_CTX_TASK_ID='dbt_deps' AIRFLOW_CTX_EXECUTION_DATE='2025-09-15T21:45:00+00:00' AIRFLOW_CTX_TRY_NUMBER='1' AIRFLOW_CTX_DAG_RUN_ID='scheduled__2025-09-15T21:45:00+00:00'
[2025-09-16T00:00:05.497+0200] {taskinstance.py:430} INFO - ::endgroup::
[2025-09-16T00:00:05.508+0200] {subprocess.py:63} INFO - Tmp dir root location: /tmp
[2025-09-16T00:00:05.509+0200] {subprocess.py:75} INFO - Running command: ['/usr/bin/bash', '-c', "docker exec dbt bash -lc 'cd /usr/app && dbt deps --profiles-dir /root/.dbt'"]
[2025-09-16T00:00:05.523+0200] {subprocess.py:86} INFO - Output:
[2025-09-16T00:00:07.889+0200] {subprocess.py:93} INFO - [0m22:00:07  Running with dbt=1.8.3
[2025-09-16T00:00:09.091+0200] {subprocess.py:93} INFO - [0m22:00:09  Installing dbt-labs/dbt_utils
[2025-09-16T00:00:16.327+0200] {subprocess.py:93} INFO - [0m22:00:16  Installed from version 1.3.1
[2025-09-16T00:00:16.329+0200] {subprocess.py:93} INFO - [0m22:00:16  Up to date!
[2025-09-16T00:00:17.572+0200] {subprocess.py:97} INFO - Command exited with return code 0
[2025-09-16T00:00:17.574+0200] {taskinstance.py:441} INFO - ::group::Post task execution logs
[2025-09-16T00:00:17.628+0200] {taskinstance.py:1206} INFO - Marking task as SUCCESS. dag_id=etl_api_to_bi, task_id=dbt_deps, run_id=scheduled__2025-09-15T21:45:00+00:00, execution_date=20250915T214500, start_date=20250915T220004, end_date=20250915T220017
[2025-09-16T00:00:17.699+0200] {local_task_job_runner.py:243} INFO - Task exited with return code 0
[2025-09-16T00:00:17.736+0200] {taskinstance.py:3503} INFO - 1 downstream tasks scheduled from follow-on schedule check
[2025-09-16T00:00:17.739+0200] {local_task_job_runner.py:222} INFO - ::endgroup::
