[2025-09-16T17:15:15.845+0200] {local_task_job_runner.py:120} INFO - ::group::Pre task execution logs
[2025-09-16T17:15:15.890+0200] {taskinstance.py:2076} INFO - Dependencies all met for dep_context=non-requeueable deps ti=<TaskInstance: etl_api_to_bi.dbt_build scheduled__2025-09-16T15:00:00+00:00 [queued]>
[2025-09-16T17:15:15.903+0200] {taskinstance.py:2076} INFO - Dependencies all met for dep_context=requeueable deps ti=<TaskInstance: etl_api_to_bi.dbt_build scheduled__2025-09-16T15:00:00+00:00 [queued]>
[2025-09-16T17:15:15.904+0200] {taskinstance.py:2306} INFO - Starting attempt 1 of 3
[2025-09-16T17:15:15.919+0200] {taskinstance.py:2330} INFO - Executing <Task(BashOperator): dbt_build> on 2025-09-16 15:00:00+00:00
[2025-09-16T17:15:15.929+0200] {standard_task_runner.py:64} INFO - Started process 433 to run task
[2025-09-16T17:15:15.934+0200] {standard_task_runner.py:90} INFO - Running: ['airflow', 'tasks', 'run', 'etl_api_to_bi', 'dbt_build', 'scheduled__2025-09-16T15:00:00+00:00', '--job-id', '33', '--raw', '--subdir', 'DAGS_FOLDER/etl_api_to_bi.py', '--cfg-path', '/tmp/tmp_v04s1j7']
[2025-09-16T17:15:15.938+0200] {standard_task_runner.py:91} INFO - Job 33: Subtask dbt_build
[2025-09-16T17:15:16.037+0200] {task_command.py:426} INFO - Running <TaskInstance: etl_api_to_bi.dbt_build scheduled__2025-09-16T15:00:00+00:00 [running]> on host 1621268d5064
[2025-09-16T17:15:16.475+0200] {taskinstance.py:2648} INFO - Exporting env vars: AIRFLOW_CTX_DAG_OWNER='data' AIRFLOW_CTX_DAG_ID='etl_api_to_bi' AIRFLOW_CTX_TASK_ID='dbt_build' AIRFLOW_CTX_EXECUTION_DATE='2025-09-16T15:00:00+00:00' AIRFLOW_CTX_TRY_NUMBER='1' AIRFLOW_CTX_DAG_RUN_ID='scheduled__2025-09-16T15:00:00+00:00'
[2025-09-16T17:15:16.476+0200] {taskinstance.py:430} INFO - ::endgroup::
[2025-09-16T17:15:16.486+0200] {subprocess.py:63} INFO - Tmp dir root location: /tmp
[2025-09-16T17:15:16.488+0200] {subprocess.py:75} INFO - Running command: ['/usr/bin/bash', '-c', "docker exec dbt bash -lc 'cd /usr/app && dbt build --fail-fast --profiles-dir /root/.dbt'"]
[2025-09-16T17:15:16.502+0200] {subprocess.py:86} INFO - Output:
[2025-09-16T17:15:18.508+0200] {subprocess.py:93} INFO - [0m15:15:18  Running with dbt=1.8.3
[2025-09-16T17:15:18.814+0200] {subprocess.py:93} INFO - [0m15:15:18  Registered adapter: postgres=1.8.2
[2025-09-16T17:15:20.713+0200] {subprocess.py:93} INFO - [0m15:15:20  Found 6 models, 11 data tests, 531 macros
[2025-09-16T17:15:20.719+0200] {subprocess.py:93} INFO - [0m15:15:20
[2025-09-16T17:15:21.039+0200] {subprocess.py:93} INFO - [0m15:15:21  Concurrency: 4 threads (target='dev')
[2025-09-16T17:15:21.040+0200] {subprocess.py:93} INFO - [0m15:15:21
[2025-09-16T17:15:21.053+0200] {subprocess.py:93} INFO - [0m15:15:21  1 of 17 START sql view model public_staging.stg_customers ...................... [RUN]
[2025-09-16T17:15:21.055+0200] {subprocess.py:93} INFO - [0m15:15:21  2 of 17 START sql view model public_staging.stg_payments ....................... [RUN]
[2025-09-16T17:15:21.057+0200] {subprocess.py:93} INFO - [0m15:15:21  3 of 17 START sql view model public_staging.stg_sessions ....................... [RUN]
[2025-09-16T17:15:21.438+0200] {subprocess.py:93} INFO - [0m15:15:21  1 of 17 OK created sql view model public_staging.stg_customers ................. [[32mCREATE VIEW[0m in 0.37s]
[2025-09-16T17:15:21.441+0200] {subprocess.py:93} INFO - [0m15:15:21  2 of 17 OK created sql view model public_staging.stg_payments .................. [[32mCREATE VIEW[0m in 0.37s]
[2025-09-16T17:15:21.442+0200] {subprocess.py:93} INFO - [0m15:15:21  3 of 17 OK created sql view model public_staging.stg_sessions .................. [[32mCREATE VIEW[0m in 0.37s]
[2025-09-16T17:15:21.459+0200] {subprocess.py:93} INFO - [0m15:15:21  4 of 17 START test not_null_stg_customers_country .............................. [RUN]
[2025-09-16T17:15:21.460+0200] {subprocess.py:93} INFO - [0m15:15:21  5 of 17 START test not_null_stg_customers_customer_id .......................... [RUN]
[2025-09-16T17:15:21.462+0200] {subprocess.py:93} INFO - [0m15:15:21  6 of 17 START test unique_stg_customers_customer_id ............................ [RUN]
[2025-09-16T17:15:21.464+0200] {subprocess.py:93} INFO - [0m15:15:21  7 of 17 START test accepted_values_stg_payments_status__succeeded__failed__refunded  [RUN]
[2025-09-16T17:15:21.716+0200] {subprocess.py:93} INFO - [0m15:15:21  4 of 17 PASS not_null_stg_customers_country .................................... [[32mPASS[0m in 0.25s]
[2025-09-16T17:15:21.729+0200] {subprocess.py:93} INFO - [0m15:15:21  6 of 17 PASS unique_stg_customers_customer_id .................................. [[32mPASS[0m in 0.26s]
[2025-09-16T17:15:21.734+0200] {subprocess.py:93} INFO - [0m15:15:21  5 of 17 PASS not_null_stg_customers_customer_id ................................ [[32mPASS[0m in 0.26s]
[2025-09-16T17:15:21.743+0200] {subprocess.py:93} INFO - [0m15:15:21  8 of 17 START test not_null_stg_payments_payment_id ............................ [RUN]
[2025-09-16T17:15:21.756+0200] {subprocess.py:93} INFO - [0m15:15:21  7 of 17 PASS accepted_values_stg_payments_status__succeeded__failed__refunded .. [[32mPASS[0m in 0.28s]
[2025-09-16T17:15:21.757+0200] {subprocess.py:93} INFO - [0m15:15:21  9 of 17 START test unique_stg_payments_payment_id .............................. [RUN]
[2025-09-16T17:15:21.762+0200] {subprocess.py:93} INFO - [0m15:15:21  10 of 17 START test accepted_values_stg_sessions_source__google__direct__facebook__linkedin__newsletter__referral__bing  [RUN]
[2025-09-16T17:15:21.782+0200] {subprocess.py:93} INFO - [0m15:15:21  11 of 17 START test not_null_stg_sessions_session_id ........................... [RUN]
[2025-09-16T17:15:21.906+0200] {subprocess.py:93} INFO - [0m15:15:21  8 of 17 PASS not_null_stg_payments_payment_id .................................. [[32mPASS[0m in 0.15s]
[2025-09-16T17:15:21.930+0200] {subprocess.py:93} INFO - [0m15:15:21  12 of 17 START test unique_stg_sessions_session_id ............................. [RUN]
[2025-09-16T17:15:21.937+0200] {subprocess.py:93} INFO - [0m15:15:21  9 of 17 PASS unique_stg_payments_payment_id .................................... [[32mPASS[0m in 0.17s]
[2025-09-16T17:15:21.962+0200] {subprocess.py:93} INFO - [0m15:15:21  13 of 17 START sql table model public_analytics.dim_customer ................... [RUN]
[2025-09-16T17:15:21.999+0200] {subprocess.py:93} INFO - [0m15:15:21  11 of 17 PASS not_null_stg_sessions_session_id ................................. [[32mPASS[0m in 0.19s]
[2025-09-16T17:15:22.001+0200] {subprocess.py:93} INFO - [0m15:15:21  10 of 17 PASS accepted_values_stg_sessions_source__google__direct__facebook__linkedin__newsletter__referral__bing  [[32mPASS[0m in 0.23s]
[2025-09-16T17:15:22.044+0200] {subprocess.py:93} INFO - [0m15:15:22  14 of 17 START sql table model public_analytics.fct_revenue_daily .............. [RUN]
[2025-09-16T17:15:22.130+0200] {subprocess.py:93} INFO - [0m15:15:22  12 of 17 PASS unique_stg_sessions_session_id ................................... [[32mPASS[0m in 0.20s]
[2025-09-16T17:15:22.146+0200] {subprocess.py:93} INFO - [0m15:15:22  15 of 17 START sql table model public_analytics.fct_marketing_attribution ...... [RUN]
[2025-09-16T17:15:22.247+0200] {subprocess.py:93} INFO - [0m15:15:22  13 of 17 OK created sql table model public_analytics.dim_customer .............. [[32mSELECT 1006[0m in 0.27s]
[2025-09-16T17:15:22.262+0200] {subprocess.py:93} INFO - [0m15:15:22  14 of 17 OK created sql table model public_analytics.fct_revenue_daily ......... [[32mSELECT 4326[0m in 0.21s]
[2025-09-16T17:15:22.269+0200] {subprocess.py:93} INFO - [0m15:15:22  16 of 17 START test not_null_fct_revenue_daily_order_day ....................... [RUN]
[2025-09-16T17:15:22.347+0200] {subprocess.py:93} INFO - [0m15:15:22  16 of 17 PASS not_null_fct_revenue_daily_order_day ............................. [[32mPASS[0m in 0.08s]
[2025-09-16T17:15:22.429+0200] {subprocess.py:93} INFO - [0m15:15:22  15 of 17 OK created sql table model public_analytics.fct_marketing_attribution . [[32mSELECT 5717[0m in 0.28s]
[2025-09-16T17:15:22.435+0200] {subprocess.py:93} INFO - [0m15:15:22  17 of 17 START test not_null_fct_marketing_attribution_session_day ............. [RUN]
[2025-09-16T17:15:22.506+0200] {subprocess.py:93} INFO - [0m15:15:22  17 of 17 PASS not_null_fct_marketing_attribution_session_day ................... [[32mPASS[0m in 0.07s]
[2025-09-16T17:15:22.556+0200] {subprocess.py:93} INFO - [0m15:15:22
[2025-09-16T17:15:22.558+0200] {subprocess.py:93} INFO - [0m15:15:22  Finished running 3 view models, 11 data tests, 3 table models in 0 hours 0 minutes and 1.83 seconds (1.83s).
[2025-09-16T17:15:22.646+0200] {subprocess.py:93} INFO - [0m15:15:22
[2025-09-16T17:15:22.648+0200] {subprocess.py:93} INFO - [0m15:15:22  [32mCompleted successfully[0m
[2025-09-16T17:15:22.650+0200] {subprocess.py:93} INFO - [0m15:15:22
[2025-09-16T17:15:22.652+0200] {subprocess.py:93} INFO - [0m15:15:22  Done. PASS=17 WARN=0 ERROR=0 SKIP=0 TOTAL=17
[2025-09-16T17:15:23.690+0200] {subprocess.py:97} INFO - Command exited with return code 0
[2025-09-16T17:15:23.692+0200] {taskinstance.py:441} INFO - ::group::Post task execution logs
[2025-09-16T17:15:23.736+0200] {taskinstance.py:1206} INFO - Marking task as SUCCESS. dag_id=etl_api_to_bi, task_id=dbt_build, run_id=scheduled__2025-09-16T15:00:00+00:00, execution_date=20250916T150000, start_date=20250916T151515, end_date=20250916T151523
[2025-09-16T17:15:23.774+0200] {local_task_job_runner.py:243} INFO - Task exited with return code 0
[2025-09-16T17:15:23.799+0200] {taskinstance.py:3503} INFO - 0 downstream tasks scheduled from follow-on schedule check
[2025-09-16T17:15:23.802+0200] {local_task_job_runner.py:222} INFO - ::endgroup::
