[2025-09-15T19:46:34.223+0200] {processor.py:161} INFO - Started process (PID=172) to work on /opt/airflow/dags/etl_api_to_bi.py
[2025-09-15T19:46:34.225+0200] {processor.py:830} INFO - Processing file /opt/airflow/dags/etl_api_to_bi.py for tasks to queue
[2025-09-15T19:46:34.230+0200] {logging_mixin.py:188} INFO - [2025-09-15T19:46:34.229+0200] {dagbag.py:545} INFO - Filling up the DagBag from /opt/airflow/dags/etl_api_to_bi.py
[2025-09-15T19:46:34.300+0200] {processor.py:840} INFO - DAG(s) 'etl_api_to_bi' retrieved from /opt/airflow/dags/etl_api_to_bi.py
[2025-09-15T19:46:34.573+0200] {logging_mixin.py:188} INFO - [2025-09-15T19:46:34.573+0200] {override.py:1858} INFO - Created Permission View: can edit on DAG:etl_api_to_bi
[2025-09-15T19:46:34.890+0200] {logging_mixin.py:188} INFO - [2025-09-15T19:46:34.890+0200] {override.py:1858} INFO - Created Permission View: can read on DAG:etl_api_to_bi
[2025-09-15T19:46:34.903+0200] {logging_mixin.py:188} INFO - [2025-09-15T19:46:34.902+0200] {override.py:1858} INFO - Created Permission View: can delete on DAG:etl_api_to_bi
[2025-09-15T19:46:34.904+0200] {logging_mixin.py:188} INFO - [2025-09-15T19:46:34.904+0200] {dag.py:3089} INFO - Sync 1 DAGs
[2025-09-15T19:46:34.921+0200] {logging_mixin.py:188} INFO - [2025-09-15T19:46:34.920+0200] {dag.py:3111} INFO - Creating ORM DAG for etl_api_to_bi
[2025-09-15T19:46:34.942+0200] {logging_mixin.py:188} INFO - [2025-09-15T19:46:34.942+0200] {dag.py:3947} INFO - Setting next_dagrun for etl_api_to_bi to 2025-09-15 17:30:00+00:00, run_after=2025-09-15 17:45:00+00:00
[2025-09-15T19:46:34.990+0200] {processor.py:183} INFO - Processing /opt/airflow/dags/etl_api_to_bi.py took 0.779 seconds
[2025-09-15T19:47:05.312+0200] {processor.py:161} INFO - Started process (PID=193) to work on /opt/airflow/dags/etl_api_to_bi.py
[2025-09-15T19:47:05.316+0200] {processor.py:830} INFO - Processing file /opt/airflow/dags/etl_api_to_bi.py for tasks to queue
[2025-09-15T19:47:05.324+0200] {logging_mixin.py:188} INFO - [2025-09-15T19:47:05.322+0200] {dagbag.py:545} INFO - Filling up the DagBag from /opt/airflow/dags/etl_api_to_bi.py
[2025-09-15T19:47:05.387+0200] {processor.py:840} INFO - DAG(s) 'etl_api_to_bi' retrieved from /opt/airflow/dags/etl_api_to_bi.py
[2025-09-15T19:47:05.480+0200] {logging_mixin.py:188} INFO - [2025-09-15T19:47:05.479+0200] {dag.py:3089} INFO - Sync 1 DAGs
[2025-09-15T19:47:05.521+0200] {logging_mixin.py:188} INFO - [2025-09-15T19:47:05.521+0200] {dag.py:3947} INFO - Setting next_dagrun for etl_api_to_bi to 2025-09-15 17:30:00+00:00, run_after=2025-09-15 17:45:00+00:00
[2025-09-15T19:47:05.557+0200] {processor.py:183} INFO - Processing /opt/airflow/dags/etl_api_to_bi.py took 0.274 seconds
[2025-09-15T19:47:36.563+0200] {processor.py:161} INFO - Started process (PID=201) to work on /opt/airflow/dags/etl_api_to_bi.py
[2025-09-15T19:47:36.572+0200] {processor.py:830} INFO - Processing file /opt/airflow/dags/etl_api_to_bi.py for tasks to queue
[2025-09-15T19:47:36.587+0200] {logging_mixin.py:188} INFO - [2025-09-15T19:47:36.583+0200] {dagbag.py:545} INFO - Filling up the DagBag from /opt/airflow/dags/etl_api_to_bi.py
[2025-09-15T19:47:36.814+0200] {processor.py:840} INFO - DAG(s) 'etl_api_to_bi' retrieved from /opt/airflow/dags/etl_api_to_bi.py
[2025-09-15T19:47:37.034+0200] {logging_mixin.py:188} INFO - [2025-09-15T19:47:37.034+0200] {dag.py:3089} INFO - Sync 1 DAGs
[2025-09-15T19:47:37.243+0200] {logging_mixin.py:188} INFO - [2025-09-15T19:47:37.241+0200] {dag.py:3947} INFO - Setting next_dagrun for etl_api_to_bi to 2025-09-15 17:30:00+00:00, run_after=2025-09-15 17:45:00+00:00
[2025-09-15T19:47:37.314+0200] {processor.py:183} INFO - Processing /opt/airflow/dags/etl_api_to_bi.py took 0.793 seconds
[2025-09-15T19:48:07.450+0200] {processor.py:161} INFO - Started process (PID=206) to work on /opt/airflow/dags/etl_api_to_bi.py
[2025-09-15T19:48:07.453+0200] {processor.py:830} INFO - Processing file /opt/airflow/dags/etl_api_to_bi.py for tasks to queue
[2025-09-15T19:48:07.460+0200] {logging_mixin.py:188} INFO - [2025-09-15T19:48:07.459+0200] {dagbag.py:545} INFO - Filling up the DagBag from /opt/airflow/dags/etl_api_to_bi.py
[2025-09-15T19:48:07.536+0200] {processor.py:840} INFO - DAG(s) 'etl_api_to_bi' retrieved from /opt/airflow/dags/etl_api_to_bi.py
[2025-09-15T19:48:07.633+0200] {logging_mixin.py:188} INFO - [2025-09-15T19:48:07.632+0200] {dag.py:3089} INFO - Sync 1 DAGs
[2025-09-15T19:48:08.391+0200] {logging_mixin.py:188} INFO - [2025-09-15T19:48:08.391+0200] {dag.py:3947} INFO - Setting next_dagrun for etl_api_to_bi to 2025-09-15 17:30:00+00:00, run_after=2025-09-15 17:45:00+00:00
[2025-09-15T19:48:08.425+0200] {processor.py:183} INFO - Processing /opt/airflow/dags/etl_api_to_bi.py took 0.993 seconds
[2025-09-15T19:48:39.370+0200] {processor.py:161} INFO - Started process (PID=211) to work on /opt/airflow/dags/etl_api_to_bi.py
[2025-09-15T19:48:39.373+0200] {processor.py:830} INFO - Processing file /opt/airflow/dags/etl_api_to_bi.py for tasks to queue
[2025-09-15T19:48:39.378+0200] {logging_mixin.py:188} INFO - [2025-09-15T19:48:39.377+0200] {dagbag.py:545} INFO - Filling up the DagBag from /opt/airflow/dags/etl_api_to_bi.py
[2025-09-15T19:48:39.429+0200] {processor.py:840} INFO - DAG(s) 'etl_api_to_bi' retrieved from /opt/airflow/dags/etl_api_to_bi.py
[2025-09-15T19:48:40.195+0200] {logging_mixin.py:188} INFO - [2025-09-15T19:48:40.193+0200] {dag.py:3089} INFO - Sync 1 DAGs
[2025-09-15T19:48:40.264+0200] {logging_mixin.py:188} INFO - [2025-09-15T19:48:40.264+0200] {dag.py:3947} INFO - Setting next_dagrun for etl_api_to_bi to 2025-09-15 17:30:00+00:00, run_after=2025-09-15 17:45:00+00:00
[2025-09-15T19:48:40.310+0200] {processor.py:183} INFO - Processing /opt/airflow/dags/etl_api_to_bi.py took 0.957 seconds
[2025-09-15T19:49:10.743+0200] {processor.py:161} INFO - Started process (PID=216) to work on /opt/airflow/dags/etl_api_to_bi.py
[2025-09-15T19:49:10.745+0200] {processor.py:830} INFO - Processing file /opt/airflow/dags/etl_api_to_bi.py for tasks to queue
[2025-09-15T19:49:10.750+0200] {logging_mixin.py:188} INFO - [2025-09-15T19:49:10.749+0200] {dagbag.py:545} INFO - Filling up the DagBag from /opt/airflow/dags/etl_api_to_bi.py
[2025-09-15T19:49:10.796+0200] {processor.py:840} INFO - DAG(s) 'etl_api_to_bi' retrieved from /opt/airflow/dags/etl_api_to_bi.py
[2025-09-15T19:49:10.856+0200] {logging_mixin.py:188} INFO - [2025-09-15T19:49:10.856+0200] {dag.py:3089} INFO - Sync 1 DAGs
[2025-09-15T19:49:10.896+0200] {logging_mixin.py:188} INFO - [2025-09-15T19:49:10.896+0200] {dag.py:3947} INFO - Setting next_dagrun for etl_api_to_bi to 2025-09-15 17:30:00+00:00, run_after=2025-09-15 17:45:00+00:00
[2025-09-15T19:49:10.923+0200] {processor.py:183} INFO - Processing /opt/airflow/dags/etl_api_to_bi.py took 0.195 seconds
[2025-09-15T19:49:42.048+0200] {processor.py:161} INFO - Started process (PID=221) to work on /opt/airflow/dags/etl_api_to_bi.py
[2025-09-15T19:49:42.055+0200] {processor.py:830} INFO - Processing file /opt/airflow/dags/etl_api_to_bi.py for tasks to queue
[2025-09-15T19:49:42.063+0200] {logging_mixin.py:188} INFO - [2025-09-15T19:49:42.061+0200] {dagbag.py:545} INFO - Filling up the DagBag from /opt/airflow/dags/etl_api_to_bi.py
[2025-09-15T19:49:42.148+0200] {processor.py:840} INFO - DAG(s) 'etl_api_to_bi' retrieved from /opt/airflow/dags/etl_api_to_bi.py
[2025-09-15T19:49:42.237+0200] {logging_mixin.py:188} INFO - [2025-09-15T19:49:42.236+0200] {dag.py:3089} INFO - Sync 1 DAGs
[2025-09-15T19:49:42.299+0200] {logging_mixin.py:188} INFO - [2025-09-15T19:49:42.298+0200] {dag.py:3947} INFO - Setting next_dagrun for etl_api_to_bi to 2025-09-15 17:30:00+00:00, run_after=2025-09-15 17:45:00+00:00
[2025-09-15T19:49:42.360+0200] {processor.py:183} INFO - Processing /opt/airflow/dags/etl_api_to_bi.py took 0.345 seconds
[2025-09-15T19:50:12.992+0200] {processor.py:161} INFO - Started process (PID=233) to work on /opt/airflow/dags/etl_api_to_bi.py
[2025-09-15T19:50:12.995+0200] {processor.py:830} INFO - Processing file /opt/airflow/dags/etl_api_to_bi.py for tasks to queue
[2025-09-15T19:50:13.005+0200] {logging_mixin.py:188} INFO - [2025-09-15T19:50:13.004+0200] {dagbag.py:545} INFO - Filling up the DagBag from /opt/airflow/dags/etl_api_to_bi.py
[2025-09-15T19:50:13.086+0200] {processor.py:840} INFO - DAG(s) 'etl_api_to_bi' retrieved from /opt/airflow/dags/etl_api_to_bi.py
[2025-09-15T19:50:13.211+0200] {logging_mixin.py:188} INFO - [2025-09-15T19:50:13.209+0200] {dag.py:3089} INFO - Sync 1 DAGs
[2025-09-15T19:50:13.294+0200] {logging_mixin.py:188} INFO - [2025-09-15T19:50:13.293+0200] {dag.py:3947} INFO - Setting next_dagrun for etl_api_to_bi to 2025-09-15 17:45:00+00:00, run_after=2025-09-15 18:00:00+00:00
[2025-09-15T19:50:13.391+0200] {processor.py:183} INFO - Processing /opt/airflow/dags/etl_api_to_bi.py took 0.420 seconds
[2025-09-15T19:50:43.901+0200] {processor.py:161} INFO - Started process (PID=238) to work on /opt/airflow/dags/etl_api_to_bi.py
[2025-09-15T19:50:43.905+0200] {processor.py:830} INFO - Processing file /opt/airflow/dags/etl_api_to_bi.py for tasks to queue
[2025-09-15T19:50:43.911+0200] {logging_mixin.py:188} INFO - [2025-09-15T19:50:43.910+0200] {dagbag.py:545} INFO - Filling up the DagBag from /opt/airflow/dags/etl_api_to_bi.py
[2025-09-15T19:50:43.969+0200] {processor.py:840} INFO - DAG(s) 'etl_api_to_bi' retrieved from /opt/airflow/dags/etl_api_to_bi.py
[2025-09-15T19:50:44.039+0200] {logging_mixin.py:188} INFO - [2025-09-15T19:50:44.038+0200] {dag.py:3089} INFO - Sync 1 DAGs
[2025-09-15T19:50:44.083+0200] {logging_mixin.py:188} INFO - [2025-09-15T19:50:44.083+0200] {dag.py:3947} INFO - Setting next_dagrun for etl_api_to_bi to 2025-09-15 17:45:00+00:00, run_after=2025-09-15 18:00:00+00:00
[2025-09-15T19:50:44.123+0200] {processor.py:183} INFO - Processing /opt/airflow/dags/etl_api_to_bi.py took 0.236 seconds
[2025-09-15T19:51:14.741+0200] {processor.py:161} INFO - Started process (PID=243) to work on /opt/airflow/dags/etl_api_to_bi.py
[2025-09-15T19:51:14.743+0200] {processor.py:830} INFO - Processing file /opt/airflow/dags/etl_api_to_bi.py for tasks to queue
[2025-09-15T19:51:14.746+0200] {logging_mixin.py:188} INFO - [2025-09-15T19:51:14.746+0200] {dagbag.py:545} INFO - Filling up the DagBag from /opt/airflow/dags/etl_api_to_bi.py
[2025-09-15T19:51:14.787+0200] {processor.py:840} INFO - DAG(s) 'etl_api_to_bi' retrieved from /opt/airflow/dags/etl_api_to_bi.py
[2025-09-15T19:51:14.848+0200] {logging_mixin.py:188} INFO - [2025-09-15T19:51:14.848+0200] {dag.py:3089} INFO - Sync 1 DAGs
[2025-09-15T19:51:14.883+0200] {logging_mixin.py:188} INFO - [2025-09-15T19:51:14.883+0200] {dag.py:3947} INFO - Setting next_dagrun for etl_api_to_bi to 2025-09-15 17:45:00+00:00, run_after=2025-09-15 18:00:00+00:00
[2025-09-15T19:51:14.916+0200] {processor.py:183} INFO - Processing /opt/airflow/dags/etl_api_to_bi.py took 0.188 seconds
[2025-09-15T19:51:45.979+0200] {processor.py:161} INFO - Started process (PID=261) to work on /opt/airflow/dags/etl_api_to_bi.py
[2025-09-15T19:51:45.983+0200] {processor.py:830} INFO - Processing file /opt/airflow/dags/etl_api_to_bi.py for tasks to queue
[2025-09-15T19:51:45.992+0200] {logging_mixin.py:188} INFO - [2025-09-15T19:51:45.991+0200] {dagbag.py:545} INFO - Filling up the DagBag from /opt/airflow/dags/etl_api_to_bi.py
[2025-09-15T19:51:46.083+0200] {processor.py:840} INFO - DAG(s) 'etl_api_to_bi' retrieved from /opt/airflow/dags/etl_api_to_bi.py
[2025-09-15T19:51:46.241+0200] {logging_mixin.py:188} INFO - [2025-09-15T19:51:46.241+0200] {dag.py:3089} INFO - Sync 1 DAGs
[2025-09-15T19:51:46.317+0200] {logging_mixin.py:188} INFO - [2025-09-15T19:51:46.317+0200] {dag.py:3947} INFO - Setting next_dagrun for etl_api_to_bi to 2025-09-15 17:45:00+00:00, run_after=2025-09-15 18:00:00+00:00
[2025-09-15T19:51:46.408+0200] {processor.py:183} INFO - Processing /opt/airflow/dags/etl_api_to_bi.py took 0.453 seconds
[2025-09-15T19:52:16.919+0200] {processor.py:161} INFO - Started process (PID=266) to work on /opt/airflow/dags/etl_api_to_bi.py
[2025-09-15T19:52:16.921+0200] {processor.py:830} INFO - Processing file /opt/airflow/dags/etl_api_to_bi.py for tasks to queue
[2025-09-15T19:52:16.926+0200] {logging_mixin.py:188} INFO - [2025-09-15T19:52:16.925+0200] {dagbag.py:545} INFO - Filling up the DagBag from /opt/airflow/dags/etl_api_to_bi.py
[2025-09-15T19:52:16.977+0200] {processor.py:840} INFO - DAG(s) 'etl_api_to_bi' retrieved from /opt/airflow/dags/etl_api_to_bi.py
[2025-09-15T19:52:17.052+0200] {logging_mixin.py:188} INFO - [2025-09-15T19:52:17.052+0200] {dag.py:3089} INFO - Sync 1 DAGs
[2025-09-15T19:52:17.132+0200] {logging_mixin.py:188} INFO - [2025-09-15T19:52:17.131+0200] {dag.py:3947} INFO - Setting next_dagrun for etl_api_to_bi to 2025-09-15 17:45:00+00:00, run_after=2025-09-15 18:00:00+00:00
[2025-09-15T19:52:17.191+0200] {processor.py:183} INFO - Processing /opt/airflow/dags/etl_api_to_bi.py took 0.293 seconds
[2025-09-15T19:52:47.792+0200] {processor.py:161} INFO - Started process (PID=271) to work on /opt/airflow/dags/etl_api_to_bi.py
[2025-09-15T19:52:47.794+0200] {processor.py:830} INFO - Processing file /opt/airflow/dags/etl_api_to_bi.py for tasks to queue
[2025-09-15T19:52:47.799+0200] {logging_mixin.py:188} INFO - [2025-09-15T19:52:47.799+0200] {dagbag.py:545} INFO - Filling up the DagBag from /opt/airflow/dags/etl_api_to_bi.py
[2025-09-15T19:52:47.850+0200] {processor.py:840} INFO - DAG(s) 'etl_api_to_bi' retrieved from /opt/airflow/dags/etl_api_to_bi.py
[2025-09-15T19:52:47.925+0200] {logging_mixin.py:188} INFO - [2025-09-15T19:52:47.924+0200] {dag.py:3089} INFO - Sync 1 DAGs
[2025-09-15T19:52:48.000+0200] {logging_mixin.py:188} INFO - [2025-09-15T19:52:47.999+0200] {dag.py:3947} INFO - Setting next_dagrun for etl_api_to_bi to 2025-09-15 17:45:00+00:00, run_after=2025-09-15 18:00:00+00:00
[2025-09-15T19:52:48.047+0200] {processor.py:183} INFO - Processing /opt/airflow/dags/etl_api_to_bi.py took 0.273 seconds
[2025-09-15T19:53:19.243+0200] {processor.py:161} INFO - Started process (PID=276) to work on /opt/airflow/dags/etl_api_to_bi.py
[2025-09-15T19:53:19.250+0200] {processor.py:830} INFO - Processing file /opt/airflow/dags/etl_api_to_bi.py for tasks to queue
[2025-09-15T19:53:19.262+0200] {logging_mixin.py:188} INFO - [2025-09-15T19:53:19.261+0200] {dagbag.py:545} INFO - Filling up the DagBag from /opt/airflow/dags/etl_api_to_bi.py
[2025-09-15T19:53:19.427+0200] {processor.py:840} INFO - DAG(s) 'etl_api_to_bi' retrieved from /opt/airflow/dags/etl_api_to_bi.py
[2025-09-15T19:53:19.681+0200] {logging_mixin.py:188} INFO - [2025-09-15T19:53:19.678+0200] {dag.py:3089} INFO - Sync 1 DAGs
[2025-09-15T19:53:19.859+0200] {logging_mixin.py:188} INFO - [2025-09-15T19:53:19.855+0200] {dag.py:3947} INFO - Setting next_dagrun for etl_api_to_bi to 2025-09-15 17:45:00+00:00, run_after=2025-09-15 18:00:00+00:00
[2025-09-15T19:53:19.934+0200] {processor.py:183} INFO - Processing /opt/airflow/dags/etl_api_to_bi.py took 0.751 seconds
[2025-09-15T19:53:50.962+0200] {processor.py:161} INFO - Started process (PID=293) to work on /opt/airflow/dags/etl_api_to_bi.py
[2025-09-15T19:53:50.964+0200] {processor.py:830} INFO - Processing file /opt/airflow/dags/etl_api_to_bi.py for tasks to queue
[2025-09-15T19:53:50.969+0200] {logging_mixin.py:188} INFO - [2025-09-15T19:53:50.968+0200] {dagbag.py:545} INFO - Filling up the DagBag from /opt/airflow/dags/etl_api_to_bi.py
[2025-09-15T19:53:51.018+0200] {processor.py:840} INFO - DAG(s) 'etl_api_to_bi' retrieved from /opt/airflow/dags/etl_api_to_bi.py
[2025-09-15T19:53:51.092+0200] {logging_mixin.py:188} INFO - [2025-09-15T19:53:51.091+0200] {dag.py:3089} INFO - Sync 1 DAGs
[2025-09-15T19:53:51.138+0200] {logging_mixin.py:188} INFO - [2025-09-15T19:53:51.138+0200] {dag.py:3947} INFO - Setting next_dagrun for etl_api_to_bi to 2025-09-15 17:45:00+00:00, run_after=2025-09-15 18:00:00+00:00
[2025-09-15T19:53:51.188+0200] {processor.py:183} INFO - Processing /opt/airflow/dags/etl_api_to_bi.py took 0.237 seconds
[2025-09-15T19:54:21.908+0200] {processor.py:161} INFO - Started process (PID=298) to work on /opt/airflow/dags/etl_api_to_bi.py
[2025-09-15T19:54:21.910+0200] {processor.py:830} INFO - Processing file /opt/airflow/dags/etl_api_to_bi.py for tasks to queue
[2025-09-15T19:54:21.914+0200] {logging_mixin.py:188} INFO - [2025-09-15T19:54:21.913+0200] {dagbag.py:545} INFO - Filling up the DagBag from /opt/airflow/dags/etl_api_to_bi.py
[2025-09-15T19:54:21.963+0200] {processor.py:840} INFO - DAG(s) 'etl_api_to_bi' retrieved from /opt/airflow/dags/etl_api_to_bi.py
[2025-09-15T19:54:22.028+0200] {logging_mixin.py:188} INFO - [2025-09-15T19:54:22.027+0200] {dag.py:3089} INFO - Sync 1 DAGs
[2025-09-15T19:54:22.061+0200] {logging_mixin.py:188} INFO - [2025-09-15T19:54:22.061+0200] {dag.py:3947} INFO - Setting next_dagrun for etl_api_to_bi to 2025-09-15 17:45:00+00:00, run_after=2025-09-15 18:00:00+00:00
[2025-09-15T19:54:22.090+0200] {processor.py:183} INFO - Processing /opt/airflow/dags/etl_api_to_bi.py took 0.192 seconds
[2025-09-15T19:54:52.492+0200] {processor.py:161} INFO - Started process (PID=303) to work on /opt/airflow/dags/etl_api_to_bi.py
[2025-09-15T19:54:52.494+0200] {processor.py:830} INFO - Processing file /opt/airflow/dags/etl_api_to_bi.py for tasks to queue
[2025-09-15T19:54:52.497+0200] {logging_mixin.py:188} INFO - [2025-09-15T19:54:52.497+0200] {dagbag.py:545} INFO - Filling up the DagBag from /opt/airflow/dags/etl_api_to_bi.py
[2025-09-15T19:54:52.536+0200] {processor.py:840} INFO - DAG(s) 'etl_api_to_bi' retrieved from /opt/airflow/dags/etl_api_to_bi.py
[2025-09-15T19:54:52.594+0200] {logging_mixin.py:188} INFO - [2025-09-15T19:54:52.593+0200] {dag.py:3089} INFO - Sync 1 DAGs
[2025-09-15T19:54:52.626+0200] {logging_mixin.py:188} INFO - [2025-09-15T19:54:52.626+0200] {dag.py:3947} INFO - Setting next_dagrun for etl_api_to_bi to 2025-09-15 17:45:00+00:00, run_after=2025-09-15 18:00:00+00:00
[2025-09-15T19:54:52.659+0200] {processor.py:183} INFO - Processing /opt/airflow/dags/etl_api_to_bi.py took 0.180 seconds
[2025-09-15T19:55:23.666+0200] {processor.py:161} INFO - Started process (PID=308) to work on /opt/airflow/dags/etl_api_to_bi.py
[2025-09-15T19:55:23.669+0200] {processor.py:830} INFO - Processing file /opt/airflow/dags/etl_api_to_bi.py for tasks to queue
[2025-09-15T19:55:23.673+0200] {logging_mixin.py:188} INFO - [2025-09-15T19:55:23.673+0200] {dagbag.py:545} INFO - Filling up the DagBag from /opt/airflow/dags/etl_api_to_bi.py
[2025-09-15T19:55:23.727+0200] {processor.py:840} INFO - DAG(s) 'etl_api_to_bi' retrieved from /opt/airflow/dags/etl_api_to_bi.py
[2025-09-15T19:55:23.790+0200] {logging_mixin.py:188} INFO - [2025-09-15T19:55:23.790+0200] {dag.py:3089} INFO - Sync 1 DAGs
[2025-09-15T19:55:23.839+0200] {logging_mixin.py:188} INFO - [2025-09-15T19:55:23.839+0200] {dag.py:3947} INFO - Setting next_dagrun for etl_api_to_bi to 2025-09-15 17:45:00+00:00, run_after=2025-09-15 18:00:00+00:00
[2025-09-15T19:55:23.871+0200] {processor.py:183} INFO - Processing /opt/airflow/dags/etl_api_to_bi.py took 0.220 seconds
[2025-09-15T19:55:54.851+0200] {processor.py:161} INFO - Started process (PID=325) to work on /opt/airflow/dags/etl_api_to_bi.py
[2025-09-15T19:55:54.852+0200] {processor.py:830} INFO - Processing file /opt/airflow/dags/etl_api_to_bi.py for tasks to queue
[2025-09-15T19:55:54.855+0200] {logging_mixin.py:188} INFO - [2025-09-15T19:55:54.855+0200] {dagbag.py:545} INFO - Filling up the DagBag from /opt/airflow/dags/etl_api_to_bi.py
[2025-09-15T19:55:54.892+0200] {processor.py:840} INFO - DAG(s) 'etl_api_to_bi' retrieved from /opt/airflow/dags/etl_api_to_bi.py
[2025-09-15T19:55:54.948+0200] {logging_mixin.py:188} INFO - [2025-09-15T19:55:54.947+0200] {dag.py:3089} INFO - Sync 1 DAGs
[2025-09-15T19:55:54.978+0200] {logging_mixin.py:188} INFO - [2025-09-15T19:55:54.978+0200] {dag.py:3947} INFO - Setting next_dagrun for etl_api_to_bi to 2025-09-15 17:45:00+00:00, run_after=2025-09-15 18:00:00+00:00
[2025-09-15T19:55:55.008+0200] {processor.py:183} INFO - Processing /opt/airflow/dags/etl_api_to_bi.py took 0.166 seconds
[2025-09-15T19:56:25.842+0200] {processor.py:161} INFO - Started process (PID=330) to work on /opt/airflow/dags/etl_api_to_bi.py
[2025-09-15T19:56:25.848+0200] {processor.py:830} INFO - Processing file /opt/airflow/dags/etl_api_to_bi.py for tasks to queue
[2025-09-15T19:56:25.859+0200] {logging_mixin.py:188} INFO - [2025-09-15T19:56:25.858+0200] {dagbag.py:545} INFO - Filling up the DagBag from /opt/airflow/dags/etl_api_to_bi.py
[2025-09-15T19:56:25.902+0200] {processor.py:840} INFO - DAG(s) 'etl_api_to_bi' retrieved from /opt/airflow/dags/etl_api_to_bi.py
[2025-09-15T19:56:25.974+0200] {logging_mixin.py:188} INFO - [2025-09-15T19:56:25.973+0200] {dag.py:3089} INFO - Sync 1 DAGs
[2025-09-15T19:56:26.043+0200] {logging_mixin.py:188} INFO - [2025-09-15T19:56:26.043+0200] {dag.py:3947} INFO - Setting next_dagrun for etl_api_to_bi to 2025-09-15 17:45:00+00:00, run_after=2025-09-15 18:00:00+00:00
[2025-09-15T19:56:26.081+0200] {processor.py:183} INFO - Processing /opt/airflow/dags/etl_api_to_bi.py took 0.262 seconds
[2025-09-15T19:56:56.828+0200] {processor.py:161} INFO - Started process (PID=335) to work on /opt/airflow/dags/etl_api_to_bi.py
[2025-09-15T19:56:56.830+0200] {processor.py:830} INFO - Processing file /opt/airflow/dags/etl_api_to_bi.py for tasks to queue
[2025-09-15T19:56:56.834+0200] {logging_mixin.py:188} INFO - [2025-09-15T19:56:56.833+0200] {dagbag.py:545} INFO - Filling up the DagBag from /opt/airflow/dags/etl_api_to_bi.py
[2025-09-15T19:56:56.888+0200] {processor.py:840} INFO - DAG(s) 'etl_api_to_bi' retrieved from /opt/airflow/dags/etl_api_to_bi.py
[2025-09-15T19:56:56.956+0200] {logging_mixin.py:188} INFO - [2025-09-15T19:56:56.955+0200] {dag.py:3089} INFO - Sync 1 DAGs
[2025-09-15T19:56:57.011+0200] {logging_mixin.py:188} INFO - [2025-09-15T19:56:57.010+0200] {dag.py:3947} INFO - Setting next_dagrun for etl_api_to_bi to 2025-09-15 17:45:00+00:00, run_after=2025-09-15 18:00:00+00:00
[2025-09-15T19:56:57.046+0200] {processor.py:183} INFO - Processing /opt/airflow/dags/etl_api_to_bi.py took 0.229 seconds
[2025-09-15T19:57:27.288+0200] {processor.py:161} INFO - Started process (PID=340) to work on /opt/airflow/dags/etl_api_to_bi.py
[2025-09-15T19:57:27.290+0200] {processor.py:830} INFO - Processing file /opt/airflow/dags/etl_api_to_bi.py for tasks to queue
[2025-09-15T19:57:27.294+0200] {logging_mixin.py:188} INFO - [2025-09-15T19:57:27.293+0200] {dagbag.py:545} INFO - Filling up the DagBag from /opt/airflow/dags/etl_api_to_bi.py
[2025-09-15T19:57:27.355+0200] {processor.py:840} INFO - DAG(s) 'etl_api_to_bi' retrieved from /opt/airflow/dags/etl_api_to_bi.py
[2025-09-15T19:57:27.445+0200] {logging_mixin.py:188} INFO - [2025-09-15T19:57:27.445+0200] {dag.py:3089} INFO - Sync 1 DAGs
[2025-09-15T19:57:27.499+0200] {logging_mixin.py:188} INFO - [2025-09-15T19:57:27.499+0200] {dag.py:3947} INFO - Setting next_dagrun for etl_api_to_bi to 2025-09-15 17:45:00+00:00, run_after=2025-09-15 18:00:00+00:00
[2025-09-15T19:57:27.542+0200] {processor.py:183} INFO - Processing /opt/airflow/dags/etl_api_to_bi.py took 0.269 seconds
[2025-09-15T19:57:58.109+0200] {processor.py:161} INFO - Started process (PID=345) to work on /opt/airflow/dags/etl_api_to_bi.py
[2025-09-15T19:57:58.112+0200] {processor.py:830} INFO - Processing file /opt/airflow/dags/etl_api_to_bi.py for tasks to queue
[2025-09-15T19:57:58.117+0200] {logging_mixin.py:188} INFO - [2025-09-15T19:57:58.116+0200] {dagbag.py:545} INFO - Filling up the DagBag from /opt/airflow/dags/etl_api_to_bi.py
[2025-09-15T19:57:58.169+0200] {processor.py:840} INFO - DAG(s) 'etl_api_to_bi' retrieved from /opt/airflow/dags/etl_api_to_bi.py
[2025-09-15T19:57:58.244+0200] {logging_mixin.py:188} INFO - [2025-09-15T19:57:58.243+0200] {dag.py:3089} INFO - Sync 1 DAGs
[2025-09-15T19:57:58.288+0200] {logging_mixin.py:188} INFO - [2025-09-15T19:57:58.287+0200] {dag.py:3947} INFO - Setting next_dagrun for etl_api_to_bi to 2025-09-15 17:45:00+00:00, run_after=2025-09-15 18:00:00+00:00
[2025-09-15T19:57:58.322+0200] {processor.py:183} INFO - Processing /opt/airflow/dags/etl_api_to_bi.py took 0.228 seconds
[2025-09-15T19:58:29.160+0200] {processor.py:161} INFO - Started process (PID=350) to work on /opt/airflow/dags/etl_api_to_bi.py
[2025-09-15T19:58:29.162+0200] {processor.py:830} INFO - Processing file /opt/airflow/dags/etl_api_to_bi.py for tasks to queue
[2025-09-15T19:58:29.167+0200] {logging_mixin.py:188} INFO - [2025-09-15T19:58:29.166+0200] {dagbag.py:545} INFO - Filling up the DagBag from /opt/airflow/dags/etl_api_to_bi.py
[2025-09-15T19:58:29.207+0200] {processor.py:840} INFO - DAG(s) 'etl_api_to_bi' retrieved from /opt/airflow/dags/etl_api_to_bi.py
[2025-09-15T19:58:29.275+0200] {logging_mixin.py:188} INFO - [2025-09-15T19:58:29.273+0200] {dag.py:3089} INFO - Sync 1 DAGs
[2025-09-15T19:58:29.349+0200] {logging_mixin.py:188} INFO - [2025-09-15T19:58:29.349+0200] {dag.py:3947} INFO - Setting next_dagrun for etl_api_to_bi to 2025-09-15 17:45:00+00:00, run_after=2025-09-15 18:00:00+00:00
[2025-09-15T19:58:29.389+0200] {processor.py:183} INFO - Processing /opt/airflow/dags/etl_api_to_bi.py took 0.240 seconds
[2025-09-15T19:58:59.518+0200] {processor.py:161} INFO - Started process (PID=355) to work on /opt/airflow/dags/etl_api_to_bi.py
[2025-09-15T19:58:59.520+0200] {processor.py:830} INFO - Processing file /opt/airflow/dags/etl_api_to_bi.py for tasks to queue
[2025-09-15T19:58:59.524+0200] {logging_mixin.py:188} INFO - [2025-09-15T19:58:59.523+0200] {dagbag.py:545} INFO - Filling up the DagBag from /opt/airflow/dags/etl_api_to_bi.py
[2025-09-15T19:58:59.567+0200] {processor.py:840} INFO - DAG(s) 'etl_api_to_bi' retrieved from /opt/airflow/dags/etl_api_to_bi.py
[2025-09-15T19:58:59.631+0200] {logging_mixin.py:188} INFO - [2025-09-15T19:58:59.631+0200] {dag.py:3089} INFO - Sync 1 DAGs
[2025-09-15T19:58:59.665+0200] {logging_mixin.py:188} INFO - [2025-09-15T19:58:59.664+0200] {dag.py:3947} INFO - Setting next_dagrun for etl_api_to_bi to 2025-09-15 17:45:00+00:00, run_after=2025-09-15 18:00:00+00:00
[2025-09-15T19:58:59.696+0200] {processor.py:183} INFO - Processing /opt/airflow/dags/etl_api_to_bi.py took 0.191 seconds
[2025-09-15T19:59:29.890+0200] {processor.py:161} INFO - Started process (PID=360) to work on /opt/airflow/dags/etl_api_to_bi.py
[2025-09-15T19:59:29.895+0200] {processor.py:830} INFO - Processing file /opt/airflow/dags/etl_api_to_bi.py for tasks to queue
[2025-09-15T19:59:29.909+0200] {logging_mixin.py:188} INFO - [2025-09-15T19:59:29.908+0200] {dagbag.py:545} INFO - Filling up the DagBag from /opt/airflow/dags/etl_api_to_bi.py
[2025-09-15T19:59:29.998+0200] {processor.py:840} INFO - DAG(s) 'etl_api_to_bi' retrieved from /opt/airflow/dags/etl_api_to_bi.py
[2025-09-15T19:59:30.108+0200] {logging_mixin.py:188} INFO - [2025-09-15T19:59:30.108+0200] {dag.py:3089} INFO - Sync 1 DAGs
[2025-09-15T19:59:30.213+0200] {logging_mixin.py:188} INFO - [2025-09-15T19:59:30.212+0200] {dag.py:3947} INFO - Setting next_dagrun for etl_api_to_bi to 2025-09-15 17:45:00+00:00, run_after=2025-09-15 18:00:00+00:00
[2025-09-15T19:59:30.317+0200] {processor.py:183} INFO - Processing /opt/airflow/dags/etl_api_to_bi.py took 0.450 seconds
[2025-09-15T20:00:01.027+0200] {processor.py:161} INFO - Started process (PID=365) to work on /opt/airflow/dags/etl_api_to_bi.py
[2025-09-15T20:00:01.030+0200] {processor.py:830} INFO - Processing file /opt/airflow/dags/etl_api_to_bi.py for tasks to queue
[2025-09-15T20:00:01.035+0200] {logging_mixin.py:188} INFO - [2025-09-15T20:00:01.035+0200] {dagbag.py:545} INFO - Filling up the DagBag from /opt/airflow/dags/etl_api_to_bi.py
[2025-09-15T20:00:01.088+0200] {processor.py:840} INFO - DAG(s) 'etl_api_to_bi' retrieved from /opt/airflow/dags/etl_api_to_bi.py
[2025-09-15T20:00:01.187+0200] {logging_mixin.py:188} INFO - [2025-09-15T20:00:01.187+0200] {dag.py:3089} INFO - Sync 1 DAGs
[2025-09-15T20:00:01.255+0200] {logging_mixin.py:188} INFO - [2025-09-15T20:00:01.255+0200] {dag.py:3947} INFO - Setting next_dagrun for etl_api_to_bi to 2025-09-15 17:45:00+00:00, run_after=2025-09-15 18:00:00+00:00
[2025-09-15T20:00:01.310+0200] {processor.py:183} INFO - Processing /opt/airflow/dags/etl_api_to_bi.py took 0.300 seconds
[2025-09-15T20:00:32.118+0200] {processor.py:161} INFO - Started process (PID=370) to work on /opt/airflow/dags/etl_api_to_bi.py
[2025-09-15T20:00:32.121+0200] {processor.py:830} INFO - Processing file /opt/airflow/dags/etl_api_to_bi.py for tasks to queue
[2025-09-15T20:00:32.125+0200] {logging_mixin.py:188} INFO - [2025-09-15T20:00:32.124+0200] {dagbag.py:545} INFO - Filling up the DagBag from /opt/airflow/dags/etl_api_to_bi.py
[2025-09-15T20:00:32.185+0200] {processor.py:840} INFO - DAG(s) 'etl_api_to_bi' retrieved from /opt/airflow/dags/etl_api_to_bi.py
[2025-09-15T20:00:32.272+0200] {logging_mixin.py:188} INFO - [2025-09-15T20:00:32.272+0200] {dag.py:3089} INFO - Sync 1 DAGs
[2025-09-15T20:00:32.359+0200] {logging_mixin.py:188} INFO - [2025-09-15T20:00:32.358+0200] {dag.py:3947} INFO - Setting next_dagrun for etl_api_to_bi to 2025-09-15 17:45:00+00:00, run_after=2025-09-15 18:00:00+00:00
[2025-09-15T20:00:32.410+0200] {processor.py:183} INFO - Processing /opt/airflow/dags/etl_api_to_bi.py took 0.307 seconds
[2025-09-15T20:01:03.238+0200] {processor.py:161} INFO - Started process (PID=381) to work on /opt/airflow/dags/etl_api_to_bi.py
[2025-09-15T20:01:03.240+0200] {processor.py:830} INFO - Processing file /opt/airflow/dags/etl_api_to_bi.py for tasks to queue
[2025-09-15T20:01:03.245+0200] {logging_mixin.py:188} INFO - [2025-09-15T20:01:03.244+0200] {dagbag.py:545} INFO - Filling up the DagBag from /opt/airflow/dags/etl_api_to_bi.py
[2025-09-15T20:01:03.289+0200] {processor.py:840} INFO - DAG(s) 'etl_api_to_bi' retrieved from /opt/airflow/dags/etl_api_to_bi.py
[2025-09-15T20:01:03.347+0200] {logging_mixin.py:188} INFO - [2025-09-15T20:01:03.347+0200] {dag.py:3089} INFO - Sync 1 DAGs
[2025-09-15T20:01:03.392+0200] {logging_mixin.py:188} INFO - [2025-09-15T20:01:03.391+0200] {dag.py:3947} INFO - Setting next_dagrun for etl_api_to_bi to 2025-09-15 18:00:00+00:00, run_after=2025-09-15 18:15:00+00:00
[2025-09-15T20:01:03.446+0200] {processor.py:183} INFO - Processing /opt/airflow/dags/etl_api_to_bi.py took 0.228 seconds
[2025-09-15T20:01:33.800+0200] {processor.py:161} INFO - Started process (PID=410) to work on /opt/airflow/dags/etl_api_to_bi.py
[2025-09-15T20:01:33.805+0200] {processor.py:830} INFO - Processing file /opt/airflow/dags/etl_api_to_bi.py for tasks to queue
[2025-09-15T20:01:33.812+0200] {logging_mixin.py:188} INFO - [2025-09-15T20:01:33.812+0200] {dagbag.py:545} INFO - Filling up the DagBag from /opt/airflow/dags/etl_api_to_bi.py
[2025-09-15T20:01:33.886+0200] {processor.py:840} INFO - DAG(s) 'etl_api_to_bi' retrieved from /opt/airflow/dags/etl_api_to_bi.py
[2025-09-15T20:01:33.980+0200] {logging_mixin.py:188} INFO - [2025-09-15T20:01:33.979+0200] {dag.py:3089} INFO - Sync 1 DAGs
[2025-09-15T20:01:34.050+0200] {logging_mixin.py:188} INFO - [2025-09-15T20:01:34.049+0200] {dag.py:3947} INFO - Setting next_dagrun for etl_api_to_bi to 2025-09-15 18:00:00+00:00, run_after=2025-09-15 18:15:00+00:00
[2025-09-15T20:01:34.111+0200] {processor.py:183} INFO - Processing /opt/airflow/dags/etl_api_to_bi.py took 0.332 seconds
[2025-09-15T20:02:05.120+0200] {processor.py:161} INFO - Started process (PID=415) to work on /opt/airflow/dags/etl_api_to_bi.py
[2025-09-15T20:02:05.123+0200] {processor.py:830} INFO - Processing file /opt/airflow/dags/etl_api_to_bi.py for tasks to queue
[2025-09-15T20:02:05.129+0200] {logging_mixin.py:188} INFO - [2025-09-15T20:02:05.128+0200] {dagbag.py:545} INFO - Filling up the DagBag from /opt/airflow/dags/etl_api_to_bi.py
[2025-09-15T20:02:05.166+0200] {processor.py:840} INFO - DAG(s) 'etl_api_to_bi' retrieved from /opt/airflow/dags/etl_api_to_bi.py
[2025-09-15T20:02:05.222+0200] {logging_mixin.py:188} INFO - [2025-09-15T20:02:05.222+0200] {dag.py:3089} INFO - Sync 1 DAGs
[2025-09-15T20:02:05.252+0200] {logging_mixin.py:188} INFO - [2025-09-15T20:02:05.252+0200] {dag.py:3947} INFO - Setting next_dagrun for etl_api_to_bi to 2025-09-15 18:00:00+00:00, run_after=2025-09-15 18:15:00+00:00
[2025-09-15T20:02:05.283+0200] {processor.py:183} INFO - Processing /opt/airflow/dags/etl_api_to_bi.py took 0.183 seconds
[2025-09-15T20:02:36.136+0200] {processor.py:161} INFO - Started process (PID=420) to work on /opt/airflow/dags/etl_api_to_bi.py
[2025-09-15T20:02:36.138+0200] {processor.py:830} INFO - Processing file /opt/airflow/dags/etl_api_to_bi.py for tasks to queue
[2025-09-15T20:02:36.141+0200] {logging_mixin.py:188} INFO - [2025-09-15T20:02:36.140+0200] {dagbag.py:545} INFO - Filling up the DagBag from /opt/airflow/dags/etl_api_to_bi.py
[2025-09-15T20:02:36.189+0200] {processor.py:840} INFO - DAG(s) 'etl_api_to_bi' retrieved from /opt/airflow/dags/etl_api_to_bi.py
[2025-09-15T20:02:36.277+0200] {logging_mixin.py:188} INFO - [2025-09-15T20:02:36.276+0200] {dag.py:3089} INFO - Sync 1 DAGs
[2025-09-15T20:02:36.320+0200] {logging_mixin.py:188} INFO - [2025-09-15T20:02:36.319+0200] {dag.py:3947} INFO - Setting next_dagrun for etl_api_to_bi to 2025-09-15 18:00:00+00:00, run_after=2025-09-15 18:15:00+00:00
[2025-09-15T20:02:36.348+0200] {processor.py:183} INFO - Processing /opt/airflow/dags/etl_api_to_bi.py took 0.225 seconds
[2025-09-15T20:03:07.057+0200] {processor.py:161} INFO - Started process (PID=425) to work on /opt/airflow/dags/etl_api_to_bi.py
[2025-09-15T20:03:07.061+0200] {processor.py:830} INFO - Processing file /opt/airflow/dags/etl_api_to_bi.py for tasks to queue
[2025-09-15T20:03:07.073+0200] {logging_mixin.py:188} INFO - [2025-09-15T20:03:07.072+0200] {dagbag.py:545} INFO - Filling up the DagBag from /opt/airflow/dags/etl_api_to_bi.py
[2025-09-15T20:03:07.214+0200] {processor.py:840} INFO - DAG(s) 'etl_api_to_bi' retrieved from /opt/airflow/dags/etl_api_to_bi.py
[2025-09-15T20:03:07.348+0200] {logging_mixin.py:188} INFO - [2025-09-15T20:03:07.348+0200] {dag.py:3089} INFO - Sync 1 DAGs
[2025-09-15T20:03:07.445+0200] {logging_mixin.py:188} INFO - [2025-09-15T20:03:07.444+0200] {dag.py:3947} INFO - Setting next_dagrun for etl_api_to_bi to 2025-09-15 18:00:00+00:00, run_after=2025-09-15 18:15:00+00:00
[2025-09-15T20:03:07.556+0200] {processor.py:183} INFO - Processing /opt/airflow/dags/etl_api_to_bi.py took 0.537 seconds
[2025-09-15T20:03:38.069+0200] {processor.py:161} INFO - Started process (PID=430) to work on /opt/airflow/dags/etl_api_to_bi.py
[2025-09-15T20:03:38.071+0200] {processor.py:830} INFO - Processing file /opt/airflow/dags/etl_api_to_bi.py for tasks to queue
[2025-09-15T20:03:38.074+0200] {logging_mixin.py:188} INFO - [2025-09-15T20:03:38.073+0200] {dagbag.py:545} INFO - Filling up the DagBag from /opt/airflow/dags/etl_api_to_bi.py
[2025-09-15T20:03:38.123+0200] {processor.py:840} INFO - DAG(s) 'etl_api_to_bi' retrieved from /opt/airflow/dags/etl_api_to_bi.py
[2025-09-15T20:03:38.179+0200] {logging_mixin.py:188} INFO - [2025-09-15T20:03:38.179+0200] {dag.py:3089} INFO - Sync 1 DAGs
[2025-09-15T20:03:38.221+0200] {logging_mixin.py:188} INFO - [2025-09-15T20:03:38.220+0200] {dag.py:3947} INFO - Setting next_dagrun for etl_api_to_bi to 2025-09-15 18:00:00+00:00, run_after=2025-09-15 18:15:00+00:00
[2025-09-15T20:03:38.287+0200] {processor.py:183} INFO - Processing /opt/airflow/dags/etl_api_to_bi.py took 0.227 seconds
[2025-09-15T20:04:08.884+0200] {processor.py:161} INFO - Started process (PID=435) to work on /opt/airflow/dags/etl_api_to_bi.py
[2025-09-15T20:04:08.889+0200] {processor.py:830} INFO - Processing file /opt/airflow/dags/etl_api_to_bi.py for tasks to queue
[2025-09-15T20:04:08.893+0200] {logging_mixin.py:188} INFO - [2025-09-15T20:04:08.892+0200] {dagbag.py:545} INFO - Filling up the DagBag from /opt/airflow/dags/etl_api_to_bi.py
[2025-09-15T20:04:08.946+0200] {processor.py:840} INFO - DAG(s) 'etl_api_to_bi' retrieved from /opt/airflow/dags/etl_api_to_bi.py
[2025-09-15T20:04:09.045+0200] {logging_mixin.py:188} INFO - [2025-09-15T20:04:09.044+0200] {dag.py:3089} INFO - Sync 1 DAGs
[2025-09-15T20:04:09.115+0200] {logging_mixin.py:188} INFO - [2025-09-15T20:04:09.114+0200] {dag.py:3947} INFO - Setting next_dagrun for etl_api_to_bi to 2025-09-15 18:00:00+00:00, run_after=2025-09-15 18:15:00+00:00
[2025-09-15T20:04:09.186+0200] {processor.py:183} INFO - Processing /opt/airflow/dags/etl_api_to_bi.py took 0.321 seconds
[2025-09-15T20:04:39.939+0200] {processor.py:161} INFO - Started process (PID=440) to work on /opt/airflow/dags/etl_api_to_bi.py
[2025-09-15T20:04:39.942+0200] {processor.py:830} INFO - Processing file /opt/airflow/dags/etl_api_to_bi.py for tasks to queue
[2025-09-15T20:04:39.947+0200] {logging_mixin.py:188} INFO - [2025-09-15T20:04:39.946+0200] {dagbag.py:545} INFO - Filling up the DagBag from /opt/airflow/dags/etl_api_to_bi.py
[2025-09-15T20:04:39.994+0200] {processor.py:840} INFO - DAG(s) 'etl_api_to_bi' retrieved from /opt/airflow/dags/etl_api_to_bi.py
[2025-09-15T20:04:40.059+0200] {logging_mixin.py:188} INFO - [2025-09-15T20:04:40.059+0200] {dag.py:3089} INFO - Sync 1 DAGs
[2025-09-15T20:04:40.103+0200] {logging_mixin.py:188} INFO - [2025-09-15T20:04:40.103+0200] {dag.py:3947} INFO - Setting next_dagrun for etl_api_to_bi to 2025-09-15 18:00:00+00:00, run_after=2025-09-15 18:15:00+00:00
[2025-09-15T20:04:40.142+0200] {processor.py:183} INFO - Processing /opt/airflow/dags/etl_api_to_bi.py took 0.215 seconds
