[2025-09-15T23:45:01.370+0200] {local_task_job_runner.py:120} INFO - ::group::Pre task execution logs
[2025-09-15T23:45:01.469+0200] {taskinstance.py:2076} INFO - Dependencies all met for dep_context=non-requeueable deps ti=<TaskInstance: etl_api_to_bi.extract_sessions scheduled__2025-09-15T21:30:00+00:00 [queued]>
[2025-09-15T23:45:01.489+0200] {taskinstance.py:2076} INFO - Dependencies all met for dep_context=requeueable deps ti=<TaskInstance: etl_api_to_bi.extract_sessions scheduled__2025-09-15T21:30:00+00:00 [queued]>
[2025-09-15T23:45:01.494+0200] {taskinstance.py:2306} INFO - Starting attempt 1 of 3
[2025-09-15T23:45:01.536+0200] {taskinstance.py:2330} INFO - Executing <Task(PythonOperator): extract_sessions> on 2025-09-15 21:30:00+00:00
[2025-09-15T23:45:01.551+0200] {standard_task_runner.py:64} INFO - Started process 306 to run task
[2025-09-15T23:45:01.563+0200] {standard_task_runner.py:90} INFO - Running: ['airflow', 'tasks', 'run', 'etl_api_to_bi', 'extract_sessions', 'scheduled__2025-09-15T21:30:00+00:00', '--job-id', '8', '--raw', '--subdir', 'DAGS_FOLDER/etl_api_to_bi.py', '--cfg-path', '/tmp/tmp54r9eptu']
[2025-09-15T23:45:01.571+0200] {standard_task_runner.py:91} INFO - Job 8: Subtask extract_sessions
[2025-09-15T23:45:01.755+0200] {task_command.py:426} INFO - Running <TaskInstance: etl_api_to_bi.extract_sessions scheduled__2025-09-15T21:30:00+00:00 [running]> on host b5272c808890
[2025-09-15T23:45:02.470+0200] {taskinstance.py:2648} INFO - Exporting env vars: AIRFLOW_CTX_DAG_OWNER='data' AIRFLOW_CTX_DAG_ID='etl_api_to_bi' AIRFLOW_CTX_TASK_ID='extract_sessions' AIRFLOW_CTX_EXECUTION_DATE='2025-09-15T21:30:00+00:00' AIRFLOW_CTX_TRY_NUMBER='1' AIRFLOW_CTX_DAG_RUN_ID='scheduled__2025-09-15T21:30:00+00:00'
[2025-09-15T23:45:02.471+0200] {taskinstance.py:430} INFO - ::endgroup::
[2025-09-15T23:45:03.107+0200] {crypto.py:82} WARNING - empty cryptography key - values will not be stored encrypted.
[2025-09-15T23:45:03.108+0200] {base.py:84} INFO - Using connection ID 'postgres_default' for task execution.
[2025-09-15T23:45:03.154+0200] {python.py:237} INFO - Done. Returned value was: 1
[2025-09-15T23:45:03.154+0200] {taskinstance.py:441} INFO - ::group::Post task execution logs
[2025-09-15T23:45:03.206+0200] {taskinstance.py:1206} INFO - Marking task as SUCCESS. dag_id=etl_api_to_bi, task_id=extract_sessions, run_id=scheduled__2025-09-15T21:30:00+00:00, execution_date=20250915T213000, start_date=20250915T214501, end_date=20250915T214503
[2025-09-15T23:45:03.283+0200] {local_task_job_runner.py:243} INFO - Task exited with return code 0
[2025-09-15T23:45:03.332+0200] {taskinstance.py:3503} INFO - 1 downstream tasks scheduled from follow-on schedule check
[2025-09-15T23:45:03.335+0200] {local_task_job_runner.py:222} INFO - ::endgroup::
[2025-09-15T23:57:44.909+0200] {local_task_job_runner.py:120} INFO - ::group::Pre task execution logs
[2025-09-15T23:57:45.119+0200] {taskinstance.py:2076} INFO - Dependencies all met for dep_context=non-requeueable deps ti=<TaskInstance: etl_api_to_bi.extract_sessions scheduled__2025-09-15T21:30:00+00:00 [queued]>
[2025-09-15T23:57:45.157+0200] {taskinstance.py:2076} INFO - Dependencies all met for dep_context=requeueable deps ti=<TaskInstance: etl_api_to_bi.extract_sessions scheduled__2025-09-15T21:30:00+00:00 [queued]>
[2025-09-15T23:57:45.161+0200] {taskinstance.py:2306} INFO - Starting attempt 1 of 3
[2025-09-15T23:57:45.229+0200] {taskinstance.py:2330} INFO - Executing <Task(PythonOperator): extract_sessions> on 2025-09-15 21:30:00+00:00
[2025-09-15T23:57:45.244+0200] {standard_task_runner.py:64} INFO - Started process 213 to run task
[2025-09-15T23:57:45.259+0200] {standard_task_runner.py:90} INFO - Running: ['airflow', 'tasks', 'run', 'etl_api_to_bi', 'extract_sessions', 'scheduled__2025-09-15T21:30:00+00:00', '--job-id', '4', '--raw', '--subdir', 'DAGS_FOLDER/etl_api_to_bi.py', '--cfg-path', '/tmp/tmpgwtdew3a']
[2025-09-15T23:57:45.267+0200] {standard_task_runner.py:91} INFO - Job 4: Subtask extract_sessions
[2025-09-15T23:57:45.441+0200] {task_command.py:426} INFO - Running <TaskInstance: etl_api_to_bi.extract_sessions scheduled__2025-09-15T21:30:00+00:00 [running]> on host b91cbf0a6013
[2025-09-15T23:57:46.375+0200] {taskinstance.py:2648} INFO - Exporting env vars: AIRFLOW_CTX_DAG_OWNER='data' AIRFLOW_CTX_DAG_ID='etl_api_to_bi' AIRFLOW_CTX_TASK_ID='extract_sessions' AIRFLOW_CTX_EXECUTION_DATE='2025-09-15T21:30:00+00:00' AIRFLOW_CTX_TRY_NUMBER='1' AIRFLOW_CTX_DAG_RUN_ID='scheduled__2025-09-15T21:30:00+00:00'
[2025-09-15T23:57:46.377+0200] {taskinstance.py:430} INFO - ::endgroup::
[2025-09-15T23:57:47.360+0200] {crypto.py:82} WARNING - empty cryptography key - values will not be stored encrypted.
[2025-09-15T23:57:47.363+0200] {base.py:84} INFO - Using connection ID 'postgres_default' for task execution.
[2025-09-15T23:57:48.541+0200] {base.py:84} INFO - Using connection ID 'postgres_default' for task execution.
[2025-09-15T23:57:50.112+0200] {base.py:84} INFO - Using connection ID 'postgres_default' for task execution.
[2025-09-15T23:57:51.209+0200] {base.py:84} INFO - Using connection ID 'postgres_default' for task execution.
[2025-09-15T23:57:52.089+0200] {base.py:84} INFO - Using connection ID 'postgres_default' for task execution.
[2025-09-15T23:57:52.684+0200] {base.py:84} INFO - Using connection ID 'postgres_default' for task execution.
[2025-09-15T23:57:53.339+0200] {base.py:84} INFO - Using connection ID 'postgres_default' for task execution.
[2025-09-15T23:57:53.852+0200] {base.py:84} INFO - Using connection ID 'postgres_default' for task execution.
[2025-09-15T23:57:54.284+0200] {base.py:84} INFO - Using connection ID 'postgres_default' for task execution.
[2025-09-15T23:57:54.847+0200] {base.py:84} INFO - Using connection ID 'postgres_default' for task execution.
[2025-09-15T23:57:55.531+0200] {base.py:84} INFO - Using connection ID 'postgres_default' for task execution.
[2025-09-15T23:57:56.171+0200] {base.py:84} INFO - Using connection ID 'postgres_default' for task execution.
[2025-09-15T23:57:57.171+0200] {base.py:84} INFO - Using connection ID 'postgres_default' for task execution.
[2025-09-15T23:57:57.791+0200] {base.py:84} INFO - Using connection ID 'postgres_default' for task execution.
[2025-09-15T23:57:58.391+0200] {base.py:84} INFO - Using connection ID 'postgres_default' for task execution.
[2025-09-15T23:57:58.935+0200] {base.py:84} INFO - Using connection ID 'postgres_default' for task execution.
[2025-09-15T23:57:59.418+0200] {base.py:84} INFO - Using connection ID 'postgres_default' for task execution.
[2025-09-15T23:57:59.869+0200] {base.py:84} INFO - Using connection ID 'postgres_default' for task execution.
[2025-09-15T23:58:00.330+0200] {base.py:84} INFO - Using connection ID 'postgres_default' for task execution.
[2025-09-15T23:58:00.938+0200] {base.py:84} INFO - Using connection ID 'postgres_default' for task execution.
[2025-09-15T23:58:01.564+0200] {base.py:84} INFO - Using connection ID 'postgres_default' for task execution.
[2025-09-15T23:58:02.220+0200] {base.py:84} INFO - Using connection ID 'postgres_default' for task execution.
[2025-09-15T23:58:03.262+0200] {base.py:84} INFO - Using connection ID 'postgres_default' for task execution.
[2025-09-15T23:58:04.195+0200] {base.py:84} INFO - Using connection ID 'postgres_default' for task execution.
[2025-09-15T23:58:05.510+0200] {base.py:84} INFO - Using connection ID 'postgres_default' for task execution.
[2025-09-15T23:58:06.232+0200] {base.py:84} INFO - Using connection ID 'postgres_default' for task execution.
[2025-09-15T23:58:04.929+0200] {base.py:84} INFO - Using connection ID 'postgres_default' for task execution.
[2025-09-15T23:58:05.985+0200] {base.py:84} INFO - Using connection ID 'postgres_default' for task execution.
[2025-09-15T23:58:06.922+0200] {base.py:84} INFO - Using connection ID 'postgres_default' for task execution.
[2025-09-15T23:58:07.403+0200] {base.py:84} INFO - Using connection ID 'postgres_default' for task execution.
[2025-09-15T23:58:07.890+0200] {base.py:84} INFO - Using connection ID 'postgres_default' for task execution.
[2025-09-15T23:58:08.393+0200] {base.py:84} INFO - Using connection ID 'postgres_default' for task execution.
[2025-09-15T23:58:08.885+0200] {base.py:84} INFO - Using connection ID 'postgres_default' for task execution.
[2025-09-15T23:58:09.364+0200] {base.py:84} INFO - Using connection ID 'postgres_default' for task execution.
[2025-09-15T23:58:09.913+0200] {base.py:84} INFO - Using connection ID 'postgres_default' for task execution.
[2025-09-15T23:58:10.661+0200] {base.py:84} INFO - Using connection ID 'postgres_default' for task execution.
[2025-09-15T23:58:11.449+0200] {base.py:84} INFO - Using connection ID 'postgres_default' for task execution.
[2025-09-15T23:59:07.009+0200] {base.py:84} INFO - Using connection ID 'postgres_default' for task execution.
[2025-09-15T23:59:07.472+0200] {base.py:84} INFO - Using connection ID 'postgres_default' for task execution.
[2025-09-15T23:59:07.907+0200] {base.py:84} INFO - Using connection ID 'postgres_default' for task execution.
[2025-09-15T23:59:08.344+0200] {base.py:84} INFO - Using connection ID 'postgres_default' for task execution.
[2025-09-15T23:59:08.786+0200] {base.py:84} INFO - Using connection ID 'postgres_default' for task execution.
[2025-09-15T23:59:09.218+0200] {base.py:84} INFO - Using connection ID 'postgres_default' for task execution.
[2025-09-15T23:59:09.679+0200] {base.py:84} INFO - Using connection ID 'postgres_default' for task execution.
[2025-09-15T23:59:10.121+0200] {base.py:84} INFO - Using connection ID 'postgres_default' for task execution.
[2025-09-15T23:59:10.622+0200] {base.py:84} INFO - Using connection ID 'postgres_default' for task execution.
[2025-09-15T23:59:11.117+0200] {base.py:84} INFO - Using connection ID 'postgres_default' for task execution.
[2025-09-15T23:59:11.809+0200] {base.py:84} INFO - Using connection ID 'postgres_default' for task execution.
[2025-09-15T23:59:13.020+0200] {base.py:84} INFO - Using connection ID 'postgres_default' for task execution.
[2025-09-15T23:59:13.565+0200] {base.py:84} INFO - Using connection ID 'postgres_default' for task execution.
[2025-09-15T23:59:14.590+0200] {base.py:84} INFO - Using connection ID 'postgres_default' for task execution.
[2025-09-15T23:59:15.394+0200] {base.py:84} INFO - Using connection ID 'postgres_default' for task execution.
[2025-09-15T23:59:16.666+0200] {base.py:84} INFO - Using connection ID 'postgres_default' for task execution.
[2025-09-15T23:59:17.448+0200] {base.py:84} INFO - Using connection ID 'postgres_default' for task execution.
[2025-09-15T23:59:18.451+0200] {base.py:84} INFO - Using connection ID 'postgres_default' for task execution.
[2025-09-15T23:59:19.284+0200] {base.py:84} INFO - Using connection ID 'postgres_default' for task execution.
[2025-09-15T23:59:19.907+0200] {base.py:84} INFO - Using connection ID 'postgres_default' for task execution.
[2025-09-15T23:59:20.048+0200] {python.py:237} INFO - Done. Returned value was: 28192
[2025-09-15T23:59:20.049+0200] {taskinstance.py:441} INFO - ::group::Post task execution logs
[2025-09-15T23:59:20.109+0200] {taskinstance.py:1206} INFO - Marking task as SUCCESS. dag_id=etl_api_to_bi, task_id=extract_sessions, run_id=scheduled__2025-09-15T21:30:00+00:00, execution_date=20250915T213000, start_date=20250915T215745, end_date=20250915T215920
[2025-09-15T23:59:20.182+0200] {local_task_job_runner.py:243} INFO - Task exited with return code 0
[2025-09-15T23:59:20.227+0200] {taskinstance.py:3503} INFO - 1 downstream tasks scheduled from follow-on schedule check
[2025-09-15T23:59:20.230+0200] {local_task_job_runner.py:222} INFO - ::endgroup::
