[2025-09-15T21:00:16.604+0200] {local_task_job_runner.py:120} INFO - ::group::Pre task execution logs
[2025-09-15T21:00:16.671+0200] {taskinstance.py:2076} INFO - Dependencies all met for dep_context=non-requeueable deps ti=<TaskInstance: etl_api_to_bi.dbt_build scheduled__2025-09-15T18:45:00+00:00 [queued]>
[2025-09-15T21:00:16.684+0200] {taskinstance.py:2076} INFO - Dependencies all met for dep_context=requeueable deps ti=<TaskInstance: etl_api_to_bi.dbt_build scheduled__2025-09-15T18:45:00+00:00 [queued]>
[2025-09-15T21:00:16.685+0200] {taskinstance.py:2306} INFO - Starting attempt 1 of 3
[2025-09-15T21:00:16.708+0200] {taskinstance.py:2330} INFO - Executing <Task(BashOperator): dbt_build> on 2025-09-15 18:45:00+00:00
[2025-09-15T21:00:16.716+0200] {standard_task_runner.py:64} INFO - Started process 1096 to run task
[2025-09-15T21:00:16.721+0200] {standard_task_runner.py:90} INFO - Running: ['airflow', 'tasks', 'run', 'etl_api_to_bi', 'dbt_build', 'scheduled__2025-09-15T18:45:00+00:00', '--job-id', '32', '--raw', '--subdir', 'DAGS_FOLDER/etl_api_to_bi.py', '--cfg-path', '/tmp/tmpurvxikrt']
[2025-09-15T21:00:16.725+0200] {standard_task_runner.py:91} INFO - Job 32: Subtask dbt_build
[2025-09-15T21:00:16.835+0200] {task_command.py:426} INFO - Running <TaskInstance: etl_api_to_bi.dbt_build scheduled__2025-09-15T18:45:00+00:00 [running]> on host f51a750ef2c3
[2025-09-15T21:00:17.234+0200] {taskinstance.py:2648} INFO - Exporting env vars: AIRFLOW_CTX_DAG_OWNER='data' AIRFLOW_CTX_DAG_ID='etl_api_to_bi' AIRFLOW_CTX_TASK_ID='dbt_build' AIRFLOW_CTX_EXECUTION_DATE='2025-09-15T18:45:00+00:00' AIRFLOW_CTX_TRY_NUMBER='1' AIRFLOW_CTX_DAG_RUN_ID='scheduled__2025-09-15T18:45:00+00:00'
[2025-09-15T21:00:17.239+0200] {taskinstance.py:430} INFO - ::endgroup::
[2025-09-15T21:00:17.262+0200] {subprocess.py:63} INFO - Tmp dir root location: /tmp
[2025-09-15T21:00:17.264+0200] {subprocess.py:75} INFO - Running command: ['/usr/bin/bash', '-c', "docker exec dbt bash -lc 'cd /usr/app && dbt build --fail-fast --profiles-dir /root/.dbt'"]
[2025-09-15T21:00:17.285+0200] {subprocess.py:86} INFO - Output:
[2025-09-15T21:00:19.586+0200] {subprocess.py:93} INFO - [0m19:00:19  Running with dbt=1.8.3
[2025-09-15T21:00:19.925+0200] {subprocess.py:93} INFO - [0m19:00:19  Registered adapter: postgres=1.8.2
[2025-09-15T21:00:21.903+0200] {subprocess.py:93} INFO - [0m19:00:21  Found 6 models, 11 data tests, 531 macros
[2025-09-15T21:00:21.909+0200] {subprocess.py:93} INFO - [0m19:00:21
[2025-09-15T21:00:22.222+0200] {subprocess.py:93} INFO - [0m19:00:22  Concurrency: 4 threads (target='dev')
[2025-09-15T21:00:22.224+0200] {subprocess.py:93} INFO - [0m19:00:22
[2025-09-15T21:00:22.238+0200] {subprocess.py:93} INFO - [0m19:00:22  1 of 17 START sql view model public_staging.stg_customers ...................... [RUN]
[2025-09-15T21:00:22.241+0200] {subprocess.py:93} INFO - [0m19:00:22  2 of 17 START sql view model public_staging.stg_payments ....................... [RUN]
[2025-09-15T21:00:22.243+0200] {subprocess.py:93} INFO - [0m19:00:22  3 of 17 START sql view model public_staging.stg_sessions ....................... [RUN]
[2025-09-15T21:00:22.641+0200] {subprocess.py:93} INFO - [0m19:00:22  1 of 17 OK created sql view model public_staging.stg_customers ................. [[32mCREATE VIEW[0m in 0.38s]
[2025-09-15T21:00:22.643+0200] {subprocess.py:93} INFO - [0m19:00:22  2 of 17 OK created sql view model public_staging.stg_payments .................. [[32mCREATE VIEW[0m in 0.39s]
[2025-09-15T21:00:22.646+0200] {subprocess.py:93} INFO - [0m19:00:22  3 of 17 OK created sql view model public_staging.stg_sessions .................. [[32mCREATE VIEW[0m in 0.39s]
[2025-09-15T21:00:22.663+0200] {subprocess.py:93} INFO - [0m19:00:22  4 of 17 START test not_null_stg_customers_country .............................. [RUN]
[2025-09-15T21:00:22.666+0200] {subprocess.py:93} INFO - [0m19:00:22  5 of 17 START test not_null_stg_customers_customer_id .......................... [RUN]
[2025-09-15T21:00:22.668+0200] {subprocess.py:93} INFO - [0m19:00:22  6 of 17 START test unique_stg_customers_customer_id ............................ [RUN]
[2025-09-15T21:00:22.670+0200] {subprocess.py:93} INFO - [0m19:00:22  7 of 17 START test accepted_values_stg_payments_status__succeeded__failed__refunded  [RUN]
[2025-09-15T21:00:22.959+0200] {subprocess.py:93} INFO - [0m19:00:22  4 of 17 PASS not_null_stg_customers_country .................................... [[32mPASS[0m in 0.29s]
[2025-09-15T21:00:22.963+0200] {subprocess.py:93} INFO - [0m19:00:22  6 of 17 PASS unique_stg_customers_customer_id .................................. [[32mPASS[0m in 0.28s]
[2025-09-15T21:00:22.971+0200] {subprocess.py:93} INFO - [0m19:00:22  5 of 17 PASS not_null_stg_customers_customer_id ................................ [[32mPASS[0m in 0.30s]
[2025-09-15T21:00:22.986+0200] {subprocess.py:93} INFO - [0m19:00:22  7 of 17 PASS accepted_values_stg_payments_status__succeeded__failed__refunded .. [[32mPASS[0m in 0.31s]
[2025-09-15T21:00:22.991+0200] {subprocess.py:93} INFO - [0m19:00:22  8 of 17 START test not_null_stg_payments_payment_id ............................ [RUN]
[2025-09-15T21:00:22.993+0200] {subprocess.py:93} INFO - [0m19:00:22  9 of 17 START test unique_stg_payments_payment_id .............................. [RUN]
[2025-09-15T21:00:22.997+0200] {subprocess.py:93} INFO - [0m19:00:22  10 of 17 START test accepted_values_stg_sessions_source__google__direct__facebook__linkedin__newsletter__referral__bing  [RUN]
[2025-09-15T21:00:23.010+0200] {subprocess.py:93} INFO - [0m19:00:23  11 of 17 START test not_null_stg_sessions_session_id ........................... [RUN]
[2025-09-15T21:00:23.159+0200] {subprocess.py:93} INFO - [0m19:00:23  8 of 17 PASS not_null_stg_payments_payment_id .................................. [[32mPASS[0m in 0.16s]
[2025-09-15T21:00:23.173+0200] {subprocess.py:93} INFO - [0m19:00:23  12 of 17 START test unique_stg_sessions_session_id ............................. [RUN]
[2025-09-15T21:00:23.179+0200] {subprocess.py:93} INFO - [0m19:00:23  11 of 17 PASS not_null_stg_sessions_session_id ................................. [[32mPASS[0m in 0.15s]
[2025-09-15T21:00:23.190+0200] {subprocess.py:93} INFO - [0m19:00:23  9 of 17 PASS unique_stg_payments_payment_id .................................... [[32mPASS[0m in 0.19s]
[2025-09-15T21:00:23.203+0200] {subprocess.py:93} INFO - [0m19:00:23  13 of 17 START sql table model public_analytics.dim_customer ................... [RUN]
[2025-09-15T21:00:23.211+0200] {subprocess.py:93} INFO - [0m19:00:23  14 of 17 START sql table model public_analytics.fct_revenue_daily .............. [RUN]
[2025-09-15T21:00:23.251+0200] {subprocess.py:93} INFO - [0m19:00:23  10 of 17 PASS accepted_values_stg_sessions_source__google__direct__facebook__linkedin__newsletter__referral__bing  [[32mPASS[0m in 0.25s]
[2025-09-15T21:00:23.386+0200] {subprocess.py:93} INFO - [0m19:00:23  12 of 17 PASS unique_stg_sessions_session_id ................................... [[32mPASS[0m in 0.21s]
[2025-09-15T21:00:23.407+0200] {subprocess.py:93} INFO - [0m19:00:23  15 of 17 START sql table model public_analytics.fct_marketing_attribution ...... [RUN]
[2025-09-15T21:00:23.521+0200] {subprocess.py:93} INFO - [0m19:00:23  13 of 17 OK created sql table model public_analytics.dim_customer .............. [[32mSELECT 1000[0m in 0.31s]
[2025-09-15T21:00:23.523+0200] {subprocess.py:93} INFO - [0m19:00:23  14 of 17 OK created sql table model public_analytics.fct_revenue_daily ......... [[32mSELECT 4336[0m in 0.30s]
[2025-09-15T21:00:23.540+0200] {subprocess.py:93} INFO - [0m19:00:23  16 of 17 START test not_null_fct_revenue_daily_order_day ....................... [RUN]
[2025-09-15T21:00:23.626+0200] {subprocess.py:93} INFO - [0m19:00:23  16 of 17 PASS not_null_fct_revenue_daily_order_day ............................. [[32mPASS[0m in 0.08s]
[2025-09-15T21:00:23.705+0200] {subprocess.py:93} INFO - [0m19:00:23  15 of 17 OK created sql table model public_analytics.fct_marketing_attribution . [[32mSELECT 5698[0m in 0.28s]
[2025-09-15T21:00:23.714+0200] {subprocess.py:93} INFO - [0m19:00:23  17 of 17 START test not_null_fct_marketing_attribution_session_day ............. [RUN]
[2025-09-15T21:00:23.797+0200] {subprocess.py:93} INFO - [0m19:00:23  17 of 17 PASS not_null_fct_marketing_attribution_session_day ................... [[32mPASS[0m in 0.08s]
[2025-09-15T21:00:23.849+0200] {subprocess.py:93} INFO - [0m19:00:23
[2025-09-15T21:00:23.851+0200] {subprocess.py:93} INFO - [0m19:00:23  Finished running 3 view models, 11 data tests, 3 table models in 0 hours 0 minutes and 1.94 seconds (1.94s).
[2025-09-15T21:00:23.943+0200] {subprocess.py:93} INFO - [0m19:00:23
[2025-09-15T21:00:23.945+0200] {subprocess.py:93} INFO - [0m19:00:23  [32mCompleted successfully[0m
[2025-09-15T21:00:23.947+0200] {subprocess.py:93} INFO - [0m19:00:23
[2025-09-15T21:00:23.949+0200] {subprocess.py:93} INFO - [0m19:00:23  Done. PASS=17 WARN=0 ERROR=0 SKIP=0 TOTAL=17
[2025-09-15T21:00:22.251+0200] {subprocess.py:97} INFO - Command exited with return code 0
[2025-09-15T21:00:22.252+0200] {taskinstance.py:441} INFO - ::group::Post task execution logs
[2025-09-15T21:00:22.302+0200] {taskinstance.py:1206} INFO - Marking task as SUCCESS. dag_id=etl_api_to_bi, task_id=dbt_build, run_id=scheduled__2025-09-15T18:45:00+00:00, execution_date=20250915T184500, start_date=20250915T190016, end_date=20250915T190022
[2025-09-15T21:00:22.336+0200] {local_task_job_runner.py:243} INFO - Task exited with return code 0
[2025-09-15T21:00:22.362+0200] {taskinstance.py:3503} INFO - 0 downstream tasks scheduled from follow-on schedule check
[2025-09-15T21:00:22.366+0200] {local_task_job_runner.py:222} INFO - ::endgroup::
