[2025-09-17T19:00:01.516+0200] {local_task_job_runner.py:120} INFO - ::group::Pre task execution logs
[2025-09-17T19:00:01.654+0200] {taskinstance.py:2076} INFO - Dependencies all met for dep_context=non-requeueable deps ti=<TaskInstance: etl_api_to_bi.extract_payments scheduled__2025-09-17T16:45:00+00:00 [queued]>
[2025-09-17T19:00:01.690+0200] {taskinstance.py:2076} INFO - Dependencies all met for dep_context=requeueable deps ti=<TaskInstance: etl_api_to_bi.extract_payments scheduled__2025-09-17T16:45:00+00:00 [queued]>
[2025-09-17T19:00:01.692+0200] {taskinstance.py:2306} INFO - Starting attempt 1 of 3
[2025-09-17T19:00:01.742+0200] {taskinstance.py:2330} INFO - Executing <Task(PythonOperator): extract_payments> on 2025-09-17 16:45:00+00:00
[2025-09-17T19:00:01.759+0200] {standard_task_runner.py:64} INFO - Started process 2384 to run task
[2025-09-17T19:00:01.771+0200] {standard_task_runner.py:90} INFO - Running: ['airflow', 'tasks', 'run', 'etl_api_to_bi', 'extract_payments', 'scheduled__2025-09-17T16:45:00+00:00', '--job-id', '127', '--raw', '--subdir', 'DAGS_FOLDER/etl_api_to_bi.py', '--cfg-path', '/tmp/tmp0kqw6ytg']
[2025-09-17T19:00:01.780+0200] {standard_task_runner.py:91} INFO - Job 127: Subtask extract_payments
[2025-09-17T19:00:02.008+0200] {task_command.py:426} INFO - Running <TaskInstance: etl_api_to_bi.extract_payments scheduled__2025-09-17T16:45:00+00:00 [running]> on host 1621268d5064
[2025-09-17T19:00:03.127+0200] {taskinstance.py:2648} INFO - Exporting env vars: AIRFLOW_CTX_DAG_OWNER='data' AIRFLOW_CTX_DAG_ID='etl_api_to_bi' AIRFLOW_CTX_TASK_ID='extract_payments' AIRFLOW_CTX_EXECUTION_DATE='2025-09-17T16:45:00+00:00' AIRFLOW_CTX_TRY_NUMBER='1' AIRFLOW_CTX_DAG_RUN_ID='scheduled__2025-09-17T16:45:00+00:00'
[2025-09-17T19:00:03.128+0200] {taskinstance.py:430} INFO - ::endgroup::
[2025-09-17T19:00:03.734+0200] {crypto.py:82} WARNING - empty cryptography key - values will not be stored encrypted.
[2025-09-17T19:00:03.736+0200] {base.py:84} INFO - Using connection ID 'postgres_default' for task execution.
[2025-09-17T19:00:03.789+0200] {python.py:237} INFO - Done. Returned value was: 1
[2025-09-17T19:00:03.791+0200] {taskinstance.py:441} INFO - ::group::Post task execution logs
[2025-09-17T19:00:03.836+0200] {taskinstance.py:1206} INFO - Marking task as SUCCESS. dag_id=etl_api_to_bi, task_id=extract_payments, run_id=scheduled__2025-09-17T16:45:00+00:00, execution_date=20250917T164500, start_date=20250917T170001, end_date=20250917T170003
[2025-09-17T19:00:03.924+0200] {local_task_job_runner.py:243} INFO - Task exited with return code 0
[2025-09-17T19:00:03.979+0200] {taskinstance.py:3503} INFO - 0 downstream tasks scheduled from follow-on schedule check
[2025-09-17T19:00:03.981+0200] {local_task_job_runner.py:222} INFO - ::endgroup::
[2025-09-17T19:10:05.305+0200] {local_task_job_runner.py:120} INFO - ::group::Pre task execution logs
[2025-09-17T19:10:05.719+0200] {taskinstance.py:2076} INFO - Dependencies all met for dep_context=non-requeueable deps ti=<TaskInstance: etl_api_to_bi.extract_payments scheduled__2025-09-17T16:45:00+00:00 [queued]>
[2025-09-17T19:10:05.833+0200] {taskinstance.py:2076} INFO - Dependencies all met for dep_context=requeueable deps ti=<TaskInstance: etl_api_to_bi.extract_payments scheduled__2025-09-17T16:45:00+00:00 [queued]>
[2025-09-17T19:10:05.837+0200] {taskinstance.py:2306} INFO - Starting attempt 1 of 3
[2025-09-17T19:10:05.961+0200] {taskinstance.py:2330} INFO - Executing <Task(PythonOperator): extract_payments> on 2025-09-17 16:45:00+00:00
[2025-09-17T19:10:06.034+0200] {standard_task_runner.py:64} INFO - Started process 207 to run task
[2025-09-17T19:10:06.059+0200] {standard_task_runner.py:90} INFO - Running: ['airflow', 'tasks', 'run', 'etl_api_to_bi', 'extract_payments', 'scheduled__2025-09-17T16:45:00+00:00', '--job-id', '4', '--raw', '--subdir', 'DAGS_FOLDER/etl_api_to_bi.py', '--cfg-path', '/tmp/tmpvon33jt1']
[2025-09-17T19:10:06.086+0200] {standard_task_runner.py:91} INFO - Job 4: Subtask extract_payments
[2025-09-17T19:10:06.557+0200] {task_command.py:426} INFO - Running <TaskInstance: etl_api_to_bi.extract_payments scheduled__2025-09-17T16:45:00+00:00 [running]> on host cc1d85c9aa13
[2025-09-17T19:10:07.938+0200] {taskinstance.py:2648} INFO - Exporting env vars: AIRFLOW_CTX_DAG_OWNER='data' AIRFLOW_CTX_DAG_ID='etl_api_to_bi' AIRFLOW_CTX_TASK_ID='extract_payments' AIRFLOW_CTX_EXECUTION_DATE='2025-09-17T16:45:00+00:00' AIRFLOW_CTX_TRY_NUMBER='1' AIRFLOW_CTX_DAG_RUN_ID='scheduled__2025-09-17T16:45:00+00:00'
[2025-09-17T19:10:07.941+0200] {taskinstance.py:430} INFO - ::endgroup::
[2025-09-17T19:10:08.765+0200] {crypto.py:82} WARNING - empty cryptography key - values will not be stored encrypted.
[2025-09-17T19:10:08.772+0200] {base.py:84} INFO - Using connection ID 'postgres_default' for task execution.
[2025-09-17T19:10:09.973+0200] {base.py:84} INFO - Using connection ID 'postgres_default' for task execution.
[2025-09-17T19:10:11.110+0200] {base.py:84} INFO - Using connection ID 'postgres_default' for task execution.
[2025-09-17T19:10:11.996+0200] {base.py:84} INFO - Using connection ID 'postgres_default' for task execution.
[2025-09-17T19:10:13.088+0200] {base.py:84} INFO - Using connection ID 'postgres_default' for task execution.
[2025-09-17T19:10:13.968+0200] {base.py:84} INFO - Using connection ID 'postgres_default' for task execution.
[2025-09-17T19:10:14.651+0200] {base.py:84} INFO - Using connection ID 'postgres_default' for task execution.
[2025-09-17T19:10:15.304+0200] {base.py:84} INFO - Using connection ID 'postgres_default' for task execution.
[2025-09-17T19:10:16.458+0200] {base.py:84} INFO - Using connection ID 'postgres_default' for task execution.
[2025-09-17T19:10:17.727+0200] {base.py:84} INFO - Using connection ID 'postgres_default' for task execution.
[2025-09-17T19:10:18.858+0200] {base.py:84} INFO - Using connection ID 'postgres_default' for task execution.
[2025-09-17T19:10:20.084+0200] {base.py:84} INFO - Using connection ID 'postgres_default' for task execution.
[2025-09-17T19:10:21.316+0200] {base.py:84} INFO - Using connection ID 'postgres_default' for task execution.
[2025-09-17T19:10:22.559+0200] {base.py:84} INFO - Using connection ID 'postgres_default' for task execution.
[2025-09-17T19:10:22.229+0200] {base.py:84} INFO - Using connection ID 'postgres_default' for task execution.
[2025-09-17T19:10:23.772+0200] {base.py:84} INFO - Using connection ID 'postgres_default' for task execution.
[2025-09-17T19:10:24.282+0200] {base.py:84} INFO - Using connection ID 'postgres_default' for task execution.
[2025-09-17T19:10:25.486+0200] {base.py:84} INFO - Using connection ID 'postgres_default' for task execution.
[2025-09-17T19:10:25.950+0200] {base.py:84} INFO - Using connection ID 'postgres_default' for task execution.
[2025-09-17T19:10:26.360+0200] {base.py:84} INFO - Using connection ID 'postgres_default' for task execution.
[2025-09-17T19:10:26.777+0200] {python.py:237} INFO - Done. Returned value was: 10000
[2025-09-17T19:10:26.778+0200] {taskinstance.py:441} INFO - ::group::Post task execution logs
[2025-09-17T19:10:26.835+0200] {taskinstance.py:1206} INFO - Marking task as SUCCESS. dag_id=etl_api_to_bi, task_id=extract_payments, run_id=scheduled__2025-09-17T16:45:00+00:00, execution_date=20250917T164500, start_date=20250917T171005, end_date=20250917T171026
[2025-09-17T19:10:26.880+0200] {local_task_job_runner.py:243} INFO - Task exited with return code 0
[2025-09-17T19:10:26.921+0200] {taskinstance.py:3503} INFO - 0 downstream tasks scheduled from follow-on schedule check
[2025-09-17T19:10:26.924+0200] {local_task_job_runner.py:222} INFO - ::endgroup::
