[2025-09-17T17:00:18.910+0200] {local_task_job_runner.py:120} INFO - ::group::Pre task execution logs
[2025-09-17T17:00:18.972+0200] {taskinstance.py:2076} INFO - Dependencies all met for dep_context=non-requeueable deps ti=<TaskInstance: etl_api_to_bi.dbt_build scheduled__2025-09-17T14:45:00+00:00 [queued]>
[2025-09-17T17:00:18.987+0200] {taskinstance.py:2076} INFO - Dependencies all met for dep_context=requeueable deps ti=<TaskInstance: etl_api_to_bi.dbt_build scheduled__2025-09-17T14:45:00+00:00 [queued]>
[2025-09-17T17:00:18.988+0200] {taskinstance.py:2306} INFO - Starting attempt 1 of 3
[2025-09-17T17:00:19.005+0200] {taskinstance.py:2330} INFO - Executing <Task(BashOperator): dbt_build> on 2025-09-17 14:45:00+00:00
[2025-09-17T17:00:19.014+0200] {standard_task_runner.py:64} INFO - Started process 995 to run task
[2025-09-17T17:00:19.020+0200] {standard_task_runner.py:90} INFO - Running: ['airflow', 'tasks', 'run', 'etl_api_to_bi', 'dbt_build', 'scheduled__2025-09-17T14:45:00+00:00', '--job-id', '89', '--raw', '--subdir', 'DAGS_FOLDER/etl_api_to_bi.py', '--cfg-path', '/tmp/tmph5i_xd1l']
[2025-09-17T17:00:19.030+0200] {standard_task_runner.py:91} INFO - Job 89: Subtask dbt_build
[2025-09-17T17:00:19.167+0200] {task_command.py:426} INFO - Running <TaskInstance: etl_api_to_bi.dbt_build scheduled__2025-09-17T14:45:00+00:00 [running]> on host 1621268d5064
[2025-09-17T17:00:19.620+0200] {taskinstance.py:2648} INFO - Exporting env vars: AIRFLOW_CTX_DAG_OWNER='data' AIRFLOW_CTX_DAG_ID='etl_api_to_bi' AIRFLOW_CTX_TASK_ID='dbt_build' AIRFLOW_CTX_EXECUTION_DATE='2025-09-17T14:45:00+00:00' AIRFLOW_CTX_TRY_NUMBER='1' AIRFLOW_CTX_DAG_RUN_ID='scheduled__2025-09-17T14:45:00+00:00'
[2025-09-17T17:00:19.621+0200] {taskinstance.py:430} INFO - ::endgroup::
[2025-09-17T17:00:19.636+0200] {subprocess.py:63} INFO - Tmp dir root location: /tmp
[2025-09-17T17:00:19.638+0200] {subprocess.py:75} INFO - Running command: ['/usr/bin/bash', '-c', "docker exec dbt bash -lc 'cd /usr/app && dbt build --fail-fast --profiles-dir /root/.dbt'"]
[2025-09-17T17:00:19.661+0200] {subprocess.py:86} INFO - Output:
[2025-09-17T17:00:21.947+0200] {subprocess.py:93} INFO - [0m15:00:21  Running with dbt=1.8.3
[2025-09-17T17:00:22.280+0200] {subprocess.py:93} INFO - [0m15:00:22  Registered adapter: postgres=1.8.2
[2025-09-17T17:00:24.407+0200] {subprocess.py:93} INFO - [0m15:00:24  Found 6 models, 11 data tests, 531 macros
[2025-09-17T17:00:24.413+0200] {subprocess.py:93} INFO - [0m15:00:24
[2025-09-17T17:00:24.702+0200] {subprocess.py:93} INFO - [0m15:00:24  Concurrency: 4 threads (target='dev')
[2025-09-17T17:00:24.704+0200] {subprocess.py:93} INFO - [0m15:00:24
[2025-09-17T17:00:24.715+0200] {subprocess.py:93} INFO - [0m15:00:24  1 of 17 START sql view model public_staging.stg_customers ...................... [RUN]
[2025-09-17T17:00:24.717+0200] {subprocess.py:93} INFO - [0m15:00:24  2 of 17 START sql view model public_staging.stg_payments ....................... [RUN]
[2025-09-17T17:00:24.720+0200] {subprocess.py:93} INFO - [0m15:00:24  3 of 17 START sql view model public_staging.stg_sessions ....................... [RUN]
[2025-09-17T17:00:25.114+0200] {subprocess.py:93} INFO - [0m15:00:25  1 of 17 OK created sql view model public_staging.stg_customers ................. [[32mCREATE VIEW[0m in 0.38s]
[2025-09-17T17:00:25.117+0200] {subprocess.py:93} INFO - [0m15:00:25  2 of 17 OK created sql view model public_staging.stg_payments .................. [[32mCREATE VIEW[0m in 0.38s]
[2025-09-17T17:00:25.121+0200] {subprocess.py:93} INFO - [0m15:00:25  3 of 17 OK created sql view model public_staging.stg_sessions .................. [[32mCREATE VIEW[0m in 0.38s]
[2025-09-17T17:00:25.142+0200] {subprocess.py:93} INFO - [0m15:00:25  4 of 17 START test not_null_stg_customers_country .............................. [RUN]
[2025-09-17T17:00:25.144+0200] {subprocess.py:93} INFO - [0m15:00:25  5 of 17 START test not_null_stg_customers_customer_id .......................... [RUN]
[2025-09-17T17:00:25.147+0200] {subprocess.py:93} INFO - [0m15:00:25  6 of 17 START test unique_stg_customers_customer_id ............................ [RUN]
[2025-09-17T17:00:25.150+0200] {subprocess.py:93} INFO - [0m15:00:25  7 of 17 START test accepted_values_stg_payments_status__succeeded__failed__refunded  [RUN]
[2025-09-17T17:00:25.504+0200] {subprocess.py:93} INFO - [0m15:00:25  4 of 17 PASS not_null_stg_customers_country .................................... [[32mPASS[0m in 0.35s]
[2025-09-17T17:00:25.523+0200] {subprocess.py:93} INFO - [0m15:00:25  7 of 17 PASS accepted_values_stg_payments_status__succeeded__failed__refunded .. [[32mPASS[0m in 0.37s]
[2025-09-17T17:00:25.534+0200] {subprocess.py:93} INFO - [0m15:00:25  5 of 17 PASS not_null_stg_customers_customer_id ................................ [[32mPASS[0m in 0.38s]
[2025-09-17T17:00:25.542+0200] {subprocess.py:93} INFO - [0m15:00:25  6 of 17 PASS unique_stg_customers_customer_id .................................. [[32mPASS[0m in 0.39s]
[2025-09-17T17:00:25.545+0200] {subprocess.py:93} INFO - [0m15:00:25  8 of 17 START test not_null_stg_payments_payment_id ............................ [RUN]
[2025-09-17T17:00:25.559+0200] {subprocess.py:93} INFO - [0m15:00:25  9 of 17 START test unique_stg_payments_payment_id .............................. [RUN]
[2025-09-17T17:00:25.567+0200] {subprocess.py:93} INFO - [0m15:00:25  10 of 17 START test accepted_values_stg_sessions_source__google__direct__facebook__linkedin__newsletter__referral__bing  [RUN]
[2025-09-17T17:00:25.572+0200] {subprocess.py:93} INFO - [0m15:00:25  11 of 17 START test not_null_stg_sessions_session_id ........................... [RUN]
[2025-09-17T17:00:25.750+0200] {subprocess.py:93} INFO - [0m15:00:25  8 of 17 PASS not_null_stg_payments_payment_id .................................. [[32mPASS[0m in 0.19s]
[2025-09-17T17:00:25.766+0200] {subprocess.py:93} INFO - [0m15:00:25  12 of 17 START test unique_stg_sessions_session_id ............................. [RUN]
[2025-09-17T17:00:25.775+0200] {subprocess.py:93} INFO - [0m15:00:25  9 of 17 PASS unique_stg_payments_payment_id .................................... [[32mPASS[0m in 0.21s]
[2025-09-17T17:00:25.794+0200] {subprocess.py:93} INFO - [0m15:00:25  11 of 17 PASS not_null_stg_sessions_session_id ................................. [[32mPASS[0m in 0.21s]
[2025-09-17T17:00:25.799+0200] {subprocess.py:93} INFO - [0m15:00:25  10 of 17 PASS accepted_values_stg_sessions_source__google__direct__facebook__linkedin__newsletter__referral__bing  [[32mPASS[0m in 0.21s]
[2025-09-17T17:00:25.812+0200] {subprocess.py:93} INFO - [0m15:00:25  13 of 17 START sql table model public_analytics.dim_customer ................... [RUN]
[2025-09-17T17:00:25.824+0200] {subprocess.py:93} INFO - [0m15:00:25  14 of 17 START sql table model public_analytics.fct_revenue_daily .............. [RUN]
[2025-09-17T17:00:26.013+0200] {subprocess.py:93} INFO - [0m15:00:26  12 of 17 PASS unique_stg_sessions_session_id ................................... [[32mPASS[0m in 0.23s]
[2025-09-17T17:00:26.039+0200] {subprocess.py:93} INFO - [0m15:00:26  15 of 17 START sql table model public_analytics.fct_marketing_attribution ...... [RUN]
[2025-09-17T17:00:26.133+0200] {subprocess.py:93} INFO - [0m15:00:26  13 of 17 OK created sql table model public_analytics.dim_customer .............. [[32mSELECT 1013[0m in 0.31s]
[2025-09-17T17:00:26.187+0200] {subprocess.py:93} INFO - [0m15:00:26  14 of 17 OK created sql table model public_analytics.fct_revenue_daily ......... [[32mSELECT 4348[0m in 0.35s]
[2025-09-17T17:00:26.200+0200] {subprocess.py:93} INFO - [0m15:00:26  16 of 17 START test not_null_fct_revenue_daily_order_day ....................... [RUN]
[2025-09-17T17:00:26.291+0200] {subprocess.py:93} INFO - [0m15:00:26  16 of 17 PASS not_null_fct_revenue_daily_order_day ............................. [[32mPASS[0m in 0.09s]
[2025-09-17T17:00:26.388+0200] {subprocess.py:93} INFO - [0m15:00:26  15 of 17 OK created sql table model public_analytics.fct_marketing_attribution . [[32mSELECT 5749[0m in 0.33s]
[2025-09-17T17:00:26.399+0200] {subprocess.py:93} INFO - [0m15:00:26  17 of 17 START test not_null_fct_marketing_attribution_session_day ............. [RUN]
[2025-09-17T17:00:26.490+0200] {subprocess.py:93} INFO - [0m15:00:26  17 of 17 PASS not_null_fct_marketing_attribution_session_day ................... [[32mPASS[0m in 0.09s]
[2025-09-17T17:00:26.540+0200] {subprocess.py:93} INFO - [0m15:00:26
[2025-09-17T17:00:26.542+0200] {subprocess.py:93} INFO - [0m15:00:26  Finished running 3 view models, 11 data tests, 3 table models in 0 hours 0 minutes and 2.12 seconds (2.12s).
[2025-09-17T17:00:26.648+0200] {subprocess.py:93} INFO - [0m15:00:26
[2025-09-17T17:00:26.649+0200] {subprocess.py:93} INFO - [0m15:00:26  [32mCompleted successfully[0m
[2025-09-17T17:00:26.652+0200] {subprocess.py:93} INFO - [0m15:00:26
[2025-09-17T17:00:26.654+0200] {subprocess.py:93} INFO - [0m15:00:26  Done. PASS=17 WARN=0 ERROR=0 SKIP=0 TOTAL=17
[2025-09-17T17:00:25.500+0200] {subprocess.py:97} INFO - Command exited with return code 0
[2025-09-17T17:00:25.502+0200] {taskinstance.py:441} INFO - ::group::Post task execution logs
[2025-09-17T17:00:25.567+0200] {taskinstance.py:1206} INFO - Marking task as SUCCESS. dag_id=etl_api_to_bi, task_id=dbt_build, run_id=scheduled__2025-09-17T14:45:00+00:00, execution_date=20250917T144500, start_date=20250917T150018, end_date=20250917T150025
[2025-09-17T17:00:25.631+0200] {local_task_job_runner.py:243} INFO - Task exited with return code 0
[2025-09-17T17:00:25.661+0200] {taskinstance.py:3503} INFO - 0 downstream tasks scheduled from follow-on schedule check
[2025-09-17T17:00:25.665+0200] {local_task_job_runner.py:222} INFO - ::endgroup::
