[2025-09-17T16:01:52.138+0200] {local_task_job_runner.py:120} INFO - ::group::Pre task execution logs
[2025-09-17T16:01:52.277+0200] {taskinstance.py:2076} INFO - Dependencies all met for dep_context=non-requeueable deps ti=<TaskInstance: etl_api_to_bi.dbt_build manual__2025-09-17T14:01:26.956888+00:00 [queued]>
[2025-09-17T16:01:52.313+0200] {taskinstance.py:2076} INFO - Dependencies all met for dep_context=requeueable deps ti=<TaskInstance: etl_api_to_bi.dbt_build manual__2025-09-17T14:01:26.956888+00:00 [queued]>
[2025-09-17T16:01:52.316+0200] {taskinstance.py:2306} INFO - Starting attempt 1 of 3
[2025-09-17T16:01:52.360+0200] {taskinstance.py:2330} INFO - Executing <Task(BashOperator): dbt_build> on 2025-09-17 14:01:26.956888+00:00
[2025-09-17T16:01:52.374+0200] {standard_task_runner.py:64} INFO - Started process 300 to run task
[2025-09-17T16:01:52.382+0200] {standard_task_runner.py:90} INFO - Running: ['airflow', 'tasks', 'run', 'etl_api_to_bi', 'dbt_build', 'manual__2025-09-17T14:01:26.956888+00:00', '--job-id', '69', '--raw', '--subdir', 'DAGS_FOLDER/etl_api_to_bi.py', '--cfg-path', '/tmp/tmp3yklvecf']
[2025-09-17T16:01:52.395+0200] {standard_task_runner.py:91} INFO - Job 69: Subtask dbt_build
[2025-09-17T16:01:52.673+0200] {task_command.py:426} INFO - Running <TaskInstance: etl_api_to_bi.dbt_build manual__2025-09-17T14:01:26.956888+00:00 [running]> on host 1621268d5064
[2025-09-17T16:01:53.765+0200] {taskinstance.py:2648} INFO - Exporting env vars: AIRFLOW_CTX_DAG_OWNER='data' AIRFLOW_CTX_DAG_ID='etl_api_to_bi' AIRFLOW_CTX_TASK_ID='dbt_build' AIRFLOW_CTX_EXECUTION_DATE='2025-09-17T14:01:26.956888+00:00' AIRFLOW_CTX_TRY_NUMBER='1' AIRFLOW_CTX_DAG_RUN_ID='manual__2025-09-17T14:01:26.956888+00:00'
[2025-09-17T16:01:53.766+0200] {taskinstance.py:430} INFO - ::endgroup::
[2025-09-17T16:01:53.794+0200] {subprocess.py:63} INFO - Tmp dir root location: /tmp
[2025-09-17T16:01:53.799+0200] {subprocess.py:75} INFO - Running command: ['/usr/bin/bash', '-c', "docker exec dbt bash -lc 'cd /usr/app && dbt build --fail-fast --profiles-dir /root/.dbt'"]
[2025-09-17T16:01:53.843+0200] {subprocess.py:86} INFO - Output:
[2025-09-17T16:01:56.155+0200] {subprocess.py:93} INFO - [0m14:01:56  Running with dbt=1.8.3
[2025-09-17T16:01:56.531+0200] {subprocess.py:93} INFO - [0m14:01:56  Registered adapter: postgres=1.8.2
[2025-09-17T16:01:58.703+0200] {subprocess.py:93} INFO - [0m14:01:58  Found 6 models, 11 data tests, 531 macros
[2025-09-17T16:01:58.719+0200] {subprocess.py:93} INFO - [0m14:01:58
[2025-09-17T16:01:59.145+0200] {subprocess.py:93} INFO - [0m14:01:59  Concurrency: 4 threads (target='dev')
[2025-09-17T16:01:59.153+0200] {subprocess.py:93} INFO - [0m14:01:59
[2025-09-17T16:01:59.169+0200] {subprocess.py:93} INFO - [0m14:01:59  1 of 17 START sql view model public_staging.stg_customers ...................... [RUN]
[2025-09-17T16:01:59.172+0200] {subprocess.py:93} INFO - [0m14:01:59  2 of 17 START sql view model public_staging.stg_payments ....................... [RUN]
[2025-09-17T16:01:59.174+0200] {subprocess.py:93} INFO - [0m14:01:59  3 of 17 START sql view model public_staging.stg_sessions ....................... [RUN]
[2025-09-17T16:01:59.743+0200] {subprocess.py:93} INFO - [0m14:01:59  2 of 17 OK created sql view model public_staging.stg_payments .................. [[32mCREATE VIEW[0m in 0.54s]
[2025-09-17T16:01:59.748+0200] {subprocess.py:93} INFO - [0m14:01:59  1 of 17 OK created sql view model public_staging.stg_customers ................. [[32mCREATE VIEW[0m in 0.55s]
[2025-09-17T16:01:59.751+0200] {subprocess.py:93} INFO - [0m14:01:59  3 of 17 OK created sql view model public_staging.stg_sessions .................. [[32mCREATE VIEW[0m in 0.55s]
[2025-09-17T16:01:59.777+0200] {subprocess.py:93} INFO - [0m14:01:59  4 of 17 START test accepted_values_stg_payments_status__succeeded__failed__refunded  [RUN]
[2025-09-17T16:01:59.778+0200] {subprocess.py:93} INFO - [0m14:01:59  5 of 17 START test not_null_stg_payments_payment_id ............................ [RUN]
[2025-09-17T16:01:59.784+0200] {subprocess.py:93} INFO - [0m14:01:59  6 of 17 START test unique_stg_payments_payment_id .............................. [RUN]
[2025-09-17T16:01:59.786+0200] {subprocess.py:93} INFO - [0m14:01:59  7 of 17 START test not_null_stg_customers_country .............................. [RUN]
[2025-09-17T16:02:00.327+0200] {subprocess.py:93} INFO - [0m14:02:00  7 of 17 PASS not_null_stg_customers_country .................................... [[32mPASS[0m in 0.52s]
[2025-09-17T16:02:00.344+0200] {subprocess.py:93} INFO - [0m14:02:00  4 of 17 PASS accepted_values_stg_payments_status__succeeded__failed__refunded .. [[32mPASS[0m in 0.56s]
[2025-09-17T16:02:00.365+0200] {subprocess.py:93} INFO - [0m14:02:00  5 of 17 PASS not_null_stg_payments_payment_id .................................. [[32mPASS[0m in 0.57s]
[2025-09-17T16:02:00.417+0200] {subprocess.py:93} INFO - [0m14:02:00  8 of 17 START test not_null_stg_customers_customer_id .......................... [RUN]
[2025-09-17T16:02:00.426+0200] {subprocess.py:93} INFO - [0m14:02:00  9 of 17 START test unique_stg_customers_customer_id ............................ [RUN]
[2025-09-17T16:02:00.433+0200] {subprocess.py:93} INFO - [0m14:02:00  10 of 17 START test accepted_values_stg_sessions_source__google__direct__facebook__linkedin__newsletter__referral__bing  [RUN]
[2025-09-17T16:02:00.490+0200] {subprocess.py:93} INFO - [0m14:02:00  6 of 17 PASS unique_stg_payments_payment_id .................................... [[32mPASS[0m in 0.69s]
[2025-09-17T16:02:00.573+0200] {subprocess.py:93} INFO - [0m14:02:00  11 of 17 START test not_null_stg_sessions_session_id ........................... [RUN]
[2025-09-17T16:02:00.789+0200] {subprocess.py:93} INFO - [0m14:02:00  8 of 17 PASS not_null_stg_customers_customer_id ................................ [[32mPASS[0m in 0.34s]
[2025-09-17T16:02:00.792+0200] {subprocess.py:93} INFO - [0m14:02:00  9 of 17 PASS unique_stg_customers_customer_id .................................. [[32mPASS[0m in 0.33s]
[2025-09-17T16:02:00.809+0200] {subprocess.py:93} INFO - [0m14:02:00  10 of 17 PASS accepted_values_stg_sessions_source__google__direct__facebook__linkedin__newsletter__referral__bing  [[32mPASS[0m in 0.34s]
[2025-09-17T16:02:00.836+0200] {subprocess.py:93} INFO - [0m14:02:00  12 of 17 START test unique_stg_sessions_session_id ............................. [RUN]
[2025-09-17T16:02:00.849+0200] {subprocess.py:93} INFO - [0m14:02:00  13 of 17 START sql table model public_analytics.fct_revenue_daily .............. [RUN]
[2025-09-17T16:02:00.867+0200] {subprocess.py:93} INFO - [0m14:02:00  11 of 17 PASS not_null_stg_sessions_session_id ................................. [[32mPASS[0m in 0.29s]
[2025-09-17T16:02:00.874+0200] {subprocess.py:93} INFO - [0m14:02:00  14 of 17 START sql table model public_analytics.dim_customer ................... [RUN]
[2025-09-17T16:02:01.277+0200] {subprocess.py:93} INFO - [0m14:02:01  12 of 17 PASS unique_stg_sessions_session_id ................................... [[32mPASS[0m in 0.40s]
[2025-09-17T16:02:01.348+0200] {subprocess.py:93} INFO - [0m14:02:01  15 of 17 START sql table model public_analytics.fct_marketing_attribution ...... [RUN]
[2025-09-17T16:02:01.477+0200] {subprocess.py:93} INFO - [0m14:02:01  14 of 17 OK created sql table model public_analytics.dim_customer .............. [[32mSELECT 1013[0m in 0.58s]
[2025-09-17T16:02:01.481+0200] {subprocess.py:93} INFO - [0m14:02:01  13 of 17 OK created sql table model public_analytics.fct_revenue_daily ......... [[32mSELECT 4348[0m in 0.60s]
[2025-09-17T16:02:01.508+0200] {subprocess.py:93} INFO - [0m14:02:01  16 of 17 START test not_null_fct_revenue_daily_order_day ....................... [RUN]
[2025-09-17T16:02:01.682+0200] {subprocess.py:93} INFO - [0m14:02:01  16 of 17 PASS not_null_fct_revenue_daily_order_day ............................. [[32mPASS[0m in 0.18s]
[2025-09-17T16:02:01.810+0200] {subprocess.py:93} INFO - [0m14:02:01  15 of 17 OK created sql table model public_analytics.fct_marketing_attribution . [[32mSELECT 5749[0m in 0.45s]
[2025-09-17T16:02:01.819+0200] {subprocess.py:93} INFO - [0m14:02:01  17 of 17 START test not_null_fct_marketing_attribution_session_day ............. [RUN]
[2025-09-17T16:02:01.943+0200] {subprocess.py:93} INFO - [0m14:02:01  17 of 17 PASS not_null_fct_marketing_attribution_session_day ................... [[32mPASS[0m in 0.11s]
[2025-09-17T16:02:02.107+0200] {subprocess.py:93} INFO - [0m14:02:02
[2025-09-17T16:02:02.114+0200] {subprocess.py:93} INFO - [0m14:02:02  Finished running 3 view models, 11 data tests, 3 table models in 0 hours 0 minutes and 3.38 seconds (3.38s).
[2025-09-17T16:02:02.381+0200] {subprocess.py:93} INFO - [0m14:02:02
[2025-09-17T16:02:02.384+0200] {subprocess.py:93} INFO - [0m14:02:02  [32mCompleted successfully[0m
[2025-09-17T16:02:02.387+0200] {subprocess.py:93} INFO - [0m14:02:02
[2025-09-17T16:02:02.392+0200] {subprocess.py:93} INFO - [0m14:02:02  Done. PASS=17 WARN=0 ERROR=0 SKIP=0 TOTAL=17
[2025-09-17T16:02:04.170+0200] {subprocess.py:97} INFO - Command exited with return code 0
[2025-09-17T16:02:04.171+0200] {taskinstance.py:441} INFO - ::group::Post task execution logs
[2025-09-17T16:02:04.232+0200] {taskinstance.py:1206} INFO - Marking task as SUCCESS. dag_id=etl_api_to_bi, task_id=dbt_build, run_id=manual__2025-09-17T14:01:26.956888+00:00, execution_date=20250917T140126, start_date=20250917T140152, end_date=20250917T140204
[2025-09-17T16:02:04.303+0200] {local_task_job_runner.py:243} INFO - Task exited with return code 0
[2025-09-17T16:02:04.334+0200] {taskinstance.py:3503} INFO - 0 downstream tasks scheduled from follow-on schedule check
[2025-09-17T16:02:04.338+0200] {local_task_job_runner.py:222} INFO - ::endgroup::
