[2025-09-17T17:15:17.591+0200] {local_task_job_runner.py:120} INFO - ::group::Pre task execution logs
[2025-09-17T17:15:17.644+0200] {taskinstance.py:2076} INFO - Dependencies all met for dep_context=non-requeueable deps ti=<TaskInstance: etl_api_to_bi.dbt_build scheduled__2025-09-17T15:00:00+00:00 [queued]>
[2025-09-17T17:15:17.654+0200] {taskinstance.py:2076} INFO - Dependencies all met for dep_context=requeueable deps ti=<TaskInstance: etl_api_to_bi.dbt_build scheduled__2025-09-17T15:00:00+00:00 [queued]>
[2025-09-17T17:15:17.655+0200] {taskinstance.py:2306} INFO - Starting attempt 1 of 3
[2025-09-17T17:15:17.670+0200] {taskinstance.py:2330} INFO - Executing <Task(BashOperator): dbt_build> on 2025-09-17 15:00:00+00:00
[2025-09-17T17:15:17.678+0200] {standard_task_runner.py:64} INFO - Started process 1171 to run task
[2025-09-17T17:15:17.683+0200] {standard_task_runner.py:90} INFO - Running: ['airflow', 'tasks', 'run', 'etl_api_to_bi', 'dbt_build', 'scheduled__2025-09-17T15:00:00+00:00', '--job-id', '94', '--raw', '--subdir', 'DAGS_FOLDER/etl_api_to_bi.py', '--cfg-path', '/tmp/tmp_hkn3xde']
[2025-09-17T17:15:17.687+0200] {standard_task_runner.py:91} INFO - Job 94: Subtask dbt_build
[2025-09-17T17:15:17.832+0200] {task_command.py:426} INFO - Running <TaskInstance: etl_api_to_bi.dbt_build scheduled__2025-09-17T15:00:00+00:00 [running]> on host 1621268d5064
[2025-09-17T17:15:18.441+0200] {taskinstance.py:2648} INFO - Exporting env vars: AIRFLOW_CTX_DAG_OWNER='data' AIRFLOW_CTX_DAG_ID='etl_api_to_bi' AIRFLOW_CTX_TASK_ID='dbt_build' AIRFLOW_CTX_EXECUTION_DATE='2025-09-17T15:00:00+00:00' AIRFLOW_CTX_TRY_NUMBER='1' AIRFLOW_CTX_DAG_RUN_ID='scheduled__2025-09-17T15:00:00+00:00'
[2025-09-17T17:15:18.442+0200] {taskinstance.py:430} INFO - ::endgroup::
[2025-09-17T17:15:18.460+0200] {subprocess.py:63} INFO - Tmp dir root location: /tmp
[2025-09-17T17:15:18.462+0200] {subprocess.py:75} INFO - Running command: ['/usr/bin/bash', '-c', "docker exec dbt bash -lc 'cd /usr/app && dbt build --fail-fast --profiles-dir /root/.dbt'"]
[2025-09-17T17:15:18.484+0200] {subprocess.py:86} INFO - Output:
[2025-09-17T17:15:21.224+0200] {subprocess.py:93} INFO - [0m15:15:21  Running with dbt=1.8.3
[2025-09-17T17:15:21.619+0200] {subprocess.py:93} INFO - [0m15:15:21  Registered adapter: postgres=1.8.2
[2025-09-17T17:15:23.799+0200] {subprocess.py:93} INFO - [0m15:15:23  Found 6 models, 11 data tests, 531 macros
[2025-09-17T17:15:23.807+0200] {subprocess.py:93} INFO - [0m15:15:23
[2025-09-17T17:15:24.123+0200] {subprocess.py:93} INFO - [0m15:15:24  Concurrency: 4 threads (target='dev')
[2025-09-17T17:15:24.127+0200] {subprocess.py:93} INFO - [0m15:15:24
[2025-09-17T17:15:24.143+0200] {subprocess.py:93} INFO - [0m15:15:24  1 of 17 START sql view model public_staging.stg_customers ...................... [RUN]
[2025-09-17T17:15:24.149+0200] {subprocess.py:93} INFO - [0m15:15:24  2 of 17 START sql view model public_staging.stg_payments ....................... [RUN]
[2025-09-17T17:15:24.150+0200] {subprocess.py:93} INFO - [0m15:15:24  3 of 17 START sql view model public_staging.stg_sessions ....................... [RUN]
[2025-09-17T17:15:24.579+0200] {subprocess.py:93} INFO - [0m15:15:24  3 of 17 OK created sql view model public_staging.stg_sessions .................. [[32mCREATE VIEW[0m in 0.41s]
[2025-09-17T17:15:24.591+0200] {subprocess.py:93} INFO - [0m15:15:24  1 of 17 OK created sql view model public_staging.stg_customers ................. [[32mCREATE VIEW[0m in 0.43s]
[2025-09-17T17:15:24.593+0200] {subprocess.py:93} INFO - [0m15:15:24  2 of 17 OK created sql view model public_staging.stg_payments .................. [[32mCREATE VIEW[0m in 0.43s]
[2025-09-17T17:15:24.608+0200] {subprocess.py:93} INFO - [0m15:15:24  4 of 17 START test accepted_values_stg_sessions_source__google__direct__facebook__linkedin__newsletter__referral__bing  [RUN]
[2025-09-17T17:15:24.610+0200] {subprocess.py:93} INFO - [0m15:15:24  5 of 17 START test not_null_stg_sessions_session_id ............................ [RUN]
[2025-09-17T17:15:24.624+0200] {subprocess.py:93} INFO - [0m15:15:24  6 of 17 START test unique_stg_sessions_session_id .............................. [RUN]
[2025-09-17T17:15:24.627+0200] {subprocess.py:93} INFO - [0m15:15:24  7 of 17 START test not_null_stg_customers_country .............................. [RUN]
[2025-09-17T17:15:24.948+0200] {subprocess.py:93} INFO - [0m15:15:24  5 of 17 PASS not_null_stg_sessions_session_id .................................. [[32mPASS[0m in 0.33s]
[2025-09-17T17:15:24.959+0200] {subprocess.py:93} INFO - [0m15:15:24  7 of 17 PASS not_null_stg_customers_country .................................... [[32mPASS[0m in 0.32s]
[2025-09-17T17:15:24.963+0200] {subprocess.py:93} INFO - [0m15:15:24  4 of 17 PASS accepted_values_stg_sessions_source__google__direct__facebook__linkedin__newsletter__referral__bing  [[32mPASS[0m in 0.34s]
[2025-09-17T17:15:24.968+0200] {subprocess.py:93} INFO - [0m15:15:24  8 of 17 START test not_null_stg_customers_customer_id .......................... [RUN]
[2025-09-17T17:15:24.979+0200] {subprocess.py:93} INFO - [0m15:15:24  9 of 17 START test unique_stg_customers_customer_id ............................ [RUN]
[2025-09-17T17:15:24.985+0200] {subprocess.py:93} INFO - [0m15:15:24  10 of 17 START test accepted_values_stg_payments_status__succeeded__failed__refunded  [RUN]
[2025-09-17T17:15:25.008+0200] {subprocess.py:93} INFO - [0m15:15:25  6 of 17 PASS unique_stg_sessions_session_id .................................... [[32mPASS[0m in 0.37s]
[2025-09-17T17:15:25.047+0200] {subprocess.py:93} INFO - [0m15:15:25  11 of 17 START test not_null_stg_payments_payment_id ........................... [RUN]
[2025-09-17T17:15:25.183+0200] {subprocess.py:93} INFO - [0m15:15:25  8 of 17 PASS not_null_stg_customers_customer_id ................................ [[32mPASS[0m in 0.21s]
[2025-09-17T17:15:25.201+0200] {subprocess.py:93} INFO - [0m15:15:25  10 of 17 PASS accepted_values_stg_payments_status__succeeded__failed__refunded . [[32mPASS[0m in 0.20s]
[2025-09-17T17:15:25.219+0200] {subprocess.py:93} INFO - [0m15:15:25  9 of 17 PASS unique_stg_customers_customer_id .................................. [[32mPASS[0m in 0.23s]
[2025-09-17T17:15:25.221+0200] {subprocess.py:93} INFO - [0m15:15:25  12 of 17 START test unique_stg_payments_payment_id ............................. [RUN]
[2025-09-17T17:15:25.232+0200] {subprocess.py:93} INFO - [0m15:15:25  13 of 17 START sql table model public_analytics.fct_marketing_attribution ...... [RUN]
[2025-09-17T17:15:25.242+0200] {subprocess.py:93} INFO - [0m15:15:25  14 of 17 START sql table model public_analytics.dim_customer ................... [RUN]
[2025-09-17T17:15:25.280+0200] {subprocess.py:93} INFO - [0m15:15:25  11 of 17 PASS not_null_stg_payments_payment_id ................................. [[32mPASS[0m in 0.23s]
[2025-09-17T17:15:25.401+0200] {subprocess.py:93} INFO - [0m15:15:25  12 of 17 PASS unique_stg_payments_payment_id ................................... [[32mPASS[0m in 0.17s]
[2025-09-17T17:15:25.408+0200] {subprocess.py:93} INFO - [0m15:15:25  15 of 17 START sql table model public_analytics.fct_revenue_daily .............. [RUN]
[2025-09-17T17:15:25.544+0200] {subprocess.py:93} INFO - [0m15:15:25  14 of 17 OK created sql table model public_analytics.dim_customer .............. [[32mSELECT 1013[0m in 0.28s]
[2025-09-17T17:15:25.596+0200] {subprocess.py:93} INFO - [0m15:15:25  13 of 17 OK created sql table model public_analytics.fct_marketing_attribution . [[32mSELECT 5749[0m in 0.35s]
[2025-09-17T17:15:25.612+0200] {subprocess.py:93} INFO - [0m15:15:25  16 of 17 START test not_null_fct_marketing_attribution_session_day ............. [RUN]
[2025-09-17T17:15:25.693+0200] {subprocess.py:93} INFO - [0m15:15:25  15 of 17 OK created sql table model public_analytics.fct_revenue_daily ......... [[32mSELECT 4348[0m in 0.27s]
[2025-09-17T17:15:25.707+0200] {subprocess.py:93} INFO - [0m15:15:25  17 of 17 START test not_null_fct_revenue_daily_order_day ....................... [RUN]
[2025-09-17T17:15:25.731+0200] {subprocess.py:93} INFO - [0m15:15:25  16 of 17 PASS not_null_fct_marketing_attribution_session_day ................... [[32mPASS[0m in 0.11s]
[2025-09-17T17:15:25.797+0200] {subprocess.py:93} INFO - [0m15:15:25  17 of 17 PASS not_null_fct_revenue_daily_order_day ............................. [[32mPASS[0m in 0.09s]
[2025-09-17T17:15:25.846+0200] {subprocess.py:93} INFO - [0m15:15:25
[2025-09-17T17:15:25.848+0200] {subprocess.py:93} INFO - [0m15:15:25  Finished running 3 view models, 11 data tests, 3 table models in 0 hours 0 minutes and 2.04 seconds (2.04s).
[2025-09-17T17:15:25.940+0200] {subprocess.py:93} INFO - [0m15:15:25
[2025-09-17T17:15:25.941+0200] {subprocess.py:93} INFO - [0m15:15:25  [32mCompleted successfully[0m
[2025-09-17T17:15:25.945+0200] {subprocess.py:93} INFO - [0m15:15:25
[2025-09-17T17:15:25.947+0200] {subprocess.py:93} INFO - [0m15:15:25  Done. PASS=17 WARN=0 ERROR=0 SKIP=0 TOTAL=17
[2025-09-17T17:15:27.461+0200] {subprocess.py:97} INFO - Command exited with return code 0
[2025-09-17T17:15:27.462+0200] {taskinstance.py:441} INFO - ::group::Post task execution logs
[2025-09-17T17:15:27.523+0200] {taskinstance.py:1206} INFO - Marking task as SUCCESS. dag_id=etl_api_to_bi, task_id=dbt_build, run_id=scheduled__2025-09-17T15:00:00+00:00, execution_date=20250917T150000, start_date=20250917T151517, end_date=20250917T151527
[2025-09-17T17:15:27.592+0200] {local_task_job_runner.py:243} INFO - Task exited with return code 0
[2025-09-17T17:15:27.618+0200] {taskinstance.py:3503} INFO - 0 downstream tasks scheduled from follow-on schedule check
[2025-09-17T17:15:27.640+0200] {local_task_job_runner.py:222} INFO - ::endgroup::
