[2025-09-16T17:00:44.341+0200] {local_task_job_runner.py:120} INFO - ::group::Pre task execution logs
[2025-09-16T17:00:44.476+0200] {taskinstance.py:2076} INFO - Dependencies all met for dep_context=non-requeueable deps ti=<TaskInstance: etl_api_to_bi.dbt_build scheduled__2025-09-16T14:30:00+00:00 [queued]>
[2025-09-16T17:00:44.504+0200] {taskinstance.py:2076} INFO - Dependencies all met for dep_context=requeueable deps ti=<TaskInstance: etl_api_to_bi.dbt_build scheduled__2025-09-16T14:30:00+00:00 [queued]>
[2025-09-16T17:00:44.505+0200] {taskinstance.py:2306} INFO - Starting attempt 1 of 3
[2025-09-16T17:00:44.572+0200] {taskinstance.py:2330} INFO - Executing <Task(BashOperator): dbt_build> on 2025-09-16 14:30:00+00:00
[2025-09-16T17:00:44.592+0200] {standard_task_runner.py:64} INFO - Started process 229 to run task
[2025-09-16T17:00:44.600+0200] {standard_task_runner.py:90} INFO - Running: ['airflow', 'tasks', 'run', 'etl_api_to_bi', 'dbt_build', 'scheduled__2025-09-16T14:30:00+00:00', '--job-id', '26', '--raw', '--subdir', 'DAGS_FOLDER/etl_api_to_bi.py', '--cfg-path', '/tmp/tmpwplgzvmp']
[2025-09-16T17:00:44.607+0200] {standard_task_runner.py:91} INFO - Job 26: Subtask dbt_build
[2025-09-16T17:00:44.811+0200] {task_command.py:426} INFO - Running <TaskInstance: etl_api_to_bi.dbt_build scheduled__2025-09-16T14:30:00+00:00 [running]> on host 1621268d5064
[2025-09-16T17:00:45.448+0200] {taskinstance.py:2648} INFO - Exporting env vars: AIRFLOW_CTX_DAG_OWNER='data' AIRFLOW_CTX_DAG_ID='etl_api_to_bi' AIRFLOW_CTX_TASK_ID='dbt_build' AIRFLOW_CTX_EXECUTION_DATE='2025-09-16T14:30:00+00:00' AIRFLOW_CTX_TRY_NUMBER='1' AIRFLOW_CTX_DAG_RUN_ID='scheduled__2025-09-16T14:30:00+00:00'
[2025-09-16T17:00:45.450+0200] {taskinstance.py:430} INFO - ::endgroup::
[2025-09-16T17:00:45.476+0200] {subprocess.py:63} INFO - Tmp dir root location: /tmp
[2025-09-16T17:00:45.479+0200] {subprocess.py:75} INFO - Running command: ['/usr/bin/bash', '-c', "docker exec dbt bash -lc 'cd /usr/app && dbt build --fail-fast --profiles-dir /root/.dbt'"]
[2025-09-16T17:00:45.500+0200] {subprocess.py:86} INFO - Output:
[2025-09-16T17:00:50.120+0200] {subprocess.py:93} INFO - [0m15:00:50  Running with dbt=1.8.3
[2025-09-16T17:00:50.551+0200] {subprocess.py:93} INFO - [0m15:00:50  Registered adapter: postgres=1.8.2
[2025-09-16T17:00:53.128+0200] {subprocess.py:93} INFO - [0m15:00:53  Found 6 models, 11 data tests, 531 macros
[2025-09-16T17:00:53.135+0200] {subprocess.py:93} INFO - [0m15:00:53
[2025-09-16T17:00:53.654+0200] {subprocess.py:93} INFO - [0m15:00:53  Concurrency: 4 threads (target='dev')
[2025-09-16T17:00:53.665+0200] {subprocess.py:93} INFO - [0m15:00:53
[2025-09-16T17:00:53.684+0200] {subprocess.py:93} INFO - [0m15:00:53  1 of 17 START sql view model public_staging.stg_customers ...................... [RUN]
[2025-09-16T17:00:53.694+0200] {subprocess.py:93} INFO - [0m15:00:53  2 of 17 START sql view model public_staging.stg_payments ....................... [RUN]
[2025-09-16T17:00:53.698+0200] {subprocess.py:93} INFO - [0m15:00:53  3 of 17 START sql view model public_staging.stg_sessions ....................... [RUN]
[2025-09-16T17:00:54.919+0200] {subprocess.py:93} INFO - [0m15:00:54  3 of 17 OK created sql view model public_staging.stg_sessions .................. [[32mCREATE VIEW[0m in 1.19s]
[2025-09-16T17:00:54.922+0200] {subprocess.py:93} INFO - [0m15:00:54  1 of 17 OK created sql view model public_staging.stg_customers ................. [[32mCREATE VIEW[0m in 1.21s]
[2025-09-16T17:00:54.925+0200] {subprocess.py:93} INFO - [0m15:00:54  2 of 17 OK created sql view model public_staging.stg_payments .................. [[32mCREATE VIEW[0m in 1.20s]
[2025-09-16T17:00:54.942+0200] {subprocess.py:93} INFO - [0m15:00:54  4 of 17 START test accepted_values_stg_sessions_source__google__direct__facebook__linkedin__newsletter__referral__bing  [RUN]
[2025-09-16T17:00:54.947+0200] {subprocess.py:93} INFO - [0m15:00:54  6 of 17 START test unique_stg_sessions_session_id .............................. [RUN]
[2025-09-16T17:00:54.950+0200] {subprocess.py:93} INFO - [0m15:00:54  7 of 17 START test not_null_stg_customers_country .............................. [RUN]
[2025-09-16T17:00:54.952+0200] {subprocess.py:93} INFO - [0m15:00:54  5 of 17 START test not_null_stg_sessions_session_id ............................ [RUN]
[2025-09-16T17:00:55.347+0200] {subprocess.py:93} INFO - [0m15:00:55  7 of 17 PASS not_null_stg_customers_country .................................... [[32mPASS[0m in 0.39s]
[2025-09-16T17:00:55.371+0200] {subprocess.py:93} INFO - [0m15:00:55  4 of 17 PASS accepted_values_stg_sessions_source__google__direct__facebook__linkedin__newsletter__referral__bing  [[32mPASS[0m in 0.42s]
[2025-09-16T17:00:55.387+0200] {subprocess.py:93} INFO - [0m15:00:55  5 of 17 PASS not_null_stg_sessions_session_id .................................. [[32mPASS[0m in 0.42s]
[2025-09-16T17:00:55.398+0200] {subprocess.py:93} INFO - [0m15:00:55  8 of 17 START test not_null_stg_customers_customer_id .......................... [RUN]
[2025-09-16T17:00:55.406+0200] {subprocess.py:93} INFO - [0m15:00:55  6 of 17 PASS unique_stg_sessions_session_id .................................... [[32mPASS[0m in 0.45s]
[2025-09-16T17:00:55.418+0200] {subprocess.py:93} INFO - [0m15:00:55  9 of 17 START test unique_stg_customers_customer_id ............................ [RUN]
[2025-09-16T17:00:55.423+0200] {subprocess.py:93} INFO - [0m15:00:55  10 of 17 START test accepted_values_stg_payments_status__succeeded__failed__refunded  [RUN]
[2025-09-16T17:00:55.447+0200] {subprocess.py:93} INFO - [0m15:00:55  11 of 17 START test not_null_stg_payments_payment_id ........................... [RUN]
[2025-09-16T17:00:55.965+0200] {subprocess.py:93} INFO - [0m15:00:55  8 of 17 PASS not_null_stg_customers_customer_id ................................ [[32mPASS[0m in 0.55s]
[2025-09-16T17:00:56.011+0200] {subprocess.py:93} INFO - [0m15:00:56  9 of 17 PASS unique_stg_customers_customer_id .................................. [[32mPASS[0m in 0.58s]
[2025-09-16T17:00:56.025+0200] {subprocess.py:93} INFO - [0m15:00:56  12 of 17 START test unique_stg_payments_payment_id ............................. [RUN]
[2025-09-16T17:00:56.068+0200] {subprocess.py:93} INFO - [0m15:00:56  10 of 17 PASS accepted_values_stg_payments_status__succeeded__failed__refunded . [[32mPASS[0m in 0.62s]
[2025-09-16T17:00:56.095+0200] {subprocess.py:93} INFO - [0m15:00:56  13 of 17 START sql table model public_analytics.fct_marketing_attribution ...... [RUN]
[2025-09-16T17:00:56.122+0200] {subprocess.py:93} INFO - [0m15:00:56  11 of 17 PASS not_null_stg_payments_payment_id ................................. [[32mPASS[0m in 0.66s]
[2025-09-16T17:00:56.130+0200] {subprocess.py:93} INFO - [0m15:00:56  14 of 17 START sql table model public_analytics.dim_customer ................... [RUN]
[2025-09-16T17:00:56.419+0200] {subprocess.py:93} INFO - [0m15:00:56  12 of 17 PASS unique_stg_payments_payment_id ................................... [[32mPASS[0m in 0.36s]
[2025-09-16T17:00:56.441+0200] {subprocess.py:93} INFO - [0m15:00:56  15 of 17 START sql table model public_analytics.fct_revenue_daily .............. [RUN]
[2025-09-16T17:00:56.649+0200] {subprocess.py:93} INFO - [0m15:00:56  14 of 17 OK created sql table model public_analytics.dim_customer .............. [[32mSELECT 1006[0m in 0.50s]
[2025-09-16T17:00:56.733+0200] {subprocess.py:93} INFO - [0m15:00:56  13 of 17 OK created sql table model public_analytics.fct_marketing_attribution . [[32mSELECT 5717[0m in 0.59s]
[2025-09-16T17:00:56.754+0200] {subprocess.py:93} INFO - [0m15:00:56  16 of 17 START test not_null_fct_marketing_attribution_session_day ............. [RUN]
[2025-09-16T17:00:56.805+0200] {subprocess.py:93} INFO - [0m15:00:56  15 of 17 OK created sql table model public_analytics.fct_revenue_daily ......... [[32mSELECT 4326[0m in 0.36s]
[2025-09-16T17:00:56.815+0200] {subprocess.py:93} INFO - [0m15:00:56  17 of 17 START test not_null_fct_revenue_daily_order_day ....................... [RUN]
[2025-09-16T17:00:56.922+0200] {subprocess.py:93} INFO - [0m15:00:56  16 of 17 PASS not_null_fct_marketing_attribution_session_day ................... [[32mPASS[0m in 0.16s]
[2025-09-16T17:00:56.986+0200] {subprocess.py:93} INFO - [0m15:00:56  17 of 17 PASS not_null_fct_revenue_daily_order_day ............................. [[32mPASS[0m in 0.17s]
[2025-09-16T17:00:57.055+0200] {subprocess.py:93} INFO - [0m15:00:57
[2025-09-16T17:00:57.057+0200] {subprocess.py:93} INFO - [0m15:00:57  Finished running 3 view models, 11 data tests, 3 table models in 0 hours 0 minutes and 3.92 seconds (3.92s).
[2025-09-16T17:00:57.224+0200] {subprocess.py:93} INFO - [0m15:00:57
[2025-09-16T17:00:57.225+0200] {subprocess.py:93} INFO - [0m15:00:57  [32mCompleted successfully[0m
[2025-09-16T17:00:57.228+0200] {subprocess.py:93} INFO - [0m15:00:57
[2025-09-16T17:00:57.230+0200] {subprocess.py:93} INFO - [0m15:00:57  Done. PASS=17 WARN=0 ERROR=0 SKIP=0 TOTAL=17
[2025-09-16T17:00:58.418+0200] {subprocess.py:97} INFO - Command exited with return code 0
[2025-09-16T17:00:58.420+0200] {taskinstance.py:441} INFO - ::group::Post task execution logs
[2025-09-16T17:00:58.501+0200] {taskinstance.py:1206} INFO - Marking task as SUCCESS. dag_id=etl_api_to_bi, task_id=dbt_build, run_id=scheduled__2025-09-16T14:30:00+00:00, execution_date=20250916T143000, start_date=20250916T150044, end_date=20250916T150058
[2025-09-16T17:00:58.581+0200] {local_task_job_runner.py:243} INFO - Task exited with return code 0
[2025-09-16T17:00:58.646+0200] {taskinstance.py:3503} INFO - 0 downstream tasks scheduled from follow-on schedule check
[2025-09-16T17:00:58.657+0200] {local_task_job_runner.py:222} INFO - ::endgroup::
