[2025-09-15T23:45:01.347+0200] {local_task_job_runner.py:120} INFO - ::group::Pre task execution logs
[2025-09-15T23:45:01.469+0200] {taskinstance.py:2076} INFO - Dependencies all met for dep_context=non-requeueable deps ti=<TaskInstance: etl_api_to_bi.extract_payments scheduled__2025-09-15T21:30:00+00:00 [queued]>
[2025-09-15T23:45:01.488+0200] {taskinstance.py:2076} INFO - Dependencies all met for dep_context=requeueable deps ti=<TaskInstance: etl_api_to_bi.extract_payments scheduled__2025-09-15T21:30:00+00:00 [queued]>
[2025-09-15T23:45:01.494+0200] {taskinstance.py:2306} INFO - Starting attempt 1 of 3
[2025-09-15T23:45:01.524+0200] {taskinstance.py:2330} INFO - Executing <Task(PythonOperator): extract_payments> on 2025-09-15 21:30:00+00:00
[2025-09-15T23:45:01.538+0200] {standard_task_runner.py:64} INFO - Started process 305 to run task
[2025-09-15T23:45:01.553+0200] {standard_task_runner.py:90} INFO - Running: ['airflow', 'tasks', 'run', 'etl_api_to_bi', 'extract_payments', 'scheduled__2025-09-15T21:30:00+00:00', '--job-id', '7', '--raw', '--subdir', 'DAGS_FOLDER/etl_api_to_bi.py', '--cfg-path', '/tmp/tmpg2elxqh5']
[2025-09-15T23:45:01.560+0200] {standard_task_runner.py:91} INFO - Job 7: Subtask extract_payments
[2025-09-15T23:45:01.736+0200] {task_command.py:426} INFO - Running <TaskInstance: etl_api_to_bi.extract_payments scheduled__2025-09-15T21:30:00+00:00 [running]> on host b5272c808890
[2025-09-15T23:45:02.470+0200] {taskinstance.py:2648} INFO - Exporting env vars: AIRFLOW_CTX_DAG_OWNER='data' AIRFLOW_CTX_DAG_ID='etl_api_to_bi' AIRFLOW_CTX_TASK_ID='extract_payments' AIRFLOW_CTX_EXECUTION_DATE='2025-09-15T21:30:00+00:00' AIRFLOW_CTX_TRY_NUMBER='1' AIRFLOW_CTX_DAG_RUN_ID='scheduled__2025-09-15T21:30:00+00:00'
[2025-09-15T23:45:02.471+0200] {taskinstance.py:430} INFO - ::endgroup::
[2025-09-15T23:45:02.835+0200] {crypto.py:82} WARNING - empty cryptography key - values will not be stored encrypted.
[2025-09-15T23:45:02.837+0200] {base.py:84} INFO - Using connection ID 'postgres_default' for task execution.
[2025-09-15T23:45:02.900+0200] {python.py:237} INFO - Done. Returned value was: 1
[2025-09-15T23:45:02.901+0200] {taskinstance.py:441} INFO - ::group::Post task execution logs
[2025-09-15T23:45:02.959+0200] {taskinstance.py:1206} INFO - Marking task as SUCCESS. dag_id=etl_api_to_bi, task_id=extract_payments, run_id=scheduled__2025-09-15T21:30:00+00:00, execution_date=20250915T213000, start_date=20250915T214501, end_date=20250915T214502
[2025-09-15T23:45:03.017+0200] {local_task_job_runner.py:243} INFO - Task exited with return code 0
[2025-09-15T23:45:03.066+0200] {taskinstance.py:3503} INFO - 0 downstream tasks scheduled from follow-on schedule check
[2025-09-15T23:45:03.070+0200] {local_task_job_runner.py:222} INFO - ::endgroup::
[2025-09-15T23:57:44.911+0200] {local_task_job_runner.py:120} INFO - ::group::Pre task execution logs
[2025-09-15T23:57:45.069+0200] {taskinstance.py:2076} INFO - Dependencies all met for dep_context=non-requeueable deps ti=<TaskInstance: etl_api_to_bi.extract_payments scheduled__2025-09-15T21:30:00+00:00 [queued]>
[2025-09-15T23:57:45.112+0200] {taskinstance.py:2076} INFO - Dependencies all met for dep_context=requeueable deps ti=<TaskInstance: etl_api_to_bi.extract_payments scheduled__2025-09-15T21:30:00+00:00 [queued]>
[2025-09-15T23:57:45.115+0200] {taskinstance.py:2306} INFO - Starting attempt 1 of 3
[2025-09-15T23:57:45.192+0200] {taskinstance.py:2330} INFO - Executing <Task(PythonOperator): extract_payments> on 2025-09-15 21:30:00+00:00
[2025-09-15T23:57:45.232+0200] {standard_task_runner.py:64} INFO - Started process 212 to run task
[2025-09-15T23:57:45.240+0200] {standard_task_runner.py:90} INFO - Running: ['airflow', 'tasks', 'run', 'etl_api_to_bi', 'extract_payments', 'scheduled__2025-09-15T21:30:00+00:00', '--job-id', '3', '--raw', '--subdir', 'DAGS_FOLDER/etl_api_to_bi.py', '--cfg-path', '/tmp/tmpm5ss16_f']
[2025-09-15T23:57:45.249+0200] {standard_task_runner.py:91} INFO - Job 3: Subtask extract_payments
[2025-09-15T23:57:45.426+0200] {task_command.py:426} INFO - Running <TaskInstance: etl_api_to_bi.extract_payments scheduled__2025-09-15T21:30:00+00:00 [running]> on host b91cbf0a6013
[2025-09-15T23:57:46.326+0200] {taskinstance.py:2648} INFO - Exporting env vars: AIRFLOW_CTX_DAG_OWNER='data' AIRFLOW_CTX_DAG_ID='etl_api_to_bi' AIRFLOW_CTX_TASK_ID='extract_payments' AIRFLOW_CTX_EXECUTION_DATE='2025-09-15T21:30:00+00:00' AIRFLOW_CTX_TRY_NUMBER='1' AIRFLOW_CTX_DAG_RUN_ID='scheduled__2025-09-15T21:30:00+00:00'
[2025-09-15T23:57:46.328+0200] {taskinstance.py:430} INFO - ::endgroup::
[2025-09-15T23:57:46.792+0200] {crypto.py:82} WARNING - empty cryptography key - values will not be stored encrypted.
[2025-09-15T23:57:46.794+0200] {base.py:84} INFO - Using connection ID 'postgres_default' for task execution.
[2025-09-15T23:57:47.526+0200] {base.py:84} INFO - Using connection ID 'postgres_default' for task execution.
[2025-09-15T23:57:48.359+0200] {base.py:84} INFO - Using connection ID 'postgres_default' for task execution.
[2025-09-15T23:57:49.254+0200] {base.py:84} INFO - Using connection ID 'postgres_default' for task execution.
[2025-09-15T23:57:50.229+0200] {base.py:84} INFO - Using connection ID 'postgres_default' for task execution.
[2025-09-15T23:57:51.105+0200] {base.py:84} INFO - Using connection ID 'postgres_default' for task execution.
[2025-09-15T23:57:51.747+0200] {base.py:84} INFO - Using connection ID 'postgres_default' for task execution.
[2025-09-15T23:57:52.242+0200] {base.py:84} INFO - Using connection ID 'postgres_default' for task execution.
[2025-09-15T23:57:52.690+0200] {base.py:84} INFO - Using connection ID 'postgres_default' for task execution.
[2025-09-15T23:57:53.164+0200] {base.py:84} INFO - Using connection ID 'postgres_default' for task execution.
[2025-09-15T23:57:53.528+0200] {base.py:84} INFO - Using connection ID 'postgres_default' for task execution.
[2025-09-15T23:57:54.928+0200] {base.py:84} INFO - Using connection ID 'postgres_default' for task execution.
[2025-09-15T23:57:55.388+0200] {base.py:84} INFO - Using connection ID 'postgres_default' for task execution.
[2025-09-15T23:57:55.765+0200] {base.py:84} INFO - Using connection ID 'postgres_default' for task execution.
[2025-09-15T23:57:56.245+0200] {base.py:84} INFO - Using connection ID 'postgres_default' for task execution.
[2025-09-15T23:57:56.939+0200] {base.py:84} INFO - Using connection ID 'postgres_default' for task execution.
[2025-09-15T23:57:57.392+0200] {base.py:84} INFO - Using connection ID 'postgres_default' for task execution.
[2025-09-15T23:57:57.793+0200] {base.py:84} INFO - Using connection ID 'postgres_default' for task execution.
[2025-09-15T23:57:58.227+0200] {base.py:84} INFO - Using connection ID 'postgres_default' for task execution.
[2025-09-15T23:57:58.615+0200] {base.py:84} INFO - Using connection ID 'postgres_default' for task execution.
[2025-09-15T23:57:58.870+0200] {python.py:237} INFO - Done. Returned value was: 10000
[2025-09-15T23:57:58.875+0200] {taskinstance.py:441} INFO - ::group::Post task execution logs
[2025-09-15T23:57:58.923+0200] {taskinstance.py:1206} INFO - Marking task as SUCCESS. dag_id=etl_api_to_bi, task_id=extract_payments, run_id=scheduled__2025-09-15T21:30:00+00:00, execution_date=20250915T213000, start_date=20250915T215745, end_date=20250915T215758
[2025-09-15T23:57:59.007+0200] {local_task_job_runner.py:243} INFO - Task exited with return code 0
[2025-09-15T23:57:59.054+0200] {taskinstance.py:3503} INFO - 0 downstream tasks scheduled from follow-on schedule check
[2025-09-15T23:57:59.068+0200] {local_task_job_runner.py:222} INFO - ::endgroup::
