[2025-09-17T19:30:34.471+0200] {local_task_job_runner.py:120} INFO - ::group::Pre task execution logs
[2025-09-17T19:30:34.655+0200] {taskinstance.py:2076} INFO - Dependencies all met for dep_context=non-requeueable deps ti=<TaskInstance: etl_api_to_bi.dbt_build scheduled__2025-09-17T17:15:00+00:00 [queued]>
[2025-09-17T19:30:34.677+0200] {taskinstance.py:2076} INFO - Dependencies all met for dep_context=requeueable deps ti=<TaskInstance: etl_api_to_bi.dbt_build scheduled__2025-09-17T17:15:00+00:00 [queued]>
[2025-09-17T19:30:34.679+0200] {taskinstance.py:2306} INFO - Starting attempt 1 of 3
[2025-09-17T19:30:34.702+0200] {taskinstance.py:2330} INFO - Executing <Task(BashOperator): dbt_build> on 2025-09-17 17:15:00+00:00
[2025-09-17T19:30:34.715+0200] {standard_task_runner.py:64} INFO - Started process 482 to run task
[2025-09-17T19:30:34.721+0200] {standard_task_runner.py:90} INFO - Running: ['airflow', 'tasks', 'run', 'etl_api_to_bi', 'dbt_build', 'scheduled__2025-09-17T17:15:00+00:00', '--job-id', '16', '--raw', '--subdir', 'DAGS_FOLDER/etl_api_to_bi.py', '--cfg-path', '/tmp/tmpxxalm1yg']
[2025-09-17T19:30:34.726+0200] {standard_task_runner.py:91} INFO - Job 16: Subtask dbt_build
[2025-09-17T19:30:34.862+0200] {task_command.py:426} INFO - Running <TaskInstance: etl_api_to_bi.dbt_build scheduled__2025-09-17T17:15:00+00:00 [running]> on host cc1d85c9aa13
[2025-09-17T19:30:35.365+0200] {taskinstance.py:2648} INFO - Exporting env vars: AIRFLOW_CTX_DAG_OWNER='data' AIRFLOW_CTX_DAG_ID='etl_api_to_bi' AIRFLOW_CTX_TASK_ID='dbt_build' AIRFLOW_CTX_EXECUTION_DATE='2025-09-17T17:15:00+00:00' AIRFLOW_CTX_TRY_NUMBER='1' AIRFLOW_CTX_DAG_RUN_ID='scheduled__2025-09-17T17:15:00+00:00'
[2025-09-17T19:30:35.366+0200] {taskinstance.py:430} INFO - ::endgroup::
[2025-09-17T19:30:35.378+0200] {subprocess.py:63} INFO - Tmp dir root location: /tmp
[2025-09-17T19:30:35.380+0200] {subprocess.py:75} INFO - Running command: ['/usr/bin/bash', '-c', "docker exec dbt bash -lc 'cd /usr/app && dbt build --fail-fast --profiles-dir /root/.dbt'"]
[2025-09-17T19:30:35.414+0200] {subprocess.py:86} INFO - Output:
[2025-09-17T19:30:38.420+0200] {subprocess.py:93} INFO - [0m17:30:38  Running with dbt=1.8.3
[2025-09-17T19:30:38.865+0200] {subprocess.py:93} INFO - [0m17:30:38  Registered adapter: postgres=1.8.2
[2025-09-17T19:30:41.471+0200] {subprocess.py:93} INFO - [0m17:30:41  Found 6 models, 11 data tests, 531 macros
[2025-09-17T19:30:41.478+0200] {subprocess.py:93} INFO - [0m17:30:41
[2025-09-17T19:30:42.038+0200] {subprocess.py:93} INFO - [0m17:30:42  Concurrency: 4 threads (target='dev')
[2025-09-17T19:30:42.040+0200] {subprocess.py:93} INFO - [0m17:30:42
[2025-09-17T19:30:42.070+0200] {subprocess.py:93} INFO - [0m17:30:42  1 of 17 START sql view model public_staging.stg_customers ...................... [RUN]
[2025-09-17T19:30:42.071+0200] {subprocess.py:93} INFO - [0m17:30:42  2 of 17 START sql view model public_staging.stg_payments ....................... [RUN]
[2025-09-17T19:30:42.091+0200] {subprocess.py:93} INFO - [0m17:30:42  3 of 17 START sql view model public_staging.stg_sessions ....................... [RUN]
[2025-09-17T19:30:42.604+0200] {subprocess.py:93} INFO - [0m17:30:42  2 of 17 OK created sql view model public_staging.stg_payments .................. [[32mCREATE VIEW[0m in 0.49s]
[2025-09-17T19:30:42.607+0200] {subprocess.py:93} INFO - [0m17:30:42  3 of 17 OK created sql view model public_staging.stg_sessions .................. [[32mCREATE VIEW[0m in 0.49s]
[2025-09-17T19:30:42.612+0200] {subprocess.py:93} INFO - [0m17:30:42  1 of 17 OK created sql view model public_staging.stg_customers ................. [[32mCREATE VIEW[0m in 0.51s]
[2025-09-17T19:30:42.623+0200] {subprocess.py:93} INFO - [0m17:30:42  4 of 17 START test accepted_values_stg_payments_status__succeeded__failed__refunded  [RUN]
[2025-09-17T19:30:42.625+0200] {subprocess.py:93} INFO - [0m17:30:42  5 of 17 START test not_null_stg_payments_payment_id ............................ [RUN]
[2025-09-17T19:30:42.629+0200] {subprocess.py:93} INFO - [0m17:30:42  6 of 17 START test unique_stg_payments_payment_id .............................. [RUN]
[2025-09-17T19:30:42.635+0200] {subprocess.py:93} INFO - [0m17:30:42  7 of 17 START test accepted_values_stg_sessions_source__google__direct__facebook__linkedin__newsletter__referral__bing  [RUN]
[2025-09-17T19:30:43.077+0200] {subprocess.py:93} INFO - [0m17:30:43  5 of 17 PASS not_null_stg_payments_payment_id .................................. [[32mPASS[0m in 0.44s]
[2025-09-17T19:30:43.098+0200] {subprocess.py:93} INFO - [0m17:30:43  8 of 17 START test not_null_stg_sessions_session_id ............................ [RUN]
[2025-09-17T19:30:43.112+0200] {subprocess.py:93} INFO - [0m17:30:43  4 of 17 PASS accepted_values_stg_payments_status__succeeded__failed__refunded .. [[32mPASS[0m in 0.48s]
[2025-09-17T19:30:43.117+0200] {subprocess.py:93} INFO - [0m17:30:43  6 of 17 PASS unique_stg_payments_payment_id .................................... [[32mPASS[0m in 0.48s]
[2025-09-17T19:30:43.168+0200] {subprocess.py:93} INFO - [0m17:30:43  9 of 17 START test unique_stg_sessions_session_id .............................. [RUN]
[2025-09-17T19:30:43.171+0200] {subprocess.py:93} INFO - [0m17:30:43  10 of 17 START test not_null_stg_customers_country ............................. [RUN]
[2025-09-17T19:30:43.176+0200] {subprocess.py:93} INFO - [0m17:30:43  7 of 17 PASS accepted_values_stg_sessions_source__google__direct__facebook__linkedin__newsletter__referral__bing  [[32mPASS[0m in 0.53s]
[2025-09-17T19:30:43.219+0200] {subprocess.py:93} INFO - [0m17:30:43  11 of 17 START test not_null_stg_customers_customer_id ......................... [RUN]
[2025-09-17T19:30:43.332+0200] {subprocess.py:93} INFO - [0m17:30:43  8 of 17 PASS not_null_stg_sessions_session_id .................................. [[32mPASS[0m in 0.22s]
[2025-09-17T19:30:43.351+0200] {subprocess.py:93} INFO - [0m17:30:43  12 of 17 START test unique_stg_customers_customer_id ........................... [RUN]
[2025-09-17T19:30:43.367+0200] {subprocess.py:93} INFO - [0m17:30:43  10 of 17 PASS not_null_stg_customers_country ................................... [[32mPASS[0m in 0.18s]
[2025-09-17T19:30:43.422+0200] {subprocess.py:93} INFO - [0m17:30:43  11 of 17 PASS not_null_stg_customers_customer_id ............................... [[32mPASS[0m in 0.18s]
[2025-09-17T19:30:43.424+0200] {subprocess.py:93} INFO - [0m17:30:43  13 of 17 START sql table model public_analytics.fct_revenue_daily .............. [RUN]
[2025-09-17T19:30:43.428+0200] {subprocess.py:93} INFO - [0m17:30:43  9 of 17 PASS unique_stg_sessions_session_id .................................... [[32mPASS[0m in 0.25s]
[2025-09-17T19:30:43.461+0200] {subprocess.py:93} INFO - [0m17:30:43  14 of 17 START sql table model public_analytics.fct_marketing_attribution ...... [RUN]
[2025-09-17T19:30:43.572+0200] {subprocess.py:93} INFO - [0m17:30:43  12 of 17 PASS unique_stg_customers_customer_id ................................. [[32mPASS[0m in 0.21s]
[2025-09-17T19:30:43.592+0200] {subprocess.py:93} INFO - [0m17:30:43  15 of 17 START sql table model public_analytics.dim_customer ................... [RUN]
[2025-09-17T19:30:43.852+0200] {subprocess.py:93} INFO - [0m17:30:43  15 of 17 OK created sql table model public_analytics.dim_customer .............. [[32mSELECT 1000[0m in 0.24s]
[2025-09-17T19:30:43.857+0200] {subprocess.py:93} INFO - [0m17:30:43  13 of 17 OK created sql table model public_analytics.fct_revenue_daily ......... [[32mSELECT 4334[0m in 0.41s]
[2025-09-17T19:30:43.875+0200] {subprocess.py:93} INFO - [0m17:30:43  16 of 17 START test not_null_fct_revenue_daily_order_day ....................... [RUN]
[2025-09-17T19:30:43.892+0200] {subprocess.py:93} INFO - [0m17:30:43  14 of 17 OK created sql table model public_analytics.fct_marketing_attribution . [[32mSELECT 5701[0m in 0.42s]
[2025-09-17T19:30:43.912+0200] {subprocess.py:93} INFO - [0m17:30:43  17 of 17 START test not_null_fct_marketing_attribution_session_day ............. [RUN]
[2025-09-17T19:30:44.248+0200] {subprocess.py:93} INFO - [0m17:30:44  17 of 17 PASS not_null_fct_marketing_attribution_session_day ................... [[32mPASS[0m in 0.33s]
[2025-09-17T19:30:44.250+0200] {subprocess.py:93} INFO - [0m17:30:44  16 of 17 PASS not_null_fct_revenue_daily_order_day ............................. [[32mPASS[0m in 0.37s]
[2025-09-17T19:30:44.304+0200] {subprocess.py:93} INFO - [0m17:30:44
[2025-09-17T19:30:44.307+0200] {subprocess.py:93} INFO - [0m17:30:44  Finished running 3 view models, 11 data tests, 3 table models in 0 hours 0 minutes and 2.82 seconds (2.82s).
[2025-09-17T19:30:44.456+0200] {subprocess.py:93} INFO - [0m17:30:44
[2025-09-17T19:30:44.459+0200] {subprocess.py:93} INFO - [0m17:30:44  [32mCompleted successfully[0m
[2025-09-17T19:30:44.463+0200] {subprocess.py:93} INFO - [0m17:30:44
[2025-09-17T19:30:44.467+0200] {subprocess.py:93} INFO - [0m17:30:44  Done. PASS=17 WARN=0 ERROR=0 SKIP=0 TOTAL=17
[2025-09-17T19:30:46.096+0200] {subprocess.py:97} INFO - Command exited with return code 0
[2025-09-17T19:30:46.099+0200] {taskinstance.py:441} INFO - ::group::Post task execution logs
[2025-09-17T19:30:46.166+0200] {taskinstance.py:1206} INFO - Marking task as SUCCESS. dag_id=etl_api_to_bi, task_id=dbt_build, run_id=scheduled__2025-09-17T17:15:00+00:00, execution_date=20250917T171500, start_date=20250917T173034, end_date=20250917T173046
[2025-09-17T19:30:46.250+0200] {local_task_job_runner.py:243} INFO - Task exited with return code 0
[2025-09-17T19:30:46.304+0200] {taskinstance.py:3503} INFO - 0 downstream tasks scheduled from follow-on schedule check
[2025-09-17T19:30:46.308+0200] {local_task_job_runner.py:222} INFO - ::endgroup::
