[2025-09-15T21:15:14.240+0200] {local_task_job_runner.py:120} INFO - ::group::Pre task execution logs
[2025-09-15T21:15:14.294+0200] {taskinstance.py:2076} INFO - Dependencies all met for dep_context=non-requeueable deps ti=<TaskInstance: etl_api_to_bi.dbt_build scheduled__2025-09-15T19:00:00+00:00 [queued]>
[2025-09-15T21:15:14.304+0200] {taskinstance.py:2076} INFO - Dependencies all met for dep_context=requeueable deps ti=<TaskInstance: etl_api_to_bi.dbt_build scheduled__2025-09-15T19:00:00+00:00 [queued]>
[2025-09-15T21:15:14.305+0200] {taskinstance.py:2306} INFO - Starting attempt 1 of 3
[2025-09-15T21:15:14.322+0200] {taskinstance.py:2330} INFO - Executing <Task(BashOperator): dbt_build> on 2025-09-15 19:00:00+00:00
[2025-09-15T21:15:14.331+0200] {standard_task_runner.py:64} INFO - Started process 1270 to run task
[2025-09-15T21:15:14.337+0200] {standard_task_runner.py:90} INFO - Running: ['airflow', 'tasks', 'run', 'etl_api_to_bi', 'dbt_build', 'scheduled__2025-09-15T19:00:00+00:00', '--job-id', '37', '--raw', '--subdir', 'DAGS_FOLDER/etl_api_to_bi.py', '--cfg-path', '/tmp/tmp57s5h0pl']
[2025-09-15T21:15:14.341+0200] {standard_task_runner.py:91} INFO - Job 37: Subtask dbt_build
[2025-09-15T21:15:14.443+0200] {task_command.py:426} INFO - Running <TaskInstance: etl_api_to_bi.dbt_build scheduled__2025-09-15T19:00:00+00:00 [running]> on host f51a750ef2c3
[2025-09-15T21:15:14.812+0200] {taskinstance.py:2648} INFO - Exporting env vars: AIRFLOW_CTX_DAG_OWNER='data' AIRFLOW_CTX_DAG_ID='etl_api_to_bi' AIRFLOW_CTX_TASK_ID='dbt_build' AIRFLOW_CTX_EXECUTION_DATE='2025-09-15T19:00:00+00:00' AIRFLOW_CTX_TRY_NUMBER='1' AIRFLOW_CTX_DAG_RUN_ID='scheduled__2025-09-15T19:00:00+00:00'
[2025-09-15T21:15:14.813+0200] {taskinstance.py:430} INFO - ::endgroup::
[2025-09-15T21:15:14.828+0200] {subprocess.py:63} INFO - Tmp dir root location: /tmp
[2025-09-15T21:15:14.830+0200] {subprocess.py:75} INFO - Running command: ['/usr/bin/bash', '-c', "docker exec dbt bash -lc 'cd /usr/app && dbt build --fail-fast --profiles-dir /root/.dbt'"]
[2025-09-15T21:15:14.849+0200] {subprocess.py:86} INFO - Output:
[2025-09-15T21:15:17.109+0200] {subprocess.py:93} INFO - [0m19:15:17  Running with dbt=1.8.3
[2025-09-15T21:15:17.496+0200] {subprocess.py:93} INFO - [0m19:15:17  Registered adapter: postgres=1.8.2
[2025-09-15T21:15:19.502+0200] {subprocess.py:93} INFO - [0m19:15:19  Found 6 models, 11 data tests, 531 macros
[2025-09-15T21:15:19.509+0200] {subprocess.py:93} INFO - [0m19:15:19
[2025-09-15T21:15:19.812+0200] {subprocess.py:93} INFO - [0m19:15:19  Concurrency: 4 threads (target='dev')
[2025-09-15T21:15:19.815+0200] {subprocess.py:93} INFO - [0m19:15:19
[2025-09-15T21:15:19.826+0200] {subprocess.py:93} INFO - [0m19:15:19  1 of 17 START sql view model public_staging.stg_customers ...................... [RUN]
[2025-09-15T21:15:19.828+0200] {subprocess.py:93} INFO - [0m19:15:19  2 of 17 START sql view model public_staging.stg_payments ....................... [RUN]
[2025-09-15T21:15:19.831+0200] {subprocess.py:93} INFO - [0m19:15:19  3 of 17 START sql view model public_staging.stg_sessions ....................... [RUN]
[2025-09-15T21:15:20.215+0200] {subprocess.py:93} INFO - [0m19:15:20  3 of 17 OK created sql view model public_staging.stg_sessions .................. [[32mCREATE VIEW[0m in 0.37s]
[2025-09-15T21:15:20.219+0200] {subprocess.py:93} INFO - [0m19:15:20  1 of 17 OK created sql view model public_staging.stg_customers ................. [[32mCREATE VIEW[0m in 0.38s]
[2025-09-15T21:15:20.237+0200] {subprocess.py:93} INFO - [0m19:15:20  4 of 17 START test accepted_values_stg_sessions_source__google__direct__facebook__linkedin__newsletter__referral__bing  [RUN]
[2025-09-15T21:15:20.239+0200] {subprocess.py:93} INFO - [0m19:15:20  5 of 17 START test not_null_stg_sessions_session_id ............................ [RUN]
[2025-09-15T21:15:20.241+0200] {subprocess.py:93} INFO - [0m19:15:20  6 of 17 START test unique_stg_sessions_session_id .............................. [RUN]
[2025-09-15T21:15:20.244+0200] {subprocess.py:93} INFO - [0m19:15:20  2 of 17 OK created sql view model public_staging.stg_payments .................. [[32mCREATE VIEW[0m in 0.40s]
[2025-09-15T21:15:20.406+0200] {subprocess.py:93} INFO - [0m19:15:20  7 of 17 START test not_null_stg_customers_country .............................. [RUN]
[2025-09-15T21:15:20.555+0200] {subprocess.py:93} INFO - [0m19:15:20  5 of 17 PASS not_null_stg_sessions_session_id .................................. [[32mPASS[0m in 0.31s]
[2025-09-15T21:15:20.566+0200] {subprocess.py:93} INFO - [0m19:15:20  7 of 17 PASS not_null_stg_customers_country .................................... [[32mPASS[0m in 0.15s]
[2025-09-15T21:15:20.580+0200] {subprocess.py:93} INFO - [0m19:15:20  8 of 17 START test not_null_stg_customers_customer_id .......................... [RUN]
[2025-09-15T21:15:20.589+0200] {subprocess.py:93} INFO - [0m19:15:20  4 of 17 PASS accepted_values_stg_sessions_source__google__direct__facebook__linkedin__newsletter__referral__bing  [[32mPASS[0m in 0.34s]
[2025-09-15T21:15:20.595+0200] {subprocess.py:93} INFO - [0m19:15:20  9 of 17 START test unique_stg_customers_customer_id ............................ [RUN]
[2025-09-15T21:15:20.605+0200] {subprocess.py:93} INFO - [0m19:15:20  6 of 17 PASS unique_stg_sessions_session_id .................................... [[32mPASS[0m in 0.35s]
[2025-09-15T21:15:20.622+0200] {subprocess.py:93} INFO - [0m19:15:20  10 of 17 START test accepted_values_stg_payments_status__succeeded__failed__refunded  [RUN]
[2025-09-15T21:15:20.640+0200] {subprocess.py:93} INFO - [0m19:15:20  11 of 17 START test not_null_stg_payments_payment_id ........................... [RUN]
[2025-09-15T21:15:20.778+0200] {subprocess.py:93} INFO - [0m19:15:20  8 of 17 PASS not_null_stg_customers_customer_id ................................ [[32mPASS[0m in 0.18s]
[2025-09-15T21:15:20.788+0200] {subprocess.py:93} INFO - [0m19:15:20  9 of 17 PASS unique_stg_customers_customer_id .................................. [[32mPASS[0m in 0.19s]
[2025-09-15T21:15:20.805+0200] {subprocess.py:93} INFO - [0m19:15:20  12 of 17 START test unique_stg_payments_payment_id ............................. [RUN]
[2025-09-15T21:15:20.817+0200] {subprocess.py:93} INFO - [0m19:15:20  10 of 17 PASS accepted_values_stg_payments_status__succeeded__failed__refunded . [[32mPASS[0m in 0.18s]
[2025-09-15T21:15:20.824+0200] {subprocess.py:93} INFO - [0m19:15:20  13 of 17 START sql table model public_analytics.fct_marketing_attribution ...... [RUN]
[2025-09-15T21:15:20.827+0200] {subprocess.py:93} INFO - [0m19:15:20  11 of 17 PASS not_null_stg_payments_payment_id ................................. [[32mPASS[0m in 0.18s]
[2025-09-15T21:15:20.847+0200] {subprocess.py:93} INFO - [0m19:15:20  14 of 17 START sql table model public_analytics.dim_customer ................... [RUN]
[2025-09-15T21:15:21.002+0200] {subprocess.py:93} INFO - [0m19:15:21  12 of 17 PASS unique_stg_payments_payment_id ................................... [[32mPASS[0m in 0.19s]
[2025-09-15T21:15:21.019+0200] {subprocess.py:93} INFO - [0m19:15:21  15 of 17 START sql table model public_analytics.fct_revenue_daily .............. [RUN]
[2025-09-15T21:15:21.115+0200] {subprocess.py:93} INFO - [0m19:15:21  14 of 17 OK created sql table model public_analytics.dim_customer .............. [[32mSELECT 1000[0m in 0.26s]
[2025-09-15T21:15:21.149+0200] {subprocess.py:93} INFO - [0m19:15:21  13 of 17 OK created sql table model public_analytics.fct_marketing_attribution . [[32mSELECT 5698[0m in 0.32s]
[2025-09-15T21:15:21.155+0200] {subprocess.py:93} INFO - [0m19:15:21  16 of 17 START test not_null_fct_marketing_attribution_session_day ............. [RUN]
[2025-09-15T21:15:21.246+0200] {subprocess.py:93} INFO - [0m19:15:21  15 of 17 OK created sql table model public_analytics.fct_revenue_daily ......... [[32mSELECT 4336[0m in 0.22s]
[2025-09-15T21:15:21.258+0200] {subprocess.py:93} INFO - [0m19:15:21  16 of 17 PASS not_null_fct_marketing_attribution_session_day ................... [[32mPASS[0m in 0.10s]
[2025-09-15T21:15:21.262+0200] {subprocess.py:93} INFO - [0m19:15:21  17 of 17 START test not_null_fct_revenue_daily_order_day ....................... [RUN]
[2025-09-15T21:15:21.331+0200] {subprocess.py:93} INFO - [0m19:15:21  17 of 17 PASS not_null_fct_revenue_daily_order_day ............................. [[32mPASS[0m in 0.07s]
[2025-09-15T21:15:21.377+0200] {subprocess.py:93} INFO - [0m19:15:21
[2025-09-15T21:15:21.379+0200] {subprocess.py:93} INFO - [0m19:15:21  Finished running 3 view models, 11 data tests, 3 table models in 0 hours 0 minutes and 1.87 seconds (1.87s).
[2025-09-15T21:15:21.489+0200] {subprocess.py:93} INFO - [0m19:15:21
[2025-09-15T21:15:21.491+0200] {subprocess.py:93} INFO - [0m19:15:21  [32mCompleted successfully[0m
[2025-09-15T21:15:21.493+0200] {subprocess.py:93} INFO - [0m19:15:21
[2025-09-15T21:15:21.496+0200] {subprocess.py:93} INFO - [0m19:15:21  Done. PASS=17 WARN=0 ERROR=0 SKIP=0 TOTAL=17
[2025-09-15T21:15:22.421+0200] {subprocess.py:97} INFO - Command exited with return code 0
[2025-09-15T21:15:22.423+0200] {taskinstance.py:441} INFO - ::group::Post task execution logs
[2025-09-15T21:15:22.469+0200] {taskinstance.py:1206} INFO - Marking task as SUCCESS. dag_id=etl_api_to_bi, task_id=dbt_build, run_id=scheduled__2025-09-15T19:00:00+00:00, execution_date=20250915T190000, start_date=20250915T191514, end_date=20250915T191522
[2025-09-15T21:15:22.550+0200] {local_task_job_runner.py:243} INFO - Task exited with return code 0
[2025-09-15T21:15:22.585+0200] {taskinstance.py:3503} INFO - 0 downstream tasks scheduled from follow-on schedule check
[2025-09-15T21:15:22.590+0200] {local_task_job_runner.py:222} INFO - ::endgroup::
