[2025-09-17T15:59:33.684+0200] {local_task_job_runner.py:120} INFO - ::group::Pre task execution logs
[2025-09-17T15:59:33.750+0200] {taskinstance.py:2076} INFO - Dependencies all met for dep_context=non-requeueable deps ti=<TaskInstance: etl_api_to_bi.dbt_build scheduled__2025-09-17T13:30:00+00:00 [queued]>
[2025-09-17T15:59:33.766+0200] {taskinstance.py:2076} INFO - Dependencies all met for dep_context=requeueable deps ti=<TaskInstance: etl_api_to_bi.dbt_build scheduled__2025-09-17T13:30:00+00:00 [queued]>
[2025-09-17T15:59:33.767+0200] {taskinstance.py:2306} INFO - Starting attempt 1 of 3
[2025-09-17T15:59:33.784+0200] {taskinstance.py:2330} INFO - Executing <Task(BashOperator): dbt_build> on 2025-09-17 13:30:00+00:00
[2025-09-17T15:59:33.793+0200] {standard_task_runner.py:64} INFO - Started process 207 to run task
[2025-09-17T15:59:33.800+0200] {standard_task_runner.py:90} INFO - Running: ['airflow', 'tasks', 'run', 'etl_api_to_bi', 'dbt_build', 'scheduled__2025-09-17T13:30:00+00:00', '--job-id', '59', '--raw', '--subdir', 'DAGS_FOLDER/etl_api_to_bi.py', '--cfg-path', '/tmp/tmpvb3bjnai']
[2025-09-17T15:59:33.805+0200] {standard_task_runner.py:91} INFO - Job 59: Subtask dbt_build
[2025-09-17T15:59:33.921+0200] {task_command.py:426} INFO - Running <TaskInstance: etl_api_to_bi.dbt_build scheduled__2025-09-17T13:30:00+00:00 [running]> on host 1621268d5064
[2025-09-17T15:59:34.437+0200] {taskinstance.py:2648} INFO - Exporting env vars: AIRFLOW_CTX_DAG_OWNER='data' AIRFLOW_CTX_DAG_ID='etl_api_to_bi' AIRFLOW_CTX_TASK_ID='dbt_build' AIRFLOW_CTX_EXECUTION_DATE='2025-09-17T13:30:00+00:00' AIRFLOW_CTX_TRY_NUMBER='1' AIRFLOW_CTX_DAG_RUN_ID='scheduled__2025-09-17T13:30:00+00:00'
[2025-09-17T15:59:34.439+0200] {taskinstance.py:430} INFO - ::endgroup::
[2025-09-17T15:59:34.470+0200] {subprocess.py:63} INFO - Tmp dir root location: /tmp
[2025-09-17T15:59:34.472+0200] {subprocess.py:75} INFO - Running command: ['/usr/bin/bash', '-c', "docker exec dbt bash -lc 'cd /usr/app && dbt build --fail-fast --profiles-dir /root/.dbt'"]
[2025-09-17T15:59:34.491+0200] {subprocess.py:86} INFO - Output:
[2025-09-17T15:59:37.189+0200] {subprocess.py:93} INFO - [0m13:59:37  Running with dbt=1.8.3
[2025-09-17T15:59:37.563+0200] {subprocess.py:93} INFO - [0m13:59:37  Registered adapter: postgres=1.8.2
[2025-09-17T15:59:39.603+0200] {subprocess.py:93} INFO - [0m13:59:39  Found 6 models, 11 data tests, 531 macros
[2025-09-17T15:59:39.610+0200] {subprocess.py:93} INFO - [0m13:59:39
[2025-09-17T15:59:39.896+0200] {subprocess.py:93} INFO - [0m13:59:39  Concurrency: 4 threads (target='dev')
[2025-09-17T15:59:39.899+0200] {subprocess.py:93} INFO - [0m13:59:39
[2025-09-17T15:59:39.910+0200] {subprocess.py:93} INFO - [0m13:59:39  1 of 17 START sql view model public_staging.stg_customers ...................... [RUN]
[2025-09-17T15:59:39.912+0200] {subprocess.py:93} INFO - [0m13:59:39  2 of 17 START sql view model public_staging.stg_payments ....................... [RUN]
[2025-09-17T15:59:39.915+0200] {subprocess.py:93} INFO - [0m13:59:39  3 of 17 START sql view model public_staging.stg_sessions ....................... [RUN]
[2025-09-17T15:59:40.329+0200] {subprocess.py:93} INFO - [0m13:59:40  1 of 17 OK created sql view model public_staging.stg_customers ................. [[32mCREATE VIEW[0m in 0.40s]
[2025-09-17T15:59:40.332+0200] {subprocess.py:93} INFO - [0m13:59:40  3 of 17 OK created sql view model public_staging.stg_sessions .................. [[32mCREATE VIEW[0m in 0.40s]
[2025-09-17T15:59:40.334+0200] {subprocess.py:93} INFO - [0m13:59:40  2 of 17 OK created sql view model public_staging.stg_payments .................. [[32mCREATE VIEW[0m in 0.41s]
[2025-09-17T15:59:40.350+0200] {subprocess.py:93} INFO - [0m13:59:40  4 of 17 START test not_null_stg_customers_country .............................. [RUN]
[2025-09-17T15:59:40.351+0200] {subprocess.py:93} INFO - [0m13:59:40  5 of 17 START test not_null_stg_customers_customer_id .......................... [RUN]
[2025-09-17T15:59:40.354+0200] {subprocess.py:93} INFO - [0m13:59:40  6 of 17 START test unique_stg_customers_customer_id ............................ [RUN]
[2025-09-17T15:59:40.357+0200] {subprocess.py:93} INFO - [0m13:59:40  7 of 17 START test accepted_values_stg_sessions_source__google__direct__facebook__linkedin__newsletter__referral__bing  [RUN]
[2025-09-17T15:59:40.783+0200] {subprocess.py:93} INFO - [0m13:59:40  5 of 17 PASS not_null_stg_customers_customer_id ................................ [[32mPASS[0m in 0.42s]
[2025-09-17T15:59:40.792+0200] {subprocess.py:93} INFO - [0m13:59:40  4 of 17 PASS not_null_stg_customers_country .................................... [[32mPASS[0m in 0.43s]
[2025-09-17T15:59:40.798+0200] {subprocess.py:93} INFO - [0m13:59:40  6 of 17 PASS unique_stg_customers_customer_id .................................. [[32mPASS[0m in 0.43s]
[2025-09-17T15:59:40.809+0200] {subprocess.py:93} INFO - [0m13:59:40  7 of 17 PASS accepted_values_stg_sessions_source__google__direct__facebook__linkedin__newsletter__referral__bing  [[32mPASS[0m in 0.44s]
[2025-09-17T15:59:40.812+0200] {subprocess.py:93} INFO - [0m13:59:40  8 of 17 START test not_null_stg_sessions_session_id ............................ [RUN]
[2025-09-17T15:59:40.818+0200] {subprocess.py:93} INFO - [0m13:59:40  9 of 17 START test unique_stg_sessions_session_id .............................. [RUN]
[2025-09-17T15:59:40.821+0200] {subprocess.py:93} INFO - [0m13:59:40  10 of 17 START test accepted_values_stg_payments_status__succeeded__failed__refunded  [RUN]
[2025-09-17T15:59:40.833+0200] {subprocess.py:93} INFO - [0m13:59:40  11 of 17 START test not_null_stg_payments_payment_id ........................... [RUN]
[2025-09-17T15:59:41.014+0200] {subprocess.py:93} INFO - [0m13:59:41  8 of 17 PASS not_null_stg_sessions_session_id .................................. [[32mPASS[0m in 0.19s]
[2025-09-17T15:59:41.033+0200] {subprocess.py:93} INFO - [0m13:59:41  12 of 17 START test unique_stg_payments_payment_id ............................. [RUN]
[2025-09-17T15:59:41.043+0200] {subprocess.py:93} INFO - [0m13:59:41  11 of 17 PASS not_null_stg_payments_payment_id ................................. [[32mPASS[0m in 0.19s]
[2025-09-17T15:59:41.058+0200] {subprocess.py:93} INFO - [0m13:59:41  10 of 17 PASS accepted_values_stg_payments_status__succeeded__failed__refunded . [[32mPASS[0m in 0.23s]
[2025-09-17T15:59:41.075+0200] {subprocess.py:93} INFO - [0m13:59:41  13 of 17 START sql table model public_analytics.dim_customer ................... [RUN]
[2025-09-17T15:59:41.084+0200] {subprocess.py:93} INFO - [0m13:59:41  9 of 17 PASS unique_stg_sessions_session_id .................................... [[32mPASS[0m in 0.26s]
[2025-09-17T15:59:41.104+0200] {subprocess.py:93} INFO - [0m13:59:41  14 of 17 START sql table model public_analytics.fct_marketing_attribution ...... [RUN]
[2025-09-17T15:59:41.251+0200] {subprocess.py:93} INFO - [0m13:59:41  12 of 17 PASS unique_stg_payments_payment_id ................................... [[32mPASS[0m in 0.20s]
[2025-09-17T15:59:41.274+0200] {subprocess.py:93} INFO - [0m13:59:41  15 of 17 START sql table model public_analytics.fct_revenue_daily .............. [RUN]
[2025-09-17T15:59:41.378+0200] {subprocess.py:93} INFO - [0m13:59:41  13 of 17 OK created sql table model public_analytics.dim_customer .............. [[32mSELECT 1013[0m in 0.29s]
[2025-09-17T15:59:41.425+0200] {subprocess.py:93} INFO - [0m13:59:41  14 of 17 OK created sql table model public_analytics.fct_marketing_attribution . [[32mSELECT 5749[0m in 0.31s]
[2025-09-17T15:59:41.435+0200] {subprocess.py:93} INFO - [0m13:59:41  16 of 17 START test not_null_fct_marketing_attribution_session_day ............. [RUN]
[2025-09-17T15:59:41.537+0200] {subprocess.py:93} INFO - [0m13:59:41  15 of 17 OK created sql table model public_analytics.fct_revenue_daily ......... [[32mSELECT 4348[0m in 0.25s]
[2025-09-17T15:59:41.550+0200] {subprocess.py:93} INFO - [0m13:59:41  17 of 17 START test not_null_fct_revenue_daily_order_day ....................... [RUN]
[2025-09-17T15:59:41.581+0200] {subprocess.py:93} INFO - [0m13:59:41  16 of 17 PASS not_null_fct_marketing_attribution_session_day ................... [[32mPASS[0m in 0.14s]
[2025-09-17T15:59:41.689+0200] {subprocess.py:93} INFO - [0m13:59:41  17 of 17 PASS not_null_fct_revenue_daily_order_day ............................. [[32mPASS[0m in 0.14s]
[2025-09-17T15:59:41.730+0200] {subprocess.py:93} INFO - [0m13:59:41
[2025-09-17T15:59:41.732+0200] {subprocess.py:93} INFO - [0m13:59:41  Finished running 3 view models, 11 data tests, 3 table models in 0 hours 0 minutes and 2.12 seconds (2.12s).
[2025-09-17T15:59:41.846+0200] {subprocess.py:93} INFO - [0m13:59:41
[2025-09-17T15:59:41.848+0200] {subprocess.py:93} INFO - [0m13:59:41  [32mCompleted successfully[0m
[2025-09-17T15:59:41.851+0200] {subprocess.py:93} INFO - [0m13:59:41
[2025-09-17T15:59:41.854+0200] {subprocess.py:93} INFO - [0m13:59:41  Done. PASS=17 WARN=0 ERROR=0 SKIP=0 TOTAL=17
[2025-09-17T15:59:43.309+0200] {subprocess.py:97} INFO - Command exited with return code 0
[2025-09-17T15:59:43.311+0200] {taskinstance.py:441} INFO - ::group::Post task execution logs
[2025-09-17T15:59:43.374+0200] {taskinstance.py:1206} INFO - Marking task as SUCCESS. dag_id=etl_api_to_bi, task_id=dbt_build, run_id=scheduled__2025-09-17T13:30:00+00:00, execution_date=20250917T133000, start_date=20250917T135933, end_date=20250917T135943
[2025-09-17T15:59:43.438+0200] {local_task_job_runner.py:243} INFO - Task exited with return code 0
[2025-09-17T15:59:43.464+0200] {taskinstance.py:3503} INFO - 0 downstream tasks scheduled from follow-on schedule check
[2025-09-17T15:59:43.470+0200] {local_task_job_runner.py:222} INFO - ::endgroup::
