[2025-09-17T16:15:17.289+0200] {local_task_job_runner.py:120} INFO - ::group::Pre task execution logs
[2025-09-17T16:15:17.337+0200] {taskinstance.py:2076} INFO - Dependencies all met for dep_context=non-requeueable deps ti=<TaskInstance: etl_api_to_bi.dbt_build scheduled__2025-09-17T14:00:00+00:00 [queued]>
[2025-09-17T16:15:17.347+0200] {taskinstance.py:2076} INFO - Dependencies all met for dep_context=requeueable deps ti=<TaskInstance: etl_api_to_bi.dbt_build scheduled__2025-09-17T14:00:00+00:00 [queued]>
[2025-09-17T16:15:17.348+0200] {taskinstance.py:2306} INFO - Starting attempt 1 of 3
[2025-09-17T16:15:17.376+0200] {taskinstance.py:2330} INFO - Executing <Task(BashOperator): dbt_build> on 2025-09-17 14:00:00+00:00
[2025-09-17T16:15:17.384+0200] {standard_task_runner.py:64} INFO - Started process 462 to run task
[2025-09-17T16:15:17.389+0200] {standard_task_runner.py:90} INFO - Running: ['airflow', 'tasks', 'run', 'etl_api_to_bi', 'dbt_build', 'scheduled__2025-09-17T14:00:00+00:00', '--job-id', '74', '--raw', '--subdir', 'DAGS_FOLDER/etl_api_to_bi.py', '--cfg-path', '/tmp/tmp8jlh_o5v']
[2025-09-17T16:15:17.393+0200] {standard_task_runner.py:91} INFO - Job 74: Subtask dbt_build
[2025-09-17T16:15:17.523+0200] {task_command.py:426} INFO - Running <TaskInstance: etl_api_to_bi.dbt_build scheduled__2025-09-17T14:00:00+00:00 [running]> on host 1621268d5064
[2025-09-17T16:15:17.928+0200] {taskinstance.py:2648} INFO - Exporting env vars: AIRFLOW_CTX_DAG_OWNER='data' AIRFLOW_CTX_DAG_ID='etl_api_to_bi' AIRFLOW_CTX_TASK_ID='dbt_build' AIRFLOW_CTX_EXECUTION_DATE='2025-09-17T14:00:00+00:00' AIRFLOW_CTX_TRY_NUMBER='1' AIRFLOW_CTX_DAG_RUN_ID='scheduled__2025-09-17T14:00:00+00:00'
[2025-09-17T16:15:17.930+0200] {taskinstance.py:430} INFO - ::endgroup::
[2025-09-17T16:15:17.941+0200] {subprocess.py:63} INFO - Tmp dir root location: /tmp
[2025-09-17T16:15:17.943+0200] {subprocess.py:75} INFO - Running command: ['/usr/bin/bash', '-c', "docker exec dbt bash -lc 'cd /usr/app && dbt build --fail-fast --profiles-dir /root/.dbt'"]
[2025-09-17T16:15:17.958+0200] {subprocess.py:86} INFO - Output:
[2025-09-17T16:15:20.160+0200] {subprocess.py:93} INFO - [0m14:15:20  Running with dbt=1.8.3
[2025-09-17T16:15:20.608+0200] {subprocess.py:93} INFO - [0m14:15:20  Registered adapter: postgres=1.8.2
[2025-09-17T16:15:22.742+0200] {subprocess.py:93} INFO - [0m14:15:22  Found 6 models, 11 data tests, 531 macros
[2025-09-17T16:15:22.754+0200] {subprocess.py:93} INFO - [0m14:15:22
[2025-09-17T16:15:23.146+0200] {subprocess.py:93} INFO - [0m14:15:23  Concurrency: 4 threads (target='dev')
[2025-09-17T16:15:23.149+0200] {subprocess.py:93} INFO - [0m14:15:23
[2025-09-17T16:15:23.180+0200] {subprocess.py:93} INFO - [0m14:15:23  1 of 17 START sql view model public_staging.stg_customers ...................... [RUN]
[2025-09-17T16:15:23.190+0200] {subprocess.py:93} INFO - [0m14:15:23  2 of 17 START sql view model public_staging.stg_payments ....................... [RUN]
[2025-09-17T16:15:23.192+0200] {subprocess.py:93} INFO - [0m14:15:23  3 of 17 START sql view model public_staging.stg_sessions ....................... [RUN]
[2025-09-17T16:15:23.726+0200] {subprocess.py:93} INFO - [0m14:15:23  3 of 17 OK created sql view model public_staging.stg_sessions .................. [[32mCREATE VIEW[0m in 0.52s]
[2025-09-17T16:15:23.737+0200] {subprocess.py:93} INFO - [0m14:15:23  1 of 17 OK created sql view model public_staging.stg_customers ................. [[32mCREATE VIEW[0m in 0.54s]
[2025-09-17T16:15:23.739+0200] {subprocess.py:93} INFO - [0m14:15:23  2 of 17 OK created sql view model public_staging.stg_payments .................. [[32mCREATE VIEW[0m in 0.54s]
[2025-09-17T16:15:23.748+0200] {subprocess.py:93} INFO - [0m14:15:23  4 of 17 START test accepted_values_stg_sessions_source__google__direct__facebook__linkedin__newsletter__referral__bing  [RUN]
[2025-09-17T16:15:23.750+0200] {subprocess.py:93} INFO - [0m14:15:23  5 of 17 START test not_null_stg_sessions_session_id ............................ [RUN]
[2025-09-17T16:15:23.764+0200] {subprocess.py:93} INFO - [0m14:15:23  6 of 17 START test unique_stg_sessions_session_id .............................. [RUN]
[2025-09-17T16:15:23.765+0200] {subprocess.py:93} INFO - [0m14:15:23  7 of 17 START test not_null_stg_customers_country .............................. [RUN]
[2025-09-17T16:15:24.079+0200] {subprocess.py:93} INFO - [0m14:15:24  5 of 17 PASS not_null_stg_sessions_session_id .................................. [[32mPASS[0m in 0.32s]
[2025-09-17T16:15:24.086+0200] {subprocess.py:93} INFO - [0m14:15:24  7 of 17 PASS not_null_stg_customers_country .................................... [[32mPASS[0m in 0.31s]
[2025-09-17T16:15:24.096+0200] {subprocess.py:93} INFO - [0m14:15:24  8 of 17 START test not_null_stg_customers_customer_id .......................... [RUN]
[2025-09-17T16:15:24.106+0200] {subprocess.py:93} INFO - [0m14:15:24  9 of 17 START test unique_stg_customers_customer_id ............................ [RUN]
[2025-09-17T16:15:24.117+0200] {subprocess.py:93} INFO - [0m14:15:24  4 of 17 PASS accepted_values_stg_sessions_source__google__direct__facebook__linkedin__newsletter__referral__bing  [[32mPASS[0m in 0.36s]
[2025-09-17T16:15:24.157+0200] {subprocess.py:93} INFO - [0m14:15:24  6 of 17 PASS unique_stg_sessions_session_id .................................... [[32mPASS[0m in 0.38s]
[2025-09-17T16:15:24.163+0200] {subprocess.py:93} INFO - [0m14:15:24  10 of 17 START test accepted_values_stg_payments_status__succeeded__failed__refunded  [RUN]
[2025-09-17T16:15:24.180+0200] {subprocess.py:93} INFO - [0m14:15:24  11 of 17 START test not_null_stg_payments_payment_id ........................... [RUN]
[2025-09-17T16:15:24.307+0200] {subprocess.py:93} INFO - [0m14:15:24  8 of 17 PASS not_null_stg_customers_customer_id ................................ [[32mPASS[0m in 0.20s]
[2025-09-17T16:15:24.330+0200] {subprocess.py:93} INFO - [0m14:15:24  12 of 17 START test unique_stg_payments_payment_id ............................. [RUN]
[2025-09-17T16:15:24.342+0200] {subprocess.py:93} INFO - [0m14:15:24  9 of 17 PASS unique_stg_customers_customer_id .................................. [[32mPASS[0m in 0.23s]
[2025-09-17T16:15:24.380+0200] {subprocess.py:93} INFO - [0m14:15:24  13 of 17 START sql table model public_analytics.fct_marketing_attribution ...... [RUN]
[2025-09-17T16:15:24.383+0200] {subprocess.py:93} INFO - [0m14:15:24  10 of 17 PASS accepted_values_stg_payments_status__succeeded__failed__refunded . [[32mPASS[0m in 0.21s]
[2025-09-17T16:15:24.411+0200] {subprocess.py:93} INFO - [0m14:15:24  11 of 17 PASS not_null_stg_payments_payment_id ................................. [[32mPASS[0m in 0.22s]
[2025-09-17T16:15:24.413+0200] {subprocess.py:93} INFO - [0m14:15:24  14 of 17 START sql table model public_analytics.dim_customer ................... [RUN]
[2025-09-17T16:15:24.529+0200] {subprocess.py:93} INFO - [0m14:15:24  12 of 17 PASS unique_stg_payments_payment_id ................................... [[32mPASS[0m in 0.19s]
[2025-09-17T16:15:24.546+0200] {subprocess.py:93} INFO - [0m14:15:24  15 of 17 START sql table model public_analytics.fct_revenue_daily .............. [RUN]
[2025-09-17T16:15:24.668+0200] {subprocess.py:93} INFO - [0m14:15:24  14 of 17 OK created sql table model public_analytics.dim_customer .............. [[32mSELECT 1013[0m in 0.24s]
[2025-09-17T16:15:24.724+0200] {subprocess.py:93} INFO - [0m14:15:24  13 of 17 OK created sql table model public_analytics.fct_marketing_attribution . [[32mSELECT 5749[0m in 0.33s]
[2025-09-17T16:15:24.737+0200] {subprocess.py:93} INFO - [0m14:15:24  16 of 17 START test not_null_fct_marketing_attribution_session_day ............. [RUN]
[2025-09-17T16:15:24.785+0200] {subprocess.py:93} INFO - [0m14:15:24  15 of 17 OK created sql table model public_analytics.fct_revenue_daily ......... [[32mSELECT 4348[0m in 0.23s]
[2025-09-17T16:15:24.799+0200] {subprocess.py:93} INFO - [0m14:15:24  17 of 17 START test not_null_fct_revenue_daily_order_day ....................... [RUN]
[2025-09-17T16:15:24.862+0200] {subprocess.py:93} INFO - [0m14:15:24  16 of 17 PASS not_null_fct_marketing_attribution_session_day ................... [[32mPASS[0m in 0.12s]
[2025-09-17T16:15:24.919+0200] {subprocess.py:93} INFO - [0m14:15:24  17 of 17 PASS not_null_fct_revenue_daily_order_day ............................. [[32mPASS[0m in 0.12s]
[2025-09-17T16:15:24.970+0200] {subprocess.py:93} INFO - [0m14:15:24
[2025-09-17T16:15:24.972+0200] {subprocess.py:93} INFO - [0m14:15:24  Finished running 3 view models, 11 data tests, 3 table models in 0 hours 0 minutes and 2.21 seconds (2.21s).
[2025-09-17T16:15:25.068+0200] {subprocess.py:93} INFO - [0m14:15:25
[2025-09-17T16:15:25.070+0200] {subprocess.py:93} INFO - [0m14:15:25  [32mCompleted successfully[0m
[2025-09-17T16:15:25.072+0200] {subprocess.py:93} INFO - [0m14:15:25
[2025-09-17T16:15:25.074+0200] {subprocess.py:93} INFO - [0m14:15:25  Done. PASS=17 WARN=0 ERROR=0 SKIP=0 TOTAL=17
[2025-09-17T16:15:24.632+0200] {subprocess.py:97} INFO - Command exited with return code 0
[2025-09-17T16:15:24.635+0200] {taskinstance.py:441} INFO - ::group::Post task execution logs
[2025-09-17T16:15:24.692+0200] {taskinstance.py:1206} INFO - Marking task as SUCCESS. dag_id=etl_api_to_bi, task_id=dbt_build, run_id=scheduled__2025-09-17T14:00:00+00:00, execution_date=20250917T140000, start_date=20250917T141517, end_date=20250917T141524
[2025-09-17T16:15:24.763+0200] {local_task_job_runner.py:243} INFO - Task exited with return code 0
[2025-09-17T16:15:24.801+0200] {taskinstance.py:3503} INFO - 0 downstream tasks scheduled from follow-on schedule check
[2025-09-17T16:15:24.815+0200] {local_task_job_runner.py:222} INFO - ::endgroup::
