[2025-09-15T23:02:36.104+0200] {local_task_job_runner.py:120} INFO - ::group::Pre task execution logs
[2025-09-15T23:02:36.173+0200] {taskinstance.py:2076} INFO - Dependencies all met for dep_context=non-requeueable deps ti=<TaskInstance: etl_api_to_bi.extract_payments scheduled__2025-09-15T20:45:00+00:00 [queued]>
[2025-09-15T23:02:36.188+0200] {taskinstance.py:2076} INFO - Dependencies all met for dep_context=requeueable deps ti=<TaskInstance: etl_api_to_bi.extract_payments scheduled__2025-09-15T20:45:00+00:00 [queued]>
[2025-09-15T23:02:36.189+0200] {taskinstance.py:2306} INFO - Starting attempt 1 of 3
[2025-09-15T23:02:36.216+0200] {taskinstance.py:2330} INFO - Executing <Task(PythonOperator): extract_payments> on 2025-09-15 20:45:00+00:00
[2025-09-15T23:02:36.236+0200] {standard_task_runner.py:64} INFO - Started process 212 to run task
[2025-09-15T23:02:36.247+0200] {standard_task_runner.py:90} INFO - Running: ['airflow', 'tasks', 'run', 'etl_api_to_bi', 'extract_payments', 'scheduled__2025-09-15T20:45:00+00:00', '--job-id', '3', '--raw', '--subdir', 'DAGS_FOLDER/etl_api_to_bi.py', '--cfg-path', '/tmp/tmp09egnhn6']
[2025-09-15T23:02:36.256+0200] {standard_task_runner.py:91} INFO - Job 3: Subtask extract_payments
[2025-09-15T23:02:36.409+0200] {task_command.py:426} INFO - Running <TaskInstance: etl_api_to_bi.extract_payments scheduled__2025-09-15T20:45:00+00:00 [running]> on host 9619aa1d725b
[2025-09-15T23:02:37.455+0200] {taskinstance.py:2648} INFO - Exporting env vars: AIRFLOW_CTX_DAG_OWNER='data' AIRFLOW_CTX_DAG_ID='etl_api_to_bi' AIRFLOW_CTX_TASK_ID='extract_payments' AIRFLOW_CTX_EXECUTION_DATE='2025-09-15T20:45:00+00:00' AIRFLOW_CTX_TRY_NUMBER='1' AIRFLOW_CTX_DAG_RUN_ID='scheduled__2025-09-15T20:45:00+00:00'
[2025-09-15T23:02:37.466+0200] {taskinstance.py:430} INFO - ::endgroup::
[2025-09-15T23:02:38.185+0200] {crypto.py:82} WARNING - empty cryptography key - values will not be stored encrypted.
[2025-09-15T23:02:38.187+0200] {base.py:84} INFO - Using connection ID 'postgres_default' for task execution.
[2025-09-15T23:02:39.004+0200] {base.py:84} INFO - Using connection ID 'postgres_default' for task execution.
[2025-09-15T23:02:40.056+0200] {base.py:84} INFO - Using connection ID 'postgres_default' for task execution.
[2025-09-15T23:02:41.017+0200] {base.py:84} INFO - Using connection ID 'postgres_default' for task execution.
[2025-09-15T23:02:41.559+0200] {base.py:84} INFO - Using connection ID 'postgres_default' for task execution.
[2025-09-15T23:02:42.107+0200] {base.py:84} INFO - Using connection ID 'postgres_default' for task execution.
[2025-09-15T23:02:42.547+0200] {base.py:84} INFO - Using connection ID 'postgres_default' for task execution.
[2025-09-15T23:02:42.946+0200] {base.py:84} INFO - Using connection ID 'postgres_default' for task execution.
[2025-09-15T23:02:43.757+0200] {base.py:84} INFO - Using connection ID 'postgres_default' for task execution.
[2025-09-15T23:02:44.559+0200] {base.py:84} INFO - Using connection ID 'postgres_default' for task execution.
[2025-09-15T23:02:45.174+0200] {base.py:84} INFO - Using connection ID 'postgres_default' for task execution.
[2025-09-15T23:02:45.770+0200] {base.py:84} INFO - Using connection ID 'postgres_default' for task execution.
[2025-09-15T23:02:46.434+0200] {base.py:84} INFO - Using connection ID 'postgres_default' for task execution.
[2025-09-15T23:02:47.337+0200] {base.py:84} INFO - Using connection ID 'postgres_default' for task execution.
[2025-09-15T23:02:47.970+0200] {base.py:84} INFO - Using connection ID 'postgres_default' for task execution.
[2025-09-15T23:02:45.807+0200] {base.py:84} INFO - Using connection ID 'postgres_default' for task execution.
[2025-09-15T23:02:46.437+0200] {base.py:84} INFO - Using connection ID 'postgres_default' for task execution.
[2025-09-15T23:02:47.215+0200] {base.py:84} INFO - Using connection ID 'postgres_default' for task execution.
[2025-09-15T23:02:47.745+0200] {base.py:84} INFO - Using connection ID 'postgres_default' for task execution.
[2025-09-15T23:02:48.439+0200] {base.py:84} INFO - Using connection ID 'postgres_default' for task execution.
[2025-09-15T23:02:48.811+0200] {python.py:237} INFO - Done. Returned value was: 10000
[2025-09-15T23:02:48.817+0200] {taskinstance.py:441} INFO - ::group::Post task execution logs
[2025-09-15T23:02:48.904+0200] {taskinstance.py:1206} INFO - Marking task as SUCCESS. dag_id=etl_api_to_bi, task_id=extract_payments, run_id=scheduled__2025-09-15T20:45:00+00:00, execution_date=20250915T204500, start_date=20250915T210236, end_date=20250915T210248
[2025-09-15T23:02:51.486+0200] {local_task_job_runner.py:243} INFO - Task exited with return code 0
[2025-09-15T23:02:51.528+0200] {taskinstance.py:3503} INFO - 0 downstream tasks scheduled from follow-on schedule check
[2025-09-15T23:02:51.531+0200] {local_task_job_runner.py:222} INFO - ::endgroup::
