[2025-09-15T21:45:22.084+0200] {local_task_job_runner.py:120} INFO - ::group::Pre task execution logs
[2025-09-15T21:45:22.179+0200] {taskinstance.py:2076} INFO - Dependencies all met for dep_context=non-requeueable deps ti=<TaskInstance: etl_api_to_bi.dbt_build scheduled__2025-09-15T19:30:00+00:00 [queued]>
[2025-09-15T21:45:22.194+0200] {taskinstance.py:2076} INFO - Dependencies all met for dep_context=requeueable deps ti=<TaskInstance: etl_api_to_bi.dbt_build scheduled__2025-09-15T19:30:00+00:00 [queued]>
[2025-09-15T21:45:22.195+0200] {taskinstance.py:2306} INFO - Starting attempt 1 of 3
[2025-09-15T21:45:22.214+0200] {taskinstance.py:2330} INFO - Executing <Task(BashOperator): dbt_build> on 2025-09-15 19:30:00+00:00
[2025-09-15T21:45:22.224+0200] {standard_task_runner.py:64} INFO - Started process 1621 to run task
[2025-09-15T21:45:22.231+0200] {standard_task_runner.py:90} INFO - Running: ['airflow', 'tasks', 'run', 'etl_api_to_bi', 'dbt_build', 'scheduled__2025-09-15T19:30:00+00:00', '--job-id', '47', '--raw', '--subdir', 'DAGS_FOLDER/etl_api_to_bi.py', '--cfg-path', '/tmp/tmpx6fz9sww']
[2025-09-15T21:45:22.235+0200] {standard_task_runner.py:91} INFO - Job 47: Subtask dbt_build
[2025-09-15T21:45:22.400+0200] {task_command.py:426} INFO - Running <TaskInstance: etl_api_to_bi.dbt_build scheduled__2025-09-15T19:30:00+00:00 [running]> on host f51a750ef2c3
[2025-09-15T21:45:22.972+0200] {taskinstance.py:2648} INFO - Exporting env vars: AIRFLOW_CTX_DAG_OWNER='data' AIRFLOW_CTX_DAG_ID='etl_api_to_bi' AIRFLOW_CTX_TASK_ID='dbt_build' AIRFLOW_CTX_EXECUTION_DATE='2025-09-15T19:30:00+00:00' AIRFLOW_CTX_TRY_NUMBER='1' AIRFLOW_CTX_DAG_RUN_ID='scheduled__2025-09-15T19:30:00+00:00'
[2025-09-15T21:45:22.974+0200] {taskinstance.py:430} INFO - ::endgroup::
[2025-09-15T21:45:22.993+0200] {subprocess.py:63} INFO - Tmp dir root location: /tmp
[2025-09-15T21:45:22.997+0200] {subprocess.py:75} INFO - Running command: ['/usr/bin/bash', '-c', "docker exec dbt bash -lc 'cd /usr/app && dbt build --fail-fast --profiles-dir /root/.dbt'"]
[2025-09-15T21:45:23.016+0200] {subprocess.py:86} INFO - Output:
[2025-09-15T21:45:25.996+0200] {subprocess.py:93} INFO - [0m19:45:25  Running with dbt=1.8.3
[2025-09-15T21:45:26.529+0200] {subprocess.py:93} INFO - [0m19:45:26  Registered adapter: postgres=1.8.2
[2025-09-15T21:45:29.140+0200] {subprocess.py:93} INFO - [0m19:45:29  Found 6 models, 11 data tests, 531 macros
[2025-09-15T21:45:29.147+0200] {subprocess.py:93} INFO - [0m19:45:29
[2025-09-15T21:45:29.662+0200] {subprocess.py:93} INFO - [0m19:45:29  Concurrency: 4 threads (target='dev')
[2025-09-15T21:45:29.665+0200] {subprocess.py:93} INFO - [0m19:45:29
[2025-09-15T21:45:29.680+0200] {subprocess.py:93} INFO - [0m19:45:29  1 of 17 START sql view model public_staging.stg_customers ...................... [RUN]
[2025-09-15T21:45:29.684+0200] {subprocess.py:93} INFO - [0m19:45:29  2 of 17 START sql view model public_staging.stg_payments ....................... [RUN]
[2025-09-15T21:45:29.698+0200] {subprocess.py:93} INFO - [0m19:45:29  3 of 17 START sql view model public_staging.stg_sessions ....................... [RUN]
[2025-09-15T21:45:30.312+0200] {subprocess.py:93} INFO - [0m19:45:30  1 of 17 OK created sql view model public_staging.stg_customers ................. [[32mCREATE VIEW[0m in 0.60s]
[2025-09-15T21:45:30.315+0200] {subprocess.py:93} INFO - [0m19:45:30  2 of 17 OK created sql view model public_staging.stg_payments .................. [[32mCREATE VIEW[0m in 0.60s]
[2025-09-15T21:45:30.318+0200] {subprocess.py:93} INFO - [0m19:45:30  3 of 17 OK created sql view model public_staging.stg_sessions .................. [[32mCREATE VIEW[0m in 0.60s]
[2025-09-15T21:45:30.336+0200] {subprocess.py:93} INFO - [0m19:45:30  4 of 17 START test not_null_stg_customers_country .............................. [RUN]
[2025-09-15T21:45:30.337+0200] {subprocess.py:93} INFO - [0m19:45:30  5 of 17 START test not_null_stg_customers_customer_id .......................... [RUN]
[2025-09-15T21:45:30.339+0200] {subprocess.py:93} INFO - [0m19:45:30  6 of 17 START test unique_stg_customers_customer_id ............................ [RUN]
[2025-09-15T21:45:30.343+0200] {subprocess.py:93} INFO - [0m19:45:30  7 of 17 START test accepted_values_stg_payments_status__succeeded__failed__refunded  [RUN]
[2025-09-15T21:45:30.682+0200] {subprocess.py:93} INFO - [0m19:45:30  6 of 17 PASS unique_stg_customers_customer_id .................................. [[32mPASS[0m in 0.33s]
[2025-09-15T21:45:30.684+0200] {subprocess.py:93} INFO - [0m19:45:30  4 of 17 PASS not_null_stg_customers_country .................................... [[32mPASS[0m in 0.34s]
[2025-09-15T21:45:30.687+0200] {subprocess.py:93} INFO - [0m19:45:30  5 of 17 PASS not_null_stg_customers_customer_id ................................ [[32mPASS[0m in 0.34s]
[2025-09-15T21:45:30.708+0200] {subprocess.py:93} INFO - [0m19:45:30  8 of 17 START test not_null_stg_payments_payment_id ............................ [RUN]
[2025-09-15T21:45:30.709+0200] {subprocess.py:93} INFO - [0m19:45:30  9 of 17 START test unique_stg_payments_payment_id .............................. [RUN]
[2025-09-15T21:45:30.713+0200] {subprocess.py:93} INFO - [0m19:45:30  10 of 17 START test accepted_values_stg_sessions_source__google__direct__facebook__linkedin__newsletter__referral__bing  [RUN]
[2025-09-15T21:45:30.719+0200] {subprocess.py:93} INFO - [0m19:45:30  7 of 17 PASS accepted_values_stg_payments_status__succeeded__failed__refunded .. [[32mPASS[0m in 0.37s]
[2025-09-15T21:45:30.769+0200] {subprocess.py:93} INFO - [0m19:45:30  11 of 17 START test not_null_stg_sessions_session_id ........................... [RUN]
[2025-09-15T21:45:30.893+0200] {subprocess.py:93} INFO - [0m19:45:30  8 of 17 PASS not_null_stg_payments_payment_id .................................. [[32mPASS[0m in 0.18s]
[2025-09-15T21:45:30.898+0200] {subprocess.py:93} INFO - [0m19:45:30  9 of 17 PASS unique_stg_payments_payment_id .................................... [[32mPASS[0m in 0.18s]
[2025-09-15T21:45:30.912+0200] {subprocess.py:93} INFO - [0m19:45:30  12 of 17 START test unique_stg_sessions_session_id ............................. [RUN]
[2025-09-15T21:45:30.915+0200] {subprocess.py:93} INFO - [0m19:45:30  13 of 17 START sql table model public_analytics.dim_customer ................... [RUN]
[2025-09-15T21:45:30.957+0200] {subprocess.py:93} INFO - [0m19:45:30  11 of 17 PASS not_null_stg_sessions_session_id ................................. [[32mPASS[0m in 0.18s]
[2025-09-15T21:45:31.008+0200] {subprocess.py:93} INFO - [0m19:45:31  10 of 17 PASS accepted_values_stg_sessions_source__google__direct__facebook__linkedin__newsletter__referral__bing  [[32mPASS[0m in 0.29s]
[2025-09-15T21:45:31.055+0200] {subprocess.py:93} INFO - [0m19:45:31  14 of 17 START sql table model public_analytics.fct_revenue_daily .............. [RUN]
[2025-09-15T21:45:31.307+0200] {subprocess.py:93} INFO - [0m19:45:31  12 of 17 PASS unique_stg_sessions_session_id ................................... [[32mPASS[0m in 0.38s]
[2025-09-15T21:45:31.355+0200] {subprocess.py:93} INFO - [0m19:45:31  15 of 17 START sql table model public_analytics.fct_marketing_attribution ...... [RUN]
[2025-09-15T21:45:31.551+0200] {subprocess.py:93} INFO - [0m19:45:31  13 of 17 OK created sql table model public_analytics.dim_customer .............. [[32mSELECT 1000[0m in 0.62s]
[2025-09-15T21:45:31.626+0200] {subprocess.py:93} INFO - [0m19:45:31  14 of 17 OK created sql table model public_analytics.fct_revenue_daily ......... [[32mSELECT 4336[0m in 0.52s]
[2025-09-15T21:45:31.640+0200] {subprocess.py:93} INFO - [0m19:45:31  16 of 17 START test not_null_fct_revenue_daily_order_day ....................... [RUN]
[2025-09-15T21:45:32.027+0200] {subprocess.py:93} INFO - [0m19:45:32  16 of 17 PASS not_null_fct_revenue_daily_order_day ............................. [[32mPASS[0m in 0.38s]
[2025-09-15T21:45:32.066+0200] {subprocess.py:93} INFO - [0m19:45:32  15 of 17 OK created sql table model public_analytics.fct_marketing_attribution . [[32mSELECT 5698[0m in 0.70s]
[2025-09-15T21:45:32.083+0200] {subprocess.py:93} INFO - [0m19:45:32  17 of 17 START test not_null_fct_marketing_attribution_session_day ............. [RUN]
[2025-09-15T21:45:32.313+0200] {subprocess.py:93} INFO - [0m19:45:32  17 of 17 PASS not_null_fct_marketing_attribution_session_day ................... [[32mPASS[0m in 0.23s]
[2025-09-15T21:45:32.562+0200] {subprocess.py:93} INFO - [0m19:45:32
[2025-09-15T21:45:32.577+0200] {subprocess.py:93} INFO - [0m19:45:32  Finished running 3 view models, 11 data tests, 3 table models in 0 hours 0 minutes and 3.41 seconds (3.41s).
[2025-09-15T21:45:32.911+0200] {subprocess.py:93} INFO - [0m19:45:32
[2025-09-15T21:45:32.914+0200] {subprocess.py:93} INFO - [0m19:45:32  [32mCompleted successfully[0m
[2025-09-15T21:45:32.923+0200] {subprocess.py:93} INFO - [0m19:45:32
[2025-09-15T21:45:32.945+0200] {subprocess.py:93} INFO - [0m19:45:32  Done. PASS=17 WARN=0 ERROR=0 SKIP=0 TOTAL=17
[2025-09-15T21:45:34.649+0200] {subprocess.py:97} INFO - Command exited with return code 0
[2025-09-15T21:45:34.652+0200] {taskinstance.py:441} INFO - ::group::Post task execution logs
[2025-09-15T21:45:34.740+0200] {taskinstance.py:1206} INFO - Marking task as SUCCESS. dag_id=etl_api_to_bi, task_id=dbt_build, run_id=scheduled__2025-09-15T19:30:00+00:00, execution_date=20250915T193000, start_date=20250915T194522, end_date=20250915T194534
[2025-09-15T21:45:34.858+0200] {local_task_job_runner.py:243} INFO - Task exited with return code 0
[2025-09-15T21:45:34.954+0200] {taskinstance.py:3503} INFO - 0 downstream tasks scheduled from follow-on schedule check
[2025-09-15T21:45:35.005+0200] {local_task_job_runner.py:222} INFO - ::endgroup::
