[2025-09-15T20:15:11.318+0200] {local_task_job_runner.py:120} INFO - ::group::Pre task execution logs
[2025-09-15T20:15:11.381+0200] {taskinstance.py:2076} INFO - Dependencies all met for dep_context=non-requeueable deps ti=<TaskInstance: etl_api_to_bi.dbt_build scheduled__2025-09-15T18:00:00+00:00 [queued]>
[2025-09-15T20:15:11.390+0200] {taskinstance.py:2076} INFO - Dependencies all met for dep_context=requeueable deps ti=<TaskInstance: etl_api_to_bi.dbt_build scheduled__2025-09-15T18:00:00+00:00 [queued]>
[2025-09-15T20:15:11.391+0200] {taskinstance.py:2306} INFO - Starting attempt 1 of 3
[2025-09-15T20:15:11.409+0200] {taskinstance.py:2330} INFO - Executing <Task(BashOperator): dbt_build> on 2025-09-15 18:00:00+00:00
[2025-09-15T20:15:11.417+0200] {standard_task_runner.py:64} INFO - Started process 564 to run task
[2025-09-15T20:15:11.422+0200] {standard_task_runner.py:90} INFO - Running: ['airflow', 'tasks', 'run', 'etl_api_to_bi', 'dbt_build', 'scheduled__2025-09-15T18:00:00+00:00', '--job-id', '17', '--raw', '--subdir', 'DAGS_FOLDER/etl_api_to_bi.py', '--cfg-path', '/tmp/tmp70t7wb8l']
[2025-09-15T20:15:11.426+0200] {standard_task_runner.py:91} INFO - Job 17: Subtask dbt_build
[2025-09-15T20:15:11.530+0200] {task_command.py:426} INFO - Running <TaskInstance: etl_api_to_bi.dbt_build scheduled__2025-09-15T18:00:00+00:00 [running]> on host f51a750ef2c3
[2025-09-15T20:15:11.888+0200] {taskinstance.py:2648} INFO - Exporting env vars: AIRFLOW_CTX_DAG_OWNER='data' AIRFLOW_CTX_DAG_ID='etl_api_to_bi' AIRFLOW_CTX_TASK_ID='dbt_build' AIRFLOW_CTX_EXECUTION_DATE='2025-09-15T18:00:00+00:00' AIRFLOW_CTX_TRY_NUMBER='1' AIRFLOW_CTX_DAG_RUN_ID='scheduled__2025-09-15T18:00:00+00:00'
[2025-09-15T20:15:11.890+0200] {taskinstance.py:430} INFO - ::endgroup::
[2025-09-15T20:15:11.900+0200] {subprocess.py:63} INFO - Tmp dir root location: /tmp
[2025-09-15T20:15:11.902+0200] {subprocess.py:75} INFO - Running command: ['/usr/bin/bash', '-c', "docker exec dbt bash -lc 'cd /usr/app && dbt build --fail-fast --profiles-dir /root/.dbt'"]
[2025-09-15T20:15:11.917+0200] {subprocess.py:86} INFO - Output:
[2025-09-15T20:15:13.858+0200] {subprocess.py:93} INFO - [0m18:15:13  Running with dbt=1.8.3
[2025-09-15T20:15:14.202+0200] {subprocess.py:93} INFO - [0m18:15:14  Registered adapter: postgres=1.8.2
[2025-09-15T20:15:16.202+0200] {subprocess.py:93} INFO - [0m18:15:16  Found 6 models, 11 data tests, 531 macros
[2025-09-15T20:15:16.209+0200] {subprocess.py:93} INFO - [0m18:15:16
[2025-09-15T20:15:16.468+0200] {subprocess.py:93} INFO - [0m18:15:16  Concurrency: 4 threads (target='dev')
[2025-09-15T20:15:16.471+0200] {subprocess.py:93} INFO - [0m18:15:16
[2025-09-15T20:15:16.483+0200] {subprocess.py:93} INFO - [0m18:15:16  1 of 17 START sql view model public_staging.stg_customers ...................... [RUN]
[2025-09-15T20:15:16.487+0200] {subprocess.py:93} INFO - [0m18:15:16  2 of 17 START sql view model public_staging.stg_payments ....................... [RUN]
[2025-09-15T20:15:16.490+0200] {subprocess.py:93} INFO - [0m18:15:16  3 of 17 START sql view model public_staging.stg_sessions ....................... [RUN]
[2025-09-15T20:15:16.844+0200] {subprocess.py:93} INFO - [0m18:15:16  3 of 17 OK created sql view model public_staging.stg_sessions .................. [[32mCREATE VIEW[0m in 0.34s]
[2025-09-15T20:15:16.849+0200] {subprocess.py:93} INFO - [0m18:15:16  1 of 17 OK created sql view model public_staging.stg_customers ................. [[32mCREATE VIEW[0m in 0.35s]
[2025-09-15T20:15:16.854+0200] {subprocess.py:93} INFO - [0m18:15:16  2 of 17 OK created sql view model public_staging.stg_payments .................. [[32mCREATE VIEW[0m in 0.35s]
[2025-09-15T20:15:16.864+0200] {subprocess.py:93} INFO - [0m18:15:16  4 of 17 START test accepted_values_stg_sessions_source__google__direct__facebook__linkedin__newsletter__referral__bing  [RUN]
[2025-09-15T20:15:16.866+0200] {subprocess.py:93} INFO - [0m18:15:16  5 of 17 START test not_null_stg_sessions_session_id ............................ [RUN]
[2025-09-15T20:15:16.870+0200] {subprocess.py:93} INFO - [0m18:15:16  6 of 17 START test unique_stg_sessions_session_id .............................. [RUN]
[2025-09-15T20:15:16.877+0200] {subprocess.py:93} INFO - [0m18:15:16  7 of 17 START test not_null_stg_customers_country .............................. [RUN]
[2025-09-15T20:15:17.128+0200] {subprocess.py:93} INFO - [0m18:15:17  5 of 17 PASS not_null_stg_sessions_session_id .................................. [[32mPASS[0m in 0.25s]
[2025-09-15T20:15:17.142+0200] {subprocess.py:93} INFO - [0m18:15:17  8 of 17 START test not_null_stg_customers_customer_id .......................... [RUN]
[2025-09-15T20:15:17.150+0200] {subprocess.py:93} INFO - [0m18:15:17  7 of 17 PASS not_null_stg_customers_country .................................... [[32mPASS[0m in 0.26s]
[2025-09-15T20:15:17.174+0200] {subprocess.py:93} INFO - [0m18:15:17  9 of 17 START test unique_stg_customers_customer_id ............................ [RUN]
[2025-09-15T20:15:17.183+0200] {subprocess.py:93} INFO - [0m18:15:17  4 of 17 PASS accepted_values_stg_sessions_source__google__direct__facebook__linkedin__newsletter__referral__bing  [[32mPASS[0m in 0.31s]
[2025-09-15T20:15:17.185+0200] {subprocess.py:93} INFO - [0m18:15:17  6 of 17 PASS unique_stg_sessions_session_id .................................... [[32mPASS[0m in 0.31s]
[2025-09-15T20:15:17.208+0200] {subprocess.py:93} INFO - [0m18:15:17  10 of 17 START test accepted_values_stg_payments_status__succeeded__failed__refunded  [RUN]
[2025-09-15T20:15:17.210+0200] {subprocess.py:93} INFO - [0m18:15:17  11 of 17 START test not_null_stg_payments_payment_id ........................... [RUN]
[2025-09-15T20:15:17.309+0200] {subprocess.py:93} INFO - [0m18:15:17  8 of 17 PASS not_null_stg_customers_customer_id ................................ [[32mPASS[0m in 0.16s]
[2025-09-15T20:15:17.340+0200] {subprocess.py:93} INFO - [0m18:15:17  12 of 17 START test unique_stg_payments_payment_id ............................. [RUN]
[2025-09-15T20:15:17.352+0200] {subprocess.py:93} INFO - [0m18:15:17  9 of 17 PASS unique_stg_customers_customer_id .................................. [[32mPASS[0m in 0.17s]
[2025-09-15T20:15:17.380+0200] {subprocess.py:93} INFO - [0m18:15:17  10 of 17 PASS accepted_values_stg_payments_status__succeeded__failed__refunded . [[32mPASS[0m in 0.17s]
[2025-09-15T20:15:17.382+0200] {subprocess.py:93} INFO - [0m18:15:17  13 of 17 START sql table model public_analytics.fct_marketing_attribution ...... [RUN]
[2025-09-15T20:15:17.387+0200] {subprocess.py:93} INFO - [0m18:15:17  11 of 17 PASS not_null_stg_payments_payment_id ................................. [[32mPASS[0m in 0.17s]
[2025-09-15T20:15:17.406+0200] {subprocess.py:93} INFO - [0m18:15:17  14 of 17 START sql table model public_analytics.dim_customer ................... [RUN]
[2025-09-15T20:15:17.506+0200] {subprocess.py:93} INFO - [0m18:15:17  12 of 17 PASS unique_stg_payments_payment_id ................................... [[32mPASS[0m in 0.16s]
[2025-09-15T20:15:17.522+0200] {subprocess.py:93} INFO - [0m18:15:17  15 of 17 START sql table model public_analytics.fct_revenue_daily .............. [RUN]
[2025-09-15T20:15:17.656+0200] {subprocess.py:93} INFO - [0m18:15:17  14 of 17 OK created sql table model public_analytics.dim_customer .............. [[32mSELECT 1000[0m in 0.24s]
[2025-09-15T20:15:17.705+0200] {subprocess.py:93} INFO - [0m18:15:17  13 of 17 OK created sql table model public_analytics.fct_marketing_attribution . [[32mSELECT 5698[0m in 0.31s]
[2025-09-15T20:15:17.714+0200] {subprocess.py:93} INFO - [0m18:15:17  16 of 17 START test not_null_fct_marketing_attribution_session_day ............. [RUN]
[2025-09-15T20:15:17.751+0200] {subprocess.py:93} INFO - [0m18:15:17  15 of 17 OK created sql table model public_analytics.fct_revenue_daily ......... [[32mSELECT 4336[0m in 0.22s]
[2025-09-15T20:15:17.765+0200] {subprocess.py:93} INFO - [0m18:15:17  17 of 17 START test not_null_fct_revenue_daily_order_day ....................... [RUN]
[2025-09-15T20:15:17.821+0200] {subprocess.py:93} INFO - [0m18:15:17  16 of 17 PASS not_null_fct_marketing_attribution_session_day ................... [[32mPASS[0m in 0.10s]
[2025-09-15T20:15:17.852+0200] {subprocess.py:93} INFO - [0m18:15:17  17 of 17 PASS not_null_fct_revenue_daily_order_day ............................. [[32mPASS[0m in 0.08s]
[2025-09-15T20:15:17.896+0200] {subprocess.py:93} INFO - [0m18:15:17
[2025-09-15T20:15:17.897+0200] {subprocess.py:93} INFO - [0m18:15:17  Finished running 3 view models, 11 data tests, 3 table models in 0 hours 0 minutes and 1.68 seconds (1.68s).
[2025-09-15T20:15:17.995+0200] {subprocess.py:93} INFO - [0m18:15:17
[2025-09-15T20:15:17.996+0200] {subprocess.py:93} INFO - [0m18:15:17  [32mCompleted successfully[0m
[2025-09-15T20:15:17.998+0200] {subprocess.py:93} INFO - [0m18:15:17
[2025-09-15T20:15:18.000+0200] {subprocess.py:93} INFO - [0m18:15:17  Done. PASS=17 WARN=0 ERROR=0 SKIP=0 TOTAL=17
[2025-09-15T20:15:18.892+0200] {subprocess.py:97} INFO - Command exited with return code 0
[2025-09-15T20:15:18.894+0200] {taskinstance.py:441} INFO - ::group::Post task execution logs
[2025-09-15T20:15:18.941+0200] {taskinstance.py:1206} INFO - Marking task as SUCCESS. dag_id=etl_api_to_bi, task_id=dbt_build, run_id=scheduled__2025-09-15T18:00:00+00:00, execution_date=20250915T180000, start_date=20250915T181511, end_date=20250915T181518
[2025-09-15T20:15:19.009+0200] {local_task_job_runner.py:243} INFO - Task exited with return code 0
[2025-09-15T20:15:19.034+0200] {taskinstance.py:3503} INFO - 0 downstream tasks scheduled from follow-on schedule check
[2025-09-15T20:15:19.037+0200] {local_task_job_runner.py:222} INFO - ::endgroup::
