[2025-09-16T18:15:25.703+0200] {local_task_job_runner.py:120} INFO - ::group::Pre task execution logs
[2025-09-16T18:15:25.809+0200] {taskinstance.py:2076} INFO - Dependencies all met for dep_context=non-requeueable deps ti=<TaskInstance: etl_api_to_bi.dbt_build scheduled__2025-09-16T16:00:00+00:00 [queued]>
[2025-09-16T18:15:25.825+0200] {taskinstance.py:2076} INFO - Dependencies all met for dep_context=requeueable deps ti=<TaskInstance: etl_api_to_bi.dbt_build scheduled__2025-09-16T16:00:00+00:00 [queued]>
[2025-09-16T18:15:25.826+0200] {taskinstance.py:2306} INFO - Starting attempt 1 of 3
[2025-09-16T18:15:25.853+0200] {taskinstance.py:2330} INFO - Executing <Task(BashOperator): dbt_build> on 2025-09-16 16:00:00+00:00
[2025-09-16T18:15:25.864+0200] {standard_task_runner.py:64} INFO - Started process 1139 to run task
[2025-09-16T18:15:25.871+0200] {standard_task_runner.py:90} INFO - Running: ['airflow', 'tasks', 'run', 'etl_api_to_bi', 'dbt_build', 'scheduled__2025-09-16T16:00:00+00:00', '--job-id', '53', '--raw', '--subdir', 'DAGS_FOLDER/etl_api_to_bi.py', '--cfg-path', '/tmp/tmpnrpqb8oc']
[2025-09-16T18:15:25.877+0200] {standard_task_runner.py:91} INFO - Job 53: Subtask dbt_build
[2025-09-16T18:15:26.037+0200] {task_command.py:426} INFO - Running <TaskInstance: etl_api_to_bi.dbt_build scheduled__2025-09-16T16:00:00+00:00 [running]> on host 1621268d5064
[2025-09-16T18:15:26.757+0200] {taskinstance.py:2648} INFO - Exporting env vars: AIRFLOW_CTX_DAG_OWNER='data' AIRFLOW_CTX_DAG_ID='etl_api_to_bi' AIRFLOW_CTX_TASK_ID='dbt_build' AIRFLOW_CTX_EXECUTION_DATE='2025-09-16T16:00:00+00:00' AIRFLOW_CTX_TRY_NUMBER='1' AIRFLOW_CTX_DAG_RUN_ID='scheduled__2025-09-16T16:00:00+00:00'
[2025-09-16T18:15:26.760+0200] {taskinstance.py:430} INFO - ::endgroup::
[2025-09-16T18:15:26.787+0200] {subprocess.py:63} INFO - Tmp dir root location: /tmp
[2025-09-16T18:15:26.789+0200] {subprocess.py:75} INFO - Running command: ['/usr/bin/bash', '-c', "docker exec dbt bash -lc 'cd /usr/app && dbt build --fail-fast --profiles-dir /root/.dbt'"]
[2025-09-16T18:15:26.817+0200] {subprocess.py:86} INFO - Output:
[2025-09-16T18:15:30.706+0200] {subprocess.py:93} INFO - [0m16:15:30  Running with dbt=1.8.3
[2025-09-16T18:15:31.245+0200] {subprocess.py:93} INFO - [0m16:15:31  Registered adapter: postgres=1.8.2
[2025-09-16T18:15:34.164+0200] {subprocess.py:93} INFO - [0m16:15:34  Found 6 models, 11 data tests, 531 macros
[2025-09-16T18:15:34.184+0200] {subprocess.py:93} INFO - [0m16:15:34
[2025-09-16T18:15:34.781+0200] {subprocess.py:93} INFO - [0m16:15:34  Concurrency: 4 threads (target='dev')
[2025-09-16T18:15:34.791+0200] {subprocess.py:93} INFO - [0m16:15:34
[2025-09-16T18:15:34.813+0200] {subprocess.py:93} INFO - [0m16:15:34  1 of 17 START sql view model public_staging.stg_customers ...................... [RUN]
[2025-09-16T18:15:34.831+0200] {subprocess.py:93} INFO - [0m16:15:34  2 of 17 START sql view model public_staging.stg_payments ....................... [RUN]
[2025-09-16T18:15:34.832+0200] {subprocess.py:93} INFO - [0m16:15:34  3 of 17 START sql view model public_staging.stg_sessions ....................... [RUN]
[2025-09-16T18:15:35.491+0200] {subprocess.py:93} INFO - [0m16:15:35  2 of 17 OK created sql view model public_staging.stg_payments .................. [[32mCREATE VIEW[0m in 0.64s]
[2025-09-16T18:15:35.494+0200] {subprocess.py:93} INFO - [0m16:15:35  1 of 17 OK created sql view model public_staging.stg_customers ................. [[32mCREATE VIEW[0m in 0.65s]
[2025-09-16T18:15:35.496+0200] {subprocess.py:93} INFO - [0m16:15:35  3 of 17 OK created sql view model public_staging.stg_sessions .................. [[32mCREATE VIEW[0m in 0.64s]
[2025-09-16T18:15:35.514+0200] {subprocess.py:93} INFO - [0m16:15:35  4 of 17 START test accepted_values_stg_payments_status__succeeded__failed__refunded  [RUN]
[2025-09-16T18:15:35.520+0200] {subprocess.py:93} INFO - [0m16:15:35  5 of 17 START test not_null_stg_payments_payment_id ............................ [RUN]
[2025-09-16T18:15:35.522+0200] {subprocess.py:93} INFO - [0m16:15:35  6 of 17 START test unique_stg_payments_payment_id .............................. [RUN]
[2025-09-16T18:15:35.524+0200] {subprocess.py:93} INFO - [0m16:15:35  7 of 17 START test not_null_stg_customers_country .............................. [RUN]
[2025-09-16T18:15:35.923+0200] {subprocess.py:93} INFO - [0m16:15:35  5 of 17 PASS not_null_stg_payments_payment_id .................................. [[32mPASS[0m in 0.39s]
[2025-09-16T18:15:35.941+0200] {subprocess.py:93} INFO - [0m16:15:35  7 of 17 PASS not_null_stg_customers_country .................................... [[32mPASS[0m in 0.41s]
[2025-09-16T18:15:35.943+0200] {subprocess.py:93} INFO - [0m16:15:35  8 of 17 START test not_null_stg_customers_customer_id .......................... [RUN]
[2025-09-16T18:15:35.969+0200] {subprocess.py:93} INFO - [0m16:15:35  4 of 17 PASS accepted_values_stg_payments_status__succeeded__failed__refunded .. [[32mPASS[0m in 0.44s]
[2025-09-16T18:15:35.971+0200] {subprocess.py:93} INFO - [0m16:15:35  6 of 17 PASS unique_stg_payments_payment_id .................................... [[32mPASS[0m in 0.44s]
[2025-09-16T18:15:35.974+0200] {subprocess.py:93} INFO - [0m16:15:35  9 of 17 START test unique_stg_customers_customer_id ............................ [RUN]
[2025-09-16T18:15:36.004+0200] {subprocess.py:93} INFO - [0m16:15:36  10 of 17 START test accepted_values_stg_sessions_source__google__direct__facebook__linkedin__newsletter__referral__bing  [RUN]
[2025-09-16T18:15:36.005+0200] {subprocess.py:93} INFO - [0m16:15:36  11 of 17 START test not_null_stg_sessions_session_id ........................... [RUN]
[2025-09-16T18:15:36.552+0200] {subprocess.py:93} INFO - [0m16:15:36  8 of 17 PASS not_null_stg_customers_customer_id ................................ [[32mPASS[0m in 0.59s]
[2025-09-16T18:15:36.572+0200] {subprocess.py:93} INFO - [0m16:15:36  9 of 17 PASS unique_stg_customers_customer_id .................................. [[32mPASS[0m in 0.58s]
[2025-09-16T18:15:36.592+0200] {subprocess.py:93} INFO - [0m16:15:36  12 of 17 START test unique_stg_sessions_session_id ............................. [RUN]
[2025-09-16T18:15:36.604+0200] {subprocess.py:93} INFO - [0m16:15:36  13 of 17 START sql table model public_analytics.fct_revenue_daily .............. [RUN]
[2025-09-16T18:15:36.649+0200] {subprocess.py:93} INFO - [0m16:15:36  11 of 17 PASS not_null_stg_sessions_session_id ................................. [[32mPASS[0m in 0.62s]
[2025-09-16T18:15:36.672+0200] {subprocess.py:93} INFO - [0m16:15:36  10 of 17 PASS accepted_values_stg_sessions_source__google__direct__facebook__linkedin__newsletter__referral__bing  [[32mPASS[0m in 0.65s]
[2025-09-16T18:15:36.693+0200] {subprocess.py:93} INFO - [0m16:15:36  14 of 17 START sql table model public_analytics.dim_customer ................... [RUN]
[2025-09-16T18:15:36.991+0200] {subprocess.py:93} INFO - [0m16:15:36  12 of 17 PASS unique_stg_sessions_session_id ................................... [[32mPASS[0m in 0.38s]
[2025-09-16T18:15:37.013+0200] {subprocess.py:93} INFO - [0m16:15:37  15 of 17 START sql table model public_analytics.fct_marketing_attribution ...... [RUN]
[2025-09-16T18:15:37.740+0200] {subprocess.py:93} INFO - [0m16:15:37  14 of 17 OK created sql table model public_analytics.dim_customer .............. [[32mSELECT 1006[0m in 0.95s]
[2025-09-16T18:15:37.748+0200] {subprocess.py:93} INFO - [0m16:15:37  13 of 17 OK created sql table model public_analytics.fct_revenue_daily ......... [[32mSELECT 4326[0m in 1.10s]
[2025-09-16T18:15:37.767+0200] {subprocess.py:93} INFO - [0m16:15:37  16 of 17 START test not_null_fct_revenue_daily_order_day ....................... [RUN]
[2025-09-16T18:15:37.949+0200] {subprocess.py:93} INFO - [0m16:15:37  16 of 17 PASS not_null_fct_revenue_daily_order_day ............................. [[32mPASS[0m in 0.17s]
[2025-09-16T18:15:38.393+0200] {subprocess.py:93} INFO - [0m16:15:38  15 of 17 OK created sql table model public_analytics.fct_marketing_attribution . [[32mSELECT 5717[0m in 1.34s]
[2025-09-16T18:15:38.444+0200] {subprocess.py:93} INFO - [0m16:15:38  17 of 17 START test not_null_fct_marketing_attribution_session_day ............. [RUN]
[2025-09-16T18:15:39.054+0200] {subprocess.py:93} INFO - [0m16:15:39  17 of 17 PASS not_null_fct_marketing_attribution_session_day ................... [[32mPASS[0m in 0.58s]
[2025-09-16T18:15:39.887+0200] {subprocess.py:93} INFO - [0m16:15:39
[2025-09-16T18:15:39.945+0200] {subprocess.py:93} INFO - [0m16:15:39  Finished running 3 view models, 11 data tests, 3 table models in 0 hours 0 minutes and 5.70 seconds (5.70s).
[2025-09-16T18:15:40.619+0200] {subprocess.py:93} INFO - [0m16:15:40
[2025-09-16T18:15:40.638+0200] {subprocess.py:93} INFO - [0m16:15:40  [32mCompleted successfully[0m
[2025-09-16T18:15:40.643+0200] {subprocess.py:93} INFO - [0m16:15:40
[2025-09-16T18:15:40.655+0200] {subprocess.py:93} INFO - [0m16:15:40  Done. PASS=17 WARN=0 ERROR=0 SKIP=0 TOTAL=17
[2025-09-16T18:15:41.352+0200] {subprocess.py:97} INFO - Command exited with return code 0
[2025-09-16T18:15:41.367+0200] {taskinstance.py:441} INFO - ::group::Post task execution logs
[2025-09-16T18:15:41.547+0200] {taskinstance.py:1206} INFO - Marking task as SUCCESS. dag_id=etl_api_to_bi, task_id=dbt_build, run_id=scheduled__2025-09-16T16:00:00+00:00, execution_date=20250916T160000, start_date=20250916T161525, end_date=20250916T161541
[2025-09-16T18:15:41.676+0200] {local_task_job_runner.py:243} INFO - Task exited with return code 0
[2025-09-16T18:15:41.748+0200] {taskinstance.py:3503} INFO - 0 downstream tasks scheduled from follow-on schedule check
[2025-09-16T18:15:41.766+0200] {local_task_job_runner.py:222} INFO - ::endgroup::
