[2025-09-17T18:15:29.727+0200] {local_task_job_runner.py:120} INFO - ::group::Pre task execution logs
[2025-09-17T18:15:29.874+0200] {taskinstance.py:2076} INFO - Dependencies all met for dep_context=non-requeueable deps ti=<TaskInstance: etl_api_to_bi.dbt_build scheduled__2025-09-17T16:00:00+00:00 [queued]>
[2025-09-17T18:15:29.922+0200] {taskinstance.py:2076} INFO - Dependencies all met for dep_context=requeueable deps ti=<TaskInstance: etl_api_to_bi.dbt_build scheduled__2025-09-17T16:00:00+00:00 [queued]>
[2025-09-17T18:15:29.923+0200] {taskinstance.py:2306} INFO - Starting attempt 1 of 3
[2025-09-17T18:15:29.985+0200] {taskinstance.py:2330} INFO - Executing <Task(BashOperator): dbt_build> on 2025-09-17 16:00:00+00:00
[2025-09-17T18:15:30.024+0200] {standard_task_runner.py:64} INFO - Started process 1873 to run task
[2025-09-17T18:15:30.049+0200] {standard_task_runner.py:90} INFO - Running: ['airflow', 'tasks', 'run', 'etl_api_to_bi', 'dbt_build', 'scheduled__2025-09-17T16:00:00+00:00', '--job-id', '114', '--raw', '--subdir', 'DAGS_FOLDER/etl_api_to_bi.py', '--cfg-path', '/tmp/tmprquniqfy']
[2025-09-17T18:15:30.061+0200] {standard_task_runner.py:91} INFO - Job 114: Subtask dbt_build
[2025-09-17T18:15:30.355+0200] {task_command.py:426} INFO - Running <TaskInstance: etl_api_to_bi.dbt_build scheduled__2025-09-17T16:00:00+00:00 [running]> on host 1621268d5064
[2025-09-17T18:15:31.292+0200] {taskinstance.py:2648} INFO - Exporting env vars: AIRFLOW_CTX_DAG_OWNER='data' AIRFLOW_CTX_DAG_ID='etl_api_to_bi' AIRFLOW_CTX_TASK_ID='dbt_build' AIRFLOW_CTX_EXECUTION_DATE='2025-09-17T16:00:00+00:00' AIRFLOW_CTX_TRY_NUMBER='1' AIRFLOW_CTX_DAG_RUN_ID='scheduled__2025-09-17T16:00:00+00:00'
[2025-09-17T18:15:31.296+0200] {taskinstance.py:430} INFO - ::endgroup::
[2025-09-17T18:15:31.325+0200] {subprocess.py:63} INFO - Tmp dir root location: /tmp
[2025-09-17T18:15:31.334+0200] {subprocess.py:75} INFO - Running command: ['/usr/bin/bash', '-c', "docker exec dbt bash -lc 'cd /usr/app && dbt build --fail-fast --profiles-dir /root/.dbt'"]
[2025-09-17T18:15:31.359+0200] {subprocess.py:86} INFO - Output:
[2025-09-17T18:15:35.743+0200] {subprocess.py:93} INFO - [0m16:15:35  Running with dbt=1.8.3
[2025-09-17T18:15:36.405+0200] {subprocess.py:93} INFO - [0m16:15:36  Registered adapter: postgres=1.8.2
[2025-09-17T18:15:39.903+0200] {subprocess.py:93} INFO - [0m16:15:39  Found 6 models, 11 data tests, 531 macros
[2025-09-17T18:15:39.922+0200] {subprocess.py:93} INFO - [0m16:15:39
[2025-09-17T18:15:40.538+0200] {subprocess.py:93} INFO - [0m16:15:40  Concurrency: 4 threads (target='dev')
[2025-09-17T18:15:40.540+0200] {subprocess.py:93} INFO - [0m16:15:40
[2025-09-17T18:15:40.555+0200] {subprocess.py:93} INFO - [0m16:15:40  1 of 17 START sql view model public_staging.stg_customers ...................... [RUN]
[2025-09-17T18:15:40.557+0200] {subprocess.py:93} INFO - [0m16:15:40  2 of 17 START sql view model public_staging.stg_payments ....................... [RUN]
[2025-09-17T18:15:40.563+0200] {subprocess.py:93} INFO - [0m16:15:40  3 of 17 START sql view model public_staging.stg_sessions ....................... [RUN]
[2025-09-17T18:15:41.424+0200] {subprocess.py:93} INFO - [0m16:15:41  2 of 17 OK created sql view model public_staging.stg_payments .................. [[32mCREATE VIEW[0m in 0.85s]
[2025-09-17T18:15:41.436+0200] {subprocess.py:93} INFO - [0m16:15:41  4 of 17 START test accepted_values_stg_payments_status__succeeded__failed__refunded  [RUN]
[2025-09-17T18:15:41.446+0200] {subprocess.py:93} INFO - [0m16:15:41  5 of 17 START test not_null_stg_payments_payment_id ............................ [RUN]
[2025-09-17T18:15:41.542+0200] {subprocess.py:93} INFO - [0m16:15:41  3 of 17 OK created sql view model public_staging.stg_sessions .................. [[32mCREATE VIEW[0m in 0.92s]
[2025-09-17T18:15:41.561+0200] {subprocess.py:93} INFO - [0m16:15:41  1 of 17 OK created sql view model public_staging.stg_customers ................. [[32mCREATE VIEW[0m in 0.94s]
[2025-09-17T18:15:41.638+0200] {subprocess.py:93} INFO - [0m16:15:41  6 of 17 START test unique_stg_payments_payment_id .............................. [RUN]
[2025-09-17T18:15:41.646+0200] {subprocess.py:93} INFO - [0m16:15:41  7 of 17 START test accepted_values_stg_sessions_source__google__direct__facebook__linkedin__newsletter__referral__bing  [RUN]
[2025-09-17T18:15:42.224+0200] {subprocess.py:93} INFO - [0m16:15:42  5 of 17 PASS not_null_stg_payments_payment_id .................................. [[32mPASS[0m in 0.73s]
[2025-09-17T18:15:42.232+0200] {subprocess.py:93} INFO - [0m16:15:42  4 of 17 PASS accepted_values_stg_payments_status__succeeded__failed__refunded .. [[32mPASS[0m in 0.77s]
[2025-09-17T18:15:42.307+0200] {subprocess.py:93} INFO - [0m16:15:42  8 of 17 START test not_null_stg_sessions_session_id ............................ [RUN]
[2025-09-17T18:15:42.325+0200] {subprocess.py:93} INFO - [0m16:15:42  9 of 17 START test unique_stg_sessions_session_id .............................. [RUN]
[2025-09-17T18:15:42.433+0200] {subprocess.py:93} INFO - [0m16:15:42  6 of 17 PASS unique_stg_payments_payment_id .................................... [[32mPASS[0m in 0.78s]
[2025-09-17T18:15:42.442+0200] {subprocess.py:93} INFO - [0m16:15:42  7 of 17 PASS accepted_values_stg_sessions_source__google__direct__facebook__linkedin__newsletter__referral__bing  [[32mPASS[0m in 0.78s]
[2025-09-17T18:15:42.480+0200] {subprocess.py:93} INFO - [0m16:15:42  10 of 17 START test not_null_stg_customers_country ............................. [RUN]
[2025-09-17T18:15:42.490+0200] {subprocess.py:93} INFO - [0m16:15:42  11 of 17 START test not_null_stg_customers_customer_id ......................... [RUN]
[2025-09-17T18:15:42.688+0200] {subprocess.py:93} INFO - [0m16:15:42  8 of 17 PASS not_null_stg_sessions_session_id .................................. [[32mPASS[0m in 0.35s]
[2025-09-17T18:15:42.700+0200] {subprocess.py:93} INFO - [0m16:15:42  12 of 17 START test unique_stg_customers_customer_id ........................... [RUN]
[2025-09-17T18:15:42.860+0200] {subprocess.py:93} INFO - [0m16:15:42  9 of 17 PASS unique_stg_sessions_session_id .................................... [[32mPASS[0m in 0.46s]
[2025-09-17T18:15:42.941+0200] {subprocess.py:93} INFO - [0m16:15:42  13 of 17 START sql table model public_analytics.fct_revenue_daily .............. [RUN]
[2025-09-17T18:15:43.004+0200] {subprocess.py:93} INFO - [0m16:15:43  10 of 17 PASS not_null_stg_customers_country ................................... [[32mPASS[0m in 0.51s]
[2025-09-17T18:15:43.047+0200] {subprocess.py:93} INFO - [0m16:15:43  11 of 17 PASS not_null_stg_customers_customer_id ............................... [[32mPASS[0m in 0.53s]
[2025-09-17T18:15:43.059+0200] {subprocess.py:93} INFO - [0m16:15:43  14 of 17 START sql table model public_analytics.fct_marketing_attribution ...... [RUN]
[2025-09-17T18:15:43.248+0200] {subprocess.py:93} INFO - [0m16:15:43  12 of 17 PASS unique_stg_customers_customer_id ................................. [[32mPASS[0m in 0.54s]
[2025-09-17T18:15:43.274+0200] {subprocess.py:93} INFO - [0m16:15:43  15 of 17 START sql table model public_analytics.dim_customer ................... [RUN]
[2025-09-17T18:15:43.591+0200] {subprocess.py:93} INFO - [0m16:15:43  13 of 17 OK created sql table model public_analytics.fct_revenue_daily ......... [[32mSELECT 4348[0m in 0.60s]
[2025-09-17T18:15:43.625+0200] {subprocess.py:93} INFO - [0m16:15:43  16 of 17 START test not_null_fct_revenue_daily_order_day ....................... [RUN]
[2025-09-17T18:15:43.715+0200] {subprocess.py:93} INFO - [0m16:15:43  15 of 17 OK created sql table model public_analytics.dim_customer .............. [[32mSELECT 1013[0m in 0.41s]
[2025-09-17T18:15:43.773+0200] {subprocess.py:93} INFO - [0m16:15:43  14 of 17 OK created sql table model public_analytics.fct_marketing_attribution . [[32mSELECT 5749[0m in 0.67s]
[2025-09-17T18:15:43.792+0200] {subprocess.py:93} INFO - [0m16:15:43  17 of 17 START test not_null_fct_marketing_attribution_session_day ............. [RUN]
[2025-09-17T18:15:43.934+0200] {subprocess.py:93} INFO - [0m16:15:43  16 of 17 PASS not_null_fct_revenue_daily_order_day ............................. [[32mPASS[0m in 0.30s]
[2025-09-17T18:15:44.013+0200] {subprocess.py:93} INFO - [0m16:15:44  17 of 17 PASS not_null_fct_marketing_attribution_session_day ................... [[32mPASS[0m in 0.22s]
[2025-09-17T18:15:44.116+0200] {subprocess.py:93} INFO - [0m16:15:44
[2025-09-17T18:15:44.120+0200] {subprocess.py:93} INFO - [0m16:15:44  Finished running 3 view models, 11 data tests, 3 table models in 0 hours 0 minutes and 4.19 seconds (4.19s).
[2025-09-17T18:15:44.323+0200] {subprocess.py:93} INFO - [0m16:15:44
[2025-09-17T18:15:44.331+0200] {subprocess.py:93} INFO - [0m16:15:44  [32mCompleted successfully[0m
[2025-09-17T18:15:44.332+0200] {subprocess.py:93} INFO - [0m16:15:44
[2025-09-17T18:15:44.338+0200] {subprocess.py:93} INFO - [0m16:15:44  Done. PASS=17 WARN=0 ERROR=0 SKIP=0 TOTAL=17
[2025-09-17T18:15:45.770+0200] {subprocess.py:97} INFO - Command exited with return code 0
[2025-09-17T18:15:45.773+0200] {taskinstance.py:441} INFO - ::group::Post task execution logs
[2025-09-17T18:15:44.062+0200] {taskinstance.py:1206} INFO - Marking task as SUCCESS. dag_id=etl_api_to_bi, task_id=dbt_build, run_id=scheduled__2025-09-17T16:00:00+00:00, execution_date=20250917T160000, start_date=20250917T161529, end_date=20250917T161544
[2025-09-17T18:15:44.215+0200] {local_task_job_runner.py:243} INFO - Task exited with return code 0
[2025-09-17T18:15:44.280+0200] {taskinstance.py:3503} INFO - 0 downstream tasks scheduled from follow-on schedule check
[2025-09-17T18:15:44.297+0200] {local_task_job_runner.py:222} INFO - ::endgroup::
