[2025-09-19T03:15:13.691+0200] {local_task_job_runner.py:120} INFO - ::group::Pre task execution logs
[2025-09-19T03:15:13.731+0200] {taskinstance.py:2076} INFO - Dependencies all met for dep_context=non-requeueable deps ti=<TaskInstance: etl_api_to_bi.dbt_build scheduled__2025-09-19T01:00:00+00:00 [queued]>
[2025-09-19T03:15:13.739+0200] {taskinstance.py:2076} INFO - Dependencies all met for dep_context=requeueable deps ti=<TaskInstance: etl_api_to_bi.dbt_build scheduled__2025-09-19T01:00:00+00:00 [queued]>
[2025-09-19T03:15:13.740+0200] {taskinstance.py:2306} INFO - Starting attempt 1 of 3
[2025-09-19T03:15:13.754+0200] {taskinstance.py:2330} INFO - Executing <Task(BashOperator): dbt_build> on 2025-09-19 01:00:00+00:00
[2025-09-19T03:15:13.761+0200] {standard_task_runner.py:64} INFO - Started process 493 to run task
[2025-09-19T03:15:13.767+0200] {standard_task_runner.py:90} INFO - Running: ['airflow', 'tasks', 'run', 'etl_api_to_bi', 'dbt_build', 'scheduled__2025-09-19T01:00:00+00:00', '--job-id', '32', '--raw', '--subdir', 'DAGS_FOLDER/etl_api_to_bi.py', '--cfg-path', '/tmp/tmp15fd6c16']
[2025-09-19T03:15:13.770+0200] {standard_task_runner.py:91} INFO - Job 32: Subtask dbt_build
[2025-09-19T03:15:13.858+0200] {task_command.py:426} INFO - Running <TaskInstance: etl_api_to_bi.dbt_build scheduled__2025-09-19T01:00:00+00:00 [running]> on host 286d1f3cd4b3
[2025-09-19T03:15:14.179+0200] {taskinstance.py:2648} INFO - Exporting env vars: AIRFLOW_CTX_DAG_OWNER='data' AIRFLOW_CTX_DAG_ID='etl_api_to_bi' AIRFLOW_CTX_TASK_ID='dbt_build' AIRFLOW_CTX_EXECUTION_DATE='2025-09-19T01:00:00+00:00' AIRFLOW_CTX_TRY_NUMBER='1' AIRFLOW_CTX_DAG_RUN_ID='scheduled__2025-09-19T01:00:00+00:00'
[2025-09-19T03:15:14.180+0200] {taskinstance.py:430} INFO - ::endgroup::
[2025-09-19T03:15:14.191+0200] {subprocess.py:63} INFO - Tmp dir root location: /tmp
[2025-09-19T03:15:14.192+0200] {subprocess.py:75} INFO - Running command: ['/usr/bin/bash', '-c', "docker exec dbt bash -lc 'cd /usr/app && dbt build --fail-fast --profiles-dir /root/.dbt'"]
[2025-09-19T03:15:14.205+0200] {subprocess.py:86} INFO - Output:
[2025-09-19T03:15:16.189+0200] {subprocess.py:93} INFO - [0m01:15:16  Running with dbt=1.8.3
[2025-09-19T03:15:16.502+0200] {subprocess.py:93} INFO - [0m01:15:16  Registered adapter: postgres=1.8.2
[2025-09-19T03:15:18.222+0200] {subprocess.py:93} INFO - [0m01:15:18  Found 6 models, 11 data tests, 531 macros
[2025-09-19T03:15:18.228+0200] {subprocess.py:93} INFO - [0m01:15:18
[2025-09-19T03:15:18.486+0200] {subprocess.py:93} INFO - [0m01:15:18  Concurrency: 4 threads (target='dev')
[2025-09-19T03:15:18.488+0200] {subprocess.py:93} INFO - [0m01:15:18
[2025-09-19T03:15:18.498+0200] {subprocess.py:93} INFO - [0m01:15:18  1 of 17 START sql view model public_staging.stg_customers ...................... [RUN]
[2025-09-19T03:15:18.500+0200] {subprocess.py:93} INFO - [0m01:15:18  2 of 17 START sql view model public_staging.stg_payments ....................... [RUN]
[2025-09-19T03:15:18.502+0200] {subprocess.py:93} INFO - [0m01:15:18  3 of 17 START sql view model public_staging.stg_sessions ....................... [RUN]
[2025-09-19T03:15:18.977+0200] {subprocess.py:93} INFO - [0m01:15:18  1 of 17 OK created sql view model public_staging.stg_customers ................. [[32mCREATE VIEW[0m in 0.46s]
[2025-09-19T03:15:18.980+0200] {subprocess.py:93} INFO - [0m01:15:18  3 of 17 OK created sql view model public_staging.stg_sessions .................. [[32mCREATE VIEW[0m in 0.46s]
[2025-09-19T03:15:18.983+0200] {subprocess.py:93} INFO - [0m01:15:18  2 of 17 OK created sql view model public_staging.stg_payments .................. [[32mCREATE VIEW[0m in 0.47s]
[2025-09-19T03:15:19.003+0200] {subprocess.py:93} INFO - [0m01:15:19  4 of 17 START test not_null_stg_customers_country .............................. [RUN]
[2025-09-19T03:15:19.005+0200] {subprocess.py:93} INFO - [0m01:15:19  5 of 17 START test not_null_stg_customers_customer_id .......................... [RUN]
[2025-09-19T03:15:19.008+0200] {subprocess.py:93} INFO - [0m01:15:19  6 of 17 START test unique_stg_customers_customer_id ............................ [RUN]
[2025-09-19T03:15:19.012+0200] {subprocess.py:93} INFO - [0m01:15:19  7 of 17 START test accepted_values_stg_sessions_source__google__direct__facebook__linkedin__newsletter__referral__bing  [RUN]
[2025-09-19T03:15:19.337+0200] {subprocess.py:93} INFO - [0m01:15:19  4 of 17 PASS not_null_stg_customers_country .................................... [[32mPASS[0m in 0.32s]
[2025-09-19T03:15:19.342+0200] {subprocess.py:93} INFO - [0m01:15:19  6 of 17 PASS unique_stg_customers_customer_id .................................. [[32mPASS[0m in 0.32s]
[2025-09-19T03:15:19.363+0200] {subprocess.py:93} INFO - [0m01:15:19  5 of 17 PASS not_null_stg_customers_customer_id ................................ [[32mPASS[0m in 0.35s]
[2025-09-19T03:15:19.368+0200] {subprocess.py:93} INFO - [0m01:15:19  8 of 17 START test not_null_stg_sessions_session_id ............................ [RUN]
[2025-09-19T03:15:19.369+0200] {subprocess.py:93} INFO - [0m01:15:19  9 of 17 START test unique_stg_sessions_session_id .............................. [RUN]
[2025-09-19T03:15:19.388+0200] {subprocess.py:93} INFO - [0m01:15:19  7 of 17 PASS accepted_values_stg_sessions_source__google__direct__facebook__linkedin__newsletter__referral__bing  [[32mPASS[0m in 0.37s]
[2025-09-19T03:15:19.390+0200] {subprocess.py:93} INFO - [0m01:15:19  10 of 17 START test accepted_values_stg_payments_status__succeeded__failed__refunded  [RUN]
[2025-09-19T03:15:19.425+0200] {subprocess.py:93} INFO - [0m01:15:19  11 of 17 START test not_null_stg_payments_payment_id ........................... [RUN]
[2025-09-19T03:15:19.575+0200] {subprocess.py:93} INFO - [0m01:15:19  8 of 17 PASS not_null_stg_sessions_session_id .................................. [[32mPASS[0m in 0.19s]
[2025-09-19T03:15:19.589+0200] {subprocess.py:93} INFO - [0m01:15:19  12 of 17 START test unique_stg_payments_payment_id ............................. [RUN]
[2025-09-19T03:15:19.601+0200] {subprocess.py:93} INFO - [0m01:15:19  10 of 17 PASS accepted_values_stg_payments_status__succeeded__failed__refunded . [[32mPASS[0m in 0.19s]
[2025-09-19T03:15:19.620+0200] {subprocess.py:93} INFO - [0m01:15:19  11 of 17 PASS not_null_stg_payments_payment_id ................................. [[32mPASS[0m in 0.18s]
[2025-09-19T03:15:19.629+0200] {subprocess.py:93} INFO - [0m01:15:19  13 of 17 START sql table model public_analytics.dim_customer ................... [RUN]
[2025-09-19T03:15:19.632+0200] {subprocess.py:93} INFO - [0m01:15:19  9 of 17 PASS unique_stg_sessions_session_id .................................... [[32mPASS[0m in 0.25s]
[2025-09-19T03:15:19.652+0200] {subprocess.py:93} INFO - [0m01:15:19  14 of 17 START sql table model public_analytics.fct_marketing_attribution ...... [RUN]
[2025-09-19T03:15:19.760+0200] {subprocess.py:93} INFO - [0m01:15:19  12 of 17 PASS unique_stg_payments_payment_id ................................... [[32mPASS[0m in 0.17s]
[2025-09-19T03:15:19.774+0200] {subprocess.py:93} INFO - [0m01:15:19  15 of 17 START sql table model public_analytics.fct_revenue_daily .............. [RUN]
[2025-09-19T03:15:19.852+0200] {subprocess.py:93} INFO - [0m01:15:19  13 of 17 OK created sql table model public_analytics.dim_customer .............. [[32mSELECT 1007[0m in 0.21s]
[2025-09-19T03:15:19.898+0200] {subprocess.py:93} INFO - [0m01:15:19  14 of 17 OK created sql table model public_analytics.fct_marketing_attribution . [[32mSELECT 5743[0m in 0.24s]
[2025-09-19T03:15:19.903+0200] {subprocess.py:93} INFO - [0m01:15:19  16 of 17 START test not_null_fct_marketing_attribution_session_day ............. [RUN]
[2025-09-19T03:15:19.986+0200] {subprocess.py:93} INFO - [0m01:15:19  15 of 17 OK created sql table model public_analytics.fct_revenue_daily ......... [[32mSELECT 4365[0m in 0.20s]
[2025-09-19T03:15:19.998+0200] {subprocess.py:93} INFO - [0m01:15:19  17 of 17 START test not_null_fct_revenue_daily_order_day ....................... [RUN]
[2025-09-19T03:15:20.008+0200] {subprocess.py:93} INFO - [0m01:15:20  16 of 17 PASS not_null_fct_marketing_attribution_session_day ................... [[32mPASS[0m in 0.10s]
[2025-09-19T03:15:20.066+0200] {subprocess.py:93} INFO - [0m01:15:20  17 of 17 PASS not_null_fct_revenue_daily_order_day ............................. [[32mPASS[0m in 0.06s]
[2025-09-19T03:15:20.108+0200] {subprocess.py:93} INFO - [0m01:15:20
[2025-09-19T03:15:20.109+0200] {subprocess.py:93} INFO - [0m01:15:20  Finished running 3 view models, 11 data tests, 3 table models in 0 hours 0 minutes and 1.88 seconds (1.88s).
[2025-09-19T03:15:20.204+0200] {subprocess.py:93} INFO - [0m01:15:20
[2025-09-19T03:15:20.206+0200] {subprocess.py:93} INFO - [0m01:15:20  [32mCompleted successfully[0m
[2025-09-19T03:15:20.208+0200] {subprocess.py:93} INFO - [0m01:15:20
[2025-09-19T03:15:20.209+0200] {subprocess.py:93} INFO - [0m01:15:20  Done. PASS=17 WARN=0 ERROR=0 SKIP=0 TOTAL=17
[2025-09-19T03:15:21.045+0200] {subprocess.py:97} INFO - Command exited with return code 0
[2025-09-19T03:15:21.047+0200] {taskinstance.py:441} INFO - ::group::Post task execution logs
[2025-09-19T03:15:21.089+0200] {taskinstance.py:1206} INFO - Marking task as SUCCESS. dag_id=etl_api_to_bi, task_id=dbt_build, run_id=scheduled__2025-09-19T01:00:00+00:00, execution_date=20250919T010000, start_date=20250919T011513, end_date=20250919T011521
[2025-09-19T03:15:21.120+0200] {local_task_job_runner.py:243} INFO - Task exited with return code 0
[2025-09-19T03:15:21.142+0200] {taskinstance.py:3503} INFO - 0 downstream tasks scheduled from follow-on schedule check
[2025-09-19T03:15:21.146+0200] {local_task_job_runner.py:222} INFO - ::endgroup::
