[2025-09-17T17:30:15.855+0200] {local_task_job_runner.py:120} INFO - ::group::Pre task execution logs
[2025-09-17T17:30:15.912+0200] {taskinstance.py:2076} INFO - Dependencies all met for dep_context=non-requeueable deps ti=<TaskInstance: etl_api_to_bi.dbt_build scheduled__2025-09-17T15:15:00+00:00 [queued]>
[2025-09-17T17:30:15.925+0200] {taskinstance.py:2076} INFO - Dependencies all met for dep_context=requeueable deps ti=<TaskInstance: etl_api_to_bi.dbt_build scheduled__2025-09-17T15:15:00+00:00 [queued]>
[2025-09-17T17:30:15.926+0200] {taskinstance.py:2306} INFO - Starting attempt 1 of 3
[2025-09-17T17:30:15.944+0200] {taskinstance.py:2330} INFO - Executing <Task(BashOperator): dbt_build> on 2025-09-17 15:15:00+00:00
[2025-09-17T17:30:15.953+0200] {standard_task_runner.py:64} INFO - Started process 1346 to run task
[2025-09-17T17:30:15.959+0200] {standard_task_runner.py:90} INFO - Running: ['airflow', 'tasks', 'run', 'etl_api_to_bi', 'dbt_build', 'scheduled__2025-09-17T15:15:00+00:00', '--job-id', '99', '--raw', '--subdir', 'DAGS_FOLDER/etl_api_to_bi.py', '--cfg-path', '/tmp/tmphn3yzb_6']
[2025-09-17T17:30:15.963+0200] {standard_task_runner.py:91} INFO - Job 99: Subtask dbt_build
[2025-09-17T17:30:16.099+0200] {task_command.py:426} INFO - Running <TaskInstance: etl_api_to_bi.dbt_build scheduled__2025-09-17T15:15:00+00:00 [running]> on host 1621268d5064
[2025-09-17T17:30:16.516+0200] {taskinstance.py:2648} INFO - Exporting env vars: AIRFLOW_CTX_DAG_OWNER='data' AIRFLOW_CTX_DAG_ID='etl_api_to_bi' AIRFLOW_CTX_TASK_ID='dbt_build' AIRFLOW_CTX_EXECUTION_DATE='2025-09-17T15:15:00+00:00' AIRFLOW_CTX_TRY_NUMBER='1' AIRFLOW_CTX_DAG_RUN_ID='scheduled__2025-09-17T15:15:00+00:00'
[2025-09-17T17:30:16.519+0200] {taskinstance.py:430} INFO - ::endgroup::
[2025-09-17T17:30:16.539+0200] {subprocess.py:63} INFO - Tmp dir root location: /tmp
[2025-09-17T17:30:16.541+0200] {subprocess.py:75} INFO - Running command: ['/usr/bin/bash', '-c', "docker exec dbt bash -lc 'cd /usr/app && dbt build --fail-fast --profiles-dir /root/.dbt'"]
[2025-09-17T17:30:16.558+0200] {subprocess.py:86} INFO - Output:
[2025-09-17T17:30:18.753+0200] {subprocess.py:93} INFO - [0m15:30:18  Running with dbt=1.8.3
[2025-09-17T17:30:19.068+0200] {subprocess.py:93} INFO - [0m15:30:19  Registered adapter: postgres=1.8.2
[2025-09-17T17:30:21.241+0200] {subprocess.py:93} INFO - [0m15:30:21  Found 6 models, 11 data tests, 531 macros
[2025-09-17T17:30:21.248+0200] {subprocess.py:93} INFO - [0m15:30:21
[2025-09-17T17:30:21.687+0200] {subprocess.py:93} INFO - [0m15:30:21  Concurrency: 4 threads (target='dev')
[2025-09-17T17:30:21.690+0200] {subprocess.py:93} INFO - [0m15:30:21
[2025-09-17T17:30:21.707+0200] {subprocess.py:93} INFO - [0m15:30:21  1 of 17 START sql view model public_staging.stg_customers ...................... [RUN]
[2025-09-17T17:30:21.710+0200] {subprocess.py:93} INFO - [0m15:30:21  2 of 17 START sql view model public_staging.stg_payments ....................... [RUN]
[2025-09-17T17:30:21.714+0200] {subprocess.py:93} INFO - [0m15:30:21  3 of 17 START sql view model public_staging.stg_sessions ....................... [RUN]
[2025-09-17T17:30:22.112+0200] {subprocess.py:93} INFO - [0m15:30:22  1 of 17 OK created sql view model public_staging.stg_customers ................. [[32mCREATE VIEW[0m in 0.38s]
[2025-09-17T17:30:22.122+0200] {subprocess.py:93} INFO - [0m15:30:22  2 of 17 OK created sql view model public_staging.stg_payments .................. [[32mCREATE VIEW[0m in 0.40s]
[2025-09-17T17:30:22.124+0200] {subprocess.py:93} INFO - [0m15:30:22  3 of 17 OK created sql view model public_staging.stg_sessions .................. [[32mCREATE VIEW[0m in 0.40s]
[2025-09-17T17:30:22.134+0200] {subprocess.py:93} INFO - [0m15:30:22  4 of 17 START test not_null_stg_customers_country .............................. [RUN]
[2025-09-17T17:30:22.136+0200] {subprocess.py:93} INFO - [0m15:30:22  5 of 17 START test not_null_stg_customers_customer_id .......................... [RUN]
[2025-09-17T17:30:22.148+0200] {subprocess.py:93} INFO - [0m15:30:22  6 of 17 START test unique_stg_customers_customer_id ............................ [RUN]
[2025-09-17T17:30:22.154+0200] {subprocess.py:93} INFO - [0m15:30:22  7 of 17 START test accepted_values_stg_payments_status__succeeded__failed__refunded  [RUN]
[2025-09-17T17:30:22.471+0200] {subprocess.py:93} INFO - [0m15:30:22  5 of 17 PASS not_null_stg_customers_customer_id ................................ [[32mPASS[0m in 0.32s]
[2025-09-17T17:30:22.500+0200] {subprocess.py:93} INFO - [0m15:30:22  4 of 17 PASS not_null_stg_customers_country .................................... [[32mPASS[0m in 0.35s]
[2025-09-17T17:30:22.506+0200] {subprocess.py:93} INFO - [0m15:30:22  8 of 17 START test not_null_stg_payments_payment_id ............................ [RUN]
[2025-09-17T17:30:22.511+0200] {subprocess.py:93} INFO - [0m15:30:22  6 of 17 PASS unique_stg_customers_customer_id .................................. [[32mPASS[0m in 0.35s]
[2025-09-17T17:30:22.516+0200] {subprocess.py:93} INFO - [0m15:30:22  7 of 17 PASS accepted_values_stg_payments_status__succeeded__failed__refunded .. [[32mPASS[0m in 0.35s]
[2025-09-17T17:30:22.532+0200] {subprocess.py:93} INFO - [0m15:30:22  9 of 17 START test unique_stg_payments_payment_id .............................. [RUN]
[2025-09-17T17:30:22.545+0200] {subprocess.py:93} INFO - [0m15:30:22  10 of 17 START test accepted_values_stg_sessions_source__google__direct__facebook__linkedin__newsletter__referral__bing  [RUN]
[2025-09-17T17:30:22.549+0200] {subprocess.py:93} INFO - [0m15:30:22  11 of 17 START test not_null_stg_sessions_session_id ........................... [RUN]
[2025-09-17T17:30:22.782+0200] {subprocess.py:93} INFO - [0m15:30:22  8 of 17 PASS not_null_stg_payments_payment_id .................................. [[32mPASS[0m in 0.23s]
[2025-09-17T17:30:22.786+0200] {subprocess.py:93} INFO - [0m15:30:22  12 of 17 START test unique_stg_sessions_session_id ............................. [RUN]
[2025-09-17T17:30:22.813+0200] {subprocess.py:93} INFO - [0m15:30:22  9 of 17 PASS unique_stg_payments_payment_id .................................... [[32mPASS[0m in 0.26s]
[2025-09-17T17:30:22.835+0200] {subprocess.py:93} INFO - [0m15:30:22  10 of 17 PASS accepted_values_stg_sessions_source__google__direct__facebook__linkedin__newsletter__referral__bing  [[32mPASS[0m in 0.28s]
[2025-09-17T17:30:22.837+0200] {subprocess.py:93} INFO - [0m15:30:22  13 of 17 START sql table model public_analytics.dim_customer ................... [RUN]
[2025-09-17T17:30:22.841+0200] {subprocess.py:93} INFO - [0m15:30:22  11 of 17 PASS not_null_stg_sessions_session_id ................................. [[32mPASS[0m in 0.28s]
[2025-09-17T17:30:22.862+0200] {subprocess.py:93} INFO - [0m15:30:22  14 of 17 START sql table model public_analytics.fct_revenue_daily .............. [RUN]
[2025-09-17T17:30:23.050+0200] {subprocess.py:93} INFO - [0m15:30:23  12 of 17 PASS unique_stg_sessions_session_id ................................... [[32mPASS[0m in 0.27s]
[2025-09-17T17:30:23.067+0200] {subprocess.py:93} INFO - [0m15:30:23  15 of 17 START sql table model public_analytics.fct_marketing_attribution ...... [RUN]
[2025-09-17T17:30:23.214+0200] {subprocess.py:93} INFO - [0m15:30:23  13 of 17 OK created sql table model public_analytics.dim_customer .............. [[32mSELECT 1013[0m in 0.35s]
[2025-09-17T17:30:23.223+0200] {subprocess.py:93} INFO - [0m15:30:23  14 of 17 OK created sql table model public_analytics.fct_revenue_daily ......... [[32mSELECT 4348[0m in 0.34s]
[2025-09-17T17:30:23.233+0200] {subprocess.py:93} INFO - [0m15:30:23  16 of 17 START test not_null_fct_revenue_daily_order_day ....................... [RUN]
[2025-09-17T17:30:23.332+0200] {subprocess.py:93} INFO - [0m15:30:23  16 of 17 PASS not_null_fct_revenue_daily_order_day ............................. [[32mPASS[0m in 0.10s]
[2025-09-17T17:30:23.404+0200] {subprocess.py:93} INFO - [0m15:30:23  15 of 17 OK created sql table model public_analytics.fct_marketing_attribution . [[32mSELECT 5749[0m in 0.33s]
[2025-09-17T17:30:23.416+0200] {subprocess.py:93} INFO - [0m15:30:23  17 of 17 START test not_null_fct_marketing_attribution_session_day ............. [RUN]
[2025-09-17T17:30:23.511+0200] {subprocess.py:93} INFO - [0m15:30:23  17 of 17 PASS not_null_fct_marketing_attribution_session_day ................... [[32mPASS[0m in 0.09s]
[2025-09-17T17:30:23.556+0200] {subprocess.py:93} INFO - [0m15:30:23
[2025-09-17T17:30:23.557+0200] {subprocess.py:93} INFO - [0m15:30:23  Finished running 3 view models, 11 data tests, 3 table models in 0 hours 0 minutes and 2.30 seconds (2.30s).
[2025-09-17T17:30:23.673+0200] {subprocess.py:93} INFO - [0m15:30:23
[2025-09-17T17:30:23.675+0200] {subprocess.py:93} INFO - [0m15:30:23  [32mCompleted successfully[0m
[2025-09-17T17:30:23.677+0200] {subprocess.py:93} INFO - [0m15:30:23
[2025-09-17T17:30:23.681+0200] {subprocess.py:93} INFO - [0m15:30:23  Done. PASS=17 WARN=0 ERROR=0 SKIP=0 TOTAL=17
[2025-09-17T17:30:25.378+0200] {subprocess.py:97} INFO - Command exited with return code 0
[2025-09-17T17:30:25.380+0200] {taskinstance.py:441} INFO - ::group::Post task execution logs
[2025-09-17T17:30:25.465+0200] {taskinstance.py:1206} INFO - Marking task as SUCCESS. dag_id=etl_api_to_bi, task_id=dbt_build, run_id=scheduled__2025-09-17T15:15:00+00:00, execution_date=20250917T151500, start_date=20250917T153015, end_date=20250917T153025
[2025-09-17T17:30:25.553+0200] {local_task_job_runner.py:243} INFO - Task exited with return code 0
[2025-09-17T17:30:25.587+0200] {taskinstance.py:3503} INFO - 0 downstream tasks scheduled from follow-on schedule check
[2025-09-17T17:30:25.591+0200] {local_task_job_runner.py:222} INFO - ::endgroup::
