[2025-09-15T22:15:26.144+0200] {local_task_job_runner.py:120} INFO - ::group::Pre task execution logs
[2025-09-15T22:15:26.205+0200] {taskinstance.py:2076} INFO - Dependencies all met for dep_context=non-requeueable deps ti=<TaskInstance: etl_api_to_bi.dbt_build scheduled__2025-09-15T20:00:00+00:00 [queued]>
[2025-09-15T22:15:26.221+0200] {taskinstance.py:2076} INFO - Dependencies all met for dep_context=requeueable deps ti=<TaskInstance: etl_api_to_bi.dbt_build scheduled__2025-09-15T20:00:00+00:00 [queued]>
[2025-09-15T22:15:26.222+0200] {taskinstance.py:2306} INFO - Starting attempt 1 of 3
[2025-09-15T22:15:26.243+0200] {taskinstance.py:2330} INFO - Executing <Task(BashOperator): dbt_build> on 2025-09-15 20:00:00+00:00
[2025-09-15T22:15:26.254+0200] {standard_task_runner.py:64} INFO - Started process 1975 to run task
[2025-09-15T22:15:26.260+0200] {standard_task_runner.py:90} INFO - Running: ['airflow', 'tasks', 'run', 'etl_api_to_bi', 'dbt_build', 'scheduled__2025-09-15T20:00:00+00:00', '--job-id', '57', '--raw', '--subdir', 'DAGS_FOLDER/etl_api_to_bi.py', '--cfg-path', '/tmp/tmpbw7k_bb2']
[2025-09-15T22:15:26.264+0200] {standard_task_runner.py:91} INFO - Job 57: Subtask dbt_build
[2025-09-15T22:15:26.365+0200] {task_command.py:426} INFO - Running <TaskInstance: etl_api_to_bi.dbt_build scheduled__2025-09-15T20:00:00+00:00 [running]> on host f51a750ef2c3
[2025-09-15T22:15:26.753+0200] {taskinstance.py:2648} INFO - Exporting env vars: AIRFLOW_CTX_DAG_OWNER='data' AIRFLOW_CTX_DAG_ID='etl_api_to_bi' AIRFLOW_CTX_TASK_ID='dbt_build' AIRFLOW_CTX_EXECUTION_DATE='2025-09-15T20:00:00+00:00' AIRFLOW_CTX_TRY_NUMBER='1' AIRFLOW_CTX_DAG_RUN_ID='scheduled__2025-09-15T20:00:00+00:00'
[2025-09-15T22:15:26.755+0200] {taskinstance.py:430} INFO - ::endgroup::
[2025-09-15T22:15:26.768+0200] {subprocess.py:63} INFO - Tmp dir root location: /tmp
[2025-09-15T22:15:26.770+0200] {subprocess.py:75} INFO - Running command: ['/usr/bin/bash', '-c', "docker exec dbt bash -lc 'cd /usr/app && dbt build --fail-fast --profiles-dir /root/.dbt'"]
[2025-09-15T22:15:26.785+0200] {subprocess.py:86} INFO - Output:
[2025-09-15T22:15:29.587+0200] {subprocess.py:93} INFO - [0m20:15:29  Running with dbt=1.8.3
[2025-09-15T22:15:30.079+0200] {subprocess.py:93} INFO - [0m20:15:30  Registered adapter: postgres=1.8.2
[2025-09-15T22:15:30.566+0200] {subprocess.py:93} INFO - [0m20:15:30  Unable to do partial parsing because profile has changed
[2025-09-15T22:15:35.358+0200] {subprocess.py:93} INFO - [0m20:15:35  [[33mWARNING[0m]: Deprecated functionality
[2025-09-15T22:15:35.359+0200] {subprocess.py:93} INFO - The `tests` config has been renamed to `data_tests`. Please see
[2025-09-15T22:15:35.359+0200] {subprocess.py:93} INFO - https://docs.getdbt.com/docs/build/data-tests#new-data_tests-syntax for more
[2025-09-15T22:15:35.360+0200] {subprocess.py:93} INFO - information.
[2025-09-15T22:15:35.864+0200] {subprocess.py:93} INFO - [0m20:15:35  Found 6 models, 11 data tests, 531 macros
[2025-09-15T22:15:35.871+0200] {subprocess.py:93} INFO - [0m20:15:35
[2025-09-15T22:15:36.457+0200] {subprocess.py:93} INFO - [0m20:15:36  Concurrency: 4 threads (target='dev')
[2025-09-15T22:15:36.463+0200] {subprocess.py:93} INFO - [0m20:15:36
[2025-09-15T22:15:36.474+0200] {subprocess.py:93} INFO - [0m20:15:36  1 of 17 START sql view model _staging.stg_customers ............................ [RUN]
[2025-09-15T22:15:36.476+0200] {subprocess.py:93} INFO - [0m20:15:36  2 of 17 START sql view model _staging.stg_payments ............................. [RUN]
[2025-09-15T22:15:36.480+0200] {subprocess.py:93} INFO - [0m20:15:36  3 of 17 START sql view model _staging.stg_sessions ............................. [RUN]
[2025-09-15T22:15:36.852+0200] {subprocess.py:93} INFO - [0m20:15:36  3 of 17 OK created sql view model _staging.stg_sessions ........................ [[32mCREATE VIEW[0m in 0.36s]
[2025-09-15T22:15:36.854+0200] {subprocess.py:93} INFO - [0m20:15:36  2 of 17 OK created sql view model _staging.stg_payments ........................ [[32mCREATE VIEW[0m in 0.36s]
[2025-09-15T22:15:36.857+0200] {subprocess.py:93} INFO - [0m20:15:36  1 of 17 OK created sql view model _staging.stg_customers ....................... [[32mCREATE VIEW[0m in 0.37s]
[2025-09-15T22:15:36.872+0200] {subprocess.py:93} INFO - [0m20:15:36  4 of 17 START test accepted_values_stg_sessions_source__google__direct__facebook__linkedin__newsletter__referral__bing  [RUN]
[2025-09-15T22:15:36.875+0200] {subprocess.py:93} INFO - [0m20:15:36  5 of 17 START test not_null_stg_sessions_session_id ............................ [RUN]
[2025-09-15T22:15:36.876+0200] {subprocess.py:93} INFO - [0m20:15:36  6 of 17 START test unique_stg_sessions_session_id .............................. [RUN]
[2025-09-15T22:15:36.878+0200] {subprocess.py:93} INFO - [0m20:15:36  7 of 17 START test accepted_values_stg_payments_status__succeeded__failed__refunded  [RUN]
[2025-09-15T22:15:37.237+0200] {subprocess.py:93} INFO - [0m20:15:37  5 of 17 PASS not_null_stg_sessions_session_id .................................. [[32mPASS[0m in 0.35s]
[2025-09-15T22:15:37.243+0200] {subprocess.py:93} INFO - [0m20:15:37  7 of 17 PASS accepted_values_stg_payments_status__succeeded__failed__refunded .. [[32mPASS[0m in 0.36s]
[2025-09-15T22:15:37.249+0200] {subprocess.py:93} INFO - [0m20:15:37  8 of 17 START test not_null_stg_payments_payment_id ............................ [RUN]
[2025-09-15T22:15:37.255+0200] {subprocess.py:93} INFO - [0m20:15:37  9 of 17 START test unique_stg_payments_payment_id .............................. [RUN]
[2025-09-15T22:15:37.303+0200] {subprocess.py:93} INFO - [0m20:15:37  4 of 17 PASS accepted_values_stg_sessions_source__google__direct__facebook__linkedin__newsletter__referral__bing  [[32mPASS[0m in 0.42s]
[2025-09-15T22:15:37.315+0200] {subprocess.py:93} INFO - [0m20:15:37  6 of 17 PASS unique_stg_sessions_session_id .................................... [[32mPASS[0m in 0.43s]
[2025-09-15T22:15:37.326+0200] {subprocess.py:93} INFO - [0m20:15:37  10 of 17 START test not_null_stg_customers_country ............................. [RUN]
[2025-09-15T22:15:37.331+0200] {subprocess.py:93} INFO - [0m20:15:37  11 of 17 START test not_null_stg_customers_customer_id ......................... [RUN]
[2025-09-15T22:15:37.437+0200] {subprocess.py:93} INFO - [0m20:15:37  8 of 17 PASS not_null_stg_payments_payment_id .................................. [[32mPASS[0m in 0.18s]
[2025-09-15T22:15:37.457+0200] {subprocess.py:93} INFO - [0m20:15:37  12 of 17 START test unique_stg_customers_customer_id ........................... [RUN]
[2025-09-15T22:15:37.469+0200] {subprocess.py:93} INFO - [0m20:15:37  9 of 17 PASS unique_stg_payments_payment_id .................................... [[32mPASS[0m in 0.21s]
[2025-09-15T22:15:37.503+0200] {subprocess.py:93} INFO - [0m20:15:37  13 of 17 START sql table model _analytics.fct_marketing_attribution ............ [RUN]
[2025-09-15T22:15:37.552+0200] {subprocess.py:93} INFO - [0m20:15:37  10 of 17 PASS not_null_stg_customers_country ................................... [[32mPASS[0m in 0.22s]
[2025-09-15T22:15:37.555+0200] {subprocess.py:93} INFO - [0m20:15:37  11 of 17 PASS not_null_stg_customers_customer_id ............................... [[32mPASS[0m in 0.22s]
[2025-09-15T22:15:37.612+0200] {subprocess.py:93} INFO - [0m20:15:37  14 of 17 START sql table model _analytics.fct_revenue_daily .................... [RUN]
[2025-09-15T22:15:37.694+0200] {subprocess.py:93} INFO - [0m20:15:37  12 of 17 PASS unique_stg_customers_customer_id ................................. [[32mPASS[0m in 0.23s]
[2025-09-15T22:15:37.711+0200] {subprocess.py:93} INFO - [0m20:15:37  15 of 17 START sql table model _analytics.dim_customer ......................... [RUN]
[2025-09-15T22:15:37.937+0200] {subprocess.py:93} INFO - [0m20:15:37  13 of 17 OK created sql table model _analytics.fct_marketing_attribution ....... [[32mSELECT 5698[0m in 0.41s]
[2025-09-15T22:15:37.962+0200] {subprocess.py:93} INFO - [0m20:15:37  16 of 17 START test not_null_fct_marketing_attribution_session_day ............. [RUN]
[2025-09-15T22:15:37.999+0200] {subprocess.py:93} INFO - [0m20:15:37  14 of 17 OK created sql table model _analytics.fct_revenue_daily ............... [[32mSELECT 4336[0m in 0.37s]
[2025-09-15T22:15:38.014+0200] {subprocess.py:93} INFO - [0m20:15:38  17 of 17 START test not_null_fct_revenue_daily_order_day ....................... [RUN]
[2025-09-15T22:15:38.096+0200] {subprocess.py:93} INFO - [0m20:15:38  15 of 17 OK created sql table model _analytics.dim_customer .................... [[32mSELECT 1000[0m in 0.37s]
[2025-09-15T22:15:38.124+0200] {subprocess.py:93} INFO - [0m20:15:38  16 of 17 PASS not_null_fct_marketing_attribution_session_day ................... [[32mPASS[0m in 0.16s]
[2025-09-15T22:15:38.147+0200] {subprocess.py:93} INFO - [0m20:15:38  17 of 17 PASS not_null_fct_revenue_daily_order_day ............................. [[32mPASS[0m in 0.13s]
[2025-09-15T22:15:38.190+0200] {subprocess.py:93} INFO - [0m20:15:38
[2025-09-15T22:15:38.191+0200] {subprocess.py:93} INFO - [0m20:15:38  Finished running 3 view models, 11 data tests, 3 table models in 0 hours 0 minutes and 2.32 seconds (2.32s).
[2025-09-15T22:15:38.296+0200] {subprocess.py:93} INFO - [0m20:15:38
[2025-09-15T22:15:38.298+0200] {subprocess.py:93} INFO - [0m20:15:38  [32mCompleted successfully[0m
[2025-09-15T22:15:38.300+0200] {subprocess.py:93} INFO - [0m20:15:38
[2025-09-15T22:15:38.303+0200] {subprocess.py:93} INFO - [0m20:15:38  Done. PASS=17 WARN=0 ERROR=0 SKIP=0 TOTAL=17
[2025-09-15T22:15:39.555+0200] {subprocess.py:97} INFO - Command exited with return code 0
[2025-09-15T22:15:39.557+0200] {taskinstance.py:441} INFO - ::group::Post task execution logs
[2025-09-15T22:15:39.607+0200] {taskinstance.py:1206} INFO - Marking task as SUCCESS. dag_id=etl_api_to_bi, task_id=dbt_build, run_id=scheduled__2025-09-15T20:00:00+00:00, execution_date=20250915T200000, start_date=20250915T201526, end_date=20250915T201539
[2025-09-15T22:15:39.650+0200] {local_task_job_runner.py:243} INFO - Task exited with return code 0
[2025-09-15T22:15:39.674+0200] {taskinstance.py:3503} INFO - 0 downstream tasks scheduled from follow-on schedule check
[2025-09-15T22:15:39.677+0200] {local_task_job_runner.py:222} INFO - ::endgroup::
