[2025-09-15T23:16:10.250+0200] {local_task_job_runner.py:120} INFO - ::group::Pre task execution logs
[2025-09-15T23:16:10.314+0200] {taskinstance.py:2076} INFO - Dependencies all met for dep_context=non-requeueable deps ti=<TaskInstance: etl_api_to_bi.extract_sessions scheduled__2025-09-15T21:00:00+00:00 [queued]>
[2025-09-15T23:16:10.327+0200] {taskinstance.py:2076} INFO - Dependencies all met for dep_context=requeueable deps ti=<TaskInstance: etl_api_to_bi.extract_sessions scheduled__2025-09-15T21:00:00+00:00 [queued]>
[2025-09-15T23:16:10.329+0200] {taskinstance.py:2306} INFO - Starting attempt 1 of 3
[2025-09-15T23:16:10.352+0200] {taskinstance.py:2330} INFO - Executing <Task(PythonOperator): extract_sessions> on 2025-09-15 21:00:00+00:00
[2025-09-15T23:16:10.361+0200] {standard_task_runner.py:64} INFO - Started process 231 to run task
[2025-09-15T23:16:10.369+0200] {standard_task_runner.py:90} INFO - Running: ['airflow', 'tasks', 'run', 'etl_api_to_bi', 'extract_sessions', 'scheduled__2025-09-15T21:00:00+00:00', '--job-id', '3', '--raw', '--subdir', 'DAGS_FOLDER/etl_api_to_bi.py', '--cfg-path', '/tmp/tmpeuizcchj']
[2025-09-15T23:16:10.374+0200] {standard_task_runner.py:91} INFO - Job 3: Subtask extract_sessions
[2025-09-15T23:16:10.544+0200] {task_command.py:426} INFO - Running <TaskInstance: etl_api_to_bi.extract_sessions scheduled__2025-09-15T21:00:00+00:00 [running]> on host 57c4c52ce801
[2025-09-15T23:16:11.708+0200] {taskinstance.py:2648} INFO - Exporting env vars: AIRFLOW_CTX_DAG_OWNER='data' AIRFLOW_CTX_DAG_ID='etl_api_to_bi' AIRFLOW_CTX_TASK_ID='extract_sessions' AIRFLOW_CTX_EXECUTION_DATE='2025-09-15T21:00:00+00:00' AIRFLOW_CTX_TRY_NUMBER='1' AIRFLOW_CTX_DAG_RUN_ID='scheduled__2025-09-15T21:00:00+00:00'
[2025-09-15T23:16:11.720+0200] {taskinstance.py:430} INFO - ::endgroup::
[2025-09-15T23:16:13.835+0200] {crypto.py:82} WARNING - empty cryptography key - values will not be stored encrypted.
[2025-09-15T23:16:13.838+0200] {base.py:84} INFO - Using connection ID 'postgres_default' for task execution.
[2025-09-15T23:16:15.242+0200] {base.py:84} INFO - Using connection ID 'postgres_default' for task execution.
[2025-09-15T23:16:16.453+0200] {base.py:84} INFO - Using connection ID 'postgres_default' for task execution.
[2025-09-15T23:16:17.794+0200] {base.py:84} INFO - Using connection ID 'postgres_default' for task execution.
[2025-09-15T23:16:18.835+0200] {base.py:84} INFO - Using connection ID 'postgres_default' for task execution.
[2025-09-15T23:16:19.878+0200] {base.py:84} INFO - Using connection ID 'postgres_default' for task execution.
[2025-09-15T23:16:20.620+0200] {base.py:84} INFO - Using connection ID 'postgres_default' for task execution.
[2025-09-15T23:16:21.300+0200] {base.py:84} INFO - Using connection ID 'postgres_default' for task execution.
[2025-09-15T23:16:22.104+0200] {base.py:84} INFO - Using connection ID 'postgres_default' for task execution.
[2025-09-15T23:16:22.810+0200] {base.py:84} INFO - Using connection ID 'postgres_default' for task execution.
[2025-09-15T23:16:23.336+0200] {base.py:84} INFO - Using connection ID 'postgres_default' for task execution.
[2025-09-15T23:16:23.856+0200] {base.py:84} INFO - Using connection ID 'postgres_default' for task execution.
[2025-09-15T23:16:24.598+0200] {base.py:84} INFO - Using connection ID 'postgres_default' for task execution.
[2025-09-15T23:16:25.359+0200] {base.py:84} INFO - Using connection ID 'postgres_default' for task execution.
[2025-09-15T23:16:26.098+0200] {base.py:84} INFO - Using connection ID 'postgres_default' for task execution.
[2025-09-15T23:16:26.696+0200] {base.py:84} INFO - Using connection ID 'postgres_default' for task execution.
[2025-09-15T23:16:27.338+0200] {base.py:84} INFO - Using connection ID 'postgres_default' for task execution.
[2025-09-15T23:16:28.067+0200] {base.py:84} INFO - Using connection ID 'postgres_default' for task execution.
[2025-09-15T23:16:26.980+0200] {base.py:84} INFO - Using connection ID 'postgres_default' for task execution.
[2025-09-15T23:16:27.524+0200] {base.py:84} INFO - Using connection ID 'postgres_default' for task execution.
[2025-09-15T23:16:27.980+0200] {base.py:84} INFO - Using connection ID 'postgres_default' for task execution.
[2025-09-15T23:16:28.558+0200] {base.py:84} INFO - Using connection ID 'postgres_default' for task execution.
[2025-09-15T23:16:29.063+0200] {base.py:84} INFO - Using connection ID 'postgres_default' for task execution.
[2025-09-15T23:16:29.843+0200] {base.py:84} INFO - Using connection ID 'postgres_default' for task execution.
[2025-09-15T23:16:30.430+0200] {base.py:84} INFO - Using connection ID 'postgres_default' for task execution.
[2025-09-15T23:16:31.103+0200] {base.py:84} INFO - Using connection ID 'postgres_default' for task execution.
[2025-09-15T23:16:31.901+0200] {base.py:84} INFO - Using connection ID 'postgres_default' for task execution.
[2025-09-15T23:16:32.869+0200] {base.py:84} INFO - Using connection ID 'postgres_default' for task execution.
[2025-09-15T23:16:33.478+0200] {base.py:84} INFO - Using connection ID 'postgres_default' for task execution.
[2025-09-15T23:16:34.270+0200] {base.py:84} INFO - Using connection ID 'postgres_default' for task execution.
[2025-09-15T23:16:36.164+0200] {base.py:84} INFO - Using connection ID 'postgres_default' for task execution.
[2025-09-15T23:16:36.760+0200] {base.py:84} INFO - Using connection ID 'postgres_default' for task execution.
[2025-09-15T23:16:37.439+0200] {base.py:84} INFO - Using connection ID 'postgres_default' for task execution.
[2025-09-15T23:16:38.039+0200] {base.py:84} INFO - Using connection ID 'postgres_default' for task execution.
[2025-09-15T23:17:33.384+0200] {base.py:84} INFO - Using connection ID 'postgres_default' for task execution.
[2025-09-15T23:17:33.889+0200] {base.py:84} INFO - Using connection ID 'postgres_default' for task execution.
[2025-09-15T23:17:34.424+0200] {base.py:84} INFO - Using connection ID 'postgres_default' for task execution.
[2025-09-15T23:17:35.066+0200] {base.py:84} INFO - Using connection ID 'postgres_default' for task execution.
[2025-09-15T23:17:35.573+0200] {base.py:84} INFO - Using connection ID 'postgres_default' for task execution.
[2025-09-15T23:17:36.223+0200] {base.py:84} INFO - Using connection ID 'postgres_default' for task execution.
[2025-09-15T23:17:37.114+0200] {base.py:84} INFO - Using connection ID 'postgres_default' for task execution.
[2025-09-15T23:17:37.999+0200] {base.py:84} INFO - Using connection ID 'postgres_default' for task execution.
[2025-09-15T23:17:38.624+0200] {base.py:84} INFO - Using connection ID 'postgres_default' for task execution.
[2025-09-15T23:17:39.472+0200] {base.py:84} INFO - Using connection ID 'postgres_default' for task execution.
[2025-09-15T23:17:40.414+0200] {base.py:84} INFO - Using connection ID 'postgres_default' for task execution.
[2025-09-15T23:17:41.949+0200] {base.py:84} INFO - Using connection ID 'postgres_default' for task execution.
[2025-09-15T23:17:42.566+0200] {base.py:84} INFO - Using connection ID 'postgres_default' for task execution.
[2025-09-15T23:17:43.602+0200] {base.py:84} INFO - Using connection ID 'postgres_default' for task execution.
[2025-09-15T23:17:44.550+0200] {base.py:84} INFO - Using connection ID 'postgres_default' for task execution.
[2025-09-15T23:17:45.022+0200] {base.py:84} INFO - Using connection ID 'postgres_default' for task execution.
[2025-09-15T23:17:45.792+0200] {base.py:84} INFO - Using connection ID 'postgres_default' for task execution.
[2025-09-15T23:17:46.403+0200] {base.py:84} INFO - Using connection ID 'postgres_default' for task execution.
[2025-09-15T23:17:47.368+0200] {base.py:84} INFO - Using connection ID 'postgres_default' for task execution.
[2025-09-15T23:17:48.957+0200] {base.py:84} INFO - Using connection ID 'postgres_default' for task execution.
[2025-09-15T23:17:49.574+0200] {base.py:84} INFO - Using connection ID 'postgres_default' for task execution.
[2025-09-15T23:17:49.428+0200] {base.py:84} INFO - Using connection ID 'postgres_default' for task execution.
[2025-09-15T23:17:48.489+0200] {base.py:84} INFO - Using connection ID 'postgres_default' for task execution.
[2025-09-15T23:17:48.661+0200] {python.py:237} INFO - Done. Returned value was: 28215
[2025-09-15T23:17:48.662+0200] {taskinstance.py:441} INFO - ::group::Post task execution logs
[2025-09-15T23:17:48.724+0200] {taskinstance.py:1206} INFO - Marking task as SUCCESS. dag_id=etl_api_to_bi, task_id=extract_sessions, run_id=scheduled__2025-09-15T21:00:00+00:00, execution_date=20250915T210000, start_date=20250915T211610, end_date=20250915T211748
[2025-09-15T23:17:48.783+0200] {local_task_job_runner.py:243} INFO - Task exited with return code 0
[2025-09-15T23:17:48.886+0200] {taskinstance.py:3503} INFO - 1 downstream tasks scheduled from follow-on schedule check
[2025-09-15T23:17:48.891+0200] {local_task_job_runner.py:222} INFO - ::endgroup::
