[2025-09-15T23:40:24.285+0200] {local_task_job_runner.py:120} INFO - ::group::Pre task execution logs
[2025-09-15T23:40:24.366+0200] {taskinstance.py:2076} INFO - Dependencies all met for dep_context=non-requeueable deps ti=<TaskInstance: etl_api_to_bi.dbt_build scheduled__2025-09-15T21:15:00+00:00 [queued]>
[2025-09-15T23:40:24.383+0200] {taskinstance.py:2076} INFO - Dependencies all met for dep_context=requeueable deps ti=<TaskInstance: etl_api_to_bi.dbt_build scheduled__2025-09-15T21:15:00+00:00 [queued]>
[2025-09-15T23:40:24.384+0200] {taskinstance.py:2306} INFO - Starting attempt 1 of 3
[2025-09-15T23:40:24.404+0200] {taskinstance.py:2330} INFO - Executing <Task(BashOperator): dbt_build> on 2025-09-15 21:15:00+00:00
[2025-09-15T23:40:24.413+0200] {standard_task_runner.py:64} INFO - Started process 246 to run task
[2025-09-15T23:40:24.420+0200] {standard_task_runner.py:90} INFO - Running: ['airflow', 'tasks', 'run', 'etl_api_to_bi', 'dbt_build', 'scheduled__2025-09-15T21:15:00+00:00', '--job-id', '6', '--raw', '--subdir', 'DAGS_FOLDER/etl_api_to_bi.py', '--cfg-path', '/tmp/tmp4dbzed71']
[2025-09-15T23:40:24.423+0200] {standard_task_runner.py:91} INFO - Job 6: Subtask dbt_build
[2025-09-15T23:40:24.548+0200] {task_command.py:426} INFO - Running <TaskInstance: etl_api_to_bi.dbt_build scheduled__2025-09-15T21:15:00+00:00 [running]> on host b5272c808890
[2025-09-15T23:40:25.098+0200] {taskinstance.py:2648} INFO - Exporting env vars: AIRFLOW_CTX_DAG_OWNER='data' AIRFLOW_CTX_DAG_ID='etl_api_to_bi' AIRFLOW_CTX_TASK_ID='dbt_build' AIRFLOW_CTX_EXECUTION_DATE='2025-09-15T21:15:00+00:00' AIRFLOW_CTX_TRY_NUMBER='1' AIRFLOW_CTX_DAG_RUN_ID='scheduled__2025-09-15T21:15:00+00:00'
[2025-09-15T23:40:25.099+0200] {taskinstance.py:430} INFO - ::endgroup::
[2025-09-15T23:40:25.121+0200] {subprocess.py:63} INFO - Tmp dir root location: /tmp
[2025-09-15T23:40:25.124+0200] {subprocess.py:75} INFO - Running command: ['/usr/bin/bash', '-c', "docker exec dbt bash -lc 'cd /usr/app && dbt build --fail-fast --profiles-dir /root/.dbt'"]
[2025-09-15T23:40:25.144+0200] {subprocess.py:86} INFO - Output:
[2025-09-15T23:40:28.673+0200] {subprocess.py:93} INFO - [0m21:40:28  Running with dbt=1.8.3
[2025-09-15T23:40:29.096+0200] {subprocess.py:93} INFO - [0m21:40:29  Registered adapter: postgres=1.8.2
[2025-09-15T23:40:31.683+0200] {subprocess.py:93} INFO - [0m21:40:31  Found 6 models, 11 data tests, 531 macros
[2025-09-15T23:40:31.690+0200] {subprocess.py:93} INFO - [0m21:40:31
[2025-09-15T23:40:32.074+0200] {subprocess.py:93} INFO - [0m21:40:32  Concurrency: 4 threads (target='dev')
[2025-09-15T23:40:32.076+0200] {subprocess.py:93} INFO - [0m21:40:32
[2025-09-15T23:40:32.088+0200] {subprocess.py:93} INFO - [0m21:40:32  1 of 17 START sql view model _staging.stg_customers ............................ [RUN]
[2025-09-15T23:40:32.091+0200] {subprocess.py:93} INFO - [0m21:40:32  2 of 17 START sql view model _staging.stg_payments ............................. [RUN]
[2025-09-15T23:40:32.096+0200] {subprocess.py:93} INFO - [0m21:40:32  3 of 17 START sql view model _staging.stg_sessions ............................. [RUN]
[2025-09-15T23:40:32.754+0200] {subprocess.py:93} INFO - [0m21:40:32  3 of 17 OK created sql view model _staging.stg_sessions ........................ [[32mCREATE VIEW[0m in 0.64s]
[2025-09-15T23:40:32.757+0200] {subprocess.py:93} INFO - [0m21:40:32  2 of 17 OK created sql view model _staging.stg_payments ........................ [[32mCREATE VIEW[0m in 0.65s]
[2025-09-15T23:40:32.760+0200] {subprocess.py:93} INFO - [0m21:40:32  1 of 17 OK created sql view model _staging.stg_customers ....................... [[32mCREATE VIEW[0m in 0.65s]
[2025-09-15T23:40:32.782+0200] {subprocess.py:93} INFO - [0m21:40:32  4 of 17 START test accepted_values_stg_sessions_source__google__direct__facebook__linkedin__newsletter__referral__bing  [RUN]
[2025-09-15T23:40:32.784+0200] {subprocess.py:93} INFO - [0m21:40:32  5 of 17 START test not_null_stg_sessions_session_id ............................ [RUN]
[2025-09-15T23:40:32.788+0200] {subprocess.py:93} INFO - [0m21:40:32  6 of 17 START test unique_stg_sessions_session_id .............................. [RUN]
[2025-09-15T23:40:32.791+0200] {subprocess.py:93} INFO - [0m21:40:32  7 of 17 START test accepted_values_stg_payments_status__succeeded__failed__refunded  [RUN]
[2025-09-15T23:40:33.151+0200] {subprocess.py:93} INFO - [0m21:40:33  5 of 17 PASS not_null_stg_sessions_session_id .................................. [[32mPASS[0m in 0.35s]
[2025-09-15T23:40:33.174+0200] {subprocess.py:93} INFO - [0m21:40:33  7 of 17 PASS accepted_values_stg_payments_status__succeeded__failed__refunded .. [[32mPASS[0m in 0.37s]
[2025-09-15T23:40:33.219+0200] {subprocess.py:93} INFO - [0m21:40:33  8 of 17 START test not_null_stg_payments_payment_id ............................ [RUN]
[2025-09-15T23:40:33.243+0200] {subprocess.py:93} INFO - [0m21:40:33  4 of 17 PASS accepted_values_stg_sessions_source__google__direct__facebook__linkedin__newsletter__referral__bing  [[32mPASS[0m in 0.45s]
[2025-09-15T23:40:33.259+0200] {subprocess.py:93} INFO - [0m21:40:33  9 of 17 START test unique_stg_payments_payment_id .............................. [RUN]
[2025-09-15T23:40:33.284+0200] {subprocess.py:93} INFO - [0m21:40:33  6 of 17 PASS unique_stg_sessions_session_id .................................... [[32mPASS[0m in 0.48s]
[2025-09-15T23:40:33.308+0200] {subprocess.py:93} INFO - [0m21:40:33  10 of 17 START test not_null_stg_customers_country ............................. [RUN]
[2025-09-15T23:40:33.325+0200] {subprocess.py:93} INFO - [0m21:40:33  11 of 17 START test not_null_stg_customers_customer_id ......................... [RUN]
[2025-09-15T23:40:33.450+0200] {subprocess.py:93} INFO - [0m21:40:33  8 of 17 PASS not_null_stg_payments_payment_id .................................. [[32mPASS[0m in 0.20s]
[2025-09-15T23:40:33.467+0200] {subprocess.py:93} INFO - [0m21:40:33  9 of 17 PASS unique_stg_payments_payment_id .................................... [[32mPASS[0m in 0.19s]
[2025-09-15T23:40:33.480+0200] {subprocess.py:93} INFO - [0m21:40:33  12 of 17 START test unique_stg_customers_customer_id ........................... [RUN]
[2025-09-15T23:40:33.498+0200] {subprocess.py:93} INFO - [0m21:40:33  10 of 17 PASS not_null_stg_customers_country ................................... [[32mPASS[0m in 0.17s]
[2025-09-15T23:40:33.504+0200] {subprocess.py:93} INFO - [0m21:40:33  13 of 17 START sql table model _analytics.fct_marketing_attribution ............ [RUN]
[2025-09-15T23:40:33.509+0200] {subprocess.py:93} INFO - [0m21:40:33  11 of 17 PASS not_null_stg_customers_customer_id ............................... [[32mPASS[0m in 0.18s]
[2025-09-15T23:40:33.536+0200] {subprocess.py:93} INFO - [0m21:40:33  14 of 17 START sql table model _analytics.fct_revenue_daily .................... [RUN]
[2025-09-15T23:40:33.695+0200] {subprocess.py:93} INFO - [0m21:40:33  12 of 17 PASS unique_stg_customers_customer_id ................................. [[32mPASS[0m in 0.20s]
[2025-09-15T23:40:33.705+0200] {subprocess.py:93} INFO - [0m21:40:33  15 of 17 START sql table model _analytics.dim_customer ......................... [RUN]
[2025-09-15T23:40:33.982+0200] {subprocess.py:93} INFO - [0m21:40:33  14 of 17 OK created sql table model _analytics.fct_revenue_daily ............... [[32mSELECT 4289[0m in 0.43s]
[2025-09-15T23:40:33.991+0200] {subprocess.py:93} INFO - [0m21:40:33  16 of 17 START test not_null_fct_revenue_daily_order_day ....................... [RUN]
[2025-09-15T23:40:34.063+0200] {subprocess.py:93} INFO - [0m21:40:34  13 of 17 OK created sql table model _analytics.fct_marketing_attribution ....... [[32mSELECT 5667[0m in 0.54s]
[2025-09-15T23:40:34.098+0200] {subprocess.py:93} INFO - [0m21:40:34  17 of 17 START test not_null_fct_marketing_attribution_session_day ............. [RUN]
[2025-09-15T23:40:34.110+0200] {subprocess.py:93} INFO - [0m21:40:34  15 of 17 OK created sql table model _analytics.dim_customer .................... [[32mSELECT 1000[0m in 0.39s]
[2025-09-15T23:40:34.185+0200] {subprocess.py:93} INFO - [0m21:40:34  16 of 17 PASS not_null_fct_revenue_daily_order_day ............................. [[32mPASS[0m in 0.18s]
[2025-09-15T23:40:34.306+0200] {subprocess.py:93} INFO - [0m21:40:34  17 of 17 PASS not_null_fct_marketing_attribution_session_day ................... [[32mPASS[0m in 0.19s]
[2025-09-15T23:40:34.375+0200] {subprocess.py:93} INFO - [0m21:40:34
[2025-09-15T23:40:34.378+0200] {subprocess.py:93} INFO - [0m21:40:34  Finished running 3 view models, 11 data tests, 3 table models in 0 hours 0 minutes and 2.68 seconds (2.68s).
[2025-09-15T23:40:34.534+0200] {subprocess.py:93} INFO - [0m21:40:34
[2025-09-15T23:40:34.540+0200] {subprocess.py:93} INFO - [0m21:40:34  [32mCompleted successfully[0m
[2025-09-15T23:40:34.543+0200] {subprocess.py:93} INFO - [0m21:40:34
[2025-09-15T23:40:34.547+0200] {subprocess.py:93} INFO - [0m21:40:34  Done. PASS=17 WARN=0 ERROR=0 SKIP=0 TOTAL=17
[2025-09-15T23:40:35.935+0200] {subprocess.py:97} INFO - Command exited with return code 0
[2025-09-15T23:40:35.937+0200] {taskinstance.py:441} INFO - ::group::Post task execution logs
[2025-09-15T23:40:35.997+0200] {taskinstance.py:1206} INFO - Marking task as SUCCESS. dag_id=etl_api_to_bi, task_id=dbt_build, run_id=scheduled__2025-09-15T21:15:00+00:00, execution_date=20250915T211500, start_date=20250915T214024, end_date=20250915T214035
[2025-09-15T23:40:36.068+0200] {local_task_job_runner.py:243} INFO - Task exited with return code 0
[2025-09-15T23:40:36.104+0200] {taskinstance.py:3503} INFO - 0 downstream tasks scheduled from follow-on schedule check
[2025-09-15T23:40:36.114+0200] {local_task_job_runner.py:222} INFO - ::endgroup::
