[2025-09-15T20:45:17.696+0200] {local_task_job_runner.py:120} INFO - ::group::Pre task execution logs
[2025-09-15T20:45:17.880+0200] {taskinstance.py:2076} INFO - Dependencies all met for dep_context=non-requeueable deps ti=<TaskInstance: etl_api_to_bi.dbt_build scheduled__2025-09-15T18:30:00+00:00 [queued]>
[2025-09-15T20:45:17.915+0200] {taskinstance.py:2076} INFO - Dependencies all met for dep_context=requeueable deps ti=<TaskInstance: etl_api_to_bi.dbt_build scheduled__2025-09-15T18:30:00+00:00 [queued]>
[2025-09-15T20:45:17.917+0200] {taskinstance.py:2306} INFO - Starting attempt 1 of 3
[2025-09-15T20:45:17.981+0200] {taskinstance.py:2330} INFO - Executing <Task(BashOperator): dbt_build> on 2025-09-15 18:30:00+00:00
[2025-09-15T20:45:18.012+0200] {standard_task_runner.py:64} INFO - Started process 916 to run task
[2025-09-15T20:45:18.021+0200] {standard_task_runner.py:90} INFO - Running: ['airflow', 'tasks', 'run', 'etl_api_to_bi', 'dbt_build', 'scheduled__2025-09-15T18:30:00+00:00', '--job-id', '27', '--raw', '--subdir', 'DAGS_FOLDER/etl_api_to_bi.py', '--cfg-path', '/tmp/tmpz8jlp9pc']
[2025-09-15T20:45:18.027+0200] {standard_task_runner.py:91} INFO - Job 27: Subtask dbt_build
[2025-09-15T20:45:18.176+0200] {task_command.py:426} INFO - Running <TaskInstance: etl_api_to_bi.dbt_build scheduled__2025-09-15T18:30:00+00:00 [running]> on host f51a750ef2c3
[2025-09-15T20:45:18.653+0200] {taskinstance.py:2648} INFO - Exporting env vars: AIRFLOW_CTX_DAG_OWNER='data' AIRFLOW_CTX_DAG_ID='etl_api_to_bi' AIRFLOW_CTX_TASK_ID='dbt_build' AIRFLOW_CTX_EXECUTION_DATE='2025-09-15T18:30:00+00:00' AIRFLOW_CTX_TRY_NUMBER='1' AIRFLOW_CTX_DAG_RUN_ID='scheduled__2025-09-15T18:30:00+00:00'
[2025-09-15T20:45:18.654+0200] {taskinstance.py:430} INFO - ::endgroup::
[2025-09-15T20:45:18.668+0200] {subprocess.py:63} INFO - Tmp dir root location: /tmp
[2025-09-15T20:45:18.669+0200] {subprocess.py:75} INFO - Running command: ['/usr/bin/bash', '-c', "docker exec dbt bash -lc 'cd /usr/app && dbt build --fail-fast --profiles-dir /root/.dbt'"]
[2025-09-15T20:45:18.683+0200] {subprocess.py:86} INFO - Output:
[2025-09-15T20:45:22.646+0200] {subprocess.py:93} INFO - [0m18:45:22  Running with dbt=1.8.3
[2025-09-15T20:45:23.550+0200] {subprocess.py:93} INFO - [0m18:45:23  Registered adapter: postgres=1.8.2
[2025-09-15T20:45:26.285+0200] {subprocess.py:93} INFO - [0m18:45:26  Found 6 models, 11 data tests, 531 macros
[2025-09-15T20:45:26.309+0200] {subprocess.py:93} INFO - [0m18:45:26
[2025-09-15T20:45:26.826+0200] {subprocess.py:93} INFO - [0m18:45:26  Concurrency: 4 threads (target='dev')
[2025-09-15T20:45:26.836+0200] {subprocess.py:93} INFO - [0m18:45:26
[2025-09-15T20:45:26.855+0200] {subprocess.py:93} INFO - [0m18:45:26  1 of 17 START sql view model public_staging.stg_customers ...................... [RUN]
[2025-09-15T20:45:26.858+0200] {subprocess.py:93} INFO - [0m18:45:26  2 of 17 START sql view model public_staging.stg_payments ....................... [RUN]
[2025-09-15T20:45:26.881+0200] {subprocess.py:93} INFO - [0m18:45:26  3 of 17 START sql view model public_staging.stg_sessions ....................... [RUN]
[2025-09-15T20:45:27.576+0200] {subprocess.py:93} INFO - [0m18:45:27  1 of 17 OK created sql view model public_staging.stg_customers ................. [[32mCREATE VIEW[0m in 0.68s]
[2025-09-15T20:45:27.580+0200] {subprocess.py:93} INFO - [0m18:45:27  2 of 17 OK created sql view model public_staging.stg_payments .................. [[32mCREATE VIEW[0m in 0.66s]
[2025-09-15T20:45:27.584+0200] {subprocess.py:93} INFO - [0m18:45:27  3 of 17 OK created sql view model public_staging.stg_sessions .................. [[32mCREATE VIEW[0m in 0.66s]
[2025-09-15T20:45:27.601+0200] {subprocess.py:93} INFO - [0m18:45:27  4 of 17 START test not_null_stg_customers_country .............................. [RUN]
[2025-09-15T20:45:27.603+0200] {subprocess.py:93} INFO - [0m18:45:27  5 of 17 START test not_null_stg_customers_customer_id .......................... [RUN]
[2025-09-15T20:45:27.605+0200] {subprocess.py:93} INFO - [0m18:45:27  6 of 17 START test unique_stg_customers_customer_id ............................ [RUN]
[2025-09-15T20:45:27.608+0200] {subprocess.py:93} INFO - [0m18:45:27  7 of 17 START test accepted_values_stg_payments_status__succeeded__failed__refunded  [RUN]
[2025-09-15T20:45:27.953+0200] {subprocess.py:93} INFO - [0m18:45:27  4 of 17 PASS not_null_stg_customers_country .................................... [[32mPASS[0m in 0.34s]
[2025-09-15T20:45:27.955+0200] {subprocess.py:93} INFO - [0m18:45:27  6 of 17 PASS unique_stg_customers_customer_id .................................. [[32mPASS[0m in 0.34s]
[2025-09-15T20:45:27.970+0200] {subprocess.py:93} INFO - [0m18:45:27  5 of 17 PASS not_null_stg_customers_customer_id ................................ [[32mPASS[0m in 0.36s]
[2025-09-15T20:45:27.976+0200] {subprocess.py:93} INFO - [0m18:45:27  7 of 17 PASS accepted_values_stg_payments_status__succeeded__failed__refunded .. [[32mPASS[0m in 0.36s]
[2025-09-15T20:45:27.981+0200] {subprocess.py:93} INFO - [0m18:45:27  8 of 17 START test not_null_stg_payments_payment_id ............................ [RUN]
[2025-09-15T20:45:27.983+0200] {subprocess.py:93} INFO - [0m18:45:27  9 of 17 START test unique_stg_payments_payment_id .............................. [RUN]
[2025-09-15T20:45:27.992+0200] {subprocess.py:93} INFO - [0m18:45:27  10 of 17 START test accepted_values_stg_sessions_source__google__direct__facebook__linkedin__newsletter__referral__bing  [RUN]
[2025-09-15T20:45:27.997+0200] {subprocess.py:93} INFO - [0m18:45:27  11 of 17 START test not_null_stg_sessions_session_id ........................... [RUN]
[2025-09-15T20:45:28.340+0200] {subprocess.py:93} INFO - [0m18:45:28  8 of 17 PASS not_null_stg_payments_payment_id .................................. [[32mPASS[0m in 0.35s]
[2025-09-15T20:45:28.346+0200] {subprocess.py:93} INFO - [0m18:45:28  9 of 17 PASS unique_stg_payments_payment_id .................................... [[32mPASS[0m in 0.35s]
[2025-09-15T20:45:28.348+0200] {subprocess.py:93} INFO - [0m18:45:28  11 of 17 PASS not_null_stg_sessions_session_id ................................. [[32mPASS[0m in 0.33s]
[2025-09-15T20:45:28.369+0200] {subprocess.py:93} INFO - [0m18:45:28  12 of 17 START test unique_stg_sessions_session_id ............................. [RUN]
[2025-09-15T20:45:28.372+0200] {subprocess.py:93} INFO - [0m18:45:28  13 of 17 START sql table model public_analytics.dim_customer ................... [RUN]
[2025-09-15T20:45:28.375+0200] {subprocess.py:93} INFO - [0m18:45:28  14 of 17 START sql table model public_analytics.fct_revenue_daily .............. [RUN]
[2025-09-15T20:45:28.423+0200] {subprocess.py:93} INFO - [0m18:45:28  10 of 17 PASS accepted_values_stg_sessions_source__google__direct__facebook__linkedin__newsletter__referral__bing  [[32mPASS[0m in 0.42s]
[2025-09-15T20:45:28.620+0200] {subprocess.py:93} INFO - [0m18:45:28  12 of 17 PASS unique_stg_sessions_session_id ................................... [[32mPASS[0m in 0.24s]
[2025-09-15T20:45:28.655+0200] {subprocess.py:93} INFO - [0m18:45:28  15 of 17 START sql table model public_analytics.fct_marketing_attribution ...... [RUN]
[2025-09-15T20:45:28.754+0200] {subprocess.py:93} INFO - [0m18:45:28  13 of 17 OK created sql table model public_analytics.dim_customer .............. [[32mSELECT 1000[0m in 0.37s]
[2025-09-15T20:45:28.784+0200] {subprocess.py:93} INFO - [0m18:45:28  14 of 17 OK created sql table model public_analytics.fct_revenue_daily ......... [[32mSELECT 4336[0m in 0.40s]
[2025-09-15T20:45:28.805+0200] {subprocess.py:93} INFO - [0m18:45:28  16 of 17 START test not_null_fct_revenue_daily_order_day ....................... [RUN]
[2025-09-15T20:45:28.914+0200] {subprocess.py:93} INFO - [0m18:45:28  16 of 17 PASS not_null_fct_revenue_daily_order_day ............................. [[32mPASS[0m in 0.10s]
[2025-09-15T20:45:29.015+0200] {subprocess.py:93} INFO - [0m18:45:29  15 of 17 OK created sql table model public_analytics.fct_marketing_attribution . [[32mSELECT 5698[0m in 0.35s]
[2025-09-15T20:45:29.024+0200] {subprocess.py:93} INFO - [0m18:45:29  17 of 17 START test not_null_fct_marketing_attribution_session_day ............. [RUN]
[2025-09-15T20:45:29.106+0200] {subprocess.py:93} INFO - [0m18:45:29  17 of 17 PASS not_null_fct_marketing_attribution_session_day ................... [[32mPASS[0m in 0.08s]
[2025-09-15T20:45:29.159+0200] {subprocess.py:93} INFO - [0m18:45:29
[2025-09-15T20:45:29.160+0200] {subprocess.py:93} INFO - [0m18:45:29  Finished running 3 view models, 11 data tests, 3 table models in 0 hours 0 minutes and 2.85 seconds (2.85s).
[2025-09-15T20:45:29.297+0200] {subprocess.py:93} INFO - [0m18:45:29
[2025-09-15T20:45:29.299+0200] {subprocess.py:93} INFO - [0m18:45:29  [32mCompleted successfully[0m
[2025-09-15T20:45:29.302+0200] {subprocess.py:93} INFO - [0m18:45:29
[2025-09-15T20:45:29.304+0200] {subprocess.py:93} INFO - [0m18:45:29  Done. PASS=17 WARN=0 ERROR=0 SKIP=0 TOTAL=17
[2025-09-15T20:45:30.230+0200] {subprocess.py:97} INFO - Command exited with return code 0
[2025-09-15T20:45:30.233+0200] {taskinstance.py:441} INFO - ::group::Post task execution logs
[2025-09-15T20:45:30.289+0200] {taskinstance.py:1206} INFO - Marking task as SUCCESS. dag_id=etl_api_to_bi, task_id=dbt_build, run_id=scheduled__2025-09-15T18:30:00+00:00, execution_date=20250915T183000, start_date=20250915T184517, end_date=20250915T184530
[2025-09-15T20:45:30.348+0200] {local_task_job_runner.py:243} INFO - Task exited with return code 0
[2025-09-15T20:45:30.375+0200] {taskinstance.py:3503} INFO - 0 downstream tasks scheduled from follow-on schedule check
[2025-09-15T20:45:30.379+0200] {local_task_job_runner.py:222} INFO - ::endgroup::
