[2025-09-17T17:45:14.309+0200] {local_task_job_runner.py:120} INFO - ::group::Pre task execution logs
[2025-09-17T17:45:14.361+0200] {taskinstance.py:2076} INFO - Dependencies all met for dep_context=non-requeueable deps ti=<TaskInstance: etl_api_to_bi.dbt_build scheduled__2025-09-17T15:30:00+00:00 [queued]>
[2025-09-17T17:45:14.378+0200] {taskinstance.py:2076} INFO - Dependencies all met for dep_context=requeueable deps ti=<TaskInstance: etl_api_to_bi.dbt_build scheduled__2025-09-17T15:30:00+00:00 [queued]>
[2025-09-17T17:45:14.379+0200] {taskinstance.py:2306} INFO - Starting attempt 1 of 3
[2025-09-17T17:45:14.411+0200] {taskinstance.py:2330} INFO - Executing <Task(BashOperator): dbt_build> on 2025-09-17 15:30:00+00:00
[2025-09-17T17:45:14.424+0200] {standard_task_runner.py:64} INFO - Started process 1522 to run task
[2025-09-17T17:45:14.431+0200] {standard_task_runner.py:90} INFO - Running: ['airflow', 'tasks', 'run', 'etl_api_to_bi', 'dbt_build', 'scheduled__2025-09-17T15:30:00+00:00', '--job-id', '104', '--raw', '--subdir', 'DAGS_FOLDER/etl_api_to_bi.py', '--cfg-path', '/tmp/tmpb83fngb9']
[2025-09-17T17:45:14.435+0200] {standard_task_runner.py:91} INFO - Job 104: Subtask dbt_build
[2025-09-17T17:45:14.557+0200] {task_command.py:426} INFO - Running <TaskInstance: etl_api_to_bi.dbt_build scheduled__2025-09-17T15:30:00+00:00 [running]> on host 1621268d5064
[2025-09-17T17:45:14.959+0200] {taskinstance.py:2648} INFO - Exporting env vars: AIRFLOW_CTX_DAG_OWNER='data' AIRFLOW_CTX_DAG_ID='etl_api_to_bi' AIRFLOW_CTX_TASK_ID='dbt_build' AIRFLOW_CTX_EXECUTION_DATE='2025-09-17T15:30:00+00:00' AIRFLOW_CTX_TRY_NUMBER='1' AIRFLOW_CTX_DAG_RUN_ID='scheduled__2025-09-17T15:30:00+00:00'
[2025-09-17T17:45:14.960+0200] {taskinstance.py:430} INFO - ::endgroup::
[2025-09-17T17:45:14.976+0200] {subprocess.py:63} INFO - Tmp dir root location: /tmp
[2025-09-17T17:45:14.978+0200] {subprocess.py:75} INFO - Running command: ['/usr/bin/bash', '-c', "docker exec dbt bash -lc 'cd /usr/app && dbt build --fail-fast --profiles-dir /root/.dbt'"]
[2025-09-17T17:45:14.996+0200] {subprocess.py:86} INFO - Output:
[2025-09-17T17:45:17.101+0200] {subprocess.py:93} INFO - [0m15:45:17  Running with dbt=1.8.3
[2025-09-17T17:45:17.465+0200] {subprocess.py:93} INFO - [0m15:45:17  Registered adapter: postgres=1.8.2
[2025-09-17T17:45:19.485+0200] {subprocess.py:93} INFO - [0m15:45:19  Found 6 models, 11 data tests, 531 macros
[2025-09-17T17:45:19.492+0200] {subprocess.py:93} INFO - [0m15:45:19
[2025-09-17T17:45:19.768+0200] {subprocess.py:93} INFO - [0m15:45:19  Concurrency: 4 threads (target='dev')
[2025-09-17T17:45:19.771+0200] {subprocess.py:93} INFO - [0m15:45:19
[2025-09-17T17:45:19.784+0200] {subprocess.py:93} INFO - [0m15:45:19  1 of 17 START sql view model public_staging.stg_customers ...................... [RUN]
[2025-09-17T17:45:19.786+0200] {subprocess.py:93} INFO - [0m15:45:19  2 of 17 START sql view model public_staging.stg_payments ....................... [RUN]
[2025-09-17T17:45:19.787+0200] {subprocess.py:93} INFO - [0m15:45:19  3 of 17 START sql view model public_staging.stg_sessions ....................... [RUN]
[2025-09-17T17:45:20.158+0200] {subprocess.py:93} INFO - [0m15:45:20  1 of 17 OK created sql view model public_staging.stg_customers ................. [[32mCREATE VIEW[0m in 0.36s]
[2025-09-17T17:45:20.162+0200] {subprocess.py:93} INFO - [0m15:45:20  2 of 17 OK created sql view model public_staging.stg_payments .................. [[32mCREATE VIEW[0m in 0.36s]
[2025-09-17T17:45:20.167+0200] {subprocess.py:93} INFO - [0m15:45:20  3 of 17 OK created sql view model public_staging.stg_sessions .................. [[32mCREATE VIEW[0m in 0.37s]
[2025-09-17T17:45:20.179+0200] {subprocess.py:93} INFO - [0m15:45:20  4 of 17 START test not_null_stg_customers_country .............................. [RUN]
[2025-09-17T17:45:20.180+0200] {subprocess.py:93} INFO - [0m15:45:20  5 of 17 START test not_null_stg_customers_customer_id .......................... [RUN]
[2025-09-17T17:45:20.185+0200] {subprocess.py:93} INFO - [0m15:45:20  6 of 17 START test unique_stg_customers_customer_id ............................ [RUN]
[2025-09-17T17:45:20.192+0200] {subprocess.py:93} INFO - [0m15:45:20  7 of 17 START test accepted_values_stg_payments_status__succeeded__failed__refunded  [RUN]
[2025-09-17T17:45:20.498+0200] {subprocess.py:93} INFO - [0m15:45:20  4 of 17 PASS not_null_stg_customers_country .................................... [[32mPASS[0m in 0.31s]
[2025-09-17T17:45:20.506+0200] {subprocess.py:93} INFO - [0m15:45:20  5 of 17 PASS not_null_stg_customers_customer_id ................................ [[32mPASS[0m in 0.32s]
[2025-09-17T17:45:20.511+0200] {subprocess.py:93} INFO - [0m15:45:20  7 of 17 PASS accepted_values_stg_payments_status__succeeded__failed__refunded .. [[32mPASS[0m in 0.31s]
[2025-09-17T17:45:20.514+0200] {subprocess.py:93} INFO - [0m15:45:20  6 of 17 PASS unique_stg_customers_customer_id .................................. [[32mPASS[0m in 0.32s]
[2025-09-17T17:45:20.527+0200] {subprocess.py:93} INFO - [0m15:45:20  8 of 17 START test not_null_stg_payments_payment_id ............................ [RUN]
[2025-09-17T17:45:20.534+0200] {subprocess.py:93} INFO - [0m15:45:20  9 of 17 START test unique_stg_payments_payment_id .............................. [RUN]
[2025-09-17T17:45:20.537+0200] {subprocess.py:93} INFO - [0m15:45:20  10 of 17 START test accepted_values_stg_sessions_source__google__direct__facebook__linkedin__newsletter__referral__bing  [RUN]
[2025-09-17T17:45:20.538+0200] {subprocess.py:93} INFO - [0m15:45:20  11 of 17 START test not_null_stg_sessions_session_id ........................... [RUN]
[2025-09-17T17:45:20.689+0200] {subprocess.py:93} INFO - [0m15:45:20  8 of 17 PASS not_null_stg_payments_payment_id .................................. [[32mPASS[0m in 0.15s]
[2025-09-17T17:45:20.711+0200] {subprocess.py:93} INFO - [0m15:45:20  12 of 17 START test unique_stg_sessions_session_id ............................. [RUN]
[2025-09-17T17:45:20.713+0200] {subprocess.py:93} INFO - [0m15:45:20  11 of 17 PASS not_null_stg_sessions_session_id ................................. [[32mPASS[0m in 0.17s]
[2025-09-17T17:45:20.740+0200] {subprocess.py:93} INFO - [0m15:45:20  9 of 17 PASS unique_stg_payments_payment_id .................................... [[32mPASS[0m in 0.20s]
[2025-09-17T17:45:20.742+0200] {subprocess.py:93} INFO - [0m15:45:20  13 of 17 START sql table model public_analytics.dim_customer ................... [RUN]
[2025-09-17T17:45:20.752+0200] {subprocess.py:93} INFO - [0m15:45:20  10 of 17 PASS accepted_values_stg_sessions_source__google__direct__facebook__linkedin__newsletter__referral__bing  [[32mPASS[0m in 0.21s]
[2025-09-17T17:45:20.762+0200] {subprocess.py:93} INFO - [0m15:45:20  14 of 17 START sql table model public_analytics.fct_revenue_daily .............. [RUN]
[2025-09-17T17:45:20.928+0200] {subprocess.py:93} INFO - [0m15:45:20  12 of 17 PASS unique_stg_sessions_session_id ................................... [[32mPASS[0m in 0.21s]
[2025-09-17T17:45:20.954+0200] {subprocess.py:93} INFO - [0m15:45:20  15 of 17 START sql table model public_analytics.fct_marketing_attribution ...... [RUN]
[2025-09-17T17:45:21.039+0200] {subprocess.py:93} INFO - [0m15:45:21  13 of 17 OK created sql table model public_analytics.dim_customer .............. [[32mSELECT 1013[0m in 0.28s]
[2025-09-17T17:45:21.059+0200] {subprocess.py:93} INFO - [0m15:45:21  14 of 17 OK created sql table model public_analytics.fct_revenue_daily ......... [[32mSELECT 4348[0m in 0.28s]
[2025-09-17T17:45:21.073+0200] {subprocess.py:93} INFO - [0m15:45:21  16 of 17 START test not_null_fct_revenue_daily_order_day ....................... [RUN]
[2025-09-17T17:45:21.162+0200] {subprocess.py:93} INFO - [0m15:45:21  16 of 17 PASS not_null_fct_revenue_daily_order_day ............................. [[32mPASS[0m in 0.08s]
[2025-09-17T17:45:21.235+0200] {subprocess.py:93} INFO - [0m15:45:21  15 of 17 OK created sql table model public_analytics.fct_marketing_attribution . [[32mSELECT 5749[0m in 0.27s]
[2025-09-17T17:45:21.241+0200] {subprocess.py:93} INFO - [0m15:45:21  17 of 17 START test not_null_fct_marketing_attribution_session_day ............. [RUN]
[2025-09-17T17:45:21.311+0200] {subprocess.py:93} INFO - [0m15:45:21  17 of 17 PASS not_null_fct_marketing_attribution_session_day ................... [[32mPASS[0m in 0.07s]
[2025-09-17T17:45:21.359+0200] {subprocess.py:93} INFO - [0m15:45:21
[2025-09-17T17:45:21.361+0200] {subprocess.py:93} INFO - [0m15:45:21  Finished running 3 view models, 11 data tests, 3 table models in 0 hours 0 minutes and 1.86 seconds (1.86s).
[2025-09-17T17:45:21.470+0200] {subprocess.py:93} INFO - [0m15:45:21
[2025-09-17T17:45:21.472+0200] {subprocess.py:93} INFO - [0m15:45:21  [32mCompleted successfully[0m
[2025-09-17T17:45:21.474+0200] {subprocess.py:93} INFO - [0m15:45:21
[2025-09-17T17:45:21.476+0200] {subprocess.py:93} INFO - [0m15:45:21  Done. PASS=17 WARN=0 ERROR=0 SKIP=0 TOTAL=17
[2025-09-17T17:45:23.083+0200] {subprocess.py:97} INFO - Command exited with return code 0
[2025-09-17T17:45:23.085+0200] {taskinstance.py:441} INFO - ::group::Post task execution logs
[2025-09-17T17:45:23.137+0200] {taskinstance.py:1206} INFO - Marking task as SUCCESS. dag_id=etl_api_to_bi, task_id=dbt_build, run_id=scheduled__2025-09-17T15:30:00+00:00, execution_date=20250917T153000, start_date=20250917T154514, end_date=20250917T154523
[2025-09-17T17:45:23.198+0200] {local_task_job_runner.py:243} INFO - Task exited with return code 0
[2025-09-17T17:45:23.230+0200] {taskinstance.py:3503} INFO - 0 downstream tasks scheduled from follow-on schedule check
[2025-09-17T17:45:23.235+0200] {local_task_job_runner.py:222} INFO - ::endgroup::
