[2025-09-16T01:00:19.196+0200] {local_task_job_runner.py:120} INFO - ::group::Pre task execution logs
[2025-09-16T01:00:19.259+0200] {taskinstance.py:2076} INFO - Dependencies all met for dep_context=non-requeueable deps ti=<TaskInstance: etl_api_to_bi.dbt_build scheduled__2025-09-15T22:45:00+00:00 [queued]>
[2025-09-16T01:00:19.285+0200] {taskinstance.py:2076} INFO - Dependencies all met for dep_context=requeueable deps ti=<TaskInstance: etl_api_to_bi.dbt_build scheduled__2025-09-15T22:45:00+00:00 [queued]>
[2025-09-16T01:00:19.286+0200] {taskinstance.py:2306} INFO - Starting attempt 1 of 3
[2025-09-16T01:00:19.306+0200] {taskinstance.py:2330} INFO - Executing <Task(BashOperator): dbt_build> on 2025-09-15 22:45:00+00:00
[2025-09-16T01:00:19.313+0200] {standard_task_runner.py:64} INFO - Started process 294 to run task
[2025-09-16T01:00:19.318+0200] {standard_task_runner.py:90} INFO - Running: ['airflow', 'tasks', 'run', 'etl_api_to_bi', 'dbt_build', 'scheduled__2025-09-15T22:45:00+00:00', '--job-id', '11', '--raw', '--subdir', 'DAGS_FOLDER/etl_api_to_bi.py', '--cfg-path', '/tmp/tmprc3da0u4']
[2025-09-16T01:00:19.322+0200] {standard_task_runner.py:91} INFO - Job 11: Subtask dbt_build
[2025-09-16T01:00:19.416+0200] {task_command.py:426} INFO - Running <TaskInstance: etl_api_to_bi.dbt_build scheduled__2025-09-15T22:45:00+00:00 [running]> on host 1621268d5064
[2025-09-16T01:00:19.743+0200] {taskinstance.py:2648} INFO - Exporting env vars: AIRFLOW_CTX_DAG_OWNER='data' AIRFLOW_CTX_DAG_ID='etl_api_to_bi' AIRFLOW_CTX_TASK_ID='dbt_build' AIRFLOW_CTX_EXECUTION_DATE='2025-09-15T22:45:00+00:00' AIRFLOW_CTX_TRY_NUMBER='1' AIRFLOW_CTX_DAG_RUN_ID='scheduled__2025-09-15T22:45:00+00:00'
[2025-09-16T01:00:19.744+0200] {taskinstance.py:430} INFO - ::endgroup::
[2025-09-16T01:00:19.762+0200] {subprocess.py:63} INFO - Tmp dir root location: /tmp
[2025-09-16T01:00:19.763+0200] {subprocess.py:75} INFO - Running command: ['/usr/bin/bash', '-c', "docker exec dbt bash -lc 'cd /usr/app && dbt build --fail-fast --profiles-dir /root/.dbt'"]
[2025-09-16T01:00:19.784+0200] {subprocess.py:86} INFO - Output:
[2025-09-16T01:00:22.037+0200] {subprocess.py:93} INFO - [0m23:00:22  Running with dbt=1.8.3
[2025-09-16T01:00:22.434+0200] {subprocess.py:93} INFO - [0m23:00:22  Registered adapter: postgres=1.8.2
[2025-09-16T01:00:24.648+0200] {subprocess.py:93} INFO - [0m23:00:24  Found 6 models, 11 data tests, 531 macros
[2025-09-16T01:00:24.656+0200] {subprocess.py:93} INFO - [0m23:00:24
[2025-09-16T01:00:25.050+0200] {subprocess.py:93} INFO - [0m23:00:25  Concurrency: 4 threads (target='dev')
[2025-09-16T01:00:25.054+0200] {subprocess.py:93} INFO - [0m23:00:25
[2025-09-16T01:00:25.067+0200] {subprocess.py:93} INFO - [0m23:00:25  1 of 17 START sql view model public_staging.stg_customers ...................... [RUN]
[2025-09-16T01:00:25.069+0200] {subprocess.py:93} INFO - [0m23:00:25  2 of 17 START sql view model public_staging.stg_payments ....................... [RUN]
[2025-09-16T01:00:25.074+0200] {subprocess.py:93} INFO - [0m23:00:25  3 of 17 START sql view model public_staging.stg_sessions ....................... [RUN]
[2025-09-16T01:00:25.450+0200] {subprocess.py:93} INFO - [0m23:00:25  2 of 17 OK created sql view model public_staging.stg_payments .................. [[32mCREATE VIEW[0m in 0.36s]
[2025-09-16T01:00:25.461+0200] {subprocess.py:93} INFO - [0m23:00:25  1 of 17 OK created sql view model public_staging.stg_customers ................. [[32mCREATE VIEW[0m in 0.38s]
[2025-09-16T01:00:25.473+0200] {subprocess.py:93} INFO - [0m23:00:25  4 of 17 START test accepted_values_stg_payments_status__succeeded__failed__refunded  [RUN]
[2025-09-16T01:00:25.476+0200] {subprocess.py:93} INFO - [0m23:00:25  5 of 17 START test not_null_stg_payments_payment_id ............................ [RUN]
[2025-09-16T01:00:25.489+0200] {subprocess.py:93} INFO - [0m23:00:25  3 of 17 OK created sql view model public_staging.stg_sessions .................. [[32mCREATE VIEW[0m in 0.40s]
[2025-09-16T01:00:25.491+0200] {subprocess.py:93} INFO - [0m23:00:25  6 of 17 START test unique_stg_payments_payment_id .............................. [RUN]
[2025-09-16T01:00:25.565+0200] {subprocess.py:93} INFO - [0m23:00:25  7 of 17 START test not_null_stg_customers_country .............................. [RUN]
[2025-09-16T01:00:25.919+0200] {subprocess.py:93} INFO - [0m23:00:25  4 of 17 PASS accepted_values_stg_payments_status__succeeded__failed__refunded .. [[32mPASS[0m in 0.43s]
[2025-09-16T01:00:25.939+0200] {subprocess.py:93} INFO - [0m23:00:25  8 of 17 START test not_null_stg_customers_customer_id .......................... [RUN]
[2025-09-16T01:00:25.948+0200] {subprocess.py:93} INFO - [0m23:00:25  5 of 17 PASS not_null_stg_payments_payment_id .................................. [[32mPASS[0m in 0.46s]
[2025-09-16T01:00:25.965+0200] {subprocess.py:93} INFO - [0m23:00:25  6 of 17 PASS unique_stg_payments_payment_id .................................... [[32mPASS[0m in 0.46s]
[2025-09-16T01:00:25.983+0200] {subprocess.py:93} INFO - [0m23:00:25  9 of 17 START test unique_stg_customers_customer_id ............................ [RUN]
[2025-09-16T01:00:26.000+0200] {subprocess.py:93} INFO - [0m23:00:25  10 of 17 START test accepted_values_stg_sessions_source__google__direct__facebook__linkedin__newsletter__referral__bing  [RUN]
[2025-09-16T01:00:26.006+0200] {subprocess.py:93} INFO - [0m23:00:26  7 of 17 PASS not_null_stg_customers_country .................................... [[32mPASS[0m in 0.42s]
[2025-09-16T01:00:26.057+0200] {subprocess.py:93} INFO - [0m23:00:26  11 of 17 START test not_null_stg_sessions_session_id ........................... [RUN]
[2025-09-16T01:00:26.171+0200] {subprocess.py:93} INFO - [0m23:00:26  8 of 17 PASS not_null_stg_customers_customer_id ................................ [[32mPASS[0m in 0.22s]
[2025-09-16T01:00:26.192+0200] {subprocess.py:93} INFO - [0m23:00:26  12 of 17 START test unique_stg_sessions_session_id ............................. [RUN]
[2025-09-16T01:00:26.218+0200] {subprocess.py:93} INFO - [0m23:00:26  9 of 17 PASS unique_stg_customers_customer_id .................................. [[32mPASS[0m in 0.22s]
[2025-09-16T01:00:26.251+0200] {subprocess.py:93} INFO - [0m23:00:26  13 of 17 START sql table model public_analytics.fct_revenue_daily .............. [RUN]
[2025-09-16T01:00:26.268+0200] {subprocess.py:93} INFO - [0m23:00:26  10 of 17 PASS accepted_values_stg_sessions_source__google__direct__facebook__linkedin__newsletter__referral__bing  [[32mPASS[0m in 0.25s]
[2025-09-16T01:00:26.293+0200] {subprocess.py:93} INFO - [0m23:00:26  11 of 17 PASS not_null_stg_sessions_session_id ................................. [[32mPASS[0m in 0.21s]
[2025-09-16T01:00:26.300+0200] {subprocess.py:93} INFO - [0m23:00:26  14 of 17 START sql table model public_analytics.dim_customer ................... [RUN]
[2025-09-16T01:00:26.484+0200] {subprocess.py:93} INFO - [0m23:00:26  12 of 17 PASS unique_stg_sessions_session_id ................................... [[32mPASS[0m in 0.28s]
[2025-09-16T01:00:26.496+0200] {subprocess.py:93} INFO - [0m23:00:26  15 of 17 START sql table model public_analytics.fct_marketing_attribution ...... [RUN]
[2025-09-16T01:00:26.602+0200] {subprocess.py:93} INFO - [0m23:00:26  14 of 17 OK created sql table model public_analytics.dim_customer .............. [[32mSELECT 1000[0m in 0.29s]
[2025-09-16T01:00:26.625+0200] {subprocess.py:93} INFO - [0m23:00:26  13 of 17 OK created sql table model public_analytics.fct_revenue_daily ......... [[32mSELECT 4306[0m in 0.36s]
[2025-09-16T01:00:26.631+0200] {subprocess.py:93} INFO - [0m23:00:26  16 of 17 START test not_null_fct_revenue_daily_order_day ....................... [RUN]
[2025-09-16T01:00:26.728+0200] {subprocess.py:93} INFO - [0m23:00:26  16 of 17 PASS not_null_fct_revenue_daily_order_day ............................. [[32mPASS[0m in 0.10s]
[2025-09-16T01:00:26.789+0200] {subprocess.py:93} INFO - [0m23:00:26  15 of 17 OK created sql table model public_analytics.fct_marketing_attribution . [[32mSELECT 5686[0m in 0.29s]
[2025-09-16T01:00:26.796+0200] {subprocess.py:93} INFO - [0m23:00:26  17 of 17 START test not_null_fct_marketing_attribution_session_day ............. [RUN]
[2025-09-16T01:00:26.881+0200] {subprocess.py:93} INFO - [0m23:00:26  17 of 17 PASS not_null_fct_marketing_attribution_session_day ................... [[32mPASS[0m in 0.08s]
[2025-09-16T01:00:26.932+0200] {subprocess.py:93} INFO - [0m23:00:26
[2025-09-16T01:00:26.934+0200] {subprocess.py:93} INFO - [0m23:00:26  Finished running 3 view models, 11 data tests, 3 table models in 0 hours 0 minutes and 2.27 seconds (2.27s).
[2025-09-16T01:00:27.020+0200] {subprocess.py:93} INFO - [0m23:00:27
[2025-09-16T01:00:27.021+0200] {subprocess.py:93} INFO - [0m23:00:27  [32mCompleted successfully[0m
[2025-09-16T01:00:27.023+0200] {subprocess.py:93} INFO - [0m23:00:27
[2025-09-16T01:00:27.026+0200] {subprocess.py:93} INFO - [0m23:00:27  Done. PASS=17 WARN=0 ERROR=0 SKIP=0 TOTAL=17
[2025-09-16T01:00:28.395+0200] {subprocess.py:97} INFO - Command exited with return code 0
[2025-09-16T01:00:28.397+0200] {taskinstance.py:441} INFO - ::group::Post task execution logs
[2025-09-16T01:00:28.480+0200] {taskinstance.py:1206} INFO - Marking task as SUCCESS. dag_id=etl_api_to_bi, task_id=dbt_build, run_id=scheduled__2025-09-15T22:45:00+00:00, execution_date=20250915T224500, start_date=20250915T230019, end_date=20250915T230028
[2025-09-16T01:00:28.524+0200] {local_task_job_runner.py:243} INFO - Task exited with return code 0
[2025-09-16T01:00:28.546+0200] {taskinstance.py:3503} INFO - 0 downstream tasks scheduled from follow-on schedule check
[2025-09-16T01:00:28.549+0200] {local_task_job_runner.py:222} INFO - ::endgroup::
