[2025-09-17T18:30:19.587+0200] {local_task_job_runner.py:120} INFO - ::group::Pre task execution logs
[2025-09-17T18:30:19.644+0200] {taskinstance.py:2076} INFO - Dependencies all met for dep_context=non-requeueable deps ti=<TaskInstance: etl_api_to_bi.dbt_build scheduled__2025-09-17T16:15:00+00:00 [queued]>
[2025-09-17T18:30:19.657+0200] {taskinstance.py:2076} INFO - Dependencies all met for dep_context=requeueable deps ti=<TaskInstance: etl_api_to_bi.dbt_build scheduled__2025-09-17T16:15:00+00:00 [queued]>
[2025-09-17T18:30:19.659+0200] {taskinstance.py:2306} INFO - Starting attempt 1 of 3
[2025-09-17T18:30:19.676+0200] {taskinstance.py:2330} INFO - Executing <Task(BashOperator): dbt_build> on 2025-09-17 16:15:00+00:00
[2025-09-17T18:30:19.685+0200] {standard_task_runner.py:64} INFO - Started process 2049 to run task
[2025-09-17T18:30:19.690+0200] {standard_task_runner.py:90} INFO - Running: ['airflow', 'tasks', 'run', 'etl_api_to_bi', 'dbt_build', 'scheduled__2025-09-17T16:15:00+00:00', '--job-id', '119', '--raw', '--subdir', 'DAGS_FOLDER/etl_api_to_bi.py', '--cfg-path', '/tmp/tmppkat2xk_']
[2025-09-17T18:30:19.695+0200] {standard_task_runner.py:91} INFO - Job 119: Subtask dbt_build
[2025-09-17T18:30:19.799+0200] {task_command.py:426} INFO - Running <TaskInstance: etl_api_to_bi.dbt_build scheduled__2025-09-17T16:15:00+00:00 [running]> on host 1621268d5064
[2025-09-17T18:30:20.226+0200] {taskinstance.py:2648} INFO - Exporting env vars: AIRFLOW_CTX_DAG_OWNER='data' AIRFLOW_CTX_DAG_ID='etl_api_to_bi' AIRFLOW_CTX_TASK_ID='dbt_build' AIRFLOW_CTX_EXECUTION_DATE='2025-09-17T16:15:00+00:00' AIRFLOW_CTX_TRY_NUMBER='1' AIRFLOW_CTX_DAG_RUN_ID='scheduled__2025-09-17T16:15:00+00:00'
[2025-09-17T18:30:20.228+0200] {taskinstance.py:430} INFO - ::endgroup::
[2025-09-17T18:30:20.240+0200] {subprocess.py:63} INFO - Tmp dir root location: /tmp
[2025-09-17T18:30:20.242+0200] {subprocess.py:75} INFO - Running command: ['/usr/bin/bash', '-c', "docker exec dbt bash -lc 'cd /usr/app && dbt build --fail-fast --profiles-dir /root/.dbt'"]
[2025-09-17T18:30:20.258+0200] {subprocess.py:86} INFO - Output:
[2025-09-17T18:30:22.517+0200] {subprocess.py:93} INFO - [0m16:30:22  Running with dbt=1.8.3
[2025-09-17T18:30:22.897+0200] {subprocess.py:93} INFO - [0m16:30:22  Registered adapter: postgres=1.8.2
[2025-09-17T18:30:25.147+0200] {subprocess.py:93} INFO - [0m16:30:25  Found 6 models, 11 data tests, 531 macros
[2025-09-17T18:30:25.159+0200] {subprocess.py:93} INFO - [0m16:30:25
[2025-09-17T18:30:25.580+0200] {subprocess.py:93} INFO - [0m16:30:25  Concurrency: 4 threads (target='dev')
[2025-09-17T18:30:25.582+0200] {subprocess.py:93} INFO - [0m16:30:25
[2025-09-17T18:30:25.595+0200] {subprocess.py:93} INFO - [0m16:30:25  1 of 17 START sql view model public_staging.stg_customers ...................... [RUN]
[2025-09-17T18:30:25.596+0200] {subprocess.py:93} INFO - [0m16:30:25  2 of 17 START sql view model public_staging.stg_payments ....................... [RUN]
[2025-09-17T18:30:25.599+0200] {subprocess.py:93} INFO - [0m16:30:25  3 of 17 START sql view model public_staging.stg_sessions ....................... [RUN]
[2025-09-17T18:30:26.051+0200] {subprocess.py:93} INFO - [0m16:30:26  1 of 17 OK created sql view model public_staging.stg_customers ................. [[32mCREATE VIEW[0m in 0.44s]
[2025-09-17T18:30:26.053+0200] {subprocess.py:93} INFO - [0m16:30:26  2 of 17 OK created sql view model public_staging.stg_payments .................. [[32mCREATE VIEW[0m in 0.44s]
[2025-09-17T18:30:26.056+0200] {subprocess.py:93} INFO - [0m16:30:26  3 of 17 OK created sql view model public_staging.stg_sessions .................. [[32mCREATE VIEW[0m in 0.44s]
[2025-09-17T18:30:26.075+0200] {subprocess.py:93} INFO - [0m16:30:26  4 of 17 START test not_null_stg_customers_country .............................. [RUN]
[2025-09-17T18:30:26.077+0200] {subprocess.py:93} INFO - [0m16:30:26  5 of 17 START test not_null_stg_customers_customer_id .......................... [RUN]
[2025-09-17T18:30:26.079+0200] {subprocess.py:93} INFO - [0m16:30:26  6 of 17 START test unique_stg_customers_customer_id ............................ [RUN]
[2025-09-17T18:30:26.082+0200] {subprocess.py:93} INFO - [0m16:30:26  7 of 17 START test accepted_values_stg_payments_status__succeeded__failed__refunded  [RUN]
[2025-09-17T18:30:26.420+0200] {subprocess.py:93} INFO - [0m16:30:26  4 of 17 PASS not_null_stg_customers_country .................................... [[32mPASS[0m in 0.33s]
[2025-09-17T18:30:26.456+0200] {subprocess.py:93} INFO - [0m16:30:26  8 of 17 START test not_null_stg_payments_payment_id ............................ [RUN]
[2025-09-17T18:30:26.460+0200] {subprocess.py:93} INFO - [0m16:30:26  6 of 17 PASS unique_stg_customers_customer_id .................................. [[32mPASS[0m in 0.37s]
[2025-09-17T18:30:26.465+0200] {subprocess.py:93} INFO - [0m16:30:26  5 of 17 PASS not_null_stg_customers_customer_id ................................ [[32mPASS[0m in 0.38s]
[2025-09-17T18:30:26.473+0200] {subprocess.py:93} INFO - [0m16:30:26  7 of 17 PASS accepted_values_stg_payments_status__succeeded__failed__refunded .. [[32mPASS[0m in 0.38s]
[2025-09-17T18:30:26.498+0200] {subprocess.py:93} INFO - [0m16:30:26  9 of 17 START test unique_stg_payments_payment_id .............................. [RUN]
[2025-09-17T18:30:26.502+0200] {subprocess.py:93} INFO - [0m16:30:26  10 of 17 START test accepted_values_stg_sessions_source__google__direct__facebook__linkedin__newsletter__referral__bing  [RUN]
[2025-09-17T18:30:26.507+0200] {subprocess.py:93} INFO - [0m16:30:26  11 of 17 START test not_null_stg_sessions_session_id ........................... [RUN]
[2025-09-17T18:30:26.676+0200] {subprocess.py:93} INFO - [0m16:30:26  8 of 17 PASS not_null_stg_payments_payment_id .................................. [[32mPASS[0m in 0.21s]
[2025-09-17T18:30:26.688+0200] {subprocess.py:93} INFO - [0m16:30:26  9 of 17 PASS unique_stg_payments_payment_id .................................... [[32mPASS[0m in 0.18s]
[2025-09-17T18:30:26.702+0200] {subprocess.py:93} INFO - [0m16:30:26  11 of 17 PASS not_null_stg_sessions_session_id ................................. [[32mPASS[0m in 0.19s]
[2025-09-17T18:30:26.703+0200] {subprocess.py:93} INFO - [0m16:30:26  12 of 17 START test unique_stg_sessions_session_id ............................. [RUN]
[2025-09-17T18:30:26.714+0200] {subprocess.py:93} INFO - [0m16:30:26  10 of 17 PASS accepted_values_stg_sessions_source__google__direct__facebook__linkedin__newsletter__referral__bing  [[32mPASS[0m in 0.20s]
[2025-09-17T18:30:26.715+0200] {subprocess.py:93} INFO - [0m16:30:26  13 of 17 START sql table model public_analytics.dim_customer ................... [RUN]
[2025-09-17T18:30:26.725+0200] {subprocess.py:93} INFO - [0m16:30:26  14 of 17 START sql table model public_analytics.fct_revenue_daily .............. [RUN]
[2025-09-17T18:30:26.962+0200] {subprocess.py:93} INFO - [0m16:30:26  12 of 17 PASS unique_stg_sessions_session_id ................................... [[32mPASS[0m in 0.25s]
[2025-09-17T18:30:27.000+0200] {subprocess.py:93} INFO - [0m16:30:26  15 of 17 START sql table model public_analytics.fct_marketing_attribution ...... [RUN]
[2025-09-17T18:30:27.092+0200] {subprocess.py:93} INFO - [0m16:30:27  13 of 17 OK created sql table model public_analytics.dim_customer .............. [[32mSELECT 1013[0m in 0.36s]
[2025-09-17T18:30:27.137+0200] {subprocess.py:93} INFO - [0m16:30:27  14 of 17 OK created sql table model public_analytics.fct_revenue_daily ......... [[32mSELECT 4348[0m in 0.39s]
[2025-09-17T18:30:27.167+0200] {subprocess.py:93} INFO - [0m16:30:27  16 of 17 START test not_null_fct_revenue_daily_order_day ....................... [RUN]
[2025-09-17T18:30:27.327+0200] {subprocess.py:93} INFO - [0m16:30:27  16 of 17 PASS not_null_fct_revenue_daily_order_day ............................. [[32mPASS[0m in 0.16s]
[2025-09-17T18:30:27.439+0200] {subprocess.py:93} INFO - [0m16:30:27  15 of 17 OK created sql table model public_analytics.fct_marketing_attribution . [[32mSELECT 5749[0m in 0.43s]
[2025-09-17T18:30:27.447+0200] {subprocess.py:93} INFO - [0m16:30:27  17 of 17 START test not_null_fct_marketing_attribution_session_day ............. [RUN]
[2025-09-17T18:30:27.536+0200] {subprocess.py:93} INFO - [0m16:30:27  17 of 17 PASS not_null_fct_marketing_attribution_session_day ................... [[32mPASS[0m in 0.09s]
[2025-09-17T18:30:27.587+0200] {subprocess.py:93} INFO - [0m16:30:27
[2025-09-17T18:30:27.589+0200] {subprocess.py:93} INFO - [0m16:30:27  Finished running 3 view models, 11 data tests, 3 table models in 0 hours 0 minutes and 2.42 seconds (2.42s).
[2025-09-17T18:30:27.690+0200] {subprocess.py:93} INFO - [0m16:30:27
[2025-09-17T18:30:27.693+0200] {subprocess.py:93} INFO - [0m16:30:27  [32mCompleted successfully[0m
[2025-09-17T18:30:27.696+0200] {subprocess.py:93} INFO - [0m16:30:27
[2025-09-17T18:30:27.699+0200] {subprocess.py:93} INFO - [0m16:30:27  Done. PASS=17 WARN=0 ERROR=0 SKIP=0 TOTAL=17
[2025-09-17T18:30:26.340+0200] {subprocess.py:97} INFO - Command exited with return code 0
[2025-09-17T18:30:26.342+0200] {taskinstance.py:441} INFO - ::group::Post task execution logs
[2025-09-17T18:30:26.410+0200] {taskinstance.py:1206} INFO - Marking task as SUCCESS. dag_id=etl_api_to_bi, task_id=dbt_build, run_id=scheduled__2025-09-17T16:15:00+00:00, execution_date=20250917T161500, start_date=20250917T163019, end_date=20250917T163026
[2025-09-17T18:30:26.482+0200] {local_task_job_runner.py:243} INFO - Task exited with return code 0
[2025-09-17T18:30:26.520+0200] {taskinstance.py:3503} INFO - 0 downstream tasks scheduled from follow-on schedule check
[2025-09-17T18:30:26.523+0200] {local_task_job_runner.py:222} INFO - ::endgroup::
