[2025-09-17T19:00:01.516+0200] {local_task_job_runner.py:120} INFO - ::group::Pre task execution logs
[2025-09-17T19:00:01.656+0200] {taskinstance.py:2076} INFO - Dependencies all met for dep_context=non-requeueable deps ti=<TaskInstance: etl_api_to_bi.extract_sessions scheduled__2025-09-17T16:45:00+00:00 [queued]>
[2025-09-17T19:00:01.690+0200] {taskinstance.py:2076} INFO - Dependencies all met for dep_context=requeueable deps ti=<TaskInstance: etl_api_to_bi.extract_sessions scheduled__2025-09-17T16:45:00+00:00 [queued]>
[2025-09-17T19:00:01.692+0200] {taskinstance.py:2306} INFO - Starting attempt 1 of 3
[2025-09-17T19:00:01.757+0200] {taskinstance.py:2330} INFO - Executing <Task(PythonOperator): extract_sessions> on 2025-09-17 16:45:00+00:00
[2025-09-17T19:00:01.775+0200] {standard_task_runner.py:64} INFO - Started process 2385 to run task
[2025-09-17T19:00:01.785+0200] {standard_task_runner.py:90} INFO - Running: ['airflow', 'tasks', 'run', 'etl_api_to_bi', 'extract_sessions', 'scheduled__2025-09-17T16:45:00+00:00', '--job-id', '126', '--raw', '--subdir', 'DAGS_FOLDER/etl_api_to_bi.py', '--cfg-path', '/tmp/tmpq25iy__w']
[2025-09-17T19:00:01.793+0200] {standard_task_runner.py:91} INFO - Job 126: Subtask extract_sessions
[2025-09-17T19:00:02.032+0200] {task_command.py:426} INFO - Running <TaskInstance: etl_api_to_bi.extract_sessions scheduled__2025-09-17T16:45:00+00:00 [running]> on host 1621268d5064
[2025-09-17T19:00:03.121+0200] {taskinstance.py:2648} INFO - Exporting env vars: AIRFLOW_CTX_DAG_OWNER='data' AIRFLOW_CTX_DAG_ID='etl_api_to_bi' AIRFLOW_CTX_TASK_ID='extract_sessions' AIRFLOW_CTX_EXECUTION_DATE='2025-09-17T16:45:00+00:00' AIRFLOW_CTX_TRY_NUMBER='1' AIRFLOW_CTX_DAG_RUN_ID='scheduled__2025-09-17T16:45:00+00:00'
[2025-09-17T19:00:03.125+0200] {taskinstance.py:430} INFO - ::endgroup::
[2025-09-17T19:00:04.161+0200] {crypto.py:82} WARNING - empty cryptography key - values will not be stored encrypted.
[2025-09-17T19:00:04.163+0200] {base.py:84} INFO - Using connection ID 'postgres_default' for task execution.
[2025-09-17T19:00:04.214+0200] {python.py:237} INFO - Done. Returned value was: 1
[2025-09-17T19:00:04.216+0200] {taskinstance.py:441} INFO - ::group::Post task execution logs
[2025-09-17T19:00:04.281+0200] {taskinstance.py:1206} INFO - Marking task as SUCCESS. dag_id=etl_api_to_bi, task_id=extract_sessions, run_id=scheduled__2025-09-17T16:45:00+00:00, execution_date=20250917T164500, start_date=20250917T170001, end_date=20250917T170004
[2025-09-17T19:00:04.328+0200] {local_task_job_runner.py:243} INFO - Task exited with return code 0
[2025-09-17T19:00:04.390+0200] {taskinstance.py:3503} INFO - 1 downstream tasks scheduled from follow-on schedule check
[2025-09-17T19:00:04.394+0200] {local_task_job_runner.py:222} INFO - ::endgroup::
[2025-09-17T19:10:05.261+0200] {local_task_job_runner.py:120} INFO - ::group::Pre task execution logs
[2025-09-17T19:10:05.589+0200] {taskinstance.py:2076} INFO - Dependencies all met for dep_context=non-requeueable deps ti=<TaskInstance: etl_api_to_bi.extract_sessions scheduled__2025-09-17T16:45:00+00:00 [queued]>
[2025-09-17T19:10:05.656+0200] {taskinstance.py:2076} INFO - Dependencies all met for dep_context=requeueable deps ti=<TaskInstance: etl_api_to_bi.extract_sessions scheduled__2025-09-17T16:45:00+00:00 [queued]>
[2025-09-17T19:10:05.658+0200] {taskinstance.py:2306} INFO - Starting attempt 1 of 3
[2025-09-17T19:10:05.759+0200] {taskinstance.py:2330} INFO - Executing <Task(PythonOperator): extract_sessions> on 2025-09-17 16:45:00+00:00
[2025-09-17T19:10:05.792+0200] {standard_task_runner.py:64} INFO - Started process 206 to run task
[2025-09-17T19:10:05.848+0200] {standard_task_runner.py:90} INFO - Running: ['airflow', 'tasks', 'run', 'etl_api_to_bi', 'extract_sessions', 'scheduled__2025-09-17T16:45:00+00:00', '--job-id', '3', '--raw', '--subdir', 'DAGS_FOLDER/etl_api_to_bi.py', '--cfg-path', '/tmp/tmpf67ppq2z']
[2025-09-17T19:10:05.879+0200] {standard_task_runner.py:91} INFO - Job 3: Subtask extract_sessions
[2025-09-17T19:10:06.400+0200] {task_command.py:426} INFO - Running <TaskInstance: etl_api_to_bi.extract_sessions scheduled__2025-09-17T16:45:00+00:00 [running]> on host cc1d85c9aa13
[2025-09-17T19:10:07.854+0200] {taskinstance.py:2648} INFO - Exporting env vars: AIRFLOW_CTX_DAG_OWNER='data' AIRFLOW_CTX_DAG_ID='etl_api_to_bi' AIRFLOW_CTX_TASK_ID='extract_sessions' AIRFLOW_CTX_EXECUTION_DATE='2025-09-17T16:45:00+00:00' AIRFLOW_CTX_TRY_NUMBER='1' AIRFLOW_CTX_DAG_RUN_ID='scheduled__2025-09-17T16:45:00+00:00'
[2025-09-17T19:10:07.857+0200] {taskinstance.py:430} INFO - ::endgroup::
[2025-09-17T19:10:09.440+0200] {crypto.py:82} WARNING - empty cryptography key - values will not be stored encrypted.
[2025-09-17T19:10:09.446+0200] {base.py:84} INFO - Using connection ID 'postgres_default' for task execution.
[2025-09-17T19:10:11.161+0200] {base.py:84} INFO - Using connection ID 'postgres_default' for task execution.
[2025-09-17T19:10:12.659+0200] {base.py:84} INFO - Using connection ID 'postgres_default' for task execution.
[2025-09-17T19:10:14.084+0200] {base.py:84} INFO - Using connection ID 'postgres_default' for task execution.
[2025-09-17T19:10:15.013+0200] {base.py:84} INFO - Using connection ID 'postgres_default' for task execution.
[2025-09-17T19:10:16.531+0200] {base.py:84} INFO - Using connection ID 'postgres_default' for task execution.
[2025-09-17T19:10:18.164+0200] {base.py:84} INFO - Using connection ID 'postgres_default' for task execution.
[2025-09-17T19:10:20.007+0200] {base.py:84} INFO - Using connection ID 'postgres_default' for task execution.
[2025-09-17T19:10:21.847+0200] {base.py:84} INFO - Using connection ID 'postgres_default' for task execution.
[2025-09-17T19:10:23.741+0200] {base.py:84} INFO - Using connection ID 'postgres_default' for task execution.
[2025-09-17T19:10:22.652+0200] {base.py:84} INFO - Using connection ID 'postgres_default' for task execution.
[2025-09-17T19:10:24.203+0200] {base.py:84} INFO - Using connection ID 'postgres_default' for task execution.
[2025-09-17T19:10:25.625+0200] {base.py:84} INFO - Using connection ID 'postgres_default' for task execution.
[2025-09-17T19:10:26.325+0200] {base.py:84} INFO - Using connection ID 'postgres_default' for task execution.
[2025-09-17T19:10:26.985+0200] {base.py:84} INFO - Using connection ID 'postgres_default' for task execution.
[2025-09-17T19:10:27.529+0200] {base.py:84} INFO - Using connection ID 'postgres_default' for task execution.
[2025-09-17T19:10:27.957+0200] {base.py:84} INFO - Using connection ID 'postgres_default' for task execution.
[2025-09-17T19:10:28.656+0200] {base.py:84} INFO - Using connection ID 'postgres_default' for task execution.
[2025-09-17T19:10:29.185+0200] {base.py:84} INFO - Using connection ID 'postgres_default' for task execution.
[2025-09-17T19:10:29.933+0200] {base.py:84} INFO - Using connection ID 'postgres_default' for task execution.
[2025-09-17T19:10:30.638+0200] {base.py:84} INFO - Using connection ID 'postgres_default' for task execution.
[2025-09-17T19:10:31.270+0200] {base.py:84} INFO - Using connection ID 'postgres_default' for task execution.
[2025-09-17T19:10:32.351+0200] {base.py:84} INFO - Using connection ID 'postgres_default' for task execution.
[2025-09-17T19:10:33.954+0200] {base.py:84} INFO - Using connection ID 'postgres_default' for task execution.
[2025-09-17T19:10:34.468+0200] {base.py:84} INFO - Using connection ID 'postgres_default' for task execution.
[2025-09-17T19:10:34.910+0200] {base.py:84} INFO - Using connection ID 'postgres_default' for task execution.
[2025-09-17T19:10:35.378+0200] {base.py:84} INFO - Using connection ID 'postgres_default' for task execution.
[2025-09-17T19:10:36.033+0200] {base.py:84} INFO - Using connection ID 'postgres_default' for task execution.
[2025-09-17T19:10:36.568+0200] {base.py:84} INFO - Using connection ID 'postgres_default' for task execution.
[2025-09-17T19:10:37.169+0200] {base.py:84} INFO - Using connection ID 'postgres_default' for task execution.
[2025-09-17T19:10:37.882+0200] {base.py:84} INFO - Using connection ID 'postgres_default' for task execution.
[2025-09-17T19:10:38.413+0200] {base.py:84} INFO - Using connection ID 'postgres_default' for task execution.
[2025-09-17T19:10:39.058+0200] {base.py:84} INFO - Using connection ID 'postgres_default' for task execution.
[2025-09-17T19:10:39.794+0200] {base.py:84} INFO - Using connection ID 'postgres_default' for task execution.
[2025-09-17T19:10:40.268+0200] {base.py:84} INFO - Using connection ID 'postgres_default' for task execution.
[2025-09-17T19:10:40.976+0200] {base.py:84} INFO - Using connection ID 'postgres_default' for task execution.
[2025-09-17T19:11:08.926+0200] {base.py:84} INFO - Using connection ID 'postgres_default' for task execution.
[2025-09-17T19:11:09.606+0200] {base.py:84} INFO - Using connection ID 'postgres_default' for task execution.
[2025-09-17T19:11:10.360+0200] {base.py:84} INFO - Using connection ID 'postgres_default' for task execution.
[2025-09-17T19:11:10.839+0200] {base.py:84} INFO - Using connection ID 'postgres_default' for task execution.
[2025-09-17T19:11:11.413+0200] {base.py:84} INFO - Using connection ID 'postgres_default' for task execution.
[2025-09-17T19:11:12.046+0200] {base.py:84} INFO - Using connection ID 'postgres_default' for task execution.
[2025-09-17T19:11:12.759+0200] {base.py:84} INFO - Using connection ID 'postgres_default' for task execution.
[2025-09-17T19:11:13.228+0200] {base.py:84} INFO - Using connection ID 'postgres_default' for task execution.
[2025-09-17T19:11:13.676+0200] {base.py:84} INFO - Using connection ID 'postgres_default' for task execution.
[2025-09-17T19:11:14.148+0200] {base.py:84} INFO - Using connection ID 'postgres_default' for task execution.
[2025-09-17T19:11:14.732+0200] {base.py:84} INFO - Using connection ID 'postgres_default' for task execution.
[2025-09-17T19:11:15.366+0200] {base.py:84} INFO - Using connection ID 'postgres_default' for task execution.
[2025-09-17T19:11:15.910+0200] {base.py:84} INFO - Using connection ID 'postgres_default' for task execution.
[2025-09-17T19:11:16.392+0200] {base.py:84} INFO - Using connection ID 'postgres_default' for task execution.
[2025-09-17T19:11:17.063+0200] {base.py:84} INFO - Using connection ID 'postgres_default' for task execution.
[2025-09-17T19:11:17.664+0200] {base.py:84} INFO - Using connection ID 'postgres_default' for task execution.
[2025-09-17T19:11:18.375+0200] {base.py:84} INFO - Using connection ID 'postgres_default' for task execution.
[2025-09-17T19:11:17.318+0200] {base.py:84} INFO - Using connection ID 'postgres_default' for task execution.
[2025-09-17T19:11:18.326+0200] {base.py:84} INFO - Using connection ID 'postgres_default' for task execution.
[2025-09-17T19:11:19.092+0200] {base.py:84} INFO - Using connection ID 'postgres_default' for task execution.
[2025-09-17T19:11:19.866+0200] {base.py:84} INFO - Using connection ID 'postgres_default' for task execution.
[2025-09-17T19:11:20.036+0200] {python.py:237} INFO - Done. Returned value was: 28236
[2025-09-17T19:11:20.037+0200] {taskinstance.py:441} INFO - ::group::Post task execution logs
[2025-09-17T19:11:20.093+0200] {taskinstance.py:1206} INFO - Marking task as SUCCESS. dag_id=etl_api_to_bi, task_id=extract_sessions, run_id=scheduled__2025-09-17T16:45:00+00:00, execution_date=20250917T164500, start_date=20250917T171005, end_date=20250917T171120
[2025-09-17T19:11:21.945+0200] {local_task_job_runner.py:243} INFO - Task exited with return code 0
[2025-09-17T19:11:22.007+0200] {taskinstance.py:3503} INFO - 0 downstream tasks scheduled from follow-on schedule check
[2025-09-17T19:11:22.010+0200] {local_task_job_runner.py:222} INFO - ::endgroup::
