[2025-09-16T18:00:17.275+0200] {local_task_job_runner.py:120} INFO - ::group::Pre task execution logs
[2025-09-16T18:00:17.326+0200] {taskinstance.py:2076} INFO - Dependencies all met for dep_context=non-requeueable deps ti=<TaskInstance: etl_api_to_bi.dbt_build scheduled__2025-09-16T15:45:00+00:00 [queued]>
[2025-09-16T18:00:17.337+0200] {taskinstance.py:2076} INFO - Dependencies all met for dep_context=requeueable deps ti=<TaskInstance: etl_api_to_bi.dbt_build scheduled__2025-09-16T15:45:00+00:00 [queued]>
[2025-09-16T18:00:17.338+0200] {taskinstance.py:2306} INFO - Starting attempt 1 of 3
[2025-09-16T18:00:17.351+0200] {taskinstance.py:2330} INFO - Executing <Task(BashOperator): dbt_build> on 2025-09-16 15:45:00+00:00
[2025-09-16T18:00:17.360+0200] {standard_task_runner.py:64} INFO - Started process 963 to run task
[2025-09-16T18:00:17.365+0200] {standard_task_runner.py:90} INFO - Running: ['airflow', 'tasks', 'run', 'etl_api_to_bi', 'dbt_build', 'scheduled__2025-09-16T15:45:00+00:00', '--job-id', '48', '--raw', '--subdir', 'DAGS_FOLDER/etl_api_to_bi.py', '--cfg-path', '/tmp/tmpfier64xx']
[2025-09-16T18:00:17.369+0200] {standard_task_runner.py:91} INFO - Job 48: Subtask dbt_build
[2025-09-16T18:00:17.479+0200] {task_command.py:426} INFO - Running <TaskInstance: etl_api_to_bi.dbt_build scheduled__2025-09-16T15:45:00+00:00 [running]> on host 1621268d5064
[2025-09-16T18:00:17.905+0200] {taskinstance.py:2648} INFO - Exporting env vars: AIRFLOW_CTX_DAG_OWNER='data' AIRFLOW_CTX_DAG_ID='etl_api_to_bi' AIRFLOW_CTX_TASK_ID='dbt_build' AIRFLOW_CTX_EXECUTION_DATE='2025-09-16T15:45:00+00:00' AIRFLOW_CTX_TRY_NUMBER='1' AIRFLOW_CTX_DAG_RUN_ID='scheduled__2025-09-16T15:45:00+00:00'
[2025-09-16T18:00:17.906+0200] {taskinstance.py:430} INFO - ::endgroup::
[2025-09-16T18:00:17.924+0200] {subprocess.py:63} INFO - Tmp dir root location: /tmp
[2025-09-16T18:00:17.926+0200] {subprocess.py:75} INFO - Running command: ['/usr/bin/bash', '-c', "docker exec dbt bash -lc 'cd /usr/app && dbt build --fail-fast --profiles-dir /root/.dbt'"]
[2025-09-16T18:00:17.947+0200] {subprocess.py:86} INFO - Output:
[2025-09-16T18:00:20.691+0200] {subprocess.py:93} INFO - [0m16:00:20  Running with dbt=1.8.3
[2025-09-16T18:00:21.064+0200] {subprocess.py:93} INFO - [0m16:00:21  Registered adapter: postgres=1.8.2
[2025-09-16T18:00:23.302+0200] {subprocess.py:93} INFO - [0m16:00:23  Found 6 models, 11 data tests, 531 macros
[2025-09-16T18:00:23.310+0200] {subprocess.py:93} INFO - [0m16:00:23
[2025-09-16T18:00:23.589+0200] {subprocess.py:93} INFO - [0m16:00:23  Concurrency: 4 threads (target='dev')
[2025-09-16T18:00:23.591+0200] {subprocess.py:93} INFO - [0m16:00:23
[2025-09-16T18:00:23.608+0200] {subprocess.py:93} INFO - [0m16:00:23  1 of 17 START sql view model public_staging.stg_customers ...................... [RUN]
[2025-09-16T18:00:23.611+0200] {subprocess.py:93} INFO - [0m16:00:23  2 of 17 START sql view model public_staging.stg_payments ....................... [RUN]
[2025-09-16T18:00:23.615+0200] {subprocess.py:93} INFO - [0m16:00:23  3 of 17 START sql view model public_staging.stg_sessions ....................... [RUN]
[2025-09-16T18:00:23.976+0200] {subprocess.py:93} INFO - [0m16:00:23  2 of 17 OK created sql view model public_staging.stg_payments .................. [[32mCREATE VIEW[0m in 0.35s]
[2025-09-16T18:00:23.994+0200] {subprocess.py:93} INFO - [0m16:00:23  1 of 17 OK created sql view model public_staging.stg_customers ................. [[32mCREATE VIEW[0m in 0.37s]
[2025-09-16T18:00:23.996+0200] {subprocess.py:93} INFO - [0m16:00:23  4 of 17 START test accepted_values_stg_payments_status__succeeded__failed__refunded  [RUN]
[2025-09-16T18:00:23.998+0200] {subprocess.py:93} INFO - [0m16:00:23  5 of 17 START test not_null_stg_payments_payment_id ............................ [RUN]
[2025-09-16T18:00:24.001+0200] {subprocess.py:93} INFO - [0m16:00:23  3 of 17 OK created sql view model public_staging.stg_sessions .................. [[32mCREATE VIEW[0m in 0.37s]
[2025-09-16T18:00:24.017+0200] {subprocess.py:93} INFO - [0m16:00:24  6 of 17 START test unique_stg_payments_payment_id .............................. [RUN]
[2025-09-16T18:00:24.052+0200] {subprocess.py:93} INFO - [0m16:00:24  7 of 17 START test not_null_stg_customers_country .............................. [RUN]
[2025-09-16T18:00:24.347+0200] {subprocess.py:93} INFO - [0m16:00:24  5 of 17 PASS not_null_stg_payments_payment_id .................................. [[32mPASS[0m in 0.34s]
[2025-09-16T18:00:24.359+0200] {subprocess.py:93} INFO - [0m16:00:24  4 of 17 PASS accepted_values_stg_payments_status__succeeded__failed__refunded .. [[32mPASS[0m in 0.35s]
[2025-09-16T18:00:24.374+0200] {subprocess.py:93} INFO - [0m16:00:24  6 of 17 PASS unique_stg_payments_payment_id .................................... [[32mPASS[0m in 0.32s]
[2025-09-16T18:00:24.376+0200] {subprocess.py:93} INFO - [0m16:00:24  8 of 17 START test not_null_stg_customers_customer_id .......................... [RUN]
[2025-09-16T18:00:24.387+0200] {subprocess.py:93} INFO - [0m16:00:24  7 of 17 PASS not_null_stg_customers_country .................................... [[32mPASS[0m in 0.33s]
[2025-09-16T18:00:24.389+0200] {subprocess.py:93} INFO - [0m16:00:24  9 of 17 START test unique_stg_customers_customer_id ............................ [RUN]
[2025-09-16T18:00:24.402+0200] {subprocess.py:93} INFO - [0m16:00:24  10 of 17 START test accepted_values_stg_sessions_source__google__direct__facebook__linkedin__newsletter__referral__bing  [RUN]
[2025-09-16T18:00:24.426+0200] {subprocess.py:93} INFO - [0m16:00:24  11 of 17 START test not_null_stg_sessions_session_id ........................... [RUN]
[2025-09-16T18:00:24.657+0200] {subprocess.py:93} INFO - [0m16:00:24  8 of 17 PASS not_null_stg_customers_customer_id ................................ [[32mPASS[0m in 0.27s]
[2025-09-16T18:00:24.701+0200] {subprocess.py:93} INFO - [0m16:00:24  12 of 17 START test unique_stg_sessions_session_id ............................. [RUN]
[2025-09-16T18:00:24.708+0200] {subprocess.py:93} INFO - [0m16:00:24  9 of 17 PASS unique_stg_customers_customer_id .................................. [[32mPASS[0m in 0.31s]
[2025-09-16T18:00:24.715+0200] {subprocess.py:93} INFO - [0m16:00:24  11 of 17 PASS not_null_stg_sessions_session_id ................................. [[32mPASS[0m in 0.27s]
[2025-09-16T18:00:24.752+0200] {subprocess.py:93} INFO - [0m16:00:24  13 of 17 START sql table model public_analytics.fct_revenue_daily .............. [RUN]
[2025-09-16T18:00:24.759+0200] {subprocess.py:93} INFO - [0m16:00:24  10 of 17 PASS accepted_values_stg_sessions_source__google__direct__facebook__linkedin__newsletter__referral__bing  [[32mPASS[0m in 0.34s]
[2025-09-16T18:00:24.770+0200] {subprocess.py:93} INFO - [0m16:00:24  14 of 17 START sql table model public_analytics.dim_customer ................... [RUN]
[2025-09-16T18:00:24.983+0200] {subprocess.py:93} INFO - [0m16:00:24  12 of 17 PASS unique_stg_sessions_session_id ................................... [[32mPASS[0m in 0.27s]
[2025-09-16T18:00:25.007+0200] {subprocess.py:93} INFO - [0m16:00:25  15 of 17 START sql table model public_analytics.fct_marketing_attribution ...... [RUN]
[2025-09-16T18:00:25.078+0200] {subprocess.py:93} INFO - [0m16:00:25  14 of 17 OK created sql table model public_analytics.dim_customer .............. [[32mSELECT 1006[0m in 0.29s]
[2025-09-16T18:00:25.128+0200] {subprocess.py:93} INFO - [0m16:00:25  13 of 17 OK created sql table model public_analytics.fct_revenue_daily ......... [[32mSELECT 4326[0m in 0.35s]
[2025-09-16T18:00:25.141+0200] {subprocess.py:93} INFO - [0m16:00:25  16 of 17 START test not_null_fct_revenue_daily_order_day ....................... [RUN]
[2025-09-16T18:00:25.266+0200] {subprocess.py:93} INFO - [0m16:00:25  16 of 17 PASS not_null_fct_revenue_daily_order_day ............................. [[32mPASS[0m in 0.12s]
[2025-09-16T18:00:25.369+0200] {subprocess.py:93} INFO - [0m16:00:25  15 of 17 OK created sql table model public_analytics.fct_marketing_attribution . [[32mSELECT 5717[0m in 0.35s]
[2025-09-16T18:00:25.377+0200] {subprocess.py:93} INFO - [0m16:00:25  17 of 17 START test not_null_fct_marketing_attribution_session_day ............. [RUN]
[2025-09-16T18:00:25.454+0200] {subprocess.py:93} INFO - [0m16:00:25  17 of 17 PASS not_null_fct_marketing_attribution_session_day ................... [[32mPASS[0m in 0.08s]
[2025-09-16T18:00:25.503+0200] {subprocess.py:93} INFO - [0m16:00:25
[2025-09-16T18:00:25.504+0200] {subprocess.py:93} INFO - [0m16:00:25  Finished running 3 view models, 11 data tests, 3 table models in 0 hours 0 minutes and 2.19 seconds (2.19s).
[2025-09-16T18:00:25.605+0200] {subprocess.py:93} INFO - [0m16:00:25
[2025-09-16T18:00:25.608+0200] {subprocess.py:93} INFO - [0m16:00:25  [32mCompleted successfully[0m
[2025-09-16T18:00:25.610+0200] {subprocess.py:93} INFO - [0m16:00:25
[2025-09-16T18:00:25.612+0200] {subprocess.py:93} INFO - [0m16:00:25  Done. PASS=17 WARN=0 ERROR=0 SKIP=0 TOTAL=17
[2025-09-16T18:00:25.319+0200] {subprocess.py:97} INFO - Command exited with return code 0
[2025-09-16T18:00:25.321+0200] {taskinstance.py:441} INFO - ::group::Post task execution logs
[2025-09-16T18:00:25.402+0200] {taskinstance.py:1206} INFO - Marking task as SUCCESS. dag_id=etl_api_to_bi, task_id=dbt_build, run_id=scheduled__2025-09-16T15:45:00+00:00, execution_date=20250916T154500, start_date=20250916T160017, end_date=20250916T160025
[2025-09-16T18:00:25.458+0200] {local_task_job_runner.py:243} INFO - Task exited with return code 0
[2025-09-16T18:00:25.500+0200] {taskinstance.py:3503} INFO - 0 downstream tasks scheduled from follow-on schedule check
[2025-09-16T18:00:25.503+0200] {local_task_job_runner.py:222} INFO - ::endgroup::
