[2025-09-17T16:45:25.720+0200] {local_task_job_runner.py:120} INFO - ::group::Pre task execution logs
[2025-09-17T16:45:25.896+0200] {taskinstance.py:2076} INFO - Dependencies all met for dep_context=non-requeueable deps ti=<TaskInstance: etl_api_to_bi.dbt_build scheduled__2025-09-17T14:30:00+00:00 [queued]>
[2025-09-17T16:45:25.936+0200] {taskinstance.py:2076} INFO - Dependencies all met for dep_context=requeueable deps ti=<TaskInstance: etl_api_to_bi.dbt_build scheduled__2025-09-17T14:30:00+00:00 [queued]>
[2025-09-17T16:45:25.958+0200] {taskinstance.py:2306} INFO - Starting attempt 1 of 3
[2025-09-17T16:45:26.022+0200] {taskinstance.py:2330} INFO - Executing <Task(BashOperator): dbt_build> on 2025-09-17 14:30:00+00:00
[2025-09-17T16:45:26.040+0200] {standard_task_runner.py:64} INFO - Started process 820 to run task
[2025-09-17T16:45:26.063+0200] {standard_task_runner.py:90} INFO - Running: ['airflow', 'tasks', 'run', 'etl_api_to_bi', 'dbt_build', 'scheduled__2025-09-17T14:30:00+00:00', '--job-id', '84', '--raw', '--subdir', 'DAGS_FOLDER/etl_api_to_bi.py', '--cfg-path', '/tmp/tmpxrm03isn']
[2025-09-17T16:45:26.073+0200] {standard_task_runner.py:91} INFO - Job 84: Subtask dbt_build
[2025-09-17T16:45:26.387+0200] {task_command.py:426} INFO - Running <TaskInstance: etl_api_to_bi.dbt_build scheduled__2025-09-17T14:30:00+00:00 [running]> on host 1621268d5064
[2025-09-17T16:45:27.458+0200] {taskinstance.py:2648} INFO - Exporting env vars: AIRFLOW_CTX_DAG_OWNER='data' AIRFLOW_CTX_DAG_ID='etl_api_to_bi' AIRFLOW_CTX_TASK_ID='dbt_build' AIRFLOW_CTX_EXECUTION_DATE='2025-09-17T14:30:00+00:00' AIRFLOW_CTX_TRY_NUMBER='1' AIRFLOW_CTX_DAG_RUN_ID='scheduled__2025-09-17T14:30:00+00:00'
[2025-09-17T16:45:27.460+0200] {taskinstance.py:430} INFO - ::endgroup::
[2025-09-17T16:45:27.493+0200] {subprocess.py:63} INFO - Tmp dir root location: /tmp
[2025-09-17T16:45:27.496+0200] {subprocess.py:75} INFO - Running command: ['/usr/bin/bash', '-c', "docker exec dbt bash -lc 'cd /usr/app && dbt build --fail-fast --profiles-dir /root/.dbt'"]
[2025-09-17T16:45:27.526+0200] {subprocess.py:86} INFO - Output:
[2025-09-17T16:45:35.182+0200] {subprocess.py:93} INFO - [0m14:45:35  Running with dbt=1.8.3
[2025-09-17T16:45:35.680+0200] {subprocess.py:93} INFO - [0m14:45:35  Registered adapter: postgres=1.8.2
[2025-09-17T16:45:38.173+0200] {subprocess.py:93} INFO - [0m14:45:38  Found 6 models, 11 data tests, 531 macros
[2025-09-17T16:45:38.180+0200] {subprocess.py:93} INFO - [0m14:45:38
[2025-09-17T16:45:38.503+0200] {subprocess.py:93} INFO - [0m14:45:38  Concurrency: 4 threads (target='dev')
[2025-09-17T16:45:38.504+0200] {subprocess.py:93} INFO - [0m14:45:38
[2025-09-17T16:45:38.518+0200] {subprocess.py:93} INFO - [0m14:45:38  1 of 17 START sql view model public_staging.stg_customers ...................... [RUN]
[2025-09-17T16:45:38.521+0200] {subprocess.py:93} INFO - [0m14:45:38  2 of 17 START sql view model public_staging.stg_payments ....................... [RUN]
[2025-09-17T16:45:38.523+0200] {subprocess.py:93} INFO - [0m14:45:38  3 of 17 START sql view model public_staging.stg_sessions ....................... [RUN]
[2025-09-17T16:45:38.894+0200] {subprocess.py:93} INFO - [0m14:45:38  1 of 17 OK created sql view model public_staging.stg_customers ................. [[32mCREATE VIEW[0m in 0.35s]
[2025-09-17T16:45:38.899+0200] {subprocess.py:93} INFO - [0m14:45:38  3 of 17 OK created sql view model public_staging.stg_sessions .................. [[32mCREATE VIEW[0m in 0.36s]
[2025-09-17T16:45:38.905+0200] {subprocess.py:93} INFO - [0m14:45:38  2 of 17 OK created sql view model public_staging.stg_payments .................. [[32mCREATE VIEW[0m in 0.37s]
[2025-09-17T16:45:38.922+0200] {subprocess.py:93} INFO - [0m14:45:38  4 of 17 START test not_null_stg_customers_country .............................. [RUN]
[2025-09-17T16:45:38.925+0200] {subprocess.py:93} INFO - [0m14:45:38  5 of 17 START test not_null_stg_customers_customer_id .......................... [RUN]
[2025-09-17T16:45:38.931+0200] {subprocess.py:93} INFO - [0m14:45:38  6 of 17 START test unique_stg_customers_customer_id ............................ [RUN]
[2025-09-17T16:45:38.939+0200] {subprocess.py:93} INFO - [0m14:45:38  7 of 17 START test accepted_values_stg_sessions_source__google__direct__facebook__linkedin__newsletter__referral__bing  [RUN]
[2025-09-17T16:45:39.259+0200] {subprocess.py:93} INFO - [0m14:45:39  5 of 17 PASS not_null_stg_customers_customer_id ................................ [[32mPASS[0m in 0.32s]
[2025-09-17T16:45:39.277+0200] {subprocess.py:93} INFO - [0m14:45:39  4 of 17 PASS not_null_stg_customers_country .................................... [[32mPASS[0m in 0.34s]
[2025-09-17T16:45:39.280+0200] {subprocess.py:93} INFO - [0m14:45:39  6 of 17 PASS unique_stg_customers_customer_id .................................. [[32mPASS[0m in 0.34s]
[2025-09-17T16:45:39.283+0200] {subprocess.py:93} INFO - [0m14:45:39  8 of 17 START test not_null_stg_sessions_session_id ............................ [RUN]
[2025-09-17T16:45:39.295+0200] {subprocess.py:93} INFO - [0m14:45:39  9 of 17 START test unique_stg_sessions_session_id .............................. [RUN]
[2025-09-17T16:45:39.301+0200] {subprocess.py:93} INFO - [0m14:45:39  10 of 17 START test accepted_values_stg_payments_status__succeeded__failed__refunded  [RUN]
[2025-09-17T16:45:39.325+0200] {subprocess.py:93} INFO - [0m14:45:39  7 of 17 PASS accepted_values_stg_sessions_source__google__direct__facebook__linkedin__newsletter__referral__bing  [[32mPASS[0m in 0.37s]
[2025-09-17T16:45:39.366+0200] {subprocess.py:93} INFO - [0m14:45:39  11 of 17 START test not_null_stg_payments_payment_id ........................... [RUN]
[2025-09-17T16:45:39.475+0200] {subprocess.py:93} INFO - [0m14:45:39  8 of 17 PASS not_null_stg_sessions_session_id .................................. [[32mPASS[0m in 0.18s]
[2025-09-17T16:45:39.493+0200] {subprocess.py:93} INFO - [0m14:45:39  12 of 17 START test unique_stg_payments_payment_id ............................. [RUN]
[2025-09-17T16:45:39.520+0200] {subprocess.py:93} INFO - [0m14:45:39  10 of 17 PASS accepted_values_stg_payments_status__succeeded__failed__refunded . [[32mPASS[0m in 0.20s]
[2025-09-17T16:45:39.567+0200] {subprocess.py:93} INFO - [0m14:45:39  13 of 17 START sql table model public_analytics.dim_customer ................... [RUN]
[2025-09-17T16:45:39.627+0200] {subprocess.py:93} INFO - [0m14:45:39  11 of 17 PASS not_null_stg_payments_payment_id ................................. [[32mPASS[0m in 0.25s]
[2025-09-17T16:45:39.636+0200] {subprocess.py:93} INFO - [0m14:45:39  9 of 17 PASS unique_stg_sessions_session_id .................................... [[32mPASS[0m in 0.32s]
[2025-09-17T16:45:39.679+0200] {subprocess.py:93} INFO - [0m14:45:39  14 of 17 START sql table model public_analytics.fct_marketing_attribution ...... [RUN]
[2025-09-17T16:45:39.818+0200] {subprocess.py:93} INFO - [0m14:45:39  12 of 17 PASS unique_stg_payments_payment_id ................................... [[32mPASS[0m in 0.32s]
[2025-09-17T16:45:39.835+0200] {subprocess.py:93} INFO - [0m14:45:39  15 of 17 START sql table model public_analytics.fct_revenue_daily .............. [RUN]
[2025-09-17T16:45:39.955+0200] {subprocess.py:93} INFO - [0m14:45:39  13 of 17 OK created sql table model public_analytics.dim_customer .............. [[32mSELECT 1013[0m in 0.37s]
[2025-09-17T16:45:40.118+0200] {subprocess.py:93} INFO - [0m14:45:40  14 of 17 OK created sql table model public_analytics.fct_marketing_attribution . [[32mSELECT 5749[0m in 0.42s]
[2025-09-17T16:45:40.122+0200] {subprocess.py:93} INFO - [0m14:45:40  15 of 17 OK created sql table model public_analytics.fct_revenue_daily ......... [[32mSELECT 4348[0m in 0.28s]
[2025-09-17T16:45:40.134+0200] {subprocess.py:93} INFO - [0m14:45:40  16 of 17 START test not_null_fct_marketing_attribution_session_day ............. [RUN]
[2025-09-17T16:45:40.135+0200] {subprocess.py:93} INFO - [0m14:45:40  17 of 17 START test not_null_fct_revenue_daily_order_day ....................... [RUN]
[2025-09-17T16:45:40.251+0200] {subprocess.py:93} INFO - [0m14:45:40  16 of 17 PASS not_null_fct_marketing_attribution_session_day ................... [[32mPASS[0m in 0.11s]
[2025-09-17T16:45:40.259+0200] {subprocess.py:93} INFO - [0m14:45:40  17 of 17 PASS not_null_fct_revenue_daily_order_day ............................. [[32mPASS[0m in 0.12s]
[2025-09-17T16:45:40.318+0200] {subprocess.py:93} INFO - [0m14:45:40
[2025-09-17T16:45:40.320+0200] {subprocess.py:93} INFO - [0m14:45:40  Finished running 3 view models, 11 data tests, 3 table models in 0 hours 0 minutes and 2.14 seconds (2.14s).
[2025-09-17T16:45:40.417+0200] {subprocess.py:93} INFO - [0m14:45:40
[2025-09-17T16:45:40.419+0200] {subprocess.py:93} INFO - [0m14:45:40  [32mCompleted successfully[0m
[2025-09-17T16:45:40.421+0200] {subprocess.py:93} INFO - [0m14:45:40
[2025-09-17T16:45:40.423+0200] {subprocess.py:93} INFO - [0m14:45:40  Done. PASS=17 WARN=0 ERROR=0 SKIP=0 TOTAL=17
[2025-09-17T16:45:41.986+0200] {subprocess.py:97} INFO - Command exited with return code 0
[2025-09-17T16:45:41.988+0200] {taskinstance.py:441} INFO - ::group::Post task execution logs
[2025-09-17T16:45:42.050+0200] {taskinstance.py:1206} INFO - Marking task as SUCCESS. dag_id=etl_api_to_bi, task_id=dbt_build, run_id=scheduled__2025-09-17T14:30:00+00:00, execution_date=20250917T143000, start_date=20250917T144525, end_date=20250917T144542
[2025-09-17T16:45:42.153+0200] {local_task_job_runner.py:243} INFO - Task exited with return code 0
[2025-09-17T16:45:42.187+0200] {taskinstance.py:3503} INFO - 0 downstream tasks scheduled from follow-on schedule check
[2025-09-17T16:45:42.190+0200] {local_task_job_runner.py:222} INFO - ::endgroup::
