[2025-09-16T17:45:16.841+0200] {local_task_job_runner.py:120} INFO - ::group::Pre task execution logs
[2025-09-16T17:45:16.907+0200] {taskinstance.py:2076} INFO - Dependencies all met for dep_context=non-requeueable deps ti=<TaskInstance: etl_api_to_bi.dbt_build scheduled__2025-09-16T15:30:00+00:00 [queued]>
[2025-09-16T17:45:16.926+0200] {taskinstance.py:2076} INFO - Dependencies all met for dep_context=requeueable deps ti=<TaskInstance: etl_api_to_bi.dbt_build scheduled__2025-09-16T15:30:00+00:00 [queued]>
[2025-09-16T17:45:16.927+0200] {taskinstance.py:2306} INFO - Starting attempt 1 of 3
[2025-09-16T17:45:16.949+0200] {taskinstance.py:2330} INFO - Executing <Task(BashOperator): dbt_build> on 2025-09-16 15:30:00+00:00
[2025-09-16T17:45:16.961+0200] {standard_task_runner.py:64} INFO - Started process 786 to run task
[2025-09-16T17:45:16.967+0200] {standard_task_runner.py:90} INFO - Running: ['airflow', 'tasks', 'run', 'etl_api_to_bi', 'dbt_build', 'scheduled__2025-09-16T15:30:00+00:00', '--job-id', '43', '--raw', '--subdir', 'DAGS_FOLDER/etl_api_to_bi.py', '--cfg-path', '/tmp/tmp77jq__6s']
[2025-09-16T17:45:16.971+0200] {standard_task_runner.py:91} INFO - Job 43: Subtask dbt_build
[2025-09-16T17:45:17.095+0200] {task_command.py:426} INFO - Running <TaskInstance: etl_api_to_bi.dbt_build scheduled__2025-09-16T15:30:00+00:00 [running]> on host 1621268d5064
[2025-09-16T17:45:17.540+0200] {taskinstance.py:2648} INFO - Exporting env vars: AIRFLOW_CTX_DAG_OWNER='data' AIRFLOW_CTX_DAG_ID='etl_api_to_bi' AIRFLOW_CTX_TASK_ID='dbt_build' AIRFLOW_CTX_EXECUTION_DATE='2025-09-16T15:30:00+00:00' AIRFLOW_CTX_TRY_NUMBER='1' AIRFLOW_CTX_DAG_RUN_ID='scheduled__2025-09-16T15:30:00+00:00'
[2025-09-16T17:45:17.542+0200] {taskinstance.py:430} INFO - ::endgroup::
[2025-09-16T17:45:17.558+0200] {subprocess.py:63} INFO - Tmp dir root location: /tmp
[2025-09-16T17:45:17.560+0200] {subprocess.py:75} INFO - Running command: ['/usr/bin/bash', '-c', "docker exec dbt bash -lc 'cd /usr/app && dbt build --fail-fast --profiles-dir /root/.dbt'"]
[2025-09-16T17:45:17.585+0200] {subprocess.py:86} INFO - Output:
[2025-09-16T17:45:19.730+0200] {subprocess.py:93} INFO - [0m15:45:19  Running with dbt=1.8.3
[2025-09-16T17:45:20.043+0200] {subprocess.py:93} INFO - [0m15:45:20  Registered adapter: postgres=1.8.2
[2025-09-16T17:45:22.161+0200] {subprocess.py:93} INFO - [0m15:45:22  Found 6 models, 11 data tests, 531 macros
[2025-09-16T17:45:22.168+0200] {subprocess.py:93} INFO - [0m15:45:22
[2025-09-16T17:45:22.498+0200] {subprocess.py:93} INFO - [0m15:45:22  Concurrency: 4 threads (target='dev')
[2025-09-16T17:45:22.500+0200] {subprocess.py:93} INFO - [0m15:45:22
[2025-09-16T17:45:22.513+0200] {subprocess.py:93} INFO - [0m15:45:22  1 of 17 START sql view model public_staging.stg_customers ...................... [RUN]
[2025-09-16T17:45:22.516+0200] {subprocess.py:93} INFO - [0m15:45:22  2 of 17 START sql view model public_staging.stg_payments ....................... [RUN]
[2025-09-16T17:45:22.519+0200] {subprocess.py:93} INFO - [0m15:45:22  3 of 17 START sql view model public_staging.stg_sessions ....................... [RUN]
[2025-09-16T17:45:22.919+0200] {subprocess.py:93} INFO - [0m15:45:22  1 of 17 OK created sql view model public_staging.stg_customers ................. [[32mCREATE VIEW[0m in 0.39s]
[2025-09-16T17:45:22.922+0200] {subprocess.py:93} INFO - [0m15:45:22  2 of 17 OK created sql view model public_staging.stg_payments .................. [[32mCREATE VIEW[0m in 0.39s]
[2025-09-16T17:45:22.925+0200] {subprocess.py:93} INFO - [0m15:45:22  3 of 17 OK created sql view model public_staging.stg_sessions .................. [[32mCREATE VIEW[0m in 0.39s]
[2025-09-16T17:45:22.942+0200] {subprocess.py:93} INFO - [0m15:45:22  4 of 17 START test not_null_stg_customers_country .............................. [RUN]
[2025-09-16T17:45:22.944+0200] {subprocess.py:93} INFO - [0m15:45:22  5 of 17 START test not_null_stg_customers_customer_id .......................... [RUN]
[2025-09-16T17:45:22.946+0200] {subprocess.py:93} INFO - [0m15:45:22  6 of 17 START test unique_stg_customers_customer_id ............................ [RUN]
[2025-09-16T17:45:22.948+0200] {subprocess.py:93} INFO - [0m15:45:22  7 of 17 START test accepted_values_stg_payments_status__succeeded__failed__refunded  [RUN]
[2025-09-16T17:45:23.213+0200] {subprocess.py:93} INFO - [0m15:45:23  6 of 17 PASS unique_stg_customers_customer_id .................................. [[32mPASS[0m in 0.26s]
[2025-09-16T17:45:23.217+0200] {subprocess.py:93} INFO - [0m15:45:23  4 of 17 PASS not_null_stg_customers_country .................................... [[32mPASS[0m in 0.27s]
[2025-09-16T17:45:23.224+0200] {subprocess.py:93} INFO - [0m15:45:23  5 of 17 PASS not_null_stg_customers_customer_id ................................ [[32mPASS[0m in 0.27s]
[2025-09-16T17:45:23.239+0200] {subprocess.py:93} INFO - [0m15:45:23  8 of 17 START test not_null_stg_payments_payment_id ............................ [RUN]
[2025-09-16T17:45:23.245+0200] {subprocess.py:93} INFO - [0m15:45:23  9 of 17 START test unique_stg_payments_payment_id .............................. [RUN]
[2025-09-16T17:45:23.249+0200] {subprocess.py:93} INFO - [0m15:45:23  7 of 17 PASS accepted_values_stg_payments_status__succeeded__failed__refunded .. [[32mPASS[0m in 0.29s]
[2025-09-16T17:45:23.251+0200] {subprocess.py:93} INFO - [0m15:45:23  10 of 17 START test accepted_values_stg_sessions_source__google__direct__facebook__linkedin__newsletter__referral__bing  [RUN]
[2025-09-16T17:45:23.295+0200] {subprocess.py:93} INFO - [0m15:45:23  11 of 17 START test not_null_stg_sessions_session_id ........................... [RUN]
[2025-09-16T17:45:23.418+0200] {subprocess.py:93} INFO - [0m15:45:23  8 of 17 PASS not_null_stg_payments_payment_id .................................. [[32mPASS[0m in 0.17s]
[2025-09-16T17:45:23.436+0200] {subprocess.py:93} INFO - [0m15:45:23  12 of 17 START test unique_stg_sessions_session_id ............................. [RUN]
[2025-09-16T17:45:23.445+0200] {subprocess.py:93} INFO - [0m15:45:23  9 of 17 PASS unique_stg_payments_payment_id .................................... [[32mPASS[0m in 0.19s]
[2025-09-16T17:45:23.467+0200] {subprocess.py:93} INFO - [0m15:45:23  13 of 17 START sql table model public_analytics.dim_customer ................... [RUN]
[2025-09-16T17:45:23.495+0200] {subprocess.py:93} INFO - [0m15:45:23  11 of 17 PASS not_null_stg_sessions_session_id ................................. [[32mPASS[0m in 0.18s]
[2025-09-16T17:45:23.513+0200] {subprocess.py:93} INFO - [0m15:45:23  10 of 17 PASS accepted_values_stg_sessions_source__google__direct__facebook__linkedin__newsletter__referral__bing  [[32mPASS[0m in 0.25s]
[2025-09-16T17:45:23.517+0200] {subprocess.py:93} INFO - [0m15:45:23  14 of 17 START sql table model public_analytics.fct_revenue_daily .............. [RUN]
[2025-09-16T17:45:23.687+0200] {subprocess.py:93} INFO - [0m15:45:23  12 of 17 PASS unique_stg_sessions_session_id ................................... [[32mPASS[0m in 0.25s]
[2025-09-16T17:45:23.705+0200] {subprocess.py:93} INFO - [0m15:45:23  15 of 17 START sql table model public_analytics.fct_marketing_attribution ...... [RUN]
[2025-09-16T17:45:23.786+0200] {subprocess.py:93} INFO - [0m15:45:23  13 of 17 OK created sql table model public_analytics.dim_customer .............. [[32mSELECT 1006[0m in 0.30s]
[2025-09-16T17:45:23.832+0200] {subprocess.py:93} INFO - [0m15:45:23  14 of 17 OK created sql table model public_analytics.fct_revenue_daily ......... [[32mSELECT 4326[0m in 0.27s]
[2025-09-16T17:45:23.838+0200] {subprocess.py:93} INFO - [0m15:45:23  16 of 17 START test not_null_fct_revenue_daily_order_day ....................... [RUN]
[2025-09-16T17:45:23.919+0200] {subprocess.py:93} INFO - [0m15:45:23  16 of 17 PASS not_null_fct_revenue_daily_order_day ............................. [[32mPASS[0m in 0.08s]
[2025-09-16T17:45:23.990+0200] {subprocess.py:93} INFO - [0m15:45:23  15 of 17 OK created sql table model public_analytics.fct_marketing_attribution . [[32mSELECT 5717[0m in 0.28s]
[2025-09-16T17:45:23.997+0200] {subprocess.py:93} INFO - [0m15:45:23  17 of 17 START test not_null_fct_marketing_attribution_session_day ............. [RUN]
[2025-09-16T17:45:24.070+0200] {subprocess.py:93} INFO - [0m15:45:24  17 of 17 PASS not_null_fct_marketing_attribution_session_day ................... [[32mPASS[0m in 0.07s]
[2025-09-16T17:45:24.116+0200] {subprocess.py:93} INFO - [0m15:45:24
[2025-09-16T17:45:24.118+0200] {subprocess.py:93} INFO - [0m15:45:24  Finished running 3 view models, 11 data tests, 3 table models in 0 hours 0 minutes and 1.95 seconds (1.95s).
[2025-09-16T17:45:24.226+0200] {subprocess.py:93} INFO - [0m15:45:24
[2025-09-16T17:45:24.228+0200] {subprocess.py:93} INFO - [0m15:45:24  [32mCompleted successfully[0m
[2025-09-16T17:45:24.230+0200] {subprocess.py:93} INFO - [0m15:45:24
[2025-09-16T17:45:24.232+0200] {subprocess.py:93} INFO - [0m15:45:24  Done. PASS=17 WARN=0 ERROR=0 SKIP=0 TOTAL=17
[2025-09-16T17:45:25.353+0200] {subprocess.py:97} INFO - Command exited with return code 0
[2025-09-16T17:45:25.355+0200] {taskinstance.py:441} INFO - ::group::Post task execution logs
[2025-09-16T17:45:25.425+0200] {taskinstance.py:1206} INFO - Marking task as SUCCESS. dag_id=etl_api_to_bi, task_id=dbt_build, run_id=scheduled__2025-09-16T15:30:00+00:00, execution_date=20250916T153000, start_date=20250916T154516, end_date=20250916T154525
[2025-09-16T17:45:25.508+0200] {local_task_job_runner.py:243} INFO - Task exited with return code 0
[2025-09-16T17:45:25.560+0200] {taskinstance.py:3503} INFO - 0 downstream tasks scheduled from follow-on schedule check
[2025-09-16T17:45:25.564+0200] {local_task_job_runner.py:222} INFO - ::endgroup::
