[2025-09-17T19:00:01.516+0200] {local_task_job_runner.py:120} INFO - ::group::Pre task execution logs
[2025-09-17T19:00:01.653+0200] {taskinstance.py:2076} INFO - Dependencies all met for dep_context=non-requeueable deps ti=<TaskInstance: etl_api_to_bi.extract_customers scheduled__2025-09-17T16:45:00+00:00 [queued]>
[2025-09-17T19:00:01.690+0200] {taskinstance.py:2076} INFO - Dependencies all met for dep_context=requeueable deps ti=<TaskInstance: etl_api_to_bi.extract_customers scheduled__2025-09-17T16:45:00+00:00 [queued]>
[2025-09-17T19:00:01.692+0200] {taskinstance.py:2306} INFO - Starting attempt 1 of 3
[2025-09-17T19:00:01.725+0200] {taskinstance.py:2330} INFO - Executing <Task(PythonOperator): extract_customers> on 2025-09-17 16:45:00+00:00
[2025-09-17T19:00:01.745+0200] {standard_task_runner.py:64} INFO - Started process 2383 to run task
[2025-09-17T19:00:01.763+0200] {standard_task_runner.py:90} INFO - Running: ['airflow', 'tasks', 'run', 'etl_api_to_bi', 'extract_customers', 'scheduled__2025-09-17T16:45:00+00:00', '--job-id', '125', '--raw', '--subdir', 'DAGS_FOLDER/etl_api_to_bi.py', '--cfg-path', '/tmp/tmpavw0y7wj']
[2025-09-17T19:00:01.770+0200] {standard_task_runner.py:91} INFO - Job 125: Subtask extract_customers
[2025-09-17T19:00:02.017+0200] {task_command.py:426} INFO - Running <TaskInstance: etl_api_to_bi.extract_customers scheduled__2025-09-17T16:45:00+00:00 [running]> on host 1621268d5064
[2025-09-17T19:00:03.115+0200] {taskinstance.py:2648} INFO - Exporting env vars: AIRFLOW_CTX_DAG_OWNER='data' AIRFLOW_CTX_DAG_ID='etl_api_to_bi' AIRFLOW_CTX_TASK_ID='extract_customers' AIRFLOW_CTX_EXECUTION_DATE='2025-09-17T16:45:00+00:00' AIRFLOW_CTX_TRY_NUMBER='1' AIRFLOW_CTX_DAG_RUN_ID='scheduled__2025-09-17T16:45:00+00:00'
[2025-09-17T19:00:03.117+0200] {taskinstance.py:430} INFO - ::endgroup::
[2025-09-17T19:00:03.269+0200] {crypto.py:82} WARNING - empty cryptography key - values will not be stored encrypted.
[2025-09-17T19:00:03.270+0200] {base.py:84} INFO - Using connection ID 'postgres_default' for task execution.
[2025-09-17T19:00:03.334+0200] {python.py:237} INFO - Done. Returned value was: 1
[2025-09-17T19:00:03.334+0200] {taskinstance.py:441} INFO - ::group::Post task execution logs
[2025-09-17T19:00:03.385+0200] {taskinstance.py:1206} INFO - Marking task as SUCCESS. dag_id=etl_api_to_bi, task_id=extract_customers, run_id=scheduled__2025-09-17T16:45:00+00:00, execution_date=20250917T164500, start_date=20250917T170001, end_date=20250917T170003
[2025-09-17T19:00:03.429+0200] {local_task_job_runner.py:243} INFO - Task exited with return code 0
[2025-09-17T19:00:03.470+0200] {taskinstance.py:3503} INFO - 0 downstream tasks scheduled from follow-on schedule check
[2025-09-17T19:00:03.473+0200] {local_task_job_runner.py:222} INFO - ::endgroup::
[2025-09-17T19:10:05.161+0200] {local_task_job_runner.py:120} INFO - ::group::Pre task execution logs
[2025-09-17T19:10:05.338+0200] {taskinstance.py:2076} INFO - Dependencies all met for dep_context=non-requeueable deps ti=<TaskInstance: etl_api_to_bi.extract_customers scheduled__2025-09-17T16:45:00+00:00 [queued]>
[2025-09-17T19:10:05.412+0200] {taskinstance.py:2076} INFO - Dependencies all met for dep_context=requeueable deps ti=<TaskInstance: etl_api_to_bi.extract_customers scheduled__2025-09-17T16:45:00+00:00 [queued]>
[2025-09-17T19:10:05.416+0200] {taskinstance.py:2306} INFO - Starting attempt 1 of 3
[2025-09-17T19:10:05.571+0200] {taskinstance.py:2330} INFO - Executing <Task(PythonOperator): extract_customers> on 2025-09-17 16:45:00+00:00
[2025-09-17T19:10:05.673+0200] {standard_task_runner.py:64} INFO - Started process 205 to run task
[2025-09-17T19:10:05.710+0200] {standard_task_runner.py:90} INFO - Running: ['airflow', 'tasks', 'run', 'etl_api_to_bi', 'extract_customers', 'scheduled__2025-09-17T16:45:00+00:00', '--job-id', '2', '--raw', '--subdir', 'DAGS_FOLDER/etl_api_to_bi.py', '--cfg-path', '/tmp/tmpsoj7zhxi']
[2025-09-17T19:10:05.734+0200] {standard_task_runner.py:91} INFO - Job 2: Subtask extract_customers
[2025-09-17T19:10:06.389+0200] {task_command.py:426} INFO - Running <TaskInstance: etl_api_to_bi.extract_customers scheduled__2025-09-17T16:45:00+00:00 [running]> on host cc1d85c9aa13
[2025-09-17T19:10:07.835+0200] {taskinstance.py:2648} INFO - Exporting env vars: AIRFLOW_CTX_DAG_OWNER='data' AIRFLOW_CTX_DAG_ID='etl_api_to_bi' AIRFLOW_CTX_TASK_ID='extract_customers' AIRFLOW_CTX_EXECUTION_DATE='2025-09-17T16:45:00+00:00' AIRFLOW_CTX_TRY_NUMBER='1' AIRFLOW_CTX_DAG_RUN_ID='scheduled__2025-09-17T16:45:00+00:00'
[2025-09-17T19:10:07.836+0200] {taskinstance.py:430} INFO - ::endgroup::
[2025-09-17T19:10:08.209+0200] {crypto.py:82} WARNING - empty cryptography key - values will not be stored encrypted.
[2025-09-17T19:10:08.214+0200] {base.py:84} INFO - Using connection ID 'postgres_default' for task execution.
[2025-09-17T19:10:09.007+0200] {base.py:84} INFO - Using connection ID 'postgres_default' for task execution.
[2025-09-17T19:10:09.709+0200] {python.py:237} INFO - Done. Returned value was: 1000
[2025-09-17T19:10:09.723+0200] {taskinstance.py:441} INFO - ::group::Post task execution logs
[2025-09-17T19:10:09.865+0200] {taskinstance.py:1206} INFO - Marking task as SUCCESS. dag_id=etl_api_to_bi, task_id=extract_customers, run_id=scheduled__2025-09-17T16:45:00+00:00, execution_date=20250917T164500, start_date=20250917T171005, end_date=20250917T171009
[2025-09-17T19:10:09.987+0200] {local_task_job_runner.py:243} INFO - Task exited with return code 0
[2025-09-17T19:10:10.147+0200] {taskinstance.py:3503} INFO - 0 downstream tasks scheduled from follow-on schedule check
[2025-09-17T19:10:10.165+0200] {local_task_job_runner.py:222} INFO - ::endgroup::
