[2025-09-15T21:15:00.735+0200] {local_task_job_runner.py:120} INFO - ::group::Pre task execution logs
[2025-09-15T21:15:00.799+0200] {taskinstance.py:2076} INFO - Dependencies all met for dep_context=non-requeueable deps ti=<TaskInstance: etl_api_to_bi.dbt_deps scheduled__2025-09-15T19:00:00+00:00 [queued]>
[2025-09-15T21:15:00.816+0200] {taskinstance.py:2076} INFO - Dependencies all met for dep_context=requeueable deps ti=<TaskInstance: etl_api_to_bi.dbt_deps scheduled__2025-09-15T19:00:00+00:00 [queued]>
[2025-09-15T21:15:00.817+0200] {taskinstance.py:2306} INFO - Starting attempt 1 of 3
[2025-09-15T21:15:00.842+0200] {taskinstance.py:2330} INFO - Executing <Task(BashOperator): dbt_deps> on 2025-09-15 19:00:00+00:00
[2025-09-15T21:15:00.861+0200] {standard_task_runner.py:64} INFO - Started process 1252 to run task
[2025-09-15T21:15:00.869+0200] {standard_task_runner.py:90} INFO - Running: ['airflow', 'tasks', 'run', 'etl_api_to_bi', 'dbt_deps', 'scheduled__2025-09-15T19:00:00+00:00', '--job-id', '36', '--raw', '--subdir', 'DAGS_FOLDER/etl_api_to_bi.py', '--cfg-path', '/tmp/tmpq0dertt4']
[2025-09-15T21:15:00.873+0200] {standard_task_runner.py:91} INFO - Job 36: Subtask dbt_deps
[2025-09-15T21:15:00.995+0200] {task_command.py:426} INFO - Running <TaskInstance: etl_api_to_bi.dbt_deps scheduled__2025-09-15T19:00:00+00:00 [running]> on host f51a750ef2c3
[2025-09-15T21:15:01.445+0200] {taskinstance.py:2648} INFO - Exporting env vars: AIRFLOW_CTX_DAG_OWNER='data' AIRFLOW_CTX_DAG_ID='etl_api_to_bi' AIRFLOW_CTX_TASK_ID='dbt_deps' AIRFLOW_CTX_EXECUTION_DATE='2025-09-15T19:00:00+00:00' AIRFLOW_CTX_TRY_NUMBER='1' AIRFLOW_CTX_DAG_RUN_ID='scheduled__2025-09-15T19:00:00+00:00'
[2025-09-15T21:15:01.446+0200] {taskinstance.py:430} INFO - ::endgroup::
[2025-09-15T21:15:01.463+0200] {subprocess.py:63} INFO - Tmp dir root location: /tmp
[2025-09-15T21:15:01.465+0200] {subprocess.py:75} INFO - Running command: ['/usr/bin/bash', '-c', "docker exec dbt bash -lc 'cd /usr/app && dbt deps --profiles-dir /root/.dbt'"]
[2025-09-15T21:15:01.480+0200] {subprocess.py:86} INFO - Output:
[2025-09-15T21:15:03.791+0200] {subprocess.py:93} INFO - [0m19:15:03  Running with dbt=1.8.3
[2025-09-15T21:15:05.363+0200] {subprocess.py:93} INFO - [0m19:15:05  Installing dbt-labs/dbt_utils
[2025-09-15T21:15:11.889+0200] {subprocess.py:93} INFO - [0m19:15:11  Installed from version 1.3.1
[2025-09-15T21:15:11.891+0200] {subprocess.py:93} INFO - [0m19:15:11  Up to date!
[2025-09-15T21:15:12.845+0200] {subprocess.py:97} INFO - Command exited with return code 0
[2025-09-15T21:15:12.848+0200] {taskinstance.py:441} INFO - ::group::Post task execution logs
[2025-09-15T21:15:12.896+0200] {taskinstance.py:1206} INFO - Marking task as SUCCESS. dag_id=etl_api_to_bi, task_id=dbt_deps, run_id=scheduled__2025-09-15T19:00:00+00:00, execution_date=20250915T190000, start_date=20250915T191500, end_date=20250915T191512
[2025-09-15T21:15:12.936+0200] {local_task_job_runner.py:243} INFO - Task exited with return code 0
[2025-09-15T21:15:12.966+0200] {taskinstance.py:3503} INFO - 1 downstream tasks scheduled from follow-on schedule check
[2025-09-15T21:15:12.969+0200] {local_task_job_runner.py:222} INFO - ::endgroup::
