[2025-09-15T20:01:17.551+0200] {local_task_job_runner.py:120} INFO - ::group::Pre task execution logs
[2025-09-15T20:01:17.613+0200] {taskinstance.py:2076} INFO - Dependencies all met for dep_context=non-requeueable deps ti=<TaskInstance: etl_api_to_bi.dbt_build scheduled__2025-09-15T17:45:00+00:00 [queued]>
[2025-09-15T20:01:17.625+0200] {taskinstance.py:2076} INFO - Dependencies all met for dep_context=requeueable deps ti=<TaskInstance: etl_api_to_bi.dbt_build scheduled__2025-09-15T17:45:00+00:00 [queued]>
[2025-09-15T20:01:17.626+0200] {taskinstance.py:2306} INFO - Starting attempt 1 of 3
[2025-09-15T20:01:17.641+0200] {taskinstance.py:2330} INFO - Executing <Task(BashOperator): dbt_build> on 2025-09-15 17:45:00+00:00
[2025-09-15T20:01:17.652+0200] {standard_task_runner.py:64} INFO - Started process 399 to run task
[2025-09-15T20:01:17.658+0200] {standard_task_runner.py:90} INFO - Running: ['airflow', 'tasks', 'run', 'etl_api_to_bi', 'dbt_build', 'scheduled__2025-09-15T17:45:00+00:00', '--job-id', '12', '--raw', '--subdir', 'DAGS_FOLDER/etl_api_to_bi.py', '--cfg-path', '/tmp/tmpfdk2ley1']
[2025-09-15T20:01:17.664+0200] {standard_task_runner.py:91} INFO - Job 12: Subtask dbt_build
[2025-09-15T20:01:17.799+0200] {task_command.py:426} INFO - Running <TaskInstance: etl_api_to_bi.dbt_build scheduled__2025-09-15T17:45:00+00:00 [running]> on host f51a750ef2c3
[2025-09-15T20:01:18.201+0200] {taskinstance.py:2648} INFO - Exporting env vars: AIRFLOW_CTX_DAG_OWNER='data' AIRFLOW_CTX_DAG_ID='etl_api_to_bi' AIRFLOW_CTX_TASK_ID='dbt_build' AIRFLOW_CTX_EXECUTION_DATE='2025-09-15T17:45:00+00:00' AIRFLOW_CTX_TRY_NUMBER='1' AIRFLOW_CTX_DAG_RUN_ID='scheduled__2025-09-15T17:45:00+00:00'
[2025-09-15T20:01:18.203+0200] {taskinstance.py:430} INFO - ::endgroup::
[2025-09-15T20:01:18.221+0200] {subprocess.py:63} INFO - Tmp dir root location: /tmp
[2025-09-15T20:01:18.223+0200] {subprocess.py:75} INFO - Running command: ['/usr/bin/bash', '-c', "docker exec dbt bash -lc 'cd /usr/app && dbt build --fail-fast --profiles-dir /root/.dbt'"]
[2025-09-15T20:01:18.242+0200] {subprocess.py:86} INFO - Output:
[2025-09-15T20:01:20.944+0200] {subprocess.py:93} INFO - [0m18:01:20  Running with dbt=1.8.3
[2025-09-15T20:01:21.353+0200] {subprocess.py:93} INFO - [0m18:01:21  Registered adapter: postgres=1.8.2
[2025-09-15T20:01:23.831+0200] {subprocess.py:93} INFO - [0m18:01:23  Found 6 models, 11 data tests, 531 macros
[2025-09-15T20:01:23.842+0200] {subprocess.py:93} INFO - [0m18:01:23
[2025-09-15T20:01:24.363+0200] {subprocess.py:93} INFO - [0m18:01:24  Concurrency: 4 threads (target='dev')
[2025-09-15T20:01:24.368+0200] {subprocess.py:93} INFO - [0m18:01:24
[2025-09-15T20:01:24.381+0200] {subprocess.py:93} INFO - [0m18:01:24  1 of 17 START sql view model public_staging.stg_customers ...................... [RUN]
[2025-09-15T20:01:24.386+0200] {subprocess.py:93} INFO - [0m18:01:24  2 of 17 START sql view model public_staging.stg_payments ....................... [RUN]
[2025-09-15T20:01:24.388+0200] {subprocess.py:93} INFO - [0m18:01:24  3 of 17 START sql view model public_staging.stg_sessions ....................... [RUN]
[2025-09-15T20:01:25.362+0200] {subprocess.py:93} INFO - [0m18:01:25  3 of 17 OK created sql view model public_staging.stg_sessions .................. [[32mCREATE VIEW[0m in 0.95s]
[2025-09-15T20:01:25.366+0200] {subprocess.py:93} INFO - [0m18:01:25  1 of 17 OK created sql view model public_staging.stg_customers ................. [[32mCREATE VIEW[0m in 0.96s]
[2025-09-15T20:01:25.371+0200] {subprocess.py:93} INFO - [0m18:01:25  2 of 17 OK created sql view model public_staging.stg_payments .................. [[32mCREATE VIEW[0m in 0.97s]
[2025-09-15T20:01:25.398+0200] {subprocess.py:93} INFO - [0m18:01:25  4 of 17 START test accepted_values_stg_sessions_source__google__direct__facebook__linkedin__newsletter__referral__bing  [RUN]
[2025-09-15T20:01:25.402+0200] {subprocess.py:93} INFO - [0m18:01:25  5 of 17 START test not_null_stg_sessions_session_id ............................ [RUN]
[2025-09-15T20:01:25.406+0200] {subprocess.py:93} INFO - [0m18:01:25  6 of 17 START test unique_stg_sessions_session_id .............................. [RUN]
[2025-09-15T20:01:25.408+0200] {subprocess.py:93} INFO - [0m18:01:25  7 of 17 START test not_null_stg_customers_country .............................. [RUN]
[2025-09-15T20:01:26.086+0200] {subprocess.py:93} INFO - [0m18:01:26  5 of 17 PASS not_null_stg_sessions_session_id .................................. [[32mPASS[0m in 0.67s]
[2025-09-15T20:01:26.099+0200] {subprocess.py:93} INFO - [0m18:01:26  7 of 17 PASS not_null_stg_customers_country .................................... [[32mPASS[0m in 0.68s]
[2025-09-15T20:01:26.103+0200] {subprocess.py:93} INFO - [0m18:01:26  8 of 17 START test not_null_stg_customers_customer_id .......................... [RUN]
[2025-09-15T20:01:26.122+0200] {subprocess.py:93} INFO - [0m18:01:26  9 of 17 START test unique_stg_customers_customer_id ............................ [RUN]
[2025-09-15T20:01:26.134+0200] {subprocess.py:93} INFO - [0m18:01:26  4 of 17 PASS accepted_values_stg_sessions_source__google__direct__facebook__linkedin__newsletter__referral__bing  [[32mPASS[0m in 0.72s]
[2025-09-15T20:01:26.146+0200] {subprocess.py:93} INFO - [0m18:01:26  6 of 17 PASS unique_stg_sessions_session_id .................................... [[32mPASS[0m in 0.73s]
[2025-09-15T20:01:26.165+0200] {subprocess.py:93} INFO - [0m18:01:26  10 of 17 START test accepted_values_stg_payments_status__succeeded__failed__refunded  [RUN]
[2025-09-15T20:01:26.174+0200] {subprocess.py:93} INFO - [0m18:01:26  11 of 17 START test not_null_stg_payments_payment_id ........................... [RUN]
[2025-09-15T20:01:26.326+0200] {subprocess.py:93} INFO - [0m18:01:26  8 of 17 PASS not_null_stg_customers_customer_id ................................ [[32mPASS[0m in 0.22s]
[2025-09-15T20:01:26.347+0200] {subprocess.py:93} INFO - [0m18:01:26  12 of 17 START test unique_stg_payments_payment_id ............................. [RUN]
[2025-09-15T20:01:26.381+0200] {subprocess.py:93} INFO - [0m18:01:26  9 of 17 PASS unique_stg_customers_customer_id .................................. [[32mPASS[0m in 0.24s]
[2025-09-15T20:01:26.401+0200] {subprocess.py:93} INFO - [0m18:01:26  10 of 17 PASS accepted_values_stg_payments_status__succeeded__failed__refunded . [[32mPASS[0m in 0.23s]
[2025-09-15T20:01:26.407+0200] {subprocess.py:93} INFO - [0m18:01:26  13 of 17 START sql table model public_analytics.fct_marketing_attribution ...... [RUN]
[2025-09-15T20:01:26.428+0200] {subprocess.py:93} INFO - [0m18:01:26  11 of 17 PASS not_null_stg_payments_payment_id ................................. [[32mPASS[0m in 0.24s]
[2025-09-15T20:01:26.432+0200] {subprocess.py:93} INFO - [0m18:01:26  14 of 17 START sql table model public_analytics.dim_customer ................... [RUN]
[2025-09-15T20:01:26.572+0200] {subprocess.py:93} INFO - [0m18:01:26  12 of 17 PASS unique_stg_payments_payment_id ................................... [[32mPASS[0m in 0.22s]
[2025-09-15T20:01:26.584+0200] {subprocess.py:93} INFO - [0m18:01:26  15 of 17 START sql table model public_analytics.fct_revenue_daily .............. [RUN]
[2025-09-15T20:01:26.730+0200] {subprocess.py:93} INFO - [0m18:01:26  14 of 17 OK created sql table model public_analytics.dim_customer .............. [[32mSELECT 1000[0m in 0.28s]
[2025-09-15T20:01:26.781+0200] {subprocess.py:93} INFO - [0m18:01:26  13 of 17 OK created sql table model public_analytics.fct_marketing_attribution . [[32mSELECT 5698[0m in 0.36s]
[2025-09-15T20:01:26.787+0200] {subprocess.py:93} INFO - [0m18:01:26  16 of 17 START test not_null_fct_marketing_attribution_session_day ............. [RUN]
[2025-09-15T20:01:26.866+0200] {subprocess.py:93} INFO - [0m18:01:26  15 of 17 OK created sql table model public_analytics.fct_revenue_daily ......... [[32mSELECT 4336[0m in 0.27s]
[2025-09-15T20:01:26.876+0200] {subprocess.py:93} INFO - [0m18:01:26  17 of 17 START test not_null_fct_revenue_daily_order_day ....................... [RUN]
[2025-09-15T20:01:26.914+0200] {subprocess.py:93} INFO - [0m18:01:26  16 of 17 PASS not_null_fct_marketing_attribution_session_day ................... [[32mPASS[0m in 0.12s]
[2025-09-15T20:01:26.977+0200] {subprocess.py:93} INFO - [0m18:01:26  17 of 17 PASS not_null_fct_revenue_daily_order_day ............................. [[32mPASS[0m in 0.10s]
[2025-09-15T20:01:27.017+0200] {subprocess.py:93} INFO - [0m18:01:27
[2025-09-15T20:01:27.019+0200] {subprocess.py:93} INFO - [0m18:01:27  Finished running 3 view models, 11 data tests, 3 table models in 0 hours 0 minutes and 3.17 seconds (3.17s).
[2025-09-15T20:01:27.112+0200] {subprocess.py:93} INFO - [0m18:01:27
[2025-09-15T20:01:27.114+0200] {subprocess.py:93} INFO - [0m18:01:27  [32mCompleted successfully[0m
[2025-09-15T20:01:27.116+0200] {subprocess.py:93} INFO - [0m18:01:27
[2025-09-15T20:01:27.119+0200] {subprocess.py:93} INFO - [0m18:01:27  Done. PASS=17 WARN=0 ERROR=0 SKIP=0 TOTAL=17
[2025-09-15T20:01:28.079+0200] {subprocess.py:97} INFO - Command exited with return code 0
[2025-09-15T20:01:28.081+0200] {taskinstance.py:441} INFO - ::group::Post task execution logs
[2025-09-15T20:01:28.138+0200] {taskinstance.py:1206} INFO - Marking task as SUCCESS. dag_id=etl_api_to_bi, task_id=dbt_build, run_id=scheduled__2025-09-15T17:45:00+00:00, execution_date=20250915T174500, start_date=20250915T180117, end_date=20250915T180128
[2025-09-15T20:01:28.188+0200] {local_task_job_runner.py:243} INFO - Task exited with return code 0
[2025-09-15T20:01:28.213+0200] {taskinstance.py:3503} INFO - 0 downstream tasks scheduled from follow-on schedule check
[2025-09-15T20:01:28.217+0200] {local_task_job_runner.py:222} INFO - ::endgroup::
