[2025-09-17T18:45:23.011+0200] {local_task_job_runner.py:120} INFO - ::group::Pre task execution logs
[2025-09-17T18:45:23.097+0200] {taskinstance.py:2076} INFO - Dependencies all met for dep_context=non-requeueable deps ti=<TaskInstance: etl_api_to_bi.dbt_build scheduled__2025-09-17T16:30:00+00:00 [queued]>
[2025-09-17T18:45:23.114+0200] {taskinstance.py:2076} INFO - Dependencies all met for dep_context=requeueable deps ti=<TaskInstance: etl_api_to_bi.dbt_build scheduled__2025-09-17T16:30:00+00:00 [queued]>
[2025-09-17T18:45:23.114+0200] {taskinstance.py:2306} INFO - Starting attempt 1 of 3
[2025-09-17T18:45:23.135+0200] {taskinstance.py:2330} INFO - Executing <Task(BashOperator): dbt_build> on 2025-09-17 16:30:00+00:00
[2025-09-17T18:45:23.145+0200] {standard_task_runner.py:64} INFO - Started process 2224 to run task
[2025-09-17T18:45:23.152+0200] {standard_task_runner.py:90} INFO - Running: ['airflow', 'tasks', 'run', 'etl_api_to_bi', 'dbt_build', 'scheduled__2025-09-17T16:30:00+00:00', '--job-id', '124', '--raw', '--subdir', 'DAGS_FOLDER/etl_api_to_bi.py', '--cfg-path', '/tmp/tmpvcl5vy1f']
[2025-09-17T18:45:23.157+0200] {standard_task_runner.py:91} INFO - Job 124: Subtask dbt_build
[2025-09-17T18:45:23.306+0200] {task_command.py:426} INFO - Running <TaskInstance: etl_api_to_bi.dbt_build scheduled__2025-09-17T16:30:00+00:00 [running]> on host 1621268d5064
[2025-09-17T18:45:23.962+0200] {taskinstance.py:2648} INFO - Exporting env vars: AIRFLOW_CTX_DAG_OWNER='data' AIRFLOW_CTX_DAG_ID='etl_api_to_bi' AIRFLOW_CTX_TASK_ID='dbt_build' AIRFLOW_CTX_EXECUTION_DATE='2025-09-17T16:30:00+00:00' AIRFLOW_CTX_TRY_NUMBER='1' AIRFLOW_CTX_DAG_RUN_ID='scheduled__2025-09-17T16:30:00+00:00'
[2025-09-17T18:45:23.970+0200] {taskinstance.py:430} INFO - ::endgroup::
[2025-09-17T18:45:24.031+0200] {subprocess.py:63} INFO - Tmp dir root location: /tmp
[2025-09-17T18:45:24.047+0200] {subprocess.py:75} INFO - Running command: ['/usr/bin/bash', '-c', "docker exec dbt bash -lc 'cd /usr/app && dbt build --fail-fast --profiles-dir /root/.dbt'"]
[2025-09-17T18:45:24.110+0200] {subprocess.py:86} INFO - Output:
[2025-09-17T18:45:27.491+0200] {subprocess.py:93} INFO - [0m16:45:27  Running with dbt=1.8.3
[2025-09-17T18:45:27.856+0200] {subprocess.py:93} INFO - [0m16:45:27  Registered adapter: postgres=1.8.2
[2025-09-17T18:45:30.960+0200] {subprocess.py:93} INFO - [0m16:45:30  Found 6 models, 11 data tests, 531 macros
[2025-09-17T18:45:30.979+0200] {subprocess.py:93} INFO - [0m16:45:30
[2025-09-17T18:45:31.700+0200] {subprocess.py:93} INFO - [0m16:45:31  Concurrency: 4 threads (target='dev')
[2025-09-17T18:45:31.707+0200] {subprocess.py:93} INFO - [0m16:45:31
[2025-09-17T18:45:31.769+0200] {subprocess.py:93} INFO - [0m16:45:31  1 of 17 START sql view model public_staging.stg_customers ...................... [RUN]
[2025-09-17T18:45:31.773+0200] {subprocess.py:93} INFO - [0m16:45:31  2 of 17 START sql view model public_staging.stg_payments ....................... [RUN]
[2025-09-17T18:45:31.776+0200] {subprocess.py:93} INFO - [0m16:45:31  3 of 17 START sql view model public_staging.stg_sessions ....................... [RUN]
[2025-09-17T18:45:32.500+0200] {subprocess.py:93} INFO - [0m16:45:32  1 of 17 OK created sql view model public_staging.stg_customers ................. [[32mCREATE VIEW[0m in 0.71s]
[2025-09-17T18:45:32.503+0200] {subprocess.py:93} INFO - [0m16:45:32  2 of 17 OK created sql view model public_staging.stg_payments .................. [[32mCREATE VIEW[0m in 0.71s]
[2025-09-17T18:45:32.505+0200] {subprocess.py:93} INFO - [0m16:45:32  3 of 17 OK created sql view model public_staging.stg_sessions .................. [[32mCREATE VIEW[0m in 0.71s]
[2025-09-17T18:45:32.540+0200] {subprocess.py:93} INFO - [0m16:45:32  4 of 17 START test not_null_stg_customers_country .............................. [RUN]
[2025-09-17T18:45:32.543+0200] {subprocess.py:93} INFO - [0m16:45:32  5 of 17 START test not_null_stg_customers_customer_id .......................... [RUN]
[2025-09-17T18:45:32.546+0200] {subprocess.py:93} INFO - [0m16:45:32  6 of 17 START test unique_stg_customers_customer_id ............................ [RUN]
[2025-09-17T18:45:32.549+0200] {subprocess.py:93} INFO - [0m16:45:32  7 of 17 START test accepted_values_stg_payments_status__succeeded__failed__refunded  [RUN]
[2025-09-17T18:45:32.996+0200] {subprocess.py:93} INFO - [0m16:45:32  5 of 17 PASS not_null_stg_customers_customer_id ................................ [[32mPASS[0m in 0.44s]
[2025-09-17T18:45:33.024+0200] {subprocess.py:93} INFO - [0m16:45:33  4 of 17 PASS not_null_stg_customers_country .................................... [[32mPASS[0m in 0.47s]
[2025-09-17T18:45:33.027+0200] {subprocess.py:93} INFO - [0m16:45:33  7 of 17 PASS accepted_values_stg_payments_status__succeeded__failed__refunded .. [[32mPASS[0m in 0.47s]
[2025-09-17T18:45:33.038+0200] {subprocess.py:93} INFO - [0m16:45:33  6 of 17 PASS unique_stg_customers_customer_id .................................. [[32mPASS[0m in 0.48s]
[2025-09-17T18:45:33.040+0200] {subprocess.py:93} INFO - [0m16:45:33  8 of 17 START test not_null_stg_payments_payment_id ............................ [RUN]
[2025-09-17T18:45:33.054+0200] {subprocess.py:93} INFO - [0m16:45:33  9 of 17 START test unique_stg_payments_payment_id .............................. [RUN]
[2025-09-17T18:45:33.055+0200] {subprocess.py:93} INFO - [0m16:45:33  10 of 17 START test accepted_values_stg_sessions_source__google__direct__facebook__linkedin__newsletter__referral__bing  [RUN]
[2025-09-17T18:45:33.067+0200] {subprocess.py:93} INFO - [0m16:45:33  11 of 17 START test not_null_stg_sessions_session_id ........................... [RUN]
[2025-09-17T18:45:33.272+0200] {subprocess.py:93} INFO - [0m16:45:33  8 of 17 PASS not_null_stg_payments_payment_id .................................. [[32mPASS[0m in 0.22s]
[2025-09-17T18:45:33.276+0200] {subprocess.py:93} INFO - [0m16:45:33  11 of 17 PASS not_null_stg_sessions_session_id ................................. [[32mPASS[0m in 0.19s]
[2025-09-17T18:45:33.288+0200] {subprocess.py:93} INFO - [0m16:45:33  9 of 17 PASS unique_stg_payments_payment_id .................................... [[32mPASS[0m in 0.22s]
[2025-09-17T18:45:33.308+0200] {subprocess.py:93} INFO - [0m16:45:33  10 of 17 PASS accepted_values_stg_sessions_source__google__direct__facebook__linkedin__newsletter__referral__bing  [[32mPASS[0m in 0.24s]
[2025-09-17T18:45:33.310+0200] {subprocess.py:93} INFO - [0m16:45:33  12 of 17 START test unique_stg_sessions_session_id ............................. [RUN]
[2025-09-17T18:45:33.315+0200] {subprocess.py:93} INFO - [0m16:45:33  13 of 17 START sql table model public_analytics.dim_customer ................... [RUN]
[2025-09-17T18:45:33.324+0200] {subprocess.py:93} INFO - [0m16:45:33  14 of 17 START sql table model public_analytics.fct_revenue_daily .............. [RUN]
[2025-09-17T18:45:33.614+0200] {subprocess.py:93} INFO - [0m16:45:33  12 of 17 PASS unique_stg_sessions_session_id ................................... [[32mPASS[0m in 0.29s]
[2025-09-17T18:45:33.639+0200] {subprocess.py:93} INFO - [0m16:45:33  15 of 17 START sql table model public_analytics.fct_marketing_attribution ...... [RUN]
[2025-09-17T18:45:33.778+0200] {subprocess.py:93} INFO - [0m16:45:33  13 of 17 OK created sql table model public_analytics.dim_customer .............. [[32mSELECT 1013[0m in 0.45s]
[2025-09-17T18:45:33.796+0200] {subprocess.py:93} INFO - [0m16:45:33  14 of 17 OK created sql table model public_analytics.fct_revenue_daily ......... [[32mSELECT 4348[0m in 0.46s]
[2025-09-17T18:45:33.808+0200] {subprocess.py:93} INFO - [0m16:45:33  16 of 17 START test not_null_fct_revenue_daily_order_day ....................... [RUN]
[2025-09-17T18:45:33.918+0200] {subprocess.py:93} INFO - [0m16:45:33  16 of 17 PASS not_null_fct_revenue_daily_order_day ............................. [[32mPASS[0m in 0.10s]
[2025-09-17T18:45:34.027+0200] {subprocess.py:93} INFO - [0m16:45:34  15 of 17 OK created sql table model public_analytics.fct_marketing_attribution . [[32mSELECT 5749[0m in 0.38s]
[2025-09-17T18:45:34.037+0200] {subprocess.py:93} INFO - [0m16:45:34  17 of 17 START test not_null_fct_marketing_attribution_session_day ............. [RUN]
[2025-09-17T18:45:34.135+0200] {subprocess.py:93} INFO - [0m16:45:34  17 of 17 PASS not_null_fct_marketing_attribution_session_day ................... [[32mPASS[0m in 0.10s]
[2025-09-17T18:45:34.198+0200] {subprocess.py:93} INFO - [0m16:45:34
[2025-09-17T18:45:34.201+0200] {subprocess.py:93} INFO - [0m16:45:34  Finished running 3 view models, 11 data tests, 3 table models in 0 hours 0 minutes and 3.21 seconds (3.21s).
[2025-09-17T18:45:34.325+0200] {subprocess.py:93} INFO - [0m16:45:34
[2025-09-17T18:45:34.327+0200] {subprocess.py:93} INFO - [0m16:45:34  [32mCompleted successfully[0m
[2025-09-17T18:45:34.329+0200] {subprocess.py:93} INFO - [0m16:45:34
[2025-09-17T18:45:34.332+0200] {subprocess.py:93} INFO - [0m16:45:34  Done. PASS=17 WARN=0 ERROR=0 SKIP=0 TOTAL=17
[2025-09-17T18:45:35.919+0200] {subprocess.py:97} INFO - Command exited with return code 0
[2025-09-17T18:45:35.921+0200] {taskinstance.py:441} INFO - ::group::Post task execution logs
[2025-09-17T18:45:35.969+0200] {taskinstance.py:1206} INFO - Marking task as SUCCESS. dag_id=etl_api_to_bi, task_id=dbt_build, run_id=scheduled__2025-09-17T16:30:00+00:00, execution_date=20250917T163000, start_date=20250917T164523, end_date=20250917T164535
[2025-09-17T18:45:36.045+0200] {local_task_job_runner.py:243} INFO - Task exited with return code 0
[2025-09-17T18:45:36.085+0200] {taskinstance.py:3503} INFO - 0 downstream tasks scheduled from follow-on schedule check
[2025-09-17T18:45:36.089+0200] {local_task_job_runner.py:222} INFO - ::endgroup::
