[2025-09-15T21:30:13.791+0200] {local_task_job_runner.py:120} INFO - ::group::Pre task execution logs
[2025-09-15T21:30:13.842+0200] {taskinstance.py:2076} INFO - Dependencies all met for dep_context=non-requeueable deps ti=<TaskInstance: etl_api_to_bi.dbt_build scheduled__2025-09-15T19:15:00+00:00 [queued]>
[2025-09-15T21:30:13.852+0200] {taskinstance.py:2076} INFO - Dependencies all met for dep_context=requeueable deps ti=<TaskInstance: etl_api_to_bi.dbt_build scheduled__2025-09-15T19:15:00+00:00 [queued]>
[2025-09-15T21:30:13.853+0200] {taskinstance.py:2306} INFO - Starting attempt 1 of 3
[2025-09-15T21:30:13.869+0200] {taskinstance.py:2330} INFO - Executing <Task(BashOperator): dbt_build> on 2025-09-15 19:15:00+00:00
[2025-09-15T21:30:13.878+0200] {standard_task_runner.py:64} INFO - Started process 1446 to run task
[2025-09-15T21:30:13.884+0200] {standard_task_runner.py:90} INFO - Running: ['airflow', 'tasks', 'run', 'etl_api_to_bi', 'dbt_build', 'scheduled__2025-09-15T19:15:00+00:00', '--job-id', '42', '--raw', '--subdir', 'DAGS_FOLDER/etl_api_to_bi.py', '--cfg-path', '/tmp/tmpdml8ygx5']
[2025-09-15T21:30:13.888+0200] {standard_task_runner.py:91} INFO - Job 42: Subtask dbt_build
[2025-09-15T21:30:14.001+0200] {task_command.py:426} INFO - Running <TaskInstance: etl_api_to_bi.dbt_build scheduled__2025-09-15T19:15:00+00:00 [running]> on host f51a750ef2c3
[2025-09-15T21:30:14.372+0200] {taskinstance.py:2648} INFO - Exporting env vars: AIRFLOW_CTX_DAG_OWNER='data' AIRFLOW_CTX_DAG_ID='etl_api_to_bi' AIRFLOW_CTX_TASK_ID='dbt_build' AIRFLOW_CTX_EXECUTION_DATE='2025-09-15T19:15:00+00:00' AIRFLOW_CTX_TRY_NUMBER='1' AIRFLOW_CTX_DAG_RUN_ID='scheduled__2025-09-15T19:15:00+00:00'
[2025-09-15T21:30:14.373+0200] {taskinstance.py:430} INFO - ::endgroup::
[2025-09-15T21:30:14.390+0200] {subprocess.py:63} INFO - Tmp dir root location: /tmp
[2025-09-15T21:30:14.392+0200] {subprocess.py:75} INFO - Running command: ['/usr/bin/bash', '-c', "docker exec dbt bash -lc 'cd /usr/app && dbt build --fail-fast --profiles-dir /root/.dbt'"]
[2025-09-15T21:30:14.411+0200] {subprocess.py:86} INFO - Output:
[2025-09-15T21:30:16.630+0200] {subprocess.py:93} INFO - [0m19:30:16  Running with dbt=1.8.3
[2025-09-15T21:30:17.037+0200] {subprocess.py:93} INFO - [0m19:30:17  Registered adapter: postgres=1.8.2
[2025-09-15T21:30:19.206+0200] {subprocess.py:93} INFO - [0m19:30:19  Found 6 models, 11 data tests, 531 macros
[2025-09-15T21:30:19.214+0200] {subprocess.py:93} INFO - [0m19:30:19
[2025-09-15T21:30:19.683+0200] {subprocess.py:93} INFO - [0m19:30:19  Concurrency: 4 threads (target='dev')
[2025-09-15T21:30:19.696+0200] {subprocess.py:93} INFO - [0m19:30:19
[2025-09-15T21:30:19.732+0200] {subprocess.py:93} INFO - [0m19:30:19  1 of 17 START sql view model public_staging.stg_customers ...................... [RUN]
[2025-09-15T21:30:19.738+0200] {subprocess.py:93} INFO - [0m19:30:19  2 of 17 START sql view model public_staging.stg_payments ....................... [RUN]
[2025-09-15T21:30:19.744+0200] {subprocess.py:93} INFO - [0m19:30:19  3 of 17 START sql view model public_staging.stg_sessions ....................... [RUN]
[2025-09-15T21:30:20.950+0200] {subprocess.py:93} INFO - [0m19:30:20  2 of 17 OK created sql view model public_staging.stg_payments .................. [[32mCREATE VIEW[0m in 1.19s]
[2025-09-15T21:30:20.955+0200] {subprocess.py:93} INFO - [0m19:30:20  3 of 17 OK created sql view model public_staging.stg_sessions .................. [[32mCREATE VIEW[0m in 1.19s]
[2025-09-15T21:30:20.962+0200] {subprocess.py:93} INFO - [0m19:30:20  1 of 17 OK created sql view model public_staging.stg_customers ................. [[32mCREATE VIEW[0m in 1.20s]
[2025-09-15T21:30:20.982+0200] {subprocess.py:93} INFO - [0m19:30:20  4 of 17 START test accepted_values_stg_payments_status__succeeded__failed__refunded  [RUN]
[2025-09-15T21:30:20.984+0200] {subprocess.py:93} INFO - [0m19:30:20  5 of 17 START test not_null_stg_payments_payment_id ............................ [RUN]
[2025-09-15T21:30:20.989+0200] {subprocess.py:93} INFO - [0m19:30:20  6 of 17 START test unique_stg_payments_payment_id .............................. [RUN]
[2025-09-15T21:30:20.991+0200] {subprocess.py:93} INFO - [0m19:30:20  7 of 17 START test accepted_values_stg_sessions_source__google__direct__facebook__linkedin__newsletter__referral__bing  [RUN]
[2025-09-15T21:30:21.597+0200] {subprocess.py:93} INFO - [0m19:30:21  4 of 17 PASS accepted_values_stg_payments_status__succeeded__failed__refunded .. [[32mPASS[0m in 0.60s]
[2025-09-15T21:30:21.608+0200] {subprocess.py:93} INFO - [0m19:30:21  5 of 17 PASS not_null_stg_payments_payment_id .................................. [[32mPASS[0m in 0.61s]
[2025-09-15T21:30:21.626+0200] {subprocess.py:93} INFO - [0m19:30:21  6 of 17 PASS unique_stg_payments_payment_id .................................... [[32mPASS[0m in 0.62s]
[2025-09-15T21:30:21.642+0200] {subprocess.py:93} INFO - [0m19:30:21  8 of 17 START test not_null_stg_sessions_session_id ............................ [RUN]
[2025-09-15T21:30:21.646+0200] {subprocess.py:93} INFO - [0m19:30:21  7 of 17 PASS accepted_values_stg_sessions_source__google__direct__facebook__linkedin__newsletter__referral__bing  [[32mPASS[0m in 0.64s]
[2025-09-15T21:30:21.660+0200] {subprocess.py:93} INFO - [0m19:30:21  9 of 17 START test unique_stg_sessions_session_id .............................. [RUN]
[2025-09-15T21:30:21.670+0200] {subprocess.py:93} INFO - [0m19:30:21  10 of 17 START test not_null_stg_customers_country ............................. [RUN]
[2025-09-15T21:30:21.703+0200] {subprocess.py:93} INFO - [0m19:30:21  11 of 17 START test not_null_stg_customers_customer_id ......................... [RUN]
[2025-09-15T21:30:22.032+0200] {subprocess.py:93} INFO - [0m19:30:22  8 of 17 PASS not_null_stg_sessions_session_id .................................. [[32mPASS[0m in 0.36s]
[2025-09-15T21:30:22.044+0200] {subprocess.py:93} INFO - [0m19:30:22  10 of 17 PASS not_null_stg_customers_country ................................... [[32mPASS[0m in 0.36s]
[2025-09-15T21:30:22.075+0200] {subprocess.py:93} INFO - [0m19:30:22  12 of 17 START test unique_stg_customers_customer_id ........................... [RUN]
[2025-09-15T21:30:22.081+0200] {subprocess.py:93} INFO - [0m19:30:22  11 of 17 PASS not_null_stg_customers_customer_id ............................... [[32mPASS[0m in 0.34s]
[2025-09-15T21:30:22.084+0200] {subprocess.py:93} INFO - [0m19:30:22  13 of 17 START sql table model public_analytics.fct_revenue_daily .............. [RUN]
[2025-09-15T21:30:22.122+0200] {subprocess.py:93} INFO - [0m19:30:22  9 of 17 PASS unique_stg_sessions_session_id .................................... [[32mPASS[0m in 0.45s]
[2025-09-15T21:30:22.156+0200] {subprocess.py:93} INFO - [0m19:30:22  14 of 17 START sql table model public_analytics.fct_marketing_attribution ...... [RUN]
[2025-09-15T21:30:22.401+0200] {subprocess.py:93} INFO - [0m19:30:22  12 of 17 PASS unique_stg_customers_customer_id ................................. [[32mPASS[0m in 0.30s]
[2025-09-15T21:30:22.412+0200] {subprocess.py:93} INFO - [0m19:30:22  15 of 17 START sql table model public_analytics.dim_customer ................... [RUN]
[2025-09-15T21:30:22.687+0200] {subprocess.py:93} INFO - [0m19:30:22  13 of 17 OK created sql table model public_analytics.fct_revenue_daily ......... [[32mSELECT 4336[0m in 0.57s]
[2025-09-15T21:30:22.743+0200] {subprocess.py:93} INFO - [0m19:30:22  16 of 17 START test not_null_fct_revenue_daily_order_day ....................... [RUN]
[2025-09-15T21:30:22.922+0200] {subprocess.py:93} INFO - [0m19:30:22  14 of 17 OK created sql table model public_analytics.fct_marketing_attribution . [[32mSELECT 5698[0m in 0.75s]
[2025-09-15T21:30:22.942+0200] {subprocess.py:93} INFO - [0m19:30:22  15 of 17 OK created sql table model public_analytics.dim_customer .............. [[32mSELECT 1000[0m in 0.51s]
[2025-09-15T21:30:22.956+0200] {subprocess.py:93} INFO - [0m19:30:22  17 of 17 START test not_null_fct_marketing_attribution_session_day ............. [RUN]
[2025-09-15T21:30:23.033+0200] {subprocess.py:93} INFO - [0m19:30:23  16 of 17 PASS not_null_fct_revenue_daily_order_day ............................. [[32mPASS[0m in 0.28s]
[2025-09-15T21:30:23.111+0200] {subprocess.py:93} INFO - [0m19:30:23  17 of 17 PASS not_null_fct_marketing_attribution_session_day ................... [[32mPASS[0m in 0.15s]
[2025-09-15T21:30:23.186+0200] {subprocess.py:93} INFO - [0m19:30:23
[2025-09-15T21:30:23.189+0200] {subprocess.py:93} INFO - [0m19:30:23  Finished running 3 view models, 11 data tests, 3 table models in 0 hours 0 minutes and 3.97 seconds (3.97s).
[2025-09-15T21:30:23.317+0200] {subprocess.py:93} INFO - [0m19:30:23
[2025-09-15T21:30:23.320+0200] {subprocess.py:93} INFO - [0m19:30:23  [32mCompleted successfully[0m
[2025-09-15T21:30:23.322+0200] {subprocess.py:93} INFO - [0m19:30:23
[2025-09-15T21:30:23.324+0200] {subprocess.py:93} INFO - [0m19:30:23  Done. PASS=17 WARN=0 ERROR=0 SKIP=0 TOTAL=17
[2025-09-15T21:30:24.613+0200] {subprocess.py:97} INFO - Command exited with return code 0
[2025-09-15T21:30:24.615+0200] {taskinstance.py:441} INFO - ::group::Post task execution logs
[2025-09-15T21:30:24.690+0200] {taskinstance.py:1206} INFO - Marking task as SUCCESS. dag_id=etl_api_to_bi, task_id=dbt_build, run_id=scheduled__2025-09-15T19:15:00+00:00, execution_date=20250915T191500, start_date=20250915T193013, end_date=20250915T193024
[2025-09-15T21:30:24.782+0200] {local_task_job_runner.py:243} INFO - Task exited with return code 0
[2025-09-15T21:30:24.821+0200] {taskinstance.py:3503} INFO - 0 downstream tasks scheduled from follow-on schedule check
[2025-09-15T21:30:24.824+0200] {local_task_job_runner.py:222} INFO - ::endgroup::
