[2025-09-16T17:30:17.214+0200] {local_task_job_runner.py:120} INFO - ::group::Pre task execution logs
[2025-09-16T17:30:17.270+0200] {taskinstance.py:2076} INFO - Dependencies all met for dep_context=non-requeueable deps ti=<TaskInstance: etl_api_to_bi.dbt_build scheduled__2025-09-16T15:15:00+00:00 [queued]>
[2025-09-16T17:30:17.282+0200] {taskinstance.py:2076} INFO - Dependencies all met for dep_context=requeueable deps ti=<TaskInstance: etl_api_to_bi.dbt_build scheduled__2025-09-16T15:15:00+00:00 [queued]>
[2025-09-16T17:30:17.283+0200] {taskinstance.py:2306} INFO - Starting attempt 1 of 3
[2025-09-16T17:30:17.297+0200] {taskinstance.py:2330} INFO - Executing <Task(BashOperator): dbt_build> on 2025-09-16 15:15:00+00:00
[2025-09-16T17:30:17.304+0200] {standard_task_runner.py:64} INFO - Started process 609 to run task
[2025-09-16T17:30:17.310+0200] {standard_task_runner.py:90} INFO - Running: ['airflow', 'tasks', 'run', 'etl_api_to_bi', 'dbt_build', 'scheduled__2025-09-16T15:15:00+00:00', '--job-id', '38', '--raw', '--subdir', 'DAGS_FOLDER/etl_api_to_bi.py', '--cfg-path', '/tmp/tmpmi972vi_']
[2025-09-16T17:30:17.314+0200] {standard_task_runner.py:91} INFO - Job 38: Subtask dbt_build
[2025-09-16T17:30:17.417+0200] {task_command.py:426} INFO - Running <TaskInstance: etl_api_to_bi.dbt_build scheduled__2025-09-16T15:15:00+00:00 [running]> on host 1621268d5064
[2025-09-16T17:30:17.796+0200] {taskinstance.py:2648} INFO - Exporting env vars: AIRFLOW_CTX_DAG_OWNER='data' AIRFLOW_CTX_DAG_ID='etl_api_to_bi' AIRFLOW_CTX_TASK_ID='dbt_build' AIRFLOW_CTX_EXECUTION_DATE='2025-09-16T15:15:00+00:00' AIRFLOW_CTX_TRY_NUMBER='1' AIRFLOW_CTX_DAG_RUN_ID='scheduled__2025-09-16T15:15:00+00:00'
[2025-09-16T17:30:17.798+0200] {taskinstance.py:430} INFO - ::endgroup::
[2025-09-16T17:30:17.810+0200] {subprocess.py:63} INFO - Tmp dir root location: /tmp
[2025-09-16T17:30:17.812+0200] {subprocess.py:75} INFO - Running command: ['/usr/bin/bash', '-c', "docker exec dbt bash -lc 'cd /usr/app && dbt build --fail-fast --profiles-dir /root/.dbt'"]
[2025-09-16T17:30:17.826+0200] {subprocess.py:86} INFO - Output:
[2025-09-16T17:30:20.231+0200] {subprocess.py:93} INFO - [0m15:30:20  Running with dbt=1.8.3
[2025-09-16T17:30:20.653+0200] {subprocess.py:93} INFO - [0m15:30:20  Registered adapter: postgres=1.8.2
[2025-09-16T17:30:21.439+0200] {subprocess.py:93} INFO - [0m15:30:21  Found 6 models, 11 data tests, 531 macros
[2025-09-16T17:30:21.447+0200] {subprocess.py:93} INFO - [0m15:30:21
[2025-09-16T17:30:21.788+0200] {subprocess.py:93} INFO - [0m15:30:21  Concurrency: 4 threads (target='dev')
[2025-09-16T17:30:21.794+0200] {subprocess.py:93} INFO - [0m15:30:21
[2025-09-16T17:30:21.814+0200] {subprocess.py:93} INFO - [0m15:30:21  1 of 17 START sql view model public_staging.stg_customers ...................... [RUN]
[2025-09-16T17:30:21.822+0200] {subprocess.py:93} INFO - [0m15:30:21  2 of 17 START sql view model public_staging.stg_payments ....................... [RUN]
[2025-09-16T17:30:21.826+0200] {subprocess.py:93} INFO - [0m15:30:21  3 of 17 START sql view model public_staging.stg_sessions ....................... [RUN]
[2025-09-16T17:30:22.275+0200] {subprocess.py:93} INFO - [0m15:30:22  3 of 17 OK created sql view model public_staging.stg_sessions .................. [[32mCREATE VIEW[0m in 0.43s]
[2025-09-16T17:30:22.276+0200] {subprocess.py:93} INFO - [0m15:30:22  2 of 17 OK created sql view model public_staging.stg_payments .................. [[32mCREATE VIEW[0m in 0.44s]
[2025-09-16T17:30:22.278+0200] {subprocess.py:93} INFO - [0m15:30:22  1 of 17 OK created sql view model public_staging.stg_customers ................. [[32mCREATE VIEW[0m in 0.44s]
[2025-09-16T17:30:22.293+0200] {subprocess.py:93} INFO - [0m15:30:22  4 of 17 START test accepted_values_stg_sessions_source__google__direct__facebook__linkedin__newsletter__referral__bing  [RUN]
[2025-09-16T17:30:22.294+0200] {subprocess.py:93} INFO - [0m15:30:22  5 of 17 START test not_null_stg_sessions_session_id ............................ [RUN]
[2025-09-16T17:30:22.296+0200] {subprocess.py:93} INFO - [0m15:30:22  6 of 17 START test unique_stg_sessions_session_id .............................. [RUN]
[2025-09-16T17:30:22.298+0200] {subprocess.py:93} INFO - [0m15:30:22  7 of 17 START test accepted_values_stg_payments_status__succeeded__failed__refunded  [RUN]
[2025-09-16T17:30:22.773+0200] {subprocess.py:93} INFO - [0m15:30:22  5 of 17 PASS not_null_stg_sessions_session_id .................................. [[32mPASS[0m in 0.47s]
[2025-09-16T17:30:22.783+0200] {subprocess.py:93} INFO - [0m15:30:22  7 of 17 PASS accepted_values_stg_payments_status__succeeded__failed__refunded .. [[32mPASS[0m in 0.48s]
[2025-09-16T17:30:22.790+0200] {subprocess.py:93} INFO - [0m15:30:22  4 of 17 PASS accepted_values_stg_sessions_source__google__direct__facebook__linkedin__newsletter__referral__bing  [[32mPASS[0m in 0.49s]
[2025-09-16T17:30:22.803+0200] {subprocess.py:93} INFO - [0m15:30:22  8 of 17 START test not_null_stg_payments_payment_id ............................ [RUN]
[2025-09-16T17:30:22.813+0200] {subprocess.py:93} INFO - [0m15:30:22  6 of 17 PASS unique_stg_sessions_session_id .................................... [[32mPASS[0m in 0.51s]
[2025-09-16T17:30:22.816+0200] {subprocess.py:93} INFO - [0m15:30:22  9 of 17 START test unique_stg_payments_payment_id .............................. [RUN]
[2025-09-16T17:30:22.818+0200] {subprocess.py:93} INFO - [0m15:30:22  10 of 17 START test not_null_stg_customers_country ............................. [RUN]
[2025-09-16T17:30:22.846+0200] {subprocess.py:93} INFO - [0m15:30:22  11 of 17 START test not_null_stg_customers_customer_id ......................... [RUN]
[2025-09-16T17:30:23.004+0200] {subprocess.py:93} INFO - [0m15:30:23  8 of 17 PASS not_null_stg_payments_payment_id .................................. [[32mPASS[0m in 0.19s]
[2025-09-16T17:30:23.028+0200] {subprocess.py:93} INFO - [0m15:30:23  9 of 17 PASS unique_stg_payments_payment_id .................................... [[32mPASS[0m in 0.20s]
[2025-09-16T17:30:23.034+0200] {subprocess.py:93} INFO - [0m15:30:23  12 of 17 START test unique_stg_customers_customer_id ........................... [RUN]
[2025-09-16T17:30:23.036+0200] {subprocess.py:93} INFO - [0m15:30:23  10 of 17 PASS not_null_stg_customers_country ................................... [[32mPASS[0m in 0.21s]
[2025-09-16T17:30:23.041+0200] {subprocess.py:93} INFO - [0m15:30:23  11 of 17 PASS not_null_stg_customers_customer_id ............................... [[32mPASS[0m in 0.17s]
[2025-09-16T17:30:23.054+0200] {subprocess.py:93} INFO - [0m15:30:23  13 of 17 START sql table model public_analytics.fct_marketing_attribution ...... [RUN]
[2025-09-16T17:30:23.065+0200] {subprocess.py:93} INFO - [0m15:30:23  14 of 17 START sql table model public_analytics.fct_revenue_daily .............. [RUN]
[2025-09-16T17:30:23.202+0200] {subprocess.py:93} INFO - [0m15:30:23  12 of 17 PASS unique_stg_customers_customer_id ................................. [[32mPASS[0m in 0.16s]
[2025-09-16T17:30:23.217+0200] {subprocess.py:93} INFO - [0m15:30:23  15 of 17 START sql table model public_analytics.dim_customer ................... [RUN]
[2025-09-16T17:30:23.384+0200] {subprocess.py:93} INFO - [0m15:30:23  14 of 17 OK created sql table model public_analytics.fct_revenue_daily ......... [[32mSELECT 4326[0m in 0.31s]
[2025-09-16T17:30:23.403+0200] {subprocess.py:93} INFO - [0m15:30:23  16 of 17 START test not_null_fct_revenue_daily_order_day ....................... [RUN]
[2025-09-16T17:30:23.453+0200] {subprocess.py:93} INFO - [0m15:30:23  13 of 17 OK created sql table model public_analytics.fct_marketing_attribution . [[32mSELECT 5717[0m in 0.38s]
[2025-09-16T17:30:23.466+0200] {subprocess.py:93} INFO - [0m15:30:23  15 of 17 OK created sql table model public_analytics.dim_customer .............. [[32mSELECT 1006[0m in 0.24s]
[2025-09-16T17:30:23.473+0200] {subprocess.py:93} INFO - [0m15:30:23  17 of 17 START test not_null_fct_marketing_attribution_session_day ............. [RUN]
[2025-09-16T17:30:23.528+0200] {subprocess.py:93} INFO - [0m15:30:23  16 of 17 PASS not_null_fct_revenue_daily_order_day ............................. [[32mPASS[0m in 0.11s]
[2025-09-16T17:30:23.566+0200] {subprocess.py:93} INFO - [0m15:30:23  17 of 17 PASS not_null_fct_marketing_attribution_session_day ................... [[32mPASS[0m in 0.09s]
[2025-09-16T17:30:23.610+0200] {subprocess.py:93} INFO - [0m15:30:23
[2025-09-16T17:30:23.612+0200] {subprocess.py:93} INFO - [0m15:30:23  Finished running 3 view models, 11 data tests, 3 table models in 0 hours 0 minutes and 2.16 seconds (2.16s).
[2025-09-16T17:30:23.829+0200] {subprocess.py:93} INFO - [0m15:30:23
[2025-09-16T17:30:23.845+0200] {subprocess.py:93} INFO - [0m15:30:23  [32mCompleted successfully[0m
[2025-09-16T17:30:23.856+0200] {subprocess.py:93} INFO - [0m15:30:23
[2025-09-16T17:30:23.861+0200] {subprocess.py:93} INFO - [0m15:30:23  Done. PASS=17 WARN=0 ERROR=0 SKIP=0 TOTAL=17
[2025-09-16T17:30:24.833+0200] {subprocess.py:97} INFO - Command exited with return code 0
[2025-09-16T17:30:24.835+0200] {taskinstance.py:441} INFO - ::group::Post task execution logs
[2025-09-16T17:30:24.895+0200] {taskinstance.py:1206} INFO - Marking task as SUCCESS. dag_id=etl_api_to_bi, task_id=dbt_build, run_id=scheduled__2025-09-16T15:15:00+00:00, execution_date=20250916T151500, start_date=20250916T153017, end_date=20250916T153024
[2025-09-16T17:30:24.952+0200] {local_task_job_runner.py:243} INFO - Task exited with return code 0
[2025-09-16T17:30:24.981+0200] {taskinstance.py:3503} INFO - 0 downstream tasks scheduled from follow-on schedule check
[2025-09-16T17:30:24.984+0200] {local_task_job_runner.py:222} INFO - ::endgroup::
