[2025-09-15T20:45:06.288+0200] {local_task_job_runner.py:120} INFO - ::group::Pre task execution logs
[2025-09-15T20:45:06.353+0200] {taskinstance.py:2076} INFO - Dependencies all met for dep_context=non-requeueable deps ti=<TaskInstance: etl_api_to_bi.dbt_deps scheduled__2025-09-15T18:30:00+00:00 [queued]>
[2025-09-15T20:45:06.368+0200] {taskinstance.py:2076} INFO - Dependencies all met for dep_context=requeueable deps ti=<TaskInstance: etl_api_to_bi.dbt_deps scheduled__2025-09-15T18:30:00+00:00 [queued]>
[2025-09-15T20:45:06.369+0200] {taskinstance.py:2306} INFO - Starting attempt 1 of 3
[2025-09-15T20:45:06.396+0200] {taskinstance.py:2330} INFO - Executing <Task(BashOperator): dbt_deps> on 2025-09-15 18:30:00+00:00
[2025-09-15T20:45:06.409+0200] {standard_task_runner.py:64} INFO - Started process 904 to run task
[2025-09-15T20:45:06.413+0200] {standard_task_runner.py:90} INFO - Running: ['airflow', 'tasks', 'run', 'etl_api_to_bi', 'dbt_deps', 'scheduled__2025-09-15T18:30:00+00:00', '--job-id', '26', '--raw', '--subdir', 'DAGS_FOLDER/etl_api_to_bi.py', '--cfg-path', '/tmp/tmpvt0swrab']
[2025-09-15T20:45:06.417+0200] {standard_task_runner.py:91} INFO - Job 26: Subtask dbt_deps
[2025-09-15T20:45:06.548+0200] {task_command.py:426} INFO - Running <TaskInstance: etl_api_to_bi.dbt_deps scheduled__2025-09-15T18:30:00+00:00 [running]> on host f51a750ef2c3
[2025-09-15T20:45:07.061+0200] {taskinstance.py:2648} INFO - Exporting env vars: AIRFLOW_CTX_DAG_OWNER='data' AIRFLOW_CTX_DAG_ID='etl_api_to_bi' AIRFLOW_CTX_TASK_ID='dbt_deps' AIRFLOW_CTX_EXECUTION_DATE='2025-09-15T18:30:00+00:00' AIRFLOW_CTX_TRY_NUMBER='1' AIRFLOW_CTX_DAG_RUN_ID='scheduled__2025-09-15T18:30:00+00:00'
[2025-09-15T20:45:07.063+0200] {taskinstance.py:430} INFO - ::endgroup::
[2025-09-15T20:45:07.091+0200] {subprocess.py:63} INFO - Tmp dir root location: /tmp
[2025-09-15T20:45:07.093+0200] {subprocess.py:75} INFO - Running command: ['/usr/bin/bash', '-c', "docker exec dbt bash -lc 'cd /usr/app && dbt deps --profiles-dir /root/.dbt'"]
[2025-09-15T20:45:07.110+0200] {subprocess.py:86} INFO - Output:
[2025-09-15T20:45:09.570+0200] {subprocess.py:93} INFO - [0m18:45:09  Running with dbt=1.8.3
[2025-09-15T20:45:10.661+0200] {subprocess.py:93} INFO - [0m18:45:10  Installing dbt-labs/dbt_utils
[2025-09-15T20:45:17.848+0200] {subprocess.py:93} INFO - [0m18:45:17  Installed from version 1.3.1
[2025-09-15T20:45:17.848+0200] {subprocess.py:93} INFO - [0m18:45:17  Up to date!
[2025-09-15T20:45:19.150+0200] {subprocess.py:97} INFO - Command exited with return code 0
[2025-09-15T20:45:19.152+0200] {taskinstance.py:441} INFO - ::group::Post task execution logs
[2025-09-15T20:45:19.215+0200] {taskinstance.py:1206} INFO - Marking task as SUCCESS. dag_id=etl_api_to_bi, task_id=dbt_deps, run_id=scheduled__2025-09-15T18:30:00+00:00, execution_date=20250915T183000, start_date=20250915T184506, end_date=20250915T184519
[2025-09-15T20:45:19.271+0200] {local_task_job_runner.py:243} INFO - Task exited with return code 0
[2025-09-15T20:45:19.307+0200] {taskinstance.py:3503} INFO - 1 downstream tasks scheduled from follow-on schedule check
[2025-09-15T20:45:19.310+0200] {local_task_job_runner.py:222} INFO - ::endgroup::
