[2025-09-16T00:00:18.868+0200] {local_task_job_runner.py:120} INFO - ::group::Pre task execution logs
[2025-09-16T00:00:18.985+0200] {taskinstance.py:2076} INFO - Dependencies all met for dep_context=non-requeueable deps ti=<TaskInstance: etl_api_to_bi.dbt_build scheduled__2025-09-15T21:45:00+00:00 [queued]>
[2025-09-16T00:00:19.008+0200] {taskinstance.py:2076} INFO - Dependencies all met for dep_context=requeueable deps ti=<TaskInstance: etl_api_to_bi.dbt_build scheduled__2025-09-15T21:45:00+00:00 [queued]>
[2025-09-16T00:00:19.009+0200] {taskinstance.py:2306} INFO - Starting attempt 1 of 3
[2025-09-16T00:00:19.039+0200] {taskinstance.py:2330} INFO - Executing <Task(BashOperator): dbt_build> on 2025-09-15 21:45:00+00:00
[2025-09-16T00:00:19.053+0200] {standard_task_runner.py:64} INFO - Started process 284 to run task
[2025-09-16T00:00:19.063+0200] {standard_task_runner.py:90} INFO - Running: ['airflow', 'tasks', 'run', 'etl_api_to_bi', 'dbt_build', 'scheduled__2025-09-15T21:45:00+00:00', '--job-id', '11', '--raw', '--subdir', 'DAGS_FOLDER/etl_api_to_bi.py', '--cfg-path', '/tmp/tmp6n2ws6rt']
[2025-09-16T00:00:19.069+0200] {standard_task_runner.py:91} INFO - Job 11: Subtask dbt_build
[2025-09-16T00:00:19.220+0200] {task_command.py:426} INFO - Running <TaskInstance: etl_api_to_bi.dbt_build scheduled__2025-09-15T21:45:00+00:00 [running]> on host b91cbf0a6013
[2025-09-16T00:00:19.980+0200] {taskinstance.py:2648} INFO - Exporting env vars: AIRFLOW_CTX_DAG_OWNER='data' AIRFLOW_CTX_DAG_ID='etl_api_to_bi' AIRFLOW_CTX_TASK_ID='dbt_build' AIRFLOW_CTX_EXECUTION_DATE='2025-09-15T21:45:00+00:00' AIRFLOW_CTX_TRY_NUMBER='1' AIRFLOW_CTX_DAG_RUN_ID='scheduled__2025-09-15T21:45:00+00:00'
[2025-09-16T00:00:19.983+0200] {taskinstance.py:430} INFO - ::endgroup::
[2025-09-16T00:00:20.020+0200] {subprocess.py:63} INFO - Tmp dir root location: /tmp
[2025-09-16T00:00:20.025+0200] {subprocess.py:75} INFO - Running command: ['/usr/bin/bash', '-c', "docker exec dbt bash -lc 'cd /usr/app && dbt build --fail-fast --profiles-dir /root/.dbt'"]
[2025-09-16T00:00:20.067+0200] {subprocess.py:86} INFO - Output:
[2025-09-16T00:00:24.230+0200] {subprocess.py:93} INFO - [0m22:00:24  Running with dbt=1.8.3
[2025-09-16T00:00:22.497+0200] {subprocess.py:93} INFO - [0m22:00:22  Registered adapter: postgres=1.8.2
[2025-09-16T00:00:25.936+0200] {subprocess.py:93} INFO - [0m22:00:25  Found 6 models, 11 data tests, 531 macros
[2025-09-16T00:00:25.947+0200] {subprocess.py:93} INFO - [0m22:00:25
[2025-09-16T00:00:26.490+0200] {subprocess.py:93} INFO - [0m22:00:26  Concurrency: 4 threads (target='dev')
[2025-09-16T00:00:26.493+0200] {subprocess.py:93} INFO - [0m22:00:26
[2025-09-16T00:00:26.510+0200] {subprocess.py:93} INFO - [0m22:00:26  1 of 17 START sql view model _staging.stg_customers ............................ [RUN]
[2025-09-16T00:00:26.514+0200] {subprocess.py:93} INFO - [0m22:00:26  2 of 17 START sql view model _staging.stg_payments ............................. [RUN]
[2025-09-16T00:00:26.517+0200] {subprocess.py:93} INFO - [0m22:00:26  3 of 17 START sql view model _staging.stg_sessions ............................. [RUN]
[2025-09-16T00:00:27.165+0200] {subprocess.py:93} INFO - [0m22:00:27  1 of 17 OK created sql view model _staging.stg_customers ....................... [[32mCREATE VIEW[0m in 0.63s]
[2025-09-16T00:00:27.171+0200] {subprocess.py:93} INFO - [0m22:00:27  2 of 17 OK created sql view model _staging.stg_payments ........................ [[32mCREATE VIEW[0m in 0.64s]
[2025-09-16T00:00:27.196+0200] {subprocess.py:93} INFO - [0m22:00:27  4 of 17 START test not_null_stg_customers_country .............................. [RUN]
[2025-09-16T00:00:27.199+0200] {subprocess.py:93} INFO - [0m22:00:27  5 of 17 START test not_null_stg_customers_customer_id .......................... [RUN]
[2025-09-16T00:00:27.202+0200] {subprocess.py:93} INFO - [0m22:00:27  3 of 17 OK created sql view model _staging.stg_sessions ........................ [[32mCREATE VIEW[0m in 0.66s]
[2025-09-16T00:00:27.205+0200] {subprocess.py:93} INFO - [0m22:00:27  6 of 17 START test unique_stg_customers_customer_id ............................ [RUN]
[2025-09-16T00:00:27.283+0200] {subprocess.py:93} INFO - [0m22:00:27  7 of 17 START test accepted_values_stg_payments_status__succeeded__failed__refunded  [RUN]
[2025-09-16T00:00:27.732+0200] {subprocess.py:93} INFO - [0m22:00:27  4 of 17 PASS not_null_stg_customers_country .................................... [[32mPASS[0m in 0.52s]
[2025-09-16T00:00:27.743+0200] {subprocess.py:93} INFO - [0m22:00:27  5 of 17 PASS not_null_stg_customers_customer_id ................................ [[32mPASS[0m in 0.53s]
[2025-09-16T00:00:27.750+0200] {subprocess.py:93} INFO - [0m22:00:27  7 of 17 PASS accepted_values_stg_payments_status__succeeded__failed__refunded .. [[32mPASS[0m in 0.33s]
[2025-09-16T00:00:27.769+0200] {subprocess.py:93} INFO - [0m22:00:27  6 of 17 PASS unique_stg_customers_customer_id .................................. [[32mPASS[0m in 0.55s]
[2025-09-16T00:00:27.794+0200] {subprocess.py:93} INFO - [0m22:00:27  8 of 17 START test not_null_stg_payments_payment_id ............................ [RUN]
[2025-09-16T00:00:27.801+0200] {subprocess.py:93} INFO - [0m22:00:27  9 of 17 START test unique_stg_payments_payment_id .............................. [RUN]
[2025-09-16T00:00:27.807+0200] {subprocess.py:93} INFO - [0m22:00:27  10 of 17 START test accepted_values_stg_sessions_source__google__direct__facebook__linkedin__newsletter__referral__bing  [RUN]
[2025-09-16T00:00:27.813+0200] {subprocess.py:93} INFO - [0m22:00:27  11 of 17 START test not_null_stg_sessions_session_id ........................... [RUN]
[2025-09-16T00:00:28.094+0200] {subprocess.py:93} INFO - [0m22:00:28  8 of 17 PASS not_null_stg_payments_payment_id .................................. [[32mPASS[0m in 0.28s]
[2025-09-16T00:00:28.124+0200] {subprocess.py:93} INFO - [0m22:00:28  9 of 17 PASS unique_stg_payments_payment_id .................................... [[32mPASS[0m in 0.30s]
[2025-09-16T00:00:28.145+0200] {subprocess.py:93} INFO - [0m22:00:28  11 of 17 PASS not_null_stg_sessions_session_id ................................. [[32mPASS[0m in 0.31s]
[2025-09-16T00:00:28.151+0200] {subprocess.py:93} INFO - [0m22:00:28  12 of 17 START test unique_stg_sessions_session_id ............................. [RUN]
[2025-09-16T00:00:28.175+0200] {subprocess.py:93} INFO - [0m22:00:28  13 of 17 START sql table model _analytics.dim_customer ......................... [RUN]
[2025-09-16T00:00:28.181+0200] {subprocess.py:93} INFO - [0m22:00:28  14 of 17 START sql table model _analytics.fct_revenue_daily .................... [RUN]
[2025-09-16T00:00:28.188+0200] {subprocess.py:93} INFO - [0m22:00:28  10 of 17 PASS accepted_values_stg_sessions_source__google__direct__facebook__linkedin__newsletter__referral__bing  [[32mPASS[0m in 0.36s]
[2025-09-16T00:00:28.469+0200] {subprocess.py:93} INFO - [0m22:00:28  12 of 17 PASS unique_stg_sessions_session_id ................................... [[32mPASS[0m in 0.30s]
[2025-09-16T00:00:28.510+0200] {subprocess.py:93} INFO - [0m22:00:28  15 of 17 START sql table model _analytics.fct_marketing_attribution ............ [RUN]
[2025-09-16T00:00:28.602+0200] {subprocess.py:93} INFO - [0m22:00:28  13 of 17 OK created sql table model _analytics.dim_customer .................... [[32mSELECT 1000[0m in 0.39s]
[2025-09-16T00:00:28.627+0200] {subprocess.py:93} INFO - [0m22:00:28  14 of 17 OK created sql table model _analytics.fct_revenue_daily ............... [[32mSELECT 4291[0m in 0.42s]
[2025-09-16T00:00:28.638+0200] {subprocess.py:93} INFO - [0m22:00:28  16 of 17 START test not_null_fct_revenue_daily_order_day ....................... [RUN]
[2025-09-16T00:00:28.735+0200] {subprocess.py:93} INFO - [0m22:00:28  16 of 17 PASS not_null_fct_revenue_daily_order_day ............................. [[32mPASS[0m in 0.09s]
[2025-09-16T00:00:28.831+0200] {subprocess.py:93} INFO - [0m22:00:28  15 of 17 OK created sql table model _analytics.fct_marketing_attribution ....... [[32mSELECT 5661[0m in 0.30s]
[2025-09-16T00:00:28.840+0200] {subprocess.py:93} INFO - [0m22:00:28  17 of 17 START test not_null_fct_marketing_attribution_session_day ............. [RUN]
[2025-09-16T00:00:28.933+0200] {subprocess.py:93} INFO - [0m22:00:28  17 of 17 PASS not_null_fct_marketing_attribution_session_day ................... [[32mPASS[0m in 0.09s]
[2025-09-16T00:00:28.988+0200] {subprocess.py:93} INFO - [0m22:00:28
[2025-09-16T00:00:28.990+0200] {subprocess.py:93} INFO - [0m22:00:28  Finished running 3 view models, 11 data tests, 3 table models in 0 hours 0 minutes and 3.04 seconds (3.04s).
[2025-09-16T00:00:29.101+0200] {subprocess.py:93} INFO - [0m22:00:29
[2025-09-16T00:00:29.103+0200] {subprocess.py:93} INFO - [0m22:00:29  [32mCompleted successfully[0m
[2025-09-16T00:00:29.105+0200] {subprocess.py:93} INFO - [0m22:00:29
[2025-09-16T00:00:29.107+0200] {subprocess.py:93} INFO - [0m22:00:29  Done. PASS=17 WARN=0 ERROR=0 SKIP=0 TOTAL=17
[2025-09-16T00:00:30.987+0200] {subprocess.py:97} INFO - Command exited with return code 0
[2025-09-16T00:00:30.993+0200] {taskinstance.py:441} INFO - ::group::Post task execution logs
[2025-09-16T00:00:31.102+0200] {taskinstance.py:1206} INFO - Marking task as SUCCESS. dag_id=etl_api_to_bi, task_id=dbt_build, run_id=scheduled__2025-09-15T21:45:00+00:00, execution_date=20250915T214500, start_date=20250915T220018, end_date=20250915T220031
[2025-09-16T00:00:31.201+0200] {local_task_job_runner.py:243} INFO - Task exited with return code 0
[2025-09-16T00:00:31.263+0200] {taskinstance.py:3503} INFO - 0 downstream tasks scheduled from follow-on schedule check
[2025-09-16T00:00:31.267+0200] {local_task_job_runner.py:222} INFO - ::endgroup::
