[2025-09-16T00:56:42.605+0200] {local_task_job_runner.py:120} INFO - ::group::Pre task execution logs
[2025-09-16T00:56:42.702+0200] {taskinstance.py:2076} INFO - Dependencies all met for dep_context=non-requeueable deps ti=<TaskInstance: etl_api_to_bi.extract_payments scheduled__2025-09-15T22:30:00+00:00 [queued]>
[2025-09-16T00:56:42.726+0200] {taskinstance.py:2076} INFO - Dependencies all met for dep_context=requeueable deps ti=<TaskInstance: etl_api_to_bi.extract_payments scheduled__2025-09-15T22:30:00+00:00 [queued]>
[2025-09-16T00:56:42.727+0200] {taskinstance.py:2306} INFO - Starting attempt 1 of 3
[2025-09-16T00:56:42.765+0200] {taskinstance.py:2330} INFO - Executing <Task(PythonOperator): extract_payments> on 2025-09-15 22:30:00+00:00
[2025-09-16T00:56:42.788+0200] {standard_task_runner.py:64} INFO - Started process 206 to run task
[2025-09-16T00:56:42.803+0200] {standard_task_runner.py:90} INFO - Running: ['airflow', 'tasks', 'run', 'etl_api_to_bi', 'extract_payments', 'scheduled__2025-09-15T22:30:00+00:00', '--job-id', '4', '--raw', '--subdir', 'DAGS_FOLDER/etl_api_to_bi.py', '--cfg-path', '/tmp/tmp9nmh2koj']
[2025-09-16T00:56:42.815+0200] {standard_task_runner.py:91} INFO - Job 4: Subtask extract_payments
[2025-09-16T00:56:42.987+0200] {task_command.py:426} INFO - Running <TaskInstance: etl_api_to_bi.extract_payments scheduled__2025-09-15T22:30:00+00:00 [running]> on host 1621268d5064
[2025-09-16T00:56:43.660+0200] {taskinstance.py:2648} INFO - Exporting env vars: AIRFLOW_CTX_DAG_OWNER='data' AIRFLOW_CTX_DAG_ID='etl_api_to_bi' AIRFLOW_CTX_TASK_ID='extract_payments' AIRFLOW_CTX_EXECUTION_DATE='2025-09-15T22:30:00+00:00' AIRFLOW_CTX_TRY_NUMBER='1' AIRFLOW_CTX_DAG_RUN_ID='scheduled__2025-09-15T22:30:00+00:00'
[2025-09-16T00:56:43.662+0200] {taskinstance.py:430} INFO - ::endgroup::
[2025-09-16T00:56:44.105+0200] {crypto.py:82} WARNING - empty cryptography key - values will not be stored encrypted.
[2025-09-16T00:56:44.106+0200] {base.py:84} INFO - Using connection ID 'postgres_default' for task execution.
[2025-09-16T00:56:44.638+0200] {base.py:84} INFO - Using connection ID 'postgres_default' for task execution.
[2025-09-16T00:56:45.112+0200] {base.py:84} INFO - Using connection ID 'postgres_default' for task execution.
[2025-09-16T00:56:45.649+0200] {base.py:84} INFO - Using connection ID 'postgres_default' for task execution.
[2025-09-16T00:56:46.028+0200] {base.py:84} INFO - Using connection ID 'postgres_default' for task execution.
[2025-09-16T00:56:46.494+0200] {base.py:84} INFO - Using connection ID 'postgres_default' for task execution.
[2025-09-16T00:56:46.939+0200] {base.py:84} INFO - Using connection ID 'postgres_default' for task execution.
[2025-09-16T00:56:47.287+0200] {base.py:84} INFO - Using connection ID 'postgres_default' for task execution.
[2025-09-16T00:56:47.639+0200] {base.py:84} INFO - Using connection ID 'postgres_default' for task execution.
[2025-09-16T00:56:48.048+0200] {base.py:84} INFO - Using connection ID 'postgres_default' for task execution.
[2025-09-16T00:56:48.398+0200] {base.py:84} INFO - Using connection ID 'postgres_default' for task execution.
[2025-09-16T00:56:48.747+0200] {base.py:84} INFO - Using connection ID 'postgres_default' for task execution.
[2025-09-16T00:56:49.112+0200] {base.py:84} INFO - Using connection ID 'postgres_default' for task execution.
[2025-09-16T00:56:49.447+0200] {base.py:84} INFO - Using connection ID 'postgres_default' for task execution.
[2025-09-16T00:56:49.827+0200] {base.py:84} INFO - Using connection ID 'postgres_default' for task execution.
[2025-09-16T00:56:50.236+0200] {base.py:84} INFO - Using connection ID 'postgres_default' for task execution.
[2025-09-16T00:56:50.578+0200] {base.py:84} INFO - Using connection ID 'postgres_default' for task execution.
[2025-09-16T00:56:51.024+0200] {base.py:84} INFO - Using connection ID 'postgres_default' for task execution.
[2025-09-16T00:56:51.418+0200] {base.py:84} INFO - Using connection ID 'postgres_default' for task execution.
[2025-09-16T00:56:51.801+0200] {base.py:84} INFO - Using connection ID 'postgres_default' for task execution.
[2025-09-16T00:56:52.030+0200] {python.py:237} INFO - Done. Returned value was: 10000
[2025-09-16T00:56:52.032+0200] {taskinstance.py:441} INFO - ::group::Post task execution logs
[2025-09-16T00:56:52.075+0200] {taskinstance.py:1206} INFO - Marking task as SUCCESS. dag_id=etl_api_to_bi, task_id=extract_payments, run_id=scheduled__2025-09-15T22:30:00+00:00, execution_date=20250915T223000, start_date=20250915T225642, end_date=20250915T225652
[2025-09-16T00:56:52.120+0200] {local_task_job_runner.py:243} INFO - Task exited with return code 0
[2025-09-16T00:56:52.160+0200] {taskinstance.py:3503} INFO - 0 downstream tasks scheduled from follow-on schedule check
[2025-09-16T00:56:52.163+0200] {local_task_job_runner.py:222} INFO - ::endgroup::
